000 (217304.015.000) 2020-11-28 18:02:57 Job submitted from host: <128.104.100.148:9618?addrs=128.104.100.148-9618+[2607-f388-107c-501-216-3eff-feb2-bc11]-9618&alias=learn.chtc.wisc.edu&noUDP&sock=schedd_2128_35a0>
...
040 (217304.015.000) 2020-11-28 18:04:38 Started transferring input files
	Transferring to host: <128.104.58.179:9618?addrs=128.104.58.179-9618+[2607-f388-1086-0-16fe-b5ff-fec6-7177]-9618&alias=e1035.chtc.wisc.edu&noUDP&sock=slot1_19_36733_78af_40686>
...
040 (217304.015.000) 2020-11-28 18:04:40 Finished transferring input files
...
001 (217304.015.000) 2020-11-28 18:04:41 Job executing on host: <128.104.58.179:9618?addrs=128.104.58.179-9618+[2607-f388-1086-0-16fe-b5ff-fec6-7177]-9618&alias=e1035.chtc.wisc.edu&noUDP&sock=startd_5393_ba58>
...
006 (217304.015.000) 2020-11-28 18:04:49 Image size of job updated: 199700
	196  -  MemoryUsage of job (MB)
	199700  -  ResidentSetSize of job (KB)
...
040 (217304.015.000) 2020-11-28 18:05:39 Started transferring output files
...
040 (217304.015.000) 2020-11-28 18:05:39 Finished transferring output files
...
005 (217304.015.000) 2020-11-28 18:05:39 Job terminated.
	(1) Normal termination (return value 0)
		Usr 0 00:00:54, Sys 0 00:00:01  -  Run Remote Usage
		Usr 0 00:00:00, Sys 0 00:00:00  -  Run Local Usage
		Usr 0 00:00:54, Sys 0 00:00:01  -  Total Remote Usage
		Usr 0 00:00:00, Sys 0 00:00:00  -  Total Local Usage
	2233  -  Run Bytes Sent By Job
	1938404  -  Run Bytes Received By Job
	2233  -  Total Bytes Sent By Job
	1938404  -  Total Bytes Received By Job
	Partitionable Resources :    Usage  Request Allocated 
	   Cpus                 :                 1         1 
	   Disk (KB)            :   151785  1048576   1336342 
	   IoHeavy              :                           0 
	   Memory (MB)          :      196     1024      1024 

	Job terminated of its own accord at 2020-11-29T00:05:38Z.
...
