000 (217317.048.000) 2020-11-28 19:35:07 Job submitted from host: <128.104.100.148:9618?addrs=128.104.100.148-9618+[2607-f388-107c-501-216-3eff-feb2-bc11]-9618&alias=learn.chtc.wisc.edu&noUDP&sock=schedd_2128_35a0>
...
040 (217317.048.000) 2020-11-28 19:37:44 Started transferring input files
	Transferring to host: <128.104.58.112:9618?addrs=128.104.58.112-9618+[2607-f388-1086-0-62eb-69ff-feed-f541]-9618&alias=e1472.chtc.wisc.edu&noUDP&sock=slot1_3_4403_0fcc_15281>
...
040 (217317.048.000) 2020-11-28 19:37:47 Finished transferring input files
...
001 (217317.048.000) 2020-11-28 19:37:48 Job executing on host: <128.104.58.112:9618?addrs=128.104.58.112-9618+[2607-f388-1086-0-62eb-69ff-feed-f541]-9618&alias=e1472.chtc.wisc.edu&noUDP&sock=startd_16316_ff53>
...
006 (217317.048.000) 2020-11-28 19:37:56 Image size of job updated: 410464
	401  -  MemoryUsage of job (MB)
	410464  -  ResidentSetSize of job (KB)
...
040 (217317.048.000) 2020-11-28 19:38:44 Started transferring output files
...
040 (217317.048.000) 2020-11-28 19:38:44 Finished transferring output files
...
005 (217317.048.000) 2020-11-28 19:38:44 Job terminated.
	(1) Normal termination (return value 0)
		Usr 0 00:00:55, Sys 0 00:00:01  -  Run Remote Usage
		Usr 0 00:00:00, Sys 0 00:00:00  -  Run Local Usage
		Usr 0 00:00:55, Sys 0 00:00:01  -  Total Remote Usage
		Usr 0 00:00:00, Sys 0 00:00:00  -  Total Local Usage
	2274  -  Run Bytes Sent By Job
	3128446  -  Run Bytes Received By Job
	2274  -  Total Bytes Sent By Job
	3128446  -  Total Bytes Received By Job
	Partitionable Resources :    Usage  Request Allocated 
	   Cpus                 :                 1         1 
	   Disk (KB)            :   156795  1048576   1170281 
	   IoHeavy              :                           0 
	   Memory (MB)          :      401     1024      1024 

	Job terminated of its own accord at 2020-11-29T01:38:44Z.
...
