000 (217304.593.000) 2020-11-28 18:02:57 Job submitted from host: <128.104.100.148:9618?addrs=128.104.100.148-9618+[2607-f388-107c-501-216-3eff-feb2-bc11]-9618&alias=learn.chtc.wisc.edu&noUDP&sock=schedd_2128_35a0>
...
040 (217304.593.000) 2020-11-28 18:11:43 Started transferring input files
	Transferring to host: <128.104.101.126:9618?addrs=128.104.101.126-9618+[2607-f388-107c-501-4603-a7ff-fe29-9a3d]-9618&alias=e126.chtc.wisc.edu&noUDP&sock=slot1_2_30713_d63a_51133>
...
040 (217304.593.000) 2020-11-28 18:11:47 Finished transferring input files
...
001 (217304.593.000) 2020-11-28 18:11:48 Job executing on host: <128.104.101.126:9618?addrs=128.104.101.126-9618+[2607-f388-107c-501-4603-a7ff-fe29-9a3d]-9618&alias=e126.chtc.wisc.edu&noUDP&sock=startd_1641_2b00>
...
006 (217304.593.000) 2020-11-28 18:11:57 Image size of job updated: 248264
	243  -  MemoryUsage of job (MB)
	248264  -  ResidentSetSize of job (KB)
...
040 (217304.593.000) 2020-11-28 18:12:30 Started transferring output files
...
040 (217304.593.000) 2020-11-28 18:12:30 Finished transferring output files
...
005 (217304.593.000) 2020-11-28 18:12:30 Job terminated.
	(1) Normal termination (return value 0)
		Usr 0 00:00:40, Sys 0 00:00:01  -  Run Remote Usage
		Usr 0 00:00:00, Sys 0 00:00:00  -  Run Local Usage
		Usr 0 00:00:40, Sys 0 00:00:01  -  Total Remote Usage
		Usr 0 00:00:00, Sys 0 00:00:00  -  Total Local Usage
	2433  -  Run Bytes Sent By Job
	3119834  -  Run Bytes Received By Job
	2433  -  Total Bytes Sent By Job
	3119834  -  Total Bytes Received By Job
	Partitionable Resources :    Usage  Request Allocated 
	   Cpus                 :                 1         1 
	   Disk (KB)            :   156500  1048576   3405086 
	   IoHeavy              :                           0 
	   Memory (MB)          :      243     1024      1024 

	Job terminated of its own accord at 2020-11-29T00:12:30Z.
...
