000 (217317.795.000) 2020-11-28 19:35:07 Job submitted from host: <128.104.100.148:9618?addrs=128.104.100.148-9618+[2607-f388-107c-501-216-3eff-feb2-bc11]-9618&alias=learn.chtc.wisc.edu&noUDP&sock=schedd_2128_35a0>
...
040 (217317.795.000) 2020-11-28 19:46:04 Started transferring input files
	Transferring to host: <128.104.58.84:9618?addrs=128.104.58.84-9618+[2607-f388-1086-0-a6ba-dbff-fe38-e75f]-9618&alias=e074.chtc.wisc.edu&noUDP&sock=slot1_8_10768_c7af_39495>
...
040 (217317.795.000) 2020-11-28 19:46:06 Finished transferring input files
...
001 (217317.795.000) 2020-11-28 19:46:07 Job executing on host: <128.104.58.84:9618?addrs=128.104.58.84-9618+[2607-f388-1086-0-a6ba-dbff-fe38-e75f]-9618&alias=e074.chtc.wisc.edu&noUDP&sock=startd_4523_faf2>
...
006 (217317.795.000) 2020-11-28 19:46:09 Image size of job updated: 109948
	108  -  MemoryUsage of job (MB)
	109948  -  ResidentSetSize of job (KB)
...
040 (217317.795.000) 2020-11-28 19:46:09 Started transferring output files
...
040 (217317.795.000) 2020-11-28 19:46:09 Finished transferring output files
...
005 (217317.795.000) 2020-11-28 19:46:09 Job terminated.
	(1) Normal termination (return value 1)
		Usr 0 00:00:01, Sys 0 00:00:00  -  Run Remote Usage
		Usr 0 00:00:00, Sys 0 00:00:00  -  Run Local Usage
		Usr 0 00:00:01, Sys 0 00:00:00  -  Total Remote Usage
		Usr 0 00:00:00, Sys 0 00:00:00  -  Total Local Usage
	754  -  Run Bytes Sent By Job
	1723969  -  Run Bytes Received By Job
	754  -  Total Bytes Sent By Job
	1723969  -  Total Bytes Received By Job
	Partitionable Resources :    Usage  Request Allocated 
	   Cpus                 :                 1         1 
	   Disk (KB)            :   149860  1048576   3638221 
	   IoHeavy              :                           0 
	   Memory (MB)          :      108     1024      1024 

	Job terminated of its own accord at 2020-11-29T01:46:09Z.
...
