000 (217317.665.000) 2020-11-28 19:35:07 Job submitted from host: <128.104.100.148:9618?addrs=128.104.100.148-9618+[2607-f388-107c-501-216-3eff-feb2-bc11]-9618&alias=learn.chtc.wisc.edu&noUDP&sock=schedd_2128_35a0>
...
040 (217317.665.000) 2020-11-28 19:45:07 Started transferring input files
	Transferring to host: <128.105.245.149:9618?addrs=128.105.245.149-9618&alias=e349.chtc.wisc.edu&noUDP&sock=slot1_2_35241_38f2_46954>
...
040 (217317.665.000) 2020-11-28 19:45:10 Finished transferring input files
...
001 (217317.665.000) 2020-11-28 19:45:11 Job executing on host: <128.105.245.149:9618?addrs=128.105.245.149-9618&alias=e349.chtc.wisc.edu&noUDP&sock=startd_7140_064b>
...
006 (217317.665.000) 2020-11-28 19:45:20 Image size of job updated: 353536
	346  -  MemoryUsage of job (MB)
	353536  -  ResidentSetSize of job (KB)
...
040 (217317.665.000) 2020-11-28 19:46:22 Started transferring output files
...
040 (217317.665.000) 2020-11-28 19:46:22 Finished transferring output files
...
005 (217317.665.000) 2020-11-28 19:46:22 Job terminated.
	(1) Normal termination (return value 0)
		Usr 0 00:01:05, Sys 0 00:00:01  -  Run Remote Usage
		Usr 0 00:00:00, Sys 0 00:00:00  -  Run Local Usage
		Usr 0 00:01:05, Sys 0 00:00:01  -  Total Remote Usage
		Usr 0 00:00:00, Sys 0 00:00:00  -  Total Local Usage
	2261  -  Run Bytes Sent By Job
	2440694  -  Run Bytes Received By Job
	2261  -  Total Bytes Sent By Job
	2440694  -  Total Bytes Received By Job
	Partitionable Resources :    Usage  Request Allocated 
	   Cpus                 :                 1         1 
	   Disk (KB)            :   153638  1048576   1323946 
	   IoHeavy              :                           0 
	   Memory (MB)          :      346     1024      1024 

	Job terminated of its own accord at 2020-11-29T01:46:22Z.
...
