000 (217317.154.000) 2020-11-28 19:35:07 Job submitted from host: <128.104.100.148:9618?addrs=128.104.100.148-9618+[2607-f388-107c-501-216-3eff-feb2-bc11]-9618&alias=learn.chtc.wisc.edu&noUDP&sock=schedd_2128_35a0>
...
040 (217317.154.000) 2020-11-28 19:39:26 Started transferring input files
	Transferring to host: <128.105.245.129:9618?addrs=128.105.245.129-9618&alias=e329.chtc.wisc.edu&noUDP&sock=slot1_7_11442_ac8a_44487>
...
040 (217317.154.000) 2020-11-28 19:39:28 Finished transferring input files
...
001 (217317.154.000) 2020-11-28 19:39:29 Job executing on host: <128.105.245.129:9618?addrs=128.105.245.129-9618&alias=e329.chtc.wisc.edu&noUDP&sock=startd_2577_2fa6>
...
006 (217317.154.000) 2020-11-28 19:39:38 Image size of job updated: 218320
	214  -  MemoryUsage of job (MB)
	218320  -  ResidentSetSize of job (KB)
...
040 (217317.154.000) 2020-11-28 19:40:45 Started transferring output files
...
040 (217317.154.000) 2020-11-28 19:40:45 Finished transferring output files
...
005 (217317.154.000) 2020-11-28 19:40:45 Job terminated.
	(1) Normal termination (return value 0)
		Usr 0 00:01:12, Sys 0 00:00:00  -  Run Remote Usage
		Usr 0 00:00:00, Sys 0 00:00:00  -  Run Local Usage
		Usr 0 00:01:12, Sys 0 00:00:00  -  Total Remote Usage
		Usr 0 00:00:00, Sys 0 00:00:00  -  Total Local Usage
	2333  -  Run Bytes Sent By Job
	2858231  -  Run Bytes Received By Job
	2333  -  Total Bytes Sent By Job
	2858231  -  Total Bytes Received By Job
	Partitionable Resources :    Usage  Request Allocated 
	   Cpus                 :                 1         1 
	   Disk (KB)            :   155558  1048576   1333390 
	   IoHeavy              :                           0 
	   Memory (MB)          :      214     1024      1024 

	Job terminated of its own accord at 2020-11-29T01:40:45Z.
...
