000 (217304.483.000) 2020-11-28 18:02:57 Job submitted from host: <128.104.100.148:9618?addrs=128.104.100.148-9618+[2607-f388-107c-501-216-3eff-feb2-bc11]-9618&alias=learn.chtc.wisc.edu&noUDP&sock=schedd_2128_35a0>
...
040 (217304.483.000) 2020-11-28 18:10:42 Started transferring input files
	Transferring to host: <128.105.245.71:9618?addrs=128.105.245.71-9618&alias=e271.chtc.wisc.edu&noUDP&sock=slot1_39_796_9a99_47755>
...
040 (217304.483.000) 2020-11-28 18:10:49 Finished transferring input files
...
001 (217304.483.000) 2020-11-28 18:10:50 Job executing on host: <128.105.245.71:9618?addrs=128.105.245.71-9618&alias=e271.chtc.wisc.edu&noUDP&sock=startd_40496_7756>
...
006 (217304.483.000) 2020-11-28 18:10:59 Image size of job updated: 101400
	100  -  MemoryUsage of job (MB)
	101400  -  ResidentSetSize of job (KB)
...
006 (217304.483.000) 2020-11-28 18:12:03 Image size of job updated: 111144
	109  -  MemoryUsage of job (MB)
	111144  -  ResidentSetSize of job (KB)
...
040 (217304.483.000) 2020-11-28 18:12:03 Started transferring output files
...
040 (217304.483.000) 2020-11-28 18:12:03 Finished transferring output files
...
005 (217304.483.000) 2020-11-28 18:12:03 Job terminated.
	(1) Normal termination (return value 0)
		Usr 0 00:01:03, Sys 0 00:00:00  -  Run Remote Usage
		Usr 0 00:00:00, Sys 0 00:00:00  -  Run Local Usage
		Usr 0 00:01:03, Sys 0 00:00:00  -  Total Remote Usage
		Usr 0 00:00:00, Sys 0 00:00:00  -  Total Local Usage
	2465  -  Run Bytes Sent By Job
	2669709  -  Run Bytes Received By Job
	2465  -  Total Bytes Sent By Job
	2669709  -  Total Bytes Received By Job
	Partitionable Resources :     Usage  Request Allocated 
	   Cpus                 :      1.00        1         1 
	   Disk (KB)            : 153509     1048576   1342255 
	   IoHeavy              :                            0 
	   Memory (MB)          :    109        1024      1024 

	Job terminated of its own accord at 2020-11-29T00:12:03Z.
...
