000 (217317.582.000) 2020-11-28 19:35:07 Job submitted from host: <128.104.100.148:9618?addrs=128.104.100.148-9618+[2607-f388-107c-501-216-3eff-feb2-bc11]-9618&alias=learn.chtc.wisc.edu&noUDP&sock=schedd_2128_35a0>
...
040 (217317.582.000) 2020-11-28 19:44:30 Started transferring input files
	Transferring to host: <128.104.58.221:9618?addrs=128.104.58.221-9618+[2607-f388-1086-0-2269-e2ff-febb-f17]-9618&alias=e1086.chtc.wisc.edu&noUDP&sock=slot1_11_22340_4d06_39686>
...
040 (217317.582.000) 2020-11-28 19:44:31 Finished transferring input files
...
001 (217317.582.000) 2020-11-28 19:44:32 Job executing on host: <128.104.58.221:9618?addrs=128.104.58.221-9618+[2607-f388-1086-0-2269-e2ff-febb-f17]-9618&alias=e1086.chtc.wisc.edu&noUDP&sock=startd_4467_91a5>
...
006 (217317.582.000) 2020-11-28 19:44:41 Image size of job updated: 202844
	199  -  MemoryUsage of job (MB)
	202844  -  ResidentSetSize of job (KB)
...
040 (217317.582.000) 2020-11-28 19:45:15 Started transferring output files
...
040 (217317.582.000) 2020-11-28 19:45:15 Finished transferring output files
...
005 (217317.582.000) 2020-11-28 19:45:15 Job terminated.
	(1) Normal termination (return value 0)
		Usr 0 00:00:40, Sys 0 00:00:00  -  Run Remote Usage
		Usr 0 00:00:00, Sys 0 00:00:00  -  Run Local Usage
		Usr 0 00:00:40, Sys 0 00:00:00  -  Total Remote Usage
		Usr 0 00:00:00, Sys 0 00:00:00  -  Total Local Usage
	2195  -  Run Bytes Sent By Job
	1840392  -  Run Bytes Received By Job
	2195  -  Total Bytes Sent By Job
	1840392  -  Total Bytes Received By Job
	Partitionable Resources :    Usage  Request Allocated 
	   Cpus                 :                 1         1 
	   Disk (KB)            :   150603  1048576  11034136 
	   IoHeavy              :                           0 
	   Memory (MB)          :      199     1024      1024 

	Job terminated of its own accord at 2020-11-29T01:45:14Z.
...
