000 (217317.670.000) 2020-11-28 19:35:07 Job submitted from host: <128.104.100.148:9618?addrs=128.104.100.148-9618+[2607-f388-107c-501-216-3eff-feb2-bc11]-9618&alias=learn.chtc.wisc.edu&noUDP&sock=schedd_2128_35a0>
...
040 (217317.670.000) 2020-11-28 19:45:09 Started transferring input files
	Transferring to host: <128.105.245.135:9618?addrs=128.105.245.135-9618&alias=e335.chtc.wisc.edu&noUDP&sock=slot1_3_16240_4c8d_44318>
...
040 (217317.670.000) 2020-11-28 19:45:12 Finished transferring input files
...
001 (217317.670.000) 2020-11-28 19:45:13 Job executing on host: <128.105.245.135:9618?addrs=128.105.245.135-9618&alias=e335.chtc.wisc.edu&noUDP&sock=startd_2604_b4b4>
...
006 (217317.670.000) 2020-11-28 19:45:22 Image size of job updated: 215524
	211  -  MemoryUsage of job (MB)
	215524  -  ResidentSetSize of job (KB)
...
040 (217317.670.000) 2020-11-28 19:46:21 Started transferring output files
...
040 (217317.670.000) 2020-11-28 19:46:21 Finished transferring output files
...
005 (217317.670.000) 2020-11-28 19:46:21 Job terminated.
	(1) Normal termination (return value 0)
		Usr 0 00:01:02, Sys 0 00:00:00  -  Run Remote Usage
		Usr 0 00:00:00, Sys 0 00:00:00  -  Run Local Usage
		Usr 0 00:01:02, Sys 0 00:00:00  -  Total Remote Usage
		Usr 0 00:00:00, Sys 0 00:00:00  -  Total Local Usage
	2395  -  Run Bytes Sent By Job
	2758868  -  Run Bytes Received By Job
	2395  -  Total Bytes Sent By Job
	2758868  -  Total Bytes Received By Job
	Partitionable Resources :    Usage  Request Allocated 
	   Cpus                 :                 1         1 
	   Disk (KB)            :   155715  1048576   1338706 
	   IoHeavy              :                           0 
	   Memory (MB)          :      211     1024      1024 

	Job terminated of its own accord at 2020-11-29T01:46:21Z.
...
