000 (217304.801.000) 2020-11-28 18:02:57 Job submitted from host: <128.104.100.148:9618?addrs=128.104.100.148-9618+[2607-f388-107c-501-216-3eff-feb2-bc11]-9618&alias=learn.chtc.wisc.edu&noUDP&sock=schedd_2128_35a0>
...
040 (217304.801.000) 2020-11-28 18:13:08 Started transferring input files
	Transferring to host: <128.104.101.149:9618?addrs=128.104.101.149-9618+[2607-f388-107c-501-4603-a7ff-fe29-4efb]-9618&alias=e149.chtc.wisc.edu&noUDP&sock=slot1_32_21085_0a32_53266>
...
040 (217304.801.000) 2020-11-28 18:13:15 Finished transferring input files
...
001 (217304.801.000) 2020-11-28 18:13:16 Job executing on host: <128.104.101.149:9618?addrs=128.104.101.149-9618+[2607-f388-107c-501-4603-a7ff-fe29-4efb]-9618&alias=e149.chtc.wisc.edu&noUDP&sock=startd_2159_790f>
...
006 (217304.801.000) 2020-11-28 18:13:21 Image size of job updated: 102040
	100  -  MemoryUsage of job (MB)
	102040  -  ResidentSetSize of job (KB)
...
040 (217304.801.000) 2020-11-28 18:13:21 Started transferring output files
...
040 (217304.801.000) 2020-11-28 18:13:21 Finished transferring output files
...
005 (217304.801.000) 2020-11-28 18:13:21 Job terminated.
	(1) Normal termination (return value 1)
		Usr 0 00:00:01, Sys 0 00:00:00  -  Run Remote Usage
		Usr 0 00:00:00, Sys 0 00:00:00  -  Run Local Usage
		Usr 0 00:00:01, Sys 0 00:00:00  -  Total Remote Usage
		Usr 0 00:00:00, Sys 0 00:00:00  -  Total Local Usage
	1342  -  Run Bytes Sent By Job
	2271891  -  Run Bytes Received By Job
	1342  -  Total Bytes Sent By Job
	2271891  -  Total Bytes Received By Job
	Partitionable Resources :    Usage  Request Allocated 
	   Cpus                 :                 1         1 
	   Disk (KB)            :   152345  1048576   3399950 
	   IoHeavy              :                           0 
	   Memory (MB)          :      100     1024      1024 

	Job terminated of its own accord at 2020-11-29T00:13:21Z.
...
