000 (217317.348.000) 2020-11-28 19:35:07 Job submitted from host: <128.104.100.148:9618?addrs=128.104.100.148-9618+[2607-f388-107c-501-216-3eff-feb2-bc11]-9618&alias=learn.chtc.wisc.edu&noUDP&sock=schedd_2128_35a0>
...
040 (217317.348.000) 2020-11-28 19:42:13 Started transferring input files
	Transferring to host: <128.104.58.179:9618?addrs=128.104.58.179-9618+[2607-f388-1086-0-16fe-b5ff-fec6-7177]-9618&alias=e1035.chtc.wisc.edu&noUDP&sock=slot1_21_36733_78af_40837>
...
040 (217317.348.000) 2020-11-28 19:42:15 Finished transferring input files
...
001 (217317.348.000) 2020-11-28 19:42:16 Job executing on host: <128.104.58.179:9618?addrs=128.104.58.179-9618+[2607-f388-1086-0-16fe-b5ff-fec6-7177]-9618&alias=e1035.chtc.wisc.edu&noUDP&sock=startd_5393_ba58>
...
006 (217317.348.000) 2020-11-28 19:42:24 Image size of job updated: 215120
	211  -  MemoryUsage of job (MB)
	215120  -  ResidentSetSize of job (KB)
...
040 (217317.348.000) 2020-11-28 19:43:27 Started transferring output files
...
040 (217317.348.000) 2020-11-28 19:43:27 Finished transferring output files
...
005 (217317.348.000) 2020-11-28 19:43:27 Job terminated.
	(1) Normal termination (return value 0)
		Usr 0 00:01:07, Sys 0 00:00:01  -  Run Remote Usage
		Usr 0 00:00:00, Sys 0 00:00:00  -  Run Local Usage
		Usr 0 00:01:07, Sys 0 00:00:01  -  Total Remote Usage
		Usr 0 00:00:00, Sys 0 00:00:00  -  Total Local Usage
	2230  -  Run Bytes Sent By Job
	2196597  -  Run Bytes Received By Job
	2230  -  Total Bytes Sent By Job
	2196597  -  Total Bytes Received By Job
	Partitionable Resources :    Usage  Request Allocated 
	   Cpus                 :                 1         1 
	   Disk (KB)            :   155310  1048576   1336342 
	   IoHeavy              :                           0 
	   Memory (MB)          :      211     1024      1024 

	Job terminated of its own accord at 2020-11-29T01:43:27Z.
...
