000 (217317.537.000) 2020-11-28 19:35:07 Job submitted from host: <128.104.100.148:9618?addrs=128.104.100.148-9618+[2607-f388-107c-501-216-3eff-feb2-bc11]-9618&alias=learn.chtc.wisc.edu&noUDP&sock=schedd_2128_35a0>
...
040 (217317.537.000) 2020-11-28 19:44:05 Started transferring input files
	Transferring to host: <128.105.245.39:9618?addrs=128.105.245.39-9618&alias=e3239.chtc.wisc.edu&noUDP&sock=slot1_10_21342_1e9d_40513>
...
040 (217317.537.000) 2020-11-28 19:44:07 Finished transferring input files
...
001 (217317.537.000) 2020-11-28 19:44:08 Job executing on host: <128.105.245.39:9618?addrs=128.105.245.39-9618&alias=e3239.chtc.wisc.edu&noUDP&sock=startd_4607_98e7>
...
006 (217317.537.000) 2020-11-28 19:44:16 Image size of job updated: 214276
	210  -  MemoryUsage of job (MB)
	214276  -  ResidentSetSize of job (KB)
...
040 (217317.537.000) 2020-11-28 19:44:51 Started transferring output files
...
040 (217317.537.000) 2020-11-28 19:44:51 Finished transferring output files
...
005 (217317.537.000) 2020-11-28 19:44:51 Job terminated.
	(1) Normal termination (return value 0)
		Usr 0 00:00:43, Sys 0 00:00:00  -  Run Remote Usage
		Usr 0 00:00:00, Sys 0 00:00:00  -  Run Local Usage
		Usr 0 00:00:43, Sys 0 00:00:00  -  Total Remote Usage
		Usr 0 00:00:00, Sys 0 00:00:00  -  Total Local Usage
	2170  -  Run Bytes Sent By Job
	2357609  -  Run Bytes Received By Job
	2170  -  Total Bytes Sent By Job
	2357609  -  Total Bytes Received By Job
	Partitionable Resources :    Usage  Request Allocated 
	   Cpus                 :                 1         1 
	   Disk (KB)            :   153605  1048576   1353502 
	   IoHeavy              :                           0 
	   Memory (MB)          :      210     1024      1024 

	Job terminated of its own accord at 2020-11-29T01:44:51Z.
...
