000 (217317.164.000) 2020-11-28 19:35:07 Job submitted from host: <128.104.100.148:9618?addrs=128.104.100.148-9618+[2607-f388-107c-501-216-3eff-feb2-bc11]-9618&alias=learn.chtc.wisc.edu&noUDP&sock=schedd_2128_35a0>
...
040 (217317.164.000) 2020-11-28 19:39:38 Started transferring input files
	Transferring to host: <128.104.58.84:9618?addrs=128.104.58.84-9618+[2607-f388-1086-0-a6ba-dbff-fe38-e75f]-9618&alias=e074.chtc.wisc.edu&noUDP&sock=slot1_15_10768_c7af_39421>
...
040 (217317.164.000) 2020-11-28 19:39:42 Finished transferring input files
...
001 (217317.164.000) 2020-11-28 19:39:43 Job executing on host: <128.104.58.84:9618?addrs=128.104.58.84-9618+[2607-f388-1086-0-a6ba-dbff-fe38-e75f]-9618&alias=e074.chtc.wisc.edu&noUDP&sock=startd_4523_faf2>
...
006 (217317.164.000) 2020-11-28 19:39:51 Image size of job updated: 216120
	212  -  MemoryUsage of job (MB)
	216120  -  ResidentSetSize of job (KB)
...
040 (217317.164.000) 2020-11-28 19:40:58 Started transferring output files
...
040 (217317.164.000) 2020-11-28 19:40:58 Finished transferring output files
...
005 (217317.164.000) 2020-11-28 19:40:58 Job terminated.
	(1) Normal termination (return value 0)
		Usr 0 00:01:14, Sys 0 00:00:00  -  Run Remote Usage
		Usr 0 00:00:00, Sys 0 00:00:00  -  Run Local Usage
		Usr 0 00:01:14, Sys 0 00:00:00  -  Total Remote Usage
		Usr 0 00:00:00, Sys 0 00:00:00  -  Total Local Usage
	2285  -  Run Bytes Sent By Job
	2753167  -  Run Bytes Received By Job
	2285  -  Total Bytes Sent By Job
	2753167  -  Total Bytes Received By Job
	Partitionable Resources :     Usage  Request Allocated 
	   Cpus                 :      1.00        1         1 
	   Disk (KB)            : 155868     1048576   3638221 
	   IoHeavy              :                            0 
	   Memory (MB)          :    212        1024      1024 

	Job terminated of its own accord at 2020-11-29T01:40:58Z.
...
