000 (217317.786.000) 2020-11-28 19:35:07 Job submitted from host: <128.104.100.148:9618?addrs=128.104.100.148-9618+[2607-f388-107c-501-216-3eff-feb2-bc11]-9618&alias=learn.chtc.wisc.edu&noUDP&sock=schedd_2128_35a0>
...
040 (217317.786.000) 2020-11-28 19:46:02 Started transferring input files
	Transferring to host: <128.104.58.194:9618?addrs=128.104.58.194-9618+[2607-f388-1086-0-f24d-a2ff-fe40-ff19]-9618&alias=e1052.chtc.wisc.edu&noUDP&sock=slot1_6_1183_47c9_42420>
...
040 (217317.786.000) 2020-11-28 19:46:04 Finished transferring input files
...
001 (217317.786.000) 2020-11-28 19:46:06 Job executing on host: <128.104.58.194:9618?addrs=128.104.58.194-9618+[2607-f388-1086-0-f24d-a2ff-fe40-ff19]-9618&alias=e1052.chtc.wisc.edu&noUDP&sock=startd_5396_c920>
...
006 (217317.786.000) 2020-11-28 19:46:15 Image size of job updated: 212896
	208  -  MemoryUsage of job (MB)
	212896  -  ResidentSetSize of job (KB)
...
040 (217317.786.000) 2020-11-28 19:47:19 Started transferring output files
...
040 (217317.786.000) 2020-11-28 19:47:19 Finished transferring output files
...
005 (217317.786.000) 2020-11-28 19:47:19 Job terminated.
	(1) Normal termination (return value 0)
		Usr 0 00:01:07, Sys 0 00:00:01  -  Run Remote Usage
		Usr 0 00:00:00, Sys 0 00:00:00  -  Run Local Usage
		Usr 0 00:01:07, Sys 0 00:00:01  -  Total Remote Usage
		Usr 0 00:00:00, Sys 0 00:00:00  -  Total Local Usage
	2171  -  Run Bytes Sent By Job
	2351501  -  Run Bytes Received By Job
	2171  -  Total Bytes Sent By Job
	2351501  -  Total Bytes Received By Job
	Partitionable Resources :    Usage  Request Allocated 
	   Cpus                 :                 1         1 
	   Disk (KB)            :   154027  1048576   1330972 
	   IoHeavy              :                           0 
	   Memory (MB)          :      208     1024      1024 

	Job terminated of its own accord at 2020-11-29T01:47:19Z.
...
