000 (217304.571.000) 2020-11-28 18:02:57 Job submitted from host: <128.104.100.148:9618?addrs=128.104.100.148-9618+[2607-f388-107c-501-216-3eff-feb2-bc11]-9618&alias=learn.chtc.wisc.edu&noUDP&sock=schedd_2128_35a0>
...
040 (217304.571.000) 2020-11-28 18:11:33 Started transferring input files
	Transferring to host: <128.105.245.196:9618?addrs=128.105.245.196-9618&alias=e2396.chtc.wisc.edu&noUDP&sock=slot1_38_11398_ac09_42939>
...
040 (217304.571.000) 2020-11-28 18:11:36 Finished transferring input files
...
001 (217304.571.000) 2020-11-28 18:11:37 Job executing on host: <128.105.245.196:9618?addrs=128.105.245.196-9618&alias=e2396.chtc.wisc.edu&noUDP&sock=startd_23520_5798>
...
006 (217304.571.000) 2020-11-28 18:11:45 Image size of job updated: 212564
	208  -  MemoryUsage of job (MB)
	212564  -  ResidentSetSize of job (KB)
...
040 (217304.571.000) 2020-11-28 18:12:41 Started transferring output files
...
040 (217304.571.000) 2020-11-28 18:12:41 Finished transferring output files
...
005 (217304.571.000) 2020-11-28 18:12:41 Job terminated.
	(1) Normal termination (return value 0)
		Usr 0 00:00:55, Sys 0 00:00:00  -  Run Remote Usage
		Usr 0 00:00:00, Sys 0 00:00:00  -  Run Local Usage
		Usr 0 00:00:55, Sys 0 00:00:00  -  Total Remote Usage
		Usr 0 00:00:00, Sys 0 00:00:00  -  Total Local Usage
	2344  -  Run Bytes Sent By Job
	2070853  -  Run Bytes Received By Job
	2344  -  Total Bytes Sent By Job
	2070853  -  Total Bytes Received By Job
	Partitionable Resources :    Usage  Request Allocated 
	   Cpus                 :                 1         1 
	   Disk (KB)            :   152908  1048576   1472904 
	   IoHeavy              :                           0 
	   Memory (MB)          :      208     1024      1024 

	Job terminated of its own accord at 2020-11-29T00:12:41Z.
...
