000 (217304.823.000) 2020-11-28 18:02:57 Job submitted from host: <128.104.100.148:9618?addrs=128.104.100.148-9618+[2607-f388-107c-501-216-3eff-feb2-bc11]-9618&alias=learn.chtc.wisc.edu&noUDP&sock=schedd_2128_35a0>
...
040 (217304.823.000) 2020-11-28 18:13:17 Started transferring input files
	Transferring to host: <128.105.245.45:9618?addrs=128.105.245.45-9618&alias=e3245.chtc.wisc.edu&noUDP&sock=slot1_5_23459_bcd3_38414>
...
040 (217304.823.000) 2020-11-28 18:13:19 Finished transferring input files
...
001 (217304.823.000) 2020-11-28 18:13:20 Job executing on host: <128.105.245.45:9618?addrs=128.105.245.45-9618&alias=e3245.chtc.wisc.edu&noUDP&sock=startd_4298_a623>
...
006 (217304.823.000) 2020-11-28 18:13:28 Image size of job updated: 213972
	209  -  MemoryUsage of job (MB)
	213972  -  ResidentSetSize of job (KB)
...
040 (217304.823.000) 2020-11-28 18:14:17 Started transferring output files
...
040 (217304.823.000) 2020-11-28 18:14:17 Finished transferring output files
...
005 (217304.823.000) 2020-11-28 18:14:17 Job terminated.
	(1) Normal termination (return value 0)
		Usr 0 00:00:54, Sys 0 00:00:00  -  Run Remote Usage
		Usr 0 00:00:00, Sys 0 00:00:00  -  Run Local Usage
		Usr 0 00:00:54, Sys 0 00:00:00  -  Total Remote Usage
		Usr 0 00:00:00, Sys 0 00:00:00  -  Total Local Usage
	2357  -  Run Bytes Sent By Job
	2015667  -  Run Bytes Received By Job
	2357  -  Total Bytes Sent By Job
	2015667  -  Total Bytes Received By Job
	Partitionable Resources :    Usage  Request Allocated 
	   Cpus                 :                 1         1 
	   Disk (KB)            :   152395  1048576   1701732 
	   IoHeavy              :                           0 
	   Memory (MB)          :      209     1024      1024 

	Job terminated of its own accord at 2020-11-29T00:14:17Z.
...
