000 (217304.621.000) 2020-11-28 18:02:57 Job submitted from host: <128.104.100.148:9618?addrs=128.104.100.148-9618+[2607-f388-107c-501-216-3eff-feb2-bc11]-9618&alias=learn.chtc.wisc.edu&noUDP&sock=schedd_2128_35a0>
...
040 (217304.621.000) 2020-11-28 18:11:58 Started transferring input files
	Transferring to host: <128.104.58.182:9618?addrs=128.104.58.182-9618+[2607-f388-1086-0-16fe-b5ff-fec6-75b8]-9618&alias=e1038.chtc.wisc.edu&noUDP&sock=slot1_35_8578_ba16_40953>
...
040 (217304.621.000) 2020-11-28 18:12:00 Finished transferring input files
...
001 (217304.621.000) 2020-11-28 18:12:01 Job executing on host: <128.104.58.182:9618?addrs=128.104.58.182-9618+[2607-f388-1086-0-16fe-b5ff-fec6-75b8]-9618&alias=e1038.chtc.wisc.edu&noUDP&sock=startd_5310_cbfb>
...
006 (217304.621.000) 2020-11-28 18:12:10 Image size of job updated: 189188
	185  -  MemoryUsage of job (MB)
	189188  -  ResidentSetSize of job (KB)
...
040 (217304.621.000) 2020-11-28 18:12:50 Started transferring output files
...
040 (217304.621.000) 2020-11-28 18:12:50 Finished transferring output files
...
005 (217304.621.000) 2020-11-28 18:12:50 Job terminated.
	(1) Normal termination (return value 0)
		Usr 0 00:00:45, Sys 0 00:00:01  -  Run Remote Usage
		Usr 0 00:00:00, Sys 0 00:00:00  -  Run Local Usage
		Usr 0 00:00:45, Sys 0 00:00:01  -  Total Remote Usage
		Usr 0 00:00:00, Sys 0 00:00:00  -  Total Local Usage
	2192  -  Run Bytes Sent By Job
	1593976  -  Run Bytes Received By Job
	2192  -  Total Bytes Sent By Job
	1593976  -  Total Bytes Received By Job
	Partitionable Resources :    Usage  Request Allocated 
	   Cpus                 :                 1         1 
	   Disk (KB)            :   149211  1048576   1488022 
	   IoHeavy              :                           0 
	   Memory (MB)          :      185     1024      1024 

	Job terminated of its own accord at 2020-11-29T00:12:50Z.
...
