000 (217304.061.000) 2020-11-28 18:02:57 Job submitted from host: <128.104.100.148:9618?addrs=128.104.100.148-9618+[2607-f388-107c-501-216-3eff-feb2-bc11]-9618&alias=learn.chtc.wisc.edu&noUDP&sock=schedd_2128_35a0>
...
040 (217304.061.000) 2020-11-28 18:05:32 Started transferring input files
	Transferring to host: <128.105.244.68:9618?addrs=128.105.244.68-9618&alias=e188.chtc.wisc.edu&noUDP&sock=slot1_5_14019_6753_39533>
...
040 (217304.061.000) 2020-11-28 18:05:34 Finished transferring input files
...
001 (217304.061.000) 2020-11-28 18:05:35 Job executing on host: <128.105.244.68:9618?addrs=128.105.244.68-9618&alias=e188.chtc.wisc.edu&noUDP&sock=startd_15333_bdba>
...
006 (217304.061.000) 2020-11-28 18:05:43 Image size of job updated: 206536
	202  -  MemoryUsage of job (MB)
	206536  -  ResidentSetSize of job (KB)
...
040 (217304.061.000) 2020-11-28 18:06:32 Started transferring output files
...
040 (217304.061.000) 2020-11-28 18:06:32 Finished transferring output files
...
005 (217304.061.000) 2020-11-28 18:06:32 Job terminated.
	(1) Normal termination (return value 0)
		Usr 0 00:00:56, Sys 0 00:00:00  -  Run Remote Usage
		Usr 0 00:00:00, Sys 0 00:00:00  -  Run Local Usage
		Usr 0 00:00:56, Sys 0 00:00:00  -  Total Remote Usage
		Usr 0 00:00:00, Sys 0 00:00:00  -  Total Local Usage
	2199  -  Run Bytes Sent By Job
	2121377  -  Run Bytes Received By Job
	2199  -  Total Bytes Sent By Job
	2121377  -  Total Bytes Received By Job
	Partitionable Resources :    Usage  Request Allocated 
	   Cpus                 :                 1         1 
	   Disk (KB)            :   153251  1048576   2730037 
	   IoHeavy              :                           0 
	   Memory (MB)          :      202     1024      1024 

	Job terminated of its own accord at 2020-11-29T00:06:32Z.
...
