000 (217304.444.000) 2020-11-28 18:02:57 Job submitted from host: <128.104.100.148:9618?addrs=128.104.100.148-9618+[2607-f388-107c-501-216-3eff-feb2-bc11]-9618&alias=learn.chtc.wisc.edu&noUDP&sock=schedd_2128_35a0>
...
040 (217304.444.000) 2020-11-28 18:10:27 Started transferring input files
	Transferring to host: <128.104.58.104:9618?addrs=128.104.58.104-9618+[2607-f388-1086-0-862b-2bff-fe46-cf43]-9618&alias=e462.chtc.wisc.edu&noUDP&sock=slot1_13_21236_6ed9_39624>
...
040 (217304.444.000) 2020-11-28 18:10:29 Finished transferring input files
...
001 (217304.444.000) 2020-11-28 18:10:30 Job executing on host: <128.104.58.104:9618?addrs=128.104.58.104-9618+[2607-f388-1086-0-862b-2bff-fe46-cf43]-9618&alias=e462.chtc.wisc.edu&noUDP&sock=startd_4548_20d1>
...
006 (217304.444.000) 2020-11-28 18:10:38 Image size of job updated: 215408
	211  -  MemoryUsage of job (MB)
	215408  -  ResidentSetSize of job (KB)
...
040 (217304.444.000) 2020-11-28 18:11:17 Started transferring output files
...
040 (217304.444.000) 2020-11-28 18:11:17 Finished transferring output files
...
005 (217304.444.000) 2020-11-28 18:11:17 Job terminated.
	(1) Normal termination (return value 0)
		Usr 0 00:00:46, Sys 0 00:00:00  -  Run Remote Usage
		Usr 0 00:00:00, Sys 0 00:00:00  -  Run Local Usage
		Usr 0 00:00:46, Sys 0 00:00:00  -  Total Remote Usage
		Usr 0 00:00:00, Sys 0 00:00:00  -  Total Local Usage
	2426  -  Run Bytes Sent By Job
	2724293  -  Run Bytes Received By Job
	2426  -  Total Bytes Sent By Job
	2724293  -  Total Bytes Received By Job
	Partitionable Resources :    Usage  Request Allocated 
	   Cpus                 :                 1         1 
	   Disk (KB)            :   155730  1048576   7353066 
	   IoHeavy              :                           0 
	   Memory (MB)          :      211     1024      1024 

	Job terminated of its own accord at 2020-11-29T00:11:17Z.
...
