000 (217304.691.000) 2020-11-28 18:02:57 Job submitted from host: <128.104.100.148:9618?addrs=128.104.100.148-9618+[2607-f388-107c-501-216-3eff-feb2-bc11]-9618&alias=learn.chtc.wisc.edu&noUDP&sock=schedd_2128_35a0>
...
040 (217304.691.000) 2020-11-28 18:12:27 Started transferring input files
	Transferring to host: <128.104.58.158:9618?addrs=128.104.58.158-9618+[2607-f388-1086-0-16fe-b5ff-fec6-7933]-9618&alias=e1010.chtc.wisc.edu&noUDP&sock=slot1_5_36670_150c_41590>
...
040 (217304.691.000) 2020-11-28 18:12:29 Finished transferring input files
...
001 (217304.691.000) 2020-11-28 18:12:30 Job executing on host: <128.104.58.158:9618?addrs=128.104.58.158-9618+[2607-f388-1086-0-16fe-b5ff-fec6-7933]-9618&alias=e1010.chtc.wisc.edu&noUDP&sock=startd_5487_343f>
...
006 (217304.691.000) 2020-11-28 18:12:39 Image size of job updated: 220980
	216  -  MemoryUsage of job (MB)
	220980  -  ResidentSetSize of job (KB)
...
040 (217304.691.000) 2020-11-28 18:13:33 Started transferring output files
...
040 (217304.691.000) 2020-11-28 18:13:33 Finished transferring output files
...
005 (217304.691.000) 2020-11-28 18:13:33 Job terminated.
	(1) Normal termination (return value 0)
		Usr 0 00:01:01, Sys 0 00:00:01  -  Run Remote Usage
		Usr 0 00:00:00, Sys 0 00:00:00  -  Run Local Usage
		Usr 0 00:01:01, Sys 0 00:00:01  -  Total Remote Usage
		Usr 0 00:00:00, Sys 0 00:00:00  -  Total Local Usage
	2322  -  Run Bytes Sent By Job
	2000633  -  Run Bytes Received By Job
	2322  -  Total Bytes Sent By Job
	2000633  -  Total Bytes Received By Job
	Partitionable Resources :     Usage  Request Allocated 
	   Cpus                 :      0.98        1         1 
	   Disk (KB)            : 152030     1048576   1324206 
	   IoHeavy              :                            0 
	   Memory (MB)          :    216        1024      1024 

	Job terminated of its own accord at 2020-11-29T00:13:33Z.
...
