000 (217304.277.000) 2020-11-28 18:02:57 Job submitted from host: <128.104.100.148:9618?addrs=128.104.100.148-9618+[2607-f388-107c-501-216-3eff-feb2-bc11]-9618&alias=learn.chtc.wisc.edu&noUDP&sock=schedd_2128_35a0>
...
040 (217304.277.000) 2020-11-28 18:08:55 Started transferring input files
	Transferring to host: <128.104.58.157:9618?addrs=128.104.58.157-9618+[2607-f388-1086-0-16fe-b5ff-fec6-7582]-9618&alias=e1009.chtc.wisc.edu&noUDP&sock=slot1_10_14677_062e_42056>
...
040 (217304.277.000) 2020-11-28 18:08:57 Finished transferring input files
...
001 (217304.277.000) 2020-11-28 18:08:58 Job executing on host: <128.104.58.157:9618?addrs=128.104.58.157-9618+[2607-f388-1086-0-16fe-b5ff-fec6-7582]-9618&alias=e1009.chtc.wisc.edu&noUDP&sock=startd_5320_a7ee>
...
006 (217304.277.000) 2020-11-28 18:09:06 Image size of job updated: 197632
	193  -  MemoryUsage of job (MB)
	197632  -  ResidentSetSize of job (KB)
...
040 (217304.277.000) 2020-11-28 18:09:58 Started transferring output files
...
040 (217304.277.000) 2020-11-28 18:09:58 Finished transferring output files
...
005 (217304.277.000) 2020-11-28 18:09:58 Job terminated.
	(1) Normal termination (return value 0)
		Usr 0 00:00:57, Sys 0 00:00:00  -  Run Remote Usage
		Usr 0 00:00:00, Sys 0 00:00:00  -  Run Local Usage
		Usr 0 00:00:57, Sys 0 00:00:00  -  Total Remote Usage
		Usr 0 00:00:00, Sys 0 00:00:00  -  Total Local Usage
	2218  -  Run Bytes Sent By Job
	1823548  -  Run Bytes Received By Job
	2218  -  Total Bytes Sent By Job
	1823548  -  Total Bytes Received By Job
	Partitionable Resources :    Usage  Request Allocated 
	   Cpus                 :                 1         1 
	   Disk (KB)            :   152002  1048576   1202877 
	   IoHeavy              :                           0 
	   Memory (MB)          :      193     1024      1024 

	Job terminated of its own accord at 2020-11-29T00:09:58Z.
...
