000 (217304.516.000) 2020-11-28 18:02:57 Job submitted from host: <128.104.100.148:9618?addrs=128.104.100.148-9618+[2607-f388-107c-501-216-3eff-feb2-bc11]-9618&alias=learn.chtc.wisc.edu&noUDP&sock=schedd_2128_35a0>
...
040 (217304.516.000) 2020-11-28 18:11:01 Started transferring input files
	Transferring to host: <128.104.58.123:9618?addrs=128.104.58.123-9618+[2607-f388-1086-0-67d-7bff-fe41-62ea]-9618&alias=e540.chtc.wisc.edu&noUDP&sock=slot1_7_26039_94bc_38864>
...
040 (217304.516.000) 2020-11-28 18:11:03 Finished transferring input files
...
001 (217304.516.000) 2020-11-28 18:11:04 Job executing on host: <128.104.58.123:9618?addrs=128.104.58.123-9618+[2607-f388-1086-0-67d-7bff-fe41-62ea]-9618&alias=e540.chtc.wisc.edu&noUDP&sock=startd_12509_b647>
...
006 (217304.516.000) 2020-11-28 18:11:13 Image size of job updated: 209708
	205  -  MemoryUsage of job (MB)
	209708  -  ResidentSetSize of job (KB)
...
040 (217304.516.000) 2020-11-28 18:11:50 Started transferring output files
...
040 (217304.516.000) 2020-11-28 18:11:50 Finished transferring output files
...
005 (217304.516.000) 2020-11-28 18:11:50 Job terminated.
	(1) Normal termination (return value 0)
		Usr 0 00:00:45, Sys 0 00:00:00  -  Run Remote Usage
		Usr 0 00:00:00, Sys 0 00:00:00  -  Run Local Usage
		Usr 0 00:00:45, Sys 0 00:00:00  -  Total Remote Usage
		Usr 0 00:00:00, Sys 0 00:00:00  -  Total Local Usage
	2190  -  Run Bytes Sent By Job
	1603031  -  Run Bytes Received By Job
	2190  -  Total Bytes Sent By Job
	1603031  -  Total Bytes Received By Job
	Partitionable Resources :     Usage  Request Allocated 
	   Cpus                 :      1.00        1         1 
	   Disk (KB)            : 151353     1048576  16562528 
	   IoHeavy              :                            0 
	   Memory (MB)          :    205        1024      1024 

	Job terminated of its own accord at 2020-11-29T00:11:50Z.
...
