000 (217317.055.000) 2020-11-28 19:35:07 Job submitted from host: <128.104.100.148:9618?addrs=128.104.100.148-9618+[2607-f388-107c-501-216-3eff-feb2-bc11]-9618&alias=learn.chtc.wisc.edu&noUDP&sock=schedd_2128_35a0>
...
040 (217317.055.000) 2020-11-28 19:37:45 Started transferring input files
	Transferring to host: <128.104.102.21:9618?addrs=128.104.102.21-9618+[2607-f388-107c-501-16fe-b5ff-feca-48c9]-9618&alias=e0150.chtc.wisc.edu&noUDP&sock=slot1_22_8996_3ee7_54636>
...
040 (217317.055.000) 2020-11-28 19:37:51 Finished transferring input files
...
001 (217317.055.000) 2020-11-28 19:37:52 Job executing on host: <128.104.102.21:9618?addrs=128.104.102.21-9618+[2607-f388-107c-501-16fe-b5ff-feca-48c9]-9618&alias=e0150.chtc.wisc.edu&noUDP&sock=startd_6165_4175>
...
006 (217317.055.000) 2020-11-28 19:38:02 Image size of job updated: 207324
	203  -  MemoryUsage of job (MB)
	207324  -  ResidentSetSize of job (KB)
...
040 (217317.055.000) 2020-11-28 19:39:50 Started transferring output files
...
040 (217317.055.000) 2020-11-28 19:39:50 Finished transferring output files
...
005 (217317.055.000) 2020-11-28 19:39:50 Job terminated.
	(1) Normal termination (return value 0)
		Usr 0 00:01:55, Sys 0 00:00:01  -  Run Remote Usage
		Usr 0 00:00:00, Sys 0 00:00:00  -  Run Local Usage
		Usr 0 00:01:55, Sys 0 00:00:01  -  Total Remote Usage
		Usr 0 00:00:00, Sys 0 00:00:00  -  Total Local Usage
	2241  -  Run Bytes Sent By Job
	1899944  -  Run Bytes Received By Job
	2241  -  Total Bytes Sent By Job
	1899944  -  Total Bytes Received By Job
	Partitionable Resources :     Usage  Request Allocated 
	   Cpus                 :      0.16        1         1 
	   Disk (KB)            : 151319     1048576   3632341 
	   IoHeavy              :                            0 
	   Memory (MB)          :    203        1024      1024 

	Job terminated of its own accord at 2020-11-29T01:39:50Z.
...
