000 (217317.416.000) 2020-11-28 19:35:07 Job submitted from host: <128.104.100.148:9618?addrs=128.104.100.148-9618+[2607-f388-107c-501-216-3eff-feb2-bc11]-9618&alias=learn.chtc.wisc.edu&noUDP&sock=schedd_2128_35a0>
...
040 (217317.416.000) 2020-11-28 19:43:06 Started transferring input files
	Transferring to host: <128.104.58.61:9618?addrs=128.104.58.61-9618+[2607-f388-1086-0-a6ba-dbff-fe38-e8c2]-9618&alias=e1062.chtc.wisc.edu&noUDP&sock=slot1_3_27490_f117_40412>
...
040 (217317.416.000) 2020-11-28 19:43:08 Finished transferring input files
...
001 (217317.416.000) 2020-11-28 19:43:09 Job executing on host: <128.104.58.61:9618?addrs=128.104.58.61-9618+[2607-f388-1086-0-a6ba-dbff-fe38-e8c2]-9618&alias=e1062.chtc.wisc.edu&noUDP&sock=startd_14287_45aa>
...
006 (217317.416.000) 2020-11-28 19:43:17 Image size of job updated: 204144
	200  -  MemoryUsage of job (MB)
	204144  -  ResidentSetSize of job (KB)
...
040 (217317.416.000) 2020-11-28 19:43:44 Started transferring output files
...
040 (217317.416.000) 2020-11-28 19:43:44 Finished transferring output files
...
005 (217317.416.000) 2020-11-28 19:43:44 Job terminated.
	(1) Normal termination (return value 0)
		Usr 0 00:00:35, Sys 0 00:00:00  -  Run Remote Usage
		Usr 0 00:00:00, Sys 0 00:00:00  -  Run Local Usage
		Usr 0 00:00:35, Sys 0 00:00:00  -  Total Remote Usage
		Usr 0 00:00:00, Sys 0 00:00:00  -  Total Local Usage
	2296  -  Run Bytes Sent By Job
	1802472  -  Run Bytes Received By Job
	2296  -  Total Bytes Sent By Job
	1802472  -  Total Bytes Received By Job
	Partitionable Resources :    Usage  Request Allocated 
	   Cpus                 :                 1         1 
	   Disk (KB)            :   150711  1048576   1344532 
	   IoHeavy              :                           0 
	   Memory (MB)          :      200     1024      1024 

	Job terminated of its own accord at 2020-11-29T01:43:44Z.
...
