000 (217317.330.000) 2020-11-28 19:35:07 Job submitted from host: <128.104.100.148:9618?addrs=128.104.100.148-9618+[2607-f388-107c-501-216-3eff-feb2-bc11]-9618&alias=learn.chtc.wisc.edu&noUDP&sock=schedd_2128_35a0>
...
040 (217317.330.000) 2020-11-28 19:41:57 Started transferring input files
	Transferring to host: <128.104.58.194:9618?addrs=128.104.58.194-9618+[2607-f388-1086-0-f24d-a2ff-fe40-ff19]-9618&alias=e1052.chtc.wisc.edu&noUDP&sock=slot1_33_1183_47c9_42397>
...
040 (217317.330.000) 2020-11-28 19:41:59 Finished transferring input files
...
001 (217317.330.000) 2020-11-28 19:42:00 Job executing on host: <128.104.58.194:9618?addrs=128.104.58.194-9618+[2607-f388-1086-0-f24d-a2ff-fe40-ff19]-9618&alias=e1052.chtc.wisc.edu&noUDP&sock=startd_5396_c920>
...
006 (217317.330.000) 2020-11-28 19:42:09 Image size of job updated: 213600
	209  -  MemoryUsage of job (MB)
	213600  -  ResidentSetSize of job (KB)
...
040 (217317.330.000) 2020-11-28 19:43:16 Started transferring output files
...
040 (217317.330.000) 2020-11-28 19:43:16 Finished transferring output files
...
005 (217317.330.000) 2020-11-28 19:43:16 Job terminated.
	(1) Normal termination (return value 0)
		Usr 0 00:01:10, Sys 0 00:00:01  -  Run Remote Usage
		Usr 0 00:00:00, Sys 0 00:00:00  -  Run Local Usage
		Usr 0 00:01:10, Sys 0 00:00:01  -  Total Remote Usage
		Usr 0 00:00:00, Sys 0 00:00:00  -  Total Local Usage
	2226  -  Run Bytes Sent By Job
	3037732  -  Run Bytes Received By Job
	2226  -  Total Bytes Sent By Job
	3037732  -  Total Bytes Received By Job
	Partitionable Resources :     Usage  Request Allocated 
	   Cpus                 :      0.99        1         1 
	   Disk (KB)            : 156368     1048576   1330972 
	   IoHeavy              :                            0 
	   Memory (MB)          :    209        1024      1024 

	Job terminated of its own accord at 2020-11-29T01:43:15Z.
...
