000 (217317.223.000) 2020-11-28 19:35:07 Job submitted from host: <128.104.100.148:9618?addrs=128.104.100.148-9618+[2607-f388-107c-501-216-3eff-feb2-bc11]-9618&alias=learn.chtc.wisc.edu&noUDP&sock=schedd_2128_35a0>
...
040 (217317.223.000) 2020-11-28 19:40:39 Started transferring input files
	Transferring to host: <128.104.101.122:9618?addrs=128.104.101.122-9618+[2607-f388-107c-501-4603-a7ff-fe29-9b27]-9618&alias=e122.chtc.wisc.edu&noUDP&sock=slot1_5_31171_8a0d_52071>
...
040 (217317.223.000) 2020-11-28 19:40:43 Finished transferring input files
...
001 (217317.223.000) 2020-11-28 19:40:44 Job executing on host: <128.104.101.122:9618?addrs=128.104.101.122-9618+[2607-f388-107c-501-4603-a7ff-fe29-9b27]-9618&alias=e122.chtc.wisc.edu&noUDP&sock=startd_1654_15bc>
...
006 (217317.223.000) 2020-11-28 19:40:53 Image size of job updated: 203648
	199  -  MemoryUsage of job (MB)
	203648  -  ResidentSetSize of job (KB)
...
040 (217317.223.000) 2020-11-28 19:41:21 Started transferring output files
...
040 (217317.223.000) 2020-11-28 19:41:21 Finished transferring output files
...
005 (217317.223.000) 2020-11-28 19:41:21 Job terminated.
	(1) Normal termination (return value 0)
		Usr 0 00:00:35, Sys 0 00:00:00  -  Run Remote Usage
		Usr 0 00:00:00, Sys 0 00:00:00  -  Run Local Usage
		Usr 0 00:00:35, Sys 0 00:00:00  -  Total Remote Usage
		Usr 0 00:00:00, Sys 0 00:00:00  -  Total Local Usage
	2295  -  Run Bytes Sent By Job
	2395254  -  Run Bytes Received By Job
	2295  -  Total Bytes Sent By Job
	2395254  -  Total Bytes Received By Job
	Partitionable Resources :    Usage  Request Allocated 
	   Cpus                 :                 1         1 
	   Disk (KB)            :   154209  1048576   3409044 
	   IoHeavy              :                           0 
	   Memory (MB)          :      199     1024      1024 

	Job terminated of its own accord at 2020-11-29T01:41:21Z.
...
