000 (217303.004.000) 2020-11-28 17:53:00 Job submitted from host: <128.104.100.148:9618?addrs=128.104.100.148-9618+[2607-f388-107c-501-216-3eff-feb2-bc11]-9618&alias=learn.chtc.wisc.edu&noUDP&sock=schedd_2128_35a0>
...
040 (217303.004.000) 2020-11-28 17:53:39 Started transferring input files
	Transferring to host: <128.105.244.26:9618?addrs=128.105.244.26-9618&alias=e157.chtc.wisc.edu&noUDP&sock=slot1_4_8969_38c6_39396>
...
040 (217303.004.000) 2020-11-28 17:53:41 Finished transferring input files
...
001 (217303.004.000) 2020-11-28 17:53:42 Job executing on host: <128.105.244.26:9618?addrs=128.105.244.26-9618&alias=e157.chtc.wisc.edu&noUDP&sock=startd_2597_e78b>
...
006 (217303.004.000) 2020-11-28 17:53:50 Image size of job updated: 217948
	213  -  MemoryUsage of job (MB)
	217948  -  ResidentSetSize of job (KB)
...
040 (217303.004.000) 2020-11-28 17:54:45 Started transferring output files
...
040 (217303.004.000) 2020-11-28 17:54:45 Finished transferring output files
...
005 (217303.004.000) 2020-11-28 17:54:45 Job terminated.
	(1) Normal termination (return value 0)
		Usr 0 00:01:01, Sys 0 00:00:00  -  Run Remote Usage
		Usr 0 00:00:00, Sys 0 00:00:00  -  Run Local Usage
		Usr 0 00:01:01, Sys 0 00:00:00  -  Total Remote Usage
		Usr 0 00:00:00, Sys 0 00:00:00  -  Total Local Usage
	2317  -  Run Bytes Sent By Job
	2821303  -  Run Bytes Received By Job
	2317  -  Total Bytes Sent By Job
	2821303  -  Total Bytes Received By Job
	Partitionable Resources :    Usage  Request Allocated 
	   Cpus                 :                 1         1 
	   Disk (KB)            :   156159  1048576   3640097 
	   IoHeavy              :                           0 
	   Memory (MB)          :      213     1024      1024 

	Job terminated of its own accord at 2020-11-28T23:54:45Z.
...
