000 (217317.504.000) 2020-11-28 19:35:07 Job submitted from host: <128.104.100.148:9618?addrs=128.104.100.148-9618+[2607-f388-107c-501-216-3eff-feb2-bc11]-9618&alias=learn.chtc.wisc.edu&noUDP&sock=schedd_2128_35a0>
...
040 (217317.504.000) 2020-11-28 19:43:41 Started transferring input files
	Transferring to host: <128.105.245.203:9618?addrs=128.105.245.203-9618&alias=e2403.chtc.wisc.edu&noUDP&sock=slot1_39_40022_de95_43304>
...
040 (217317.504.000) 2020-11-28 19:43:43 Finished transferring input files
...
001 (217317.504.000) 2020-11-28 19:43:44 Job executing on host: <128.105.245.203:9618?addrs=128.105.245.203-9618&alias=e2403.chtc.wisc.edu&noUDP&sock=startd_2147_3dec>
...
006 (217317.504.000) 2020-11-28 19:43:53 Image size of job updated: 298192
	292  -  MemoryUsage of job (MB)
	298192  -  ResidentSetSize of job (KB)
...
040 (217317.504.000) 2020-11-28 19:45:05 Started transferring output files
...
040 (217317.504.000) 2020-11-28 19:45:05 Finished transferring output files
...
005 (217317.504.000) 2020-11-28 19:45:05 Job terminated.
	(1) Normal termination (return value 0)
		Usr 0 00:01:15, Sys 0 00:00:01  -  Run Remote Usage
		Usr 0 00:00:00, Sys 0 00:00:00  -  Run Local Usage
		Usr 0 00:01:15, Sys 0 00:00:01  -  Total Remote Usage
		Usr 0 00:00:00, Sys 0 00:00:00  -  Total Local Usage
	2250  -  Run Bytes Sent By Job
	2302209  -  Run Bytes Received By Job
	2250  -  Total Bytes Sent By Job
	2302209  -  Total Bytes Received By Job
	Partitionable Resources :    Usage  Request Allocated 
	   Cpus                 :                 1         1 
	   Disk (KB)            :   154459  1048576   1207146 
	   IoHeavy              :                           0 
	   Memory (MB)          :      292     1024      1024 

	Job terminated of its own accord at 2020-11-29T01:45:05Z.
...
