000 (217317.178.000) 2020-11-28 19:35:07 Job submitted from host: <128.104.100.148:9618?addrs=128.104.100.148-9618+[2607-f388-107c-501-216-3eff-feb2-bc11]-9618&alias=learn.chtc.wisc.edu&noUDP&sock=schedd_2128_35a0>
...
040 (217317.178.000) 2020-11-28 19:39:38 Started transferring input files
	Transferring to host: <128.105.245.203:9618?addrs=128.105.245.203-9618&alias=e2403.chtc.wisc.edu&noUDP&sock=slot1_39_40022_de95_43296>
...
040 (217317.178.000) 2020-11-28 19:39:43 Finished transferring input files
...
001 (217317.178.000) 2020-11-28 19:39:44 Job executing on host: <128.105.245.203:9618?addrs=128.105.245.203-9618&alias=e2403.chtc.wisc.edu&noUDP&sock=startd_2147_3dec>
...
006 (217317.178.000) 2020-11-28 19:39:53 Image size of job updated: 149128
	146  -  MemoryUsage of job (MB)
	149128  -  ResidentSetSize of job (KB)
...
006 (217317.178.000) 2020-11-28 19:41:16 Image size of job updated: 187588
	184  -  MemoryUsage of job (MB)
	187588  -  ResidentSetSize of job (KB)
...
040 (217317.178.000) 2020-11-28 19:41:16 Started transferring output files
...
040 (217317.178.000) 2020-11-28 19:41:16 Finished transferring output files
...
005 (217317.178.000) 2020-11-28 19:41:16 Job terminated.
	(1) Normal termination (return value 0)
		Usr 0 00:01:20, Sys 0 00:00:00  -  Run Remote Usage
		Usr 0 00:00:00, Sys 0 00:00:00  -  Run Local Usage
		Usr 0 00:01:20, Sys 0 00:00:00  -  Total Remote Usage
		Usr 0 00:00:00, Sys 0 00:00:00  -  Total Local Usage
	2299  -  Run Bytes Sent By Job
	2960492  -  Run Bytes Received By Job
	2299  -  Total Bytes Sent By Job
	2960492  -  Total Bytes Received By Job
	Partitionable Resources :     Usage  Request Allocated 
	   Cpus                 :      0.98        1         1 
	   Disk (KB)            : 154882     1048576   1207146 
	   IoHeavy              :                            0 
	   Memory (MB)          :    184        1024      1024 

	Job terminated of its own accord at 2020-11-29T01:41:16Z.
...
