000 (217317.285.000) 2020-11-28 19:35:07 Job submitted from host: <128.104.100.148:9618?addrs=128.104.100.148-9618+[2607-f388-107c-501-216-3eff-feb2-bc11]-9618&alias=learn.chtc.wisc.edu&noUDP&sock=schedd_2128_35a0>
...
040 (217317.285.000) 2020-11-28 19:41:33 Started transferring input files
	Transferring to host: <128.104.58.195:9618?addrs=128.104.58.195-9618+[2607-f388-1086-0-16fe-b5ff-fec6-6e3b]-9618&alias=e1054.chtc.wisc.edu&noUDP&sock=slot1_34_33059_ce59_41749>
...
040 (217317.285.000) 2020-11-28 19:41:35 Finished transferring input files
...
001 (217317.285.000) 2020-11-28 19:41:36 Job executing on host: <128.104.58.195:9618?addrs=128.104.58.195-9618+[2607-f388-1086-0-16fe-b5ff-fec6-6e3b]-9618&alias=e1054.chtc.wisc.edu&noUDP&sock=startd_5648_a2fe>
...
006 (217317.285.000) 2020-11-28 19:41:45 Image size of job updated: 201944
	198  -  MemoryUsage of job (MB)
	201944  -  ResidentSetSize of job (KB)
...
040 (217317.285.000) 2020-11-28 19:42:48 Started transferring output files
...
040 (217317.285.000) 2020-11-28 19:42:48 Finished transferring output files
...
005 (217317.285.000) 2020-11-28 19:42:48 Job terminated.
	(1) Normal termination (return value 0)
		Usr 0 00:01:07, Sys 0 00:00:01  -  Run Remote Usage
		Usr 0 00:00:00, Sys 0 00:00:00  -  Run Local Usage
		Usr 0 00:01:07, Sys 0 00:00:01  -  Total Remote Usage
		Usr 0 00:00:00, Sys 0 00:00:00  -  Total Local Usage
	2472  -  Run Bytes Sent By Job
	2562698  -  Run Bytes Received By Job
	2472  -  Total Bytes Sent By Job
	2562698  -  Total Bytes Received By Job
	Partitionable Resources :    Usage  Request Allocated 
	   Cpus                 :                 1         1 
	   Disk (KB)            :   153891  1048576   1333766 
	   IoHeavy              :                           0 
	   Memory (MB)          :      198     1024      1024 

	Job terminated of its own accord at 2020-11-29T01:42:48Z.
...
