000 (217317.796.000) 2020-11-28 19:35:07 Job submitted from host: <128.104.100.148:9618?addrs=128.104.100.148-9618+[2607-f388-107c-501-216-3eff-feb2-bc11]-9618&alias=learn.chtc.wisc.edu&noUDP&sock=schedd_2128_35a0>
...
040 (217317.796.000) 2020-11-28 19:46:05 Started transferring input files
	Transferring to host: <128.105.245.66:9618?addrs=128.105.245.66-9618&alias=e266.chtc.wisc.edu&noUDP&sock=slot1_39_2921_dbd0_42664>
...
040 (217317.796.000) 2020-11-28 19:46:07 Finished transferring input files
...
001 (217317.796.000) 2020-11-28 19:46:08 Job executing on host: <128.105.245.66:9618?addrs=128.105.245.66-9618&alias=e266.chtc.wisc.edu&noUDP&sock=startd_4680_ab51>
...
006 (217317.796.000) 2020-11-28 19:46:10 Image size of job updated: 111572
	109  -  MemoryUsage of job (MB)
	111572  -  ResidentSetSize of job (KB)
...
040 (217317.796.000) 2020-11-28 19:46:11 Started transferring output files
...
040 (217317.796.000) 2020-11-28 19:46:11 Finished transferring output files
...
005 (217317.796.000) 2020-11-28 19:46:11 Job terminated.
	(1) Normal termination (return value 1)
		Usr 0 00:00:01, Sys 0 00:00:00  -  Run Remote Usage
		Usr 0 00:00:00, Sys 0 00:00:00  -  Run Local Usage
		Usr 0 00:00:01, Sys 0 00:00:00  -  Total Remote Usage
		Usr 0 00:00:00, Sys 0 00:00:00  -  Total Local Usage
	759  -  Run Bytes Sent By Job
	2571177  -  Run Bytes Received By Job
	759  -  Total Bytes Sent By Job
	2571177  -  Total Bytes Received By Job
	Partitionable Resources :    Usage  Request Allocated 
	   Cpus                 :                 1         1 
	   Disk (KB)            :   154784  1048576   1574732 
	   IoHeavy              :                           0 
	   Memory (MB)          :      109     1024      1024 

	Job terminated of its own accord at 2020-11-29T01:46:10Z.
...
