000 (217317.653.000) 2020-11-28 19:35:07 Job submitted from host: <128.104.100.148:9618?addrs=128.104.100.148-9618+[2607-f388-107c-501-216-3eff-feb2-bc11]-9618&alias=learn.chtc.wisc.edu&noUDP&sock=schedd_2128_35a0>
...
040 (217317.653.000) 2020-11-28 19:45:01 Started transferring input files
	Transferring to host: <128.104.58.194:9618?addrs=128.104.58.194-9618+[2607-f388-1086-0-f24d-a2ff-fe40-ff19]-9618&alias=e1052.chtc.wisc.edu&noUDP&sock=slot1_30_1183_47c9_42418>
...
040 (217317.653.000) 2020-11-28 19:45:04 Finished transferring input files
...
001 (217317.653.000) 2020-11-28 19:45:05 Job executing on host: <128.104.58.194:9618?addrs=128.104.58.194-9618+[2607-f388-1086-0-f24d-a2ff-fe40-ff19]-9618&alias=e1052.chtc.wisc.edu&noUDP&sock=startd_5396_c920>
...
006 (217317.653.000) 2020-11-28 19:45:14 Image size of job updated: 203024
	199  -  MemoryUsage of job (MB)
	203024  -  ResidentSetSize of job (KB)
...
040 (217317.653.000) 2020-11-28 19:46:12 Started transferring output files
...
040 (217317.653.000) 2020-11-28 19:46:12 Finished transferring output files
...
005 (217317.653.000) 2020-11-28 19:46:12 Job terminated.
	(1) Normal termination (return value 0)
		Usr 0 00:01:00, Sys 0 00:00:01  -  Run Remote Usage
		Usr 0 00:00:00, Sys 0 00:00:00  -  Run Local Usage
		Usr 0 00:01:00, Sys 0 00:00:01  -  Total Remote Usage
		Usr 0 00:00:00, Sys 0 00:00:00  -  Total Local Usage
	2577  -  Run Bytes Sent By Job
	2161086  -  Run Bytes Received By Job
	2577  -  Total Bytes Sent By Job
	2161086  -  Total Bytes Received By Job
	Partitionable Resources :    Usage  Request Allocated 
	   Cpus                 :                 1         1 
	   Disk (KB)            :   153555  1048576   1330972 
	   IoHeavy              :                           0 
	   Memory (MB)          :      199     1024      1024 

	Job terminated of its own accord at 2020-11-29T01:46:12Z.
...
