000 (217304.676.000) 2020-11-28 18:02:57 Job submitted from host: <128.104.100.148:9618?addrs=128.104.100.148-9618+[2607-f388-107c-501-216-3eff-feb2-bc11]-9618&alias=learn.chtc.wisc.edu&noUDP&sock=schedd_2128_35a0>
...
040 (217304.676.000) 2020-11-28 18:12:21 Started transferring input files
	Transferring to host: <128.105.245.45:9618?addrs=128.105.245.45-9618&alias=e3245.chtc.wisc.edu&noUDP&sock=slot1_5_23459_bcd3_38413>
...
040 (217304.676.000) 2020-11-28 18:12:22 Finished transferring input files
...
001 (217304.676.000) 2020-11-28 18:12:23 Job executing on host: <128.105.245.45:9618?addrs=128.105.245.45-9618&alias=e3245.chtc.wisc.edu&noUDP&sock=startd_4298_a623>
...
006 (217304.676.000) 2020-11-28 18:12:32 Image size of job updated: 198008
	194  -  MemoryUsage of job (MB)
	198008  -  ResidentSetSize of job (KB)
...
040 (217304.676.000) 2020-11-28 18:13:16 Started transferring output files
...
040 (217304.676.000) 2020-11-28 18:13:16 Finished transferring output files
...
005 (217304.676.000) 2020-11-28 18:13:16 Job terminated.
	(1) Normal termination (return value 0)
		Usr 0 00:00:50, Sys 0 00:00:00  -  Run Remote Usage
		Usr 0 00:00:00, Sys 0 00:00:00  -  Run Local Usage
		Usr 0 00:00:50, Sys 0 00:00:00  -  Total Remote Usage
		Usr 0 00:00:00, Sys 0 00:00:00  -  Total Local Usage
	2224  -  Run Bytes Sent By Job
	1899842  -  Run Bytes Received By Job
	2224  -  Total Bytes Sent By Job
	1899842  -  Total Bytes Received By Job
	Partitionable Resources :    Usage  Request Allocated 
	   Cpus                 :                 1         1 
	   Disk (KB)            :   150134  1048576   1701732 
	   IoHeavy              :                           0 
	   Memory (MB)          :      194     1024      1024 

	Job terminated of its own accord at 2020-11-29T00:13:16Z.
...
