000 (217317.526.000) 2020-11-28 19:35:07 Job submitted from host: <128.104.100.148:9618?addrs=128.104.100.148-9618+[2607-f388-107c-501-216-3eff-feb2-bc11]-9618&alias=learn.chtc.wisc.edu&noUDP&sock=schedd_2128_35a0>
...
040 (217317.526.000) 2020-11-28 19:43:58 Started transferring input files
	Transferring to host: <128.104.58.84:9618?addrs=128.104.58.84-9618+[2607-f388-1086-0-a6ba-dbff-fe38-e75f]-9618&alias=e074.chtc.wisc.edu&noUDP&sock=slot1_16_10768_c7af_39463>
...
040 (217317.526.000) 2020-11-28 19:43:59 Finished transferring input files
...
001 (217317.526.000) 2020-11-28 19:44:00 Job executing on host: <128.104.58.84:9618?addrs=128.104.58.84-9618+[2607-f388-1086-0-a6ba-dbff-fe38-e75f]-9618&alias=e074.chtc.wisc.edu&noUDP&sock=startd_4523_faf2>
...
006 (217317.526.000) 2020-11-28 19:44:09 Image size of job updated: 202324
	198  -  MemoryUsage of job (MB)
	202324  -  ResidentSetSize of job (KB)
...
040 (217317.526.000) 2020-11-28 19:44:42 Started transferring output files
...
040 (217317.526.000) 2020-11-28 19:44:42 Finished transferring output files
...
005 (217317.526.000) 2020-11-28 19:44:42 Job terminated.
	(1) Normal termination (return value 0)
		Usr 0 00:00:41, Sys 0 00:00:00  -  Run Remote Usage
		Usr 0 00:00:00, Sys 0 00:00:00  -  Run Local Usage
		Usr 0 00:00:41, Sys 0 00:00:00  -  Total Remote Usage
		Usr 0 00:00:00, Sys 0 00:00:00  -  Total Local Usage
	2214  -  Run Bytes Sent By Job
	1727051  -  Run Bytes Received By Job
	2214  -  Total Bytes Sent By Job
	1727051  -  Total Bytes Received By Job
	Partitionable Resources :    Usage  Request Allocated 
	   Cpus                 :                 1         1 
	   Disk (KB)            :   149898  1048576   3638221 
	   IoHeavy              :                           0 
	   Memory (MB)          :      198     1024      1024 

	Job terminated of its own accord at 2020-11-29T01:44:42Z.
...
