000 (217317.761.000) 2020-11-28 19:35:07 Job submitted from host: <128.104.100.148:9618?addrs=128.104.100.148-9618+[2607-f388-107c-501-216-3eff-feb2-bc11]-9618&alias=learn.chtc.wisc.edu&noUDP&sock=schedd_2128_35a0>
...
040 (217317.761.000) 2020-11-28 19:45:50 Started transferring input files
	Transferring to host: <128.105.245.89:9618?addrs=128.105.245.89-9618&alias=e289.chtc.wisc.edu&noUDP&sock=slot1_40_10093_2e74_39414>
...
040 (217317.761.000) 2020-11-28 19:45:52 Finished transferring input files
...
001 (217317.761.000) 2020-11-28 19:45:53 Job executing on host: <128.105.245.89:9618?addrs=128.105.245.89-9618&alias=e289.chtc.wisc.edu&noUDP&sock=startd_5936_2e45>
...
006 (217317.761.000) 2020-11-28 19:46:01 Image size of job updated: 193632
	190  -  MemoryUsage of job (MB)
	193632  -  ResidentSetSize of job (KB)
...
040 (217317.761.000) 2020-11-28 19:46:37 Started transferring output files
...
040 (217317.761.000) 2020-11-28 19:46:37 Finished transferring output files
...
005 (217317.761.000) 2020-11-28 19:46:37 Job terminated.
	(1) Normal termination (return value 0)
		Usr 0 00:00:42, Sys 0 00:00:00  -  Run Remote Usage
		Usr 0 00:00:00, Sys 0 00:00:00  -  Run Local Usage
		Usr 0 00:00:42, Sys 0 00:00:00  -  Total Remote Usage
		Usr 0 00:00:00, Sys 0 00:00:00  -  Total Local Usage
	2208  -  Run Bytes Sent By Job
	1592775  -  Run Bytes Received By Job
	2208  -  Total Bytes Sent By Job
	1592775  -  Total Bytes Received By Job
	Partitionable Resources :    Usage  Request Allocated 
	   Cpus                 :                 1         1 
	   Disk (KB)            :   149890  1048576   1322658 
	   IoHeavy              :                           0 
	   Memory (MB)          :      190     1024      1024 

	Job terminated of its own accord at 2020-11-29T01:46:37Z.
...
