000 (217317.252.000) 2020-11-28 19:35:07 Job submitted from host: <128.104.100.148:9618?addrs=128.104.100.148-9618+[2607-f388-107c-501-216-3eff-feb2-bc11]-9618&alias=learn.chtc.wisc.edu&noUDP&sock=schedd_2128_35a0>
...
040 (217317.252.000) 2020-11-28 19:41:00 Started transferring input files
	Transferring to host: <128.105.245.36:9618?addrs=128.105.245.36-9618&alias=e236.chtc.wisc.edu&noUDP&sock=slot1_13_10779_87cf_40187>
...
040 (217317.252.000) 2020-11-28 19:41:07 Finished transferring input files
...
001 (217317.252.000) 2020-11-28 19:41:08 Job executing on host: <128.105.245.36:9618?addrs=128.105.245.36-9618&alias=e236.chtc.wisc.edu&noUDP&sock=startd_6218_9bfa>
...
006 (217317.252.000) 2020-11-28 19:41:16 Image size of job updated: 212544
	208  -  MemoryUsage of job (MB)
	212544  -  ResidentSetSize of job (KB)
...
040 (217317.252.000) 2020-11-28 19:42:10 Started transferring output files
...
040 (217317.252.000) 2020-11-28 19:42:10 Finished transferring output files
...
005 (217317.252.000) 2020-11-28 19:42:10 Job terminated.
	(1) Normal termination (return value 0)
		Usr 0 00:01:01, Sys 0 00:00:00  -  Run Remote Usage
		Usr 0 00:00:00, Sys 0 00:00:00  -  Run Local Usage
		Usr 0 00:01:01, Sys 0 00:00:00  -  Total Remote Usage
		Usr 0 00:00:00, Sys 0 00:00:00  -  Total Local Usage
	2315  -  Run Bytes Sent By Job
	2628273  -  Run Bytes Received By Job
	2315  -  Total Bytes Sent By Job
	2628273  -  Total Bytes Received By Job
	Partitionable Resources :     Usage  Request Allocated 
	   Cpus                 :      0.99        1         1 
	   Disk (KB)            : 155743     1048576   3634953 
	   IoHeavy              :                            0 
	   Memory (MB)          :    208        1024      1024 

	Job terminated of its own accord at 2020-11-29T01:42:10Z.
...
