000 (217317.015.000) 2020-11-28 19:35:07 Job submitted from host: <128.104.100.148:9618?addrs=128.104.100.148-9618+[2607-f388-107c-501-216-3eff-feb2-bc11]-9618&alias=learn.chtc.wisc.edu&noUDP&sock=schedd_2128_35a0>
...
040 (217317.015.000) 2020-11-28 19:35:48 Started transferring input files
	Transferring to host: <128.104.101.147:9618?addrs=128.104.101.147-9618+[2607-f388-107c-501-4603-a7ff-fe29-58cf]-9618&alias=e147.chtc.wisc.edu&noUDP&sock=slot1_29_27067_e666_51459>
...
040 (217317.015.000) 2020-11-28 19:35:55 Finished transferring input files
...
001 (217317.015.000) 2020-11-28 19:35:56 Job executing on host: <128.104.101.147:9618?addrs=128.104.101.147-9618+[2607-f388-107c-501-4603-a7ff-fe29-58cf]-9618&alias=e147.chtc.wisc.edu&noUDP&sock=startd_1830_ce67>
...
006 (217317.015.000) 2020-11-28 19:36:05 Image size of job updated: 199144
	195  -  MemoryUsage of job (MB)
	199144  -  ResidentSetSize of job (KB)
...
040 (217317.015.000) 2020-11-28 19:36:53 Started transferring output files
...
040 (217317.015.000) 2020-11-28 19:36:53 Finished transferring output files
...
005 (217317.015.000) 2020-11-28 19:36:53 Job terminated.
	(1) Normal termination (return value 0)
		Usr 0 00:00:52, Sys 0 00:00:01  -  Run Remote Usage
		Usr 0 00:00:00, Sys 0 00:00:00  -  Run Local Usage
		Usr 0 00:00:52, Sys 0 00:00:01  -  Total Remote Usage
		Usr 0 00:00:00, Sys 0 00:00:00  -  Total Local Usage
	2230  -  Run Bytes Sent By Job
	1938392  -  Run Bytes Received By Job
	2230  -  Total Bytes Sent By Job
	1938392  -  Total Bytes Received By Job
	Partitionable Resources :     Usage  Request Allocated 
	   Cpus                 :      0.01        1         1 
	   Disk (KB)            : 151794     1048576   3401974 
	   IoHeavy              :                            0 
	   Memory (MB)          :    195        1024      1024 

	Job terminated of its own accord at 2020-11-29T01:36:53Z.
...
