000 (217304.002.000) 2020-11-28 18:02:57 Job submitted from host: <128.104.100.148:9618?addrs=128.104.100.148-9618+[2607-f388-107c-501-216-3eff-feb2-bc11]-9618&alias=learn.chtc.wisc.edu&noUDP&sock=schedd_2128_35a0>
...
040 (217304.002.000) 2020-11-28 18:04:37 Started transferring input files
	Transferring to host: <128.105.245.58:9618?addrs=128.105.245.58-9618&alias=e3258.chtc.wisc.edu&noUDP&sock=slot1_2_27411_4774_38631>
...
040 (217304.002.000) 2020-11-28 18:04:39 Finished transferring input files
...
001 (217304.002.000) 2020-11-28 18:04:40 Job executing on host: <128.105.245.58:9618?addrs=128.105.245.58-9618&alias=e3258.chtc.wisc.edu&noUDP&sock=startd_3016_4db9>
...
006 (217304.002.000) 2020-11-28 18:04:48 Image size of job updated: 278504
	272  -  MemoryUsage of job (MB)
	278504  -  ResidentSetSize of job (KB)
...
040 (217304.002.000) 2020-11-28 18:05:36 Started transferring output files
...
040 (217304.002.000) 2020-11-28 18:05:36 Finished transferring output files
...
005 (217304.002.000) 2020-11-28 18:05:36 Job terminated.
	(1) Normal termination (return value 0)
		Usr 0 00:00:51, Sys 0 00:00:00  -  Run Remote Usage
		Usr 0 00:00:00, Sys 0 00:00:00  -  Run Local Usage
		Usr 0 00:00:51, Sys 0 00:00:00  -  Total Remote Usage
		Usr 0 00:00:00, Sys 0 00:00:00  -  Total Local Usage
	2200  -  Run Bytes Sent By Job
	2315964  -  Run Bytes Received By Job
	2200  -  Total Bytes Sent By Job
	2315964  -  Total Bytes Received By Job
	Partitionable Resources :    Usage  Request Allocated 
	   Cpus                 :                 1         1 
	   Disk (KB)            :   152846  1048576   1585239 
	   IoHeavy              :                           0 
	   Memory (MB)          :      272     1024      1024 

	Job terminated of its own accord at 2020-11-29T00:05:36Z.
...
