000 (217317.189.000) 2020-11-28 19:35:07 Job submitted from host: <128.104.100.148:9618?addrs=128.104.100.148-9618+[2607-f388-107c-501-216-3eff-feb2-bc11]-9618&alias=learn.chtc.wisc.edu&noUDP&sock=schedd_2128_35a0>
...
040 (217317.189.000) 2020-11-28 19:40:02 Started transferring input files
	Transferring to host: <128.104.101.147:9618?addrs=128.104.101.147-9618+[2607-f388-107c-501-4603-a7ff-fe29-58cf]-9618&alias=e147.chtc.wisc.edu&noUDP&sock=slot1_1_27067_e666_51474>
...
040 (217317.189.000) 2020-11-28 19:40:07 Finished transferring input files
...
001 (217317.189.000) 2020-11-28 19:40:08 Job executing on host: <128.104.101.147:9618?addrs=128.104.101.147-9618+[2607-f388-107c-501-4603-a7ff-fe29-58cf]-9618&alias=e147.chtc.wisc.edu&noUDP&sock=startd_1830_ce67>
...
006 (217317.189.000) 2020-11-28 19:40:17 Image size of job updated: 229564
	225  -  MemoryUsage of job (MB)
	229564  -  ResidentSetSize of job (KB)
...
040 (217317.189.000) 2020-11-28 19:41:33 Started transferring output files
...
040 (217317.189.000) 2020-11-28 19:41:33 Finished transferring output files
...
005 (217317.189.000) 2020-11-28 19:41:33 Job terminated.
	(1) Normal termination (return value 0)
		Usr 0 00:01:17, Sys 0 00:00:01  -  Run Remote Usage
		Usr 0 00:00:00, Sys 0 00:00:00  -  Run Local Usage
		Usr 0 00:01:17, Sys 0 00:00:01  -  Total Remote Usage
		Usr 0 00:00:00, Sys 0 00:00:00  -  Total Local Usage
	2338  -  Run Bytes Sent By Job
	3346018  -  Run Bytes Received By Job
	2338  -  Total Bytes Sent By Job
	3346018  -  Total Bytes Received By Job
	Partitionable Resources :    Usage  Request Allocated 
	   Cpus                 :                 1         1 
	   Disk (KB)            :   158423  1048576   3401974 
	   IoHeavy              :                           0 
	   Memory (MB)          :      225     1024      1024 

	Job terminated of its own accord at 2020-11-29T01:41:33Z.
...
