000 (217317.599.000) 2020-11-28 19:35:07 Job submitted from host: <128.104.100.148:9618?addrs=128.104.100.148-9618+[2607-f388-107c-501-216-3eff-feb2-bc11]-9618&alias=learn.chtc.wisc.edu&noUDP&sock=schedd_2128_35a0>
...
040 (217317.599.000) 2020-11-28 19:44:37 Started transferring input files
	Transferring to host: <128.104.58.175:9618?addrs=128.104.58.175-9618+[2607-f388-1086-0-16fe-b5ff-fec6-719b]-9618&alias=e1030.chtc.wisc.edu&noUDP&sock=slot1_27_27173_962a_41816>
...
040 (217317.599.000) 2020-11-28 19:44:44 Finished transferring input files
...
001 (217317.599.000) 2020-11-28 19:44:47 Job executing on host: <128.104.58.175:9618?addrs=128.104.58.175-9618+[2607-f388-1086-0-16fe-b5ff-fec6-719b]-9618&alias=e1030.chtc.wisc.edu&noUDP&sock=startd_5597_a7a9>
...
006 (217317.599.000) 2020-11-28 19:44:57 Image size of job updated: 101944
	100  -  MemoryUsage of job (MB)
	101944  -  ResidentSetSize of job (KB)
...
040 (217317.599.000) 2020-11-28 19:44:57 Started transferring output files
...
040 (217317.599.000) 2020-11-28 19:44:57 Finished transferring output files
...
005 (217317.599.000) 2020-11-28 19:44:57 Job terminated.
	(1) Normal termination (return value 1)
		Usr 0 00:00:01, Sys 0 00:00:00  -  Run Remote Usage
		Usr 0 00:00:00, Sys 0 00:00:00  -  Run Local Usage
		Usr 0 00:00:01, Sys 0 00:00:00  -  Total Remote Usage
		Usr 0 00:00:00, Sys 0 00:00:00  -  Total Local Usage
	235  -  Run Bytes Sent By Job
	2133015  -  Run Bytes Received By Job
	235  -  Total Bytes Sent By Job
	2133015  -  Total Bytes Received By Job
	Partitionable Resources :    Usage  Request Allocated 
	   Cpus                 :                 1         1 
	   Disk (KB)            :   151601  1048576   1321885 
	   IoHeavy              :                           0 
	   Memory (MB)          :      100     1024      1024 

	Job terminated of its own accord at 2020-11-29T01:44:57Z.
...
