000 (217304.761.000) 2020-11-28 18:02:57 Job submitted from host: <128.104.100.148:9618?addrs=128.104.100.148-9618+[2607-f388-107c-501-216-3eff-feb2-bc11]-9618&alias=learn.chtc.wisc.edu&noUDP&sock=schedd_2128_35a0>
...
040 (217304.761.000) 2020-11-28 18:12:56 Started transferring input files
	Transferring to host: <128.105.245.120:9618?addrs=128.105.245.120-9618&alias=e320.chtc.wisc.edu&noUDP&sock=slot1_20_13956_03b1_44518>
...
040 (217304.761.000) 2020-11-28 18:12:58 Finished transferring input files
...
001 (217304.761.000) 2020-11-28 18:12:59 Job executing on host: <128.105.245.120:9618?addrs=128.105.245.120-9618&alias=e320.chtc.wisc.edu&noUDP&sock=startd_19251_29ca>
...
006 (217304.761.000) 2020-11-28 18:13:07 Image size of job updated: 202748
	198  -  MemoryUsage of job (MB)
	202748  -  ResidentSetSize of job (KB)
...
040 (217304.761.000) 2020-11-28 18:13:38 Started transferring output files
...
040 (217304.761.000) 2020-11-28 18:13:38 Finished transferring output files
...
005 (217304.761.000) 2020-11-28 18:13:38 Job terminated.
	(1) Normal termination (return value 0)
		Usr 0 00:00:37, Sys 0 00:00:00  -  Run Remote Usage
		Usr 0 00:00:00, Sys 0 00:00:00  -  Run Local Usage
		Usr 0 00:00:37, Sys 0 00:00:00  -  Total Remote Usage
		Usr 0 00:00:00, Sys 0 00:00:00  -  Total Local Usage
	2209  -  Run Bytes Sent By Job
	1592787  -  Run Bytes Received By Job
	2209  -  Total Bytes Sent By Job
	1592787  -  Total Bytes Received By Job
	Partitionable Resources :     Usage  Request Allocated 
	   Cpus                 :      1.00        1         1 
	   Disk (KB)            : 149900     1048576   1203971 
	   IoHeavy              :                            0 
	   Memory (MB)          :    198        1024      1024 

	Job terminated of its own accord at 2020-11-29T00:13:38Z.
...
