000 (217304.248.000) 2020-11-28 18:02:57 Job submitted from host: <128.104.100.148:9618?addrs=128.104.100.148-9618+[2607-f388-107c-501-216-3eff-feb2-bc11]-9618&alias=learn.chtc.wisc.edu&noUDP&sock=schedd_2128_35a0>
...
040 (217304.248.000) 2020-11-28 18:08:32 Started transferring input files
	Transferring to host: <128.104.58.93:9618?addrs=128.104.58.93-9618+[2607-f388-1086-0-a6ba-dbff-fe38-e571]-9618&alias=e1083.chtc.wisc.edu&noUDP&sock=slot1_9_11785_5938_39984>
...
040 (217304.248.000) 2020-11-28 18:08:33 Finished transferring input files
...
001 (217304.248.000) 2020-11-28 18:08:34 Job executing on host: <128.104.58.93:9618?addrs=128.104.58.93-9618+[2607-f388-1086-0-a6ba-dbff-fe38-e571]-9618&alias=e1083.chtc.wisc.edu&noUDP&sock=startd_4853_5533>
...
006 (217304.248.000) 2020-11-28 18:08:43 Image size of job updated: 216704
	212  -  MemoryUsage of job (MB)
	216704  -  ResidentSetSize of job (KB)
...
040 (217304.248.000) 2020-11-28 18:09:31 Started transferring output files
...
040 (217304.248.000) 2020-11-28 18:09:31 Finished transferring output files
...
005 (217304.248.000) 2020-11-28 18:09:31 Job terminated.
	(1) Normal termination (return value 0)
		Usr 0 00:00:55, Sys 0 00:00:00  -  Run Remote Usage
		Usr 0 00:00:00, Sys 0 00:00:00  -  Run Local Usage
		Usr 0 00:00:55, Sys 0 00:00:00  -  Total Remote Usage
		Usr 0 00:00:00, Sys 0 00:00:00  -  Total Local Usage
	2341  -  Run Bytes Sent By Job
	2708721  -  Run Bytes Received By Job
	2341  -  Total Bytes Sent By Job
	2708721  -  Total Bytes Received By Job
	Partitionable Resources :    Usage  Request Allocated 
	   Cpus                 :                 1         1 
	   Disk (KB)            :   156555  1048576   1809592 
	   IoHeavy              :                           0 
	   Memory (MB)          :      212     1024      1024 

	Job terminated of its own accord at 2020-11-29T00:09:31Z.
...
