000 (217317.525.000) 2020-11-28 19:35:07 Job submitted from host: <128.104.100.148:9618?addrs=128.104.100.148-9618+[2607-f388-107c-501-216-3eff-feb2-bc11]-9618&alias=learn.chtc.wisc.edu&noUDP&sock=schedd_2128_35a0>
...
040 (217317.525.000) 2020-11-28 19:43:56 Started transferring input files
	Transferring to host: <128.104.58.68:9618?addrs=128.104.58.68-9618+[2607-f388-1086-0-a6ba-dbff-fe38-e6a7]-9618&alias=e058.chtc.wisc.edu&noUDP&sock=slot1_7_20028_49a8_15741>
...
040 (217317.525.000) 2020-11-28 19:43:58 Finished transferring input files
...
001 (217317.525.000) 2020-11-28 19:43:59 Job executing on host: <128.104.58.68:9618?addrs=128.104.58.68-9618+[2607-f388-1086-0-a6ba-dbff-fe38-e6a7]-9618&alias=e058.chtc.wisc.edu&noUDP&sock=startd_7972_b517>
...
006 (217317.525.000) 2020-11-28 19:44:07 Image size of job updated: 208184
	204  -  MemoryUsage of job (MB)
	208184  -  ResidentSetSize of job (KB)
...
040 (217317.525.000) 2020-11-28 19:44:33 Started transferring output files
...
040 (217317.525.000) 2020-11-28 19:44:33 Finished transferring output files
...
005 (217317.525.000) 2020-11-28 19:44:33 Job terminated.
	(1) Normal termination (return value 0)
		Usr 0 00:00:33, Sys 0 00:00:00  -  Run Remote Usage
		Usr 0 00:00:00, Sys 0 00:00:00  -  Run Local Usage
		Usr 0 00:00:33, Sys 0 00:00:00  -  Total Remote Usage
		Usr 0 00:00:00, Sys 0 00:00:00  -  Total Local Usage
	2282  -  Run Bytes Sent By Job
	2007689  -  Run Bytes Received By Job
	2282  -  Total Bytes Sent By Job
	2007689  -  Total Bytes Received By Job
	Partitionable Resources :     Usage  Request Allocated 
	   Cpus                 :      0.15        1         1 
	   Disk (KB)            : 150546     1048576   3637254 
	   IoHeavy              :                            0 
	   Memory (MB)          :    204        1024      1024 

	Job terminated of its own accord at 2020-11-29T01:44:33Z.
...
