000 (217304.329.000) 2020-11-28 18:02:57 Job submitted from host: <128.104.100.148:9618?addrs=128.104.100.148-9618+[2607-f388-107c-501-216-3eff-feb2-bc11]-9618&alias=learn.chtc.wisc.edu&noUDP&sock=schedd_2128_35a0>
...
040 (217304.329.000) 2020-11-28 18:09:09 Started transferring input files
	Transferring to host: <128.104.101.144:9618?addrs=128.104.101.144-9618+[2607-f388-107c-501-4603-a7ff-fe29-710d]-9618&alias=e144.chtc.wisc.edu&noUDP&sock=slot1_24_7428_72a7_53887>
...
040 (217304.329.000) 2020-11-28 18:09:14 Finished transferring input files
...
001 (217304.329.000) 2020-11-28 18:09:15 Job executing on host: <128.104.101.144:9618?addrs=128.104.101.144-9618+[2607-f388-107c-501-4603-a7ff-fe29-710d]-9618&alias=e144.chtc.wisc.edu&noUDP&sock=startd_2182_3fbd>
...
006 (217304.329.000) 2020-11-28 18:09:24 Image size of job updated: 203780
	200  -  MemoryUsage of job (MB)
	203780  -  ResidentSetSize of job (KB)
...
040 (217304.329.000) 2020-11-28 18:10:33 Started transferring output files
...
040 (217304.329.000) 2020-11-28 18:10:33 Finished transferring output files
...
005 (217304.329.000) 2020-11-28 18:10:33 Job terminated.
	(1) Normal termination (return value 0)
		Usr 0 00:01:11, Sys 0 00:00:01  -  Run Remote Usage
		Usr 0 00:00:00, Sys 0 00:00:00  -  Run Local Usage
		Usr 0 00:01:11, Sys 0 00:00:01  -  Total Remote Usage
		Usr 0 00:00:00, Sys 0 00:00:00  -  Total Local Usage
	2283  -  Run Bytes Sent By Job
	2366009  -  Run Bytes Received By Job
	2283  -  Total Bytes Sent By Job
	2366009  -  Total Bytes Received By Job
	Partitionable Resources :    Usage  Request Allocated 
	   Cpus                 :                 1         1 
	   Disk (KB)            :   154566  1048576   3404709 
	   IoHeavy              :                           0 
	   Memory (MB)          :      200     1024      1024 

	Job terminated of its own accord at 2020-11-29T00:10:32Z.
...
