000 (217317.145.000) 2020-11-28 19:35:07 Job submitted from host: <128.104.100.148:9618?addrs=128.104.100.148-9618+[2607-f388-107c-501-216-3eff-feb2-bc11]-9618&alias=learn.chtc.wisc.edu&noUDP&sock=schedd_2128_35a0>
...
040 (217317.145.000) 2020-11-28 19:39:20 Started transferring input files
	Transferring to host: <128.105.245.53:9618?addrs=128.105.245.53-9618&alias=e3253.chtc.wisc.edu&noUDP&sock=slot1_7_15652_fff6_39694>
...
040 (217317.145.000) 2020-11-28 19:39:22 Finished transferring input files
...
001 (217317.145.000) 2020-11-28 19:39:23 Job executing on host: <128.105.245.53:9618?addrs=128.105.245.53-9618&alias=e3253.chtc.wisc.edu&noUDP&sock=startd_1885_881c>
...
006 (217317.145.000) 2020-11-28 19:39:32 Image size of job updated: 216148
	212  -  MemoryUsage of job (MB)
	216148  -  ResidentSetSize of job (KB)
...
040 (217317.145.000) 2020-11-28 19:40:31 Started transferring output files
...
040 (217317.145.000) 2020-11-28 19:40:31 Finished transferring output files
...
005 (217317.145.000) 2020-11-28 19:40:31 Job terminated.
	(1) Normal termination (return value 0)
		Usr 0 00:01:02, Sys 0 00:00:00  -  Run Remote Usage
		Usr 0 00:00:00, Sys 0 00:00:00  -  Run Local Usage
		Usr 0 00:01:02, Sys 0 00:00:00  -  Total Remote Usage
		Usr 0 00:00:00, Sys 0 00:00:00  -  Total Local Usage
	2221  -  Run Bytes Sent By Job
	2767915  -  Run Bytes Received By Job
	2221  -  Total Bytes Sent By Job
	2767915  -  Total Bytes Received By Job
	Partitionable Resources :    Usage  Request Allocated 
	   Cpus                 :                 1         1 
	   Disk (KB)            :   156453  1048576   1579368 
	   IoHeavy              :                           0 
	   Memory (MB)          :      212     1024      1024 

	Job terminated of its own accord at 2020-11-29T01:40:31Z.
...
