000 (217317.279.000) 2020-11-28 19:35:07 Job submitted from host: <128.104.100.148:9618?addrs=128.104.100.148-9618+[2607-f388-107c-501-216-3eff-feb2-bc11]-9618&alias=learn.chtc.wisc.edu&noUDP&sock=schedd_2128_35a0>
...
040 (217317.279.000) 2020-11-28 19:41:33 Started transferring input files
	Transferring to host: <128.104.100.38:9618?addrs=128.104.100.38-9618+[2607-f388-107c-501-62eb-69ff-fe81-f301]-9618&alias=e0001.chtc.wisc.edu&noUDP&sock=slot1_4_24340_7b57_49606>
...
040 (217317.279.000) 2020-11-28 19:41:34 Finished transferring input files
...
001 (217317.279.000) 2020-11-28 19:41:35 Job executing on host: <128.104.100.38:9618?addrs=128.104.100.38-9618+[2607-f388-107c-501-62eb-69ff-fe81-f301]-9618&alias=e0001.chtc.wisc.edu&noUDP&sock=startd_3258_4ba5>
...
006 (217317.279.000) 2020-11-28 19:41:44 Image size of job updated: 225324
	221  -  MemoryUsage of job (MB)
	225324  -  ResidentSetSize of job (KB)
...
040 (217317.279.000) 2020-11-28 19:42:35 Started transferring output files
...
040 (217317.279.000) 2020-11-28 19:42:35 Finished transferring output files
...
005 (217317.279.000) 2020-11-28 19:42:35 Job terminated.
	(1) Normal termination (return value 0)
		Usr 0 00:00:58, Sys 0 00:00:00  -  Run Remote Usage
		Usr 0 00:00:00, Sys 0 00:00:00  -  Run Local Usage
		Usr 0 00:00:58, Sys 0 00:00:00  -  Total Remote Usage
		Usr 0 00:00:00, Sys 0 00:00:00  -  Total Local Usage
	2370  -  Run Bytes Sent By Job
	2869831  -  Run Bytes Received By Job
	2370  -  Total Bytes Sent By Job
	2869831  -  Total Bytes Received By Job
	Partitionable Resources :    Usage  Request Allocated 
	   Cpus                 :                 1         1 
	   Disk (KB)            :   155370  1048576   1815795 
	   IoHeavy              :                           0 
	   Memory (MB)          :      221     1024      1024 

	Job terminated of its own accord at 2020-11-29T01:42:35Z.
...
