000 (217317.664.000) 2020-11-28 19:35:07 Job submitted from host: <128.104.100.148:9618?addrs=128.104.100.148-9618+[2607-f388-107c-501-216-3eff-feb2-bc11]-9618&alias=learn.chtc.wisc.edu&noUDP&sock=schedd_2128_35a0>
...
040 (217317.664.000) 2020-11-28 19:45:06 Started transferring input files
	Transferring to host: <128.105.245.203:9618?addrs=128.105.245.203-9618&alias=e2403.chtc.wisc.edu&noUDP&sock=slot1_39_40022_de95_43307>
...
040 (217317.664.000) 2020-11-28 19:45:08 Finished transferring input files
...
001 (217317.664.000) 2020-11-28 19:45:09 Job executing on host: <128.105.245.203:9618?addrs=128.105.245.203-9618&alias=e2403.chtc.wisc.edu&noUDP&sock=startd_2147_3dec>
...
006 (217317.664.000) 2020-11-28 19:45:18 Image size of job updated: 294604
	288  -  MemoryUsage of job (MB)
	294604  -  ResidentSetSize of job (KB)
...
040 (217317.664.000) 2020-11-28 19:46:32 Started transferring output files
...
040 (217317.664.000) 2020-11-28 19:46:32 Finished transferring output files
...
005 (217317.664.000) 2020-11-28 19:46:32 Job terminated.
	(1) Normal termination (return value 0)
		Usr 0 00:01:20, Sys 0 00:00:00  -  Run Remote Usage
		Usr 0 00:00:00, Sys 0 00:00:00  -  Run Local Usage
		Usr 0 00:01:20, Sys 0 00:00:00  -  Total Remote Usage
		Usr 0 00:00:00, Sys 0 00:00:00  -  Total Local Usage
	2231  -  Run Bytes Sent By Job
	2516961  -  Run Bytes Received By Job
	2231  -  Total Bytes Sent By Job
	2516961  -  Total Bytes Received By Job
	Partitionable Resources :     Usage  Request Allocated 
	   Cpus                 :      0.97        1         1 
	   Disk (KB)            : 155268     1048576   1207146 
	   IoHeavy              :                            0 
	   Memory (MB)          :    288        1024      1024 

	Job terminated of its own accord at 2020-11-29T01:46:32Z.
...
