000 (217317.756.000) 2020-11-28 19:35:07 Job submitted from host: <128.104.100.148:9618?addrs=128.104.100.148-9618+[2607-f388-107c-501-216-3eff-feb2-bc11]-9618&alias=learn.chtc.wisc.edu&noUDP&sock=schedd_2128_35a0>
...
040 (217317.756.000) 2020-11-28 19:45:50 Started transferring input files
	Transferring to host: <128.105.245.220:9618?addrs=128.105.245.220-9618&alias=e420.chtc.wisc.edu&noUDP&sock=slot1_31_2531_1180_41084>
...
040 (217317.756.000) 2020-11-28 19:45:54 Finished transferring input files
...
001 (217317.756.000) 2020-11-28 19:45:55 Job executing on host: <128.105.245.220:9618?addrs=128.105.245.220-9618&alias=e420.chtc.wisc.edu&noUDP&sock=startd_2160_28a8>
...
006 (217317.756.000) 2020-11-28 19:46:06 Image size of job updated: 221068
	216  -  MemoryUsage of job (MB)
	221068  -  ResidentSetSize of job (KB)
...
040 (217317.756.000) 2020-11-28 19:47:09 Started transferring output files
...
040 (217317.756.000) 2020-11-28 19:47:09 Finished transferring output files
...
005 (217317.756.000) 2020-11-28 19:47:09 Job terminated.
	(1) Normal termination (return value 0)
		Usr 0 00:01:06, Sys 0 00:00:00  -  Run Remote Usage
		Usr 0 00:00:00, Sys 0 00:00:00  -  Run Local Usage
		Usr 0 00:01:06, Sys 0 00:00:00  -  Total Remote Usage
		Usr 0 00:00:00, Sys 0 00:00:00  -  Total Local Usage
	2187  -  Run Bytes Sent By Job
	2552569  -  Run Bytes Received By Job
	2187  -  Total Bytes Sent By Job
	2552569  -  Total Bytes Received By Job
	Partitionable Resources :    Usage  Request Allocated 
	   Cpus                 :                 1         1 
	   Disk (KB)            :   155222  1048576   1340135 
	   IoHeavy              :                           0 
	   Memory (MB)          :      216     1024      1024 

	Job terminated of its own accord at 2020-11-29T01:47:08Z.
...
