000 (217304.315.000) 2020-11-28 18:02:57 Job submitted from host: <128.104.100.148:9618?addrs=128.104.100.148-9618+[2607-f388-107c-501-216-3eff-feb2-bc11]-9618&alias=learn.chtc.wisc.edu&noUDP&sock=schedd_2128_35a0>
...
040 (217304.315.000) 2020-11-28 18:09:00 Started transferring input files
	Transferring to host: <128.105.245.155:9618?addrs=128.105.245.155-9618&alias=e355.chtc.wisc.edu&noUDP&sock=slot1_39_8406_898f_16164>
...
040 (217304.315.000) 2020-11-28 18:09:02 Finished transferring input files
...
001 (217304.315.000) 2020-11-28 18:09:03 Job executing on host: <128.105.245.155:9618?addrs=128.105.245.155-9618&alias=e355.chtc.wisc.edu&noUDP&sock=startd_7120_4e67>
...
006 (217304.315.000) 2020-11-28 18:09:12 Image size of job updated: 231488
	227  -  MemoryUsage of job (MB)
	231488  -  ResidentSetSize of job (KB)
...
040 (217304.315.000) 2020-11-28 18:10:31 Started transferring output files
...
040 (217304.315.000) 2020-11-28 18:10:31 Finished transferring output files
...
005 (217304.315.000) 2020-11-28 18:10:31 Job terminated.
	(1) Normal termination (return value 0)
		Usr 0 00:01:24, Sys 0 00:00:00  -  Run Remote Usage
		Usr 0 00:00:00, Sys 0 00:00:00  -  Run Local Usage
		Usr 0 00:01:24, Sys 0 00:00:00  -  Total Remote Usage
		Usr 0 00:00:00, Sys 0 00:00:00  -  Total Local Usage
	2380  -  Run Bytes Sent By Job
	3584870  -  Run Bytes Received By Job
	2380  -  Total Bytes Sent By Job
	3584870  -  Total Bytes Received By Job
	Partitionable Resources :    Usage  Request Allocated 
	   Cpus                 :                 1         1 
	   Disk (KB)            :   157775  1048576   1326992 
	   IoHeavy              :                           0 
	   Memory (MB)          :      227     1024      1024 

	Job terminated of its own accord at 2020-11-29T00:10:31Z.
...
