000 (217304.427.000) 2020-11-28 18:02:57 Job submitted from host: <128.104.100.148:9618?addrs=128.104.100.148-9618+[2607-f388-107c-501-216-3eff-feb2-bc11]-9618&alias=learn.chtc.wisc.edu&noUDP&sock=schedd_2128_35a0>
...
040 (217304.427.000) 2020-11-28 18:10:15 Started transferring input files
	Transferring to host: <128.105.245.112:9618?addrs=128.105.245.112-9618&alias=e312.chtc.wisc.edu&noUDP&sock=slot1_10_27247_b9ed_39990>
...
040 (217304.427.000) 2020-11-28 18:10:19 Finished transferring input files
...
001 (217304.427.000) 2020-11-28 18:10:20 Job executing on host: <128.105.245.112:9618?addrs=128.105.245.112-9618&alias=e312.chtc.wisc.edu&noUDP&sock=startd_7171_49bb>
...
006 (217304.427.000) 2020-11-28 18:10:28 Image size of job updated: 218572
	214  -  MemoryUsage of job (MB)
	218572  -  ResidentSetSize of job (KB)
...
040 (217304.427.000) 2020-11-28 18:11:27 Started transferring output files
...
040 (217304.427.000) 2020-11-28 18:11:27 Finished transferring output files
...
005 (217304.427.000) 2020-11-28 18:11:27 Job terminated.
	(1) Normal termination (return value 0)
		Usr 0 00:01:06, Sys 0 00:00:00  -  Run Remote Usage
		Usr 0 00:00:00, Sys 0 00:00:00  -  Run Local Usage
		Usr 0 00:01:06, Sys 0 00:00:00  -  Total Remote Usage
		Usr 0 00:00:00, Sys 0 00:00:00  -  Total Local Usage
	2232  -  Run Bytes Sent By Job
	2843647  -  Run Bytes Received By Job
	2232  -  Total Bytes Sent By Job
	2843647  -  Total Bytes Received By Job
	Partitionable Resources :    Usage  Request Allocated 
	   Cpus                 :                 1         1 
	   Disk (KB)            :   155326  1048576   1344032 
	   IoHeavy              :                           0 
	   Memory (MB)          :      214     1024      1024 

	Job terminated of its own accord at 2020-11-29T00:11:27Z.
...
