000 (217304.821.000) 2020-11-28 18:02:57 Job submitted from host: <128.104.100.148:9618?addrs=128.104.100.148-9618+[2607-f388-107c-501-216-3eff-feb2-bc11]-9618&alias=learn.chtc.wisc.edu&noUDP&sock=schedd_2128_35a0>
...
040 (217304.821.000) 2020-11-28 18:13:16 Started transferring input files
	Transferring to host: <128.105.245.179:9618?addrs=128.105.245.179-9618&alias=e379.chtc.wisc.edu&noUDP&sock=slot1_26_11422_950a_43393>
...
040 (217304.821.000) 2020-11-28 18:13:18 Finished transferring input files
...
001 (217304.821.000) 2020-11-28 18:13:19 Job executing on host: <128.105.245.179:9618?addrs=128.105.245.179-9618&alias=e379.chtc.wisc.edu&noUDP&sock=startd_6698_d96f>
...
006 (217304.821.000) 2020-11-28 18:13:28 Image size of job updated: 201820
	198  -  MemoryUsage of job (MB)
	201820  -  ResidentSetSize of job (KB)
...
040 (217304.821.000) 2020-11-28 18:14:02 Started transferring output files
...
040 (217304.821.000) 2020-11-28 18:14:02 Finished transferring output files
...
005 (217304.821.000) 2020-11-28 18:14:02 Job terminated.
	(1) Normal termination (return value 0)
		Usr 0 00:00:41, Sys 0 00:00:00  -  Run Remote Usage
		Usr 0 00:00:00, Sys 0 00:00:00  -  Run Local Usage
		Usr 0 00:00:41, Sys 0 00:00:00  -  Total Remote Usage
		Usr 0 00:00:00, Sys 0 00:00:00  -  Total Local Usage
	2435  -  Run Bytes Sent By Job
	2121107  -  Run Bytes Received By Job
	2435  -  Total Bytes Sent By Job
	2121107  -  Total Bytes Received By Job
	Partitionable Resources :     Usage  Request Allocated 
	   Cpus                 :      0.04        1         1 
	   Disk (KB)            : 151651     1048576   1334619 
	   IoHeavy              :                            0 
	   Memory (MB)          :    198        1024      1024 

	Job terminated of its own accord at 2020-11-29T00:14:01Z.
...
