000 (217317.787.000) 2020-11-28 19:35:07 Job submitted from host: <128.104.100.148:9618?addrs=128.104.100.148-9618+[2607-f388-107c-501-216-3eff-feb2-bc11]-9618&alias=learn.chtc.wisc.edu&noUDP&sock=schedd_2128_35a0>
...
040 (217317.787.000) 2020-11-28 19:46:02 Started transferring input files
	Transferring to host: <128.104.58.166:9618?addrs=128.104.58.166-9618+[2607-f388-1086-0-16fe-b5ff-fec6-6f2e]-9618&alias=e1018.chtc.wisc.edu&noUDP&sock=slot1_15_14275_c75e_42740>
...
040 (217317.787.000) 2020-11-28 19:46:05 Finished transferring input files
...
001 (217317.787.000) 2020-11-28 19:46:06 Job executing on host: <128.104.58.166:9618?addrs=128.104.58.166-9618+[2607-f388-1086-0-16fe-b5ff-fec6-6f2e]-9618&alias=e1018.chtc.wisc.edu&noUDP&sock=startd_5361_c750>
...
006 (217317.787.000) 2020-11-28 19:46:15 Image size of job updated: 204416
	200  -  MemoryUsage of job (MB)
	204416  -  ResidentSetSize of job (KB)
...
040 (217317.787.000) 2020-11-28 19:47:09 Started transferring output files
...
040 (217317.787.000) 2020-11-28 19:47:09 Finished transferring output files
...
005 (217317.787.000) 2020-11-28 19:47:09 Job terminated.
	(1) Normal termination (return value 0)
		Usr 0 00:00:59, Sys 0 00:00:01  -  Run Remote Usage
		Usr 0 00:00:00, Sys 0 00:00:00  -  Run Local Usage
		Usr 0 00:00:59, Sys 0 00:00:01  -  Total Remote Usage
		Usr 0 00:00:00, Sys 0 00:00:00  -  Total Local Usage
	2165  -  Run Bytes Sent By Job
	2458601  -  Run Bytes Received By Job
	2165  -  Total Bytes Sent By Job
	2458601  -  Total Bytes Received By Job
	Partitionable Resources :    Usage  Request Allocated 
	   Cpus                 :                 1         1 
	   Disk (KB)            :   153059  1048576   1330103 
	   IoHeavy              :                           0 
	   Memory (MB)          :      200     1024      1024 

	Job terminated of its own accord at 2020-11-29T01:47:09Z.
...
