000 (217317.450.000) 2020-11-28 19:35:07 Job submitted from host: <128.104.100.148:9618?addrs=128.104.100.148-9618+[2607-f388-107c-501-216-3eff-feb2-bc11]-9618&alias=learn.chtc.wisc.edu&noUDP&sock=schedd_2128_35a0>
...
040 (217317.450.000) 2020-11-28 19:43:21 Started transferring input files
	Transferring to host: <128.105.245.153:9618?addrs=128.105.245.153-9618&alias=e2353.chtc.wisc.edu&noUDP&sock=slot1_14_24295_c675_42978>
...
040 (217317.450.000) 2020-11-28 19:43:23 Finished transferring input files
...
001 (217317.450.000) 2020-11-28 19:43:24 Job executing on host: <128.105.245.153:9618?addrs=128.105.245.153-9618&alias=e2353.chtc.wisc.edu&noUDP&sock=startd_4648_b849>
...
006 (217317.450.000) 2020-11-28 19:43:33 Image size of job updated: 199524
	195  -  MemoryUsage of job (MB)
	199524  -  ResidentSetSize of job (KB)
...
040 (217317.450.000) 2020-11-28 19:44:28 Started transferring output files
...
040 (217317.450.000) 2020-11-28 19:44:28 Finished transferring output files
...
005 (217317.450.000) 2020-11-28 19:44:28 Job terminated.
	(1) Normal termination (return value 0)
		Usr 0 00:01:00, Sys 0 00:00:00  -  Run Remote Usage
		Usr 0 00:00:00, Sys 0 00:00:00  -  Run Local Usage
		Usr 0 00:01:00, Sys 0 00:00:00  -  Total Remote Usage
		Usr 0 00:00:00, Sys 0 00:00:00  -  Total Local Usage
	2418  -  Run Bytes Sent By Job
	2105682  -  Run Bytes Received By Job
	2418  -  Total Bytes Sent By Job
	2105682  -  Total Bytes Received By Job
	Partitionable Resources :     Usage  Request Allocated 
	   Cpus                 :      0.87        1         1 
	   Disk (KB)            : 151650     1048576   1327027 
	   IoHeavy              :                            0 
	   Memory (MB)          :    195        1024      1024 

	Job terminated of its own accord at 2020-11-29T01:44:28Z.
...
