000 (217317.340.000) 2020-11-28 19:35:07 Job submitted from host: <128.104.100.148:9618?addrs=128.104.100.148-9618+[2607-f388-107c-501-216-3eff-feb2-bc11]-9618&alias=learn.chtc.wisc.edu&noUDP&sock=schedd_2128_35a0>
...
040 (217317.340.000) 2020-11-28 19:42:04 Started transferring input files
	Transferring to host: <128.104.58.106:9618?addrs=128.104.58.106-9618+[2607-f388-1086-0-862b-2bff-fe43-e98b]-9618&alias=e1464.chtc.wisc.edu&noUDP&sock=slot1_6_1690_81fe_40175>
...
040 (217317.340.000) 2020-11-28 19:42:08 Finished transferring input files
...
001 (217317.340.000) 2020-11-28 19:42:09 Job executing on host: <128.104.58.106:9618?addrs=128.104.58.106-9618+[2607-f388-1086-0-862b-2bff-fe43-e98b]-9618&alias=e1464.chtc.wisc.edu&noUDP&sock=startd_19067_f45d>
...
006 (217317.340.000) 2020-11-28 19:42:18 Image size of job updated: 220060
	215  -  MemoryUsage of job (MB)
	220060  -  ResidentSetSize of job (KB)
...
040 (217317.340.000) 2020-11-28 19:43:15 Started transferring output files
...
040 (217317.340.000) 2020-11-28 19:43:15 Finished transferring output files
...
005 (217317.340.000) 2020-11-28 19:43:15 Job terminated.
	(1) Normal termination (return value 0)
		Usr 0 00:01:04, Sys 0 00:00:00  -  Run Remote Usage
		Usr 0 00:00:00, Sys 0 00:00:00  -  Run Local Usage
		Usr 0 00:01:04, Sys 0 00:00:00  -  Total Remote Usage
		Usr 0 00:00:00, Sys 0 00:00:00  -  Total Local Usage
	2338  -  Run Bytes Sent By Job
	2800969  -  Run Bytes Received By Job
	2338  -  Total Bytes Sent By Job
	2800969  -  Total Bytes Received By Job
	Partitionable Resources :    Usage  Request Allocated 
	   Cpus                 :                 1         1 
	   Disk (KB)            :   155845  1048576   5512600 
	   IoHeavy              :                           0 
	   Memory (MB)          :      215     1024      1024 

	Job terminated of its own accord at 2020-11-29T01:43:15Z.
...
