000 (217304.458.000) 2020-11-28 18:02:57 Job submitted from host: <128.104.100.148:9618?addrs=128.104.100.148-9618+[2607-f388-107c-501-216-3eff-feb2-bc11]-9618&alias=learn.chtc.wisc.edu&noUDP&sock=schedd_2128_35a0>
...
040 (217304.458.000) 2020-11-28 18:10:31 Started transferring input files
	Transferring to host: <128.105.245.71:9618?addrs=128.105.245.71-9618&alias=e271.chtc.wisc.edu&noUDP&sock=slot1_34_796_9a99_47752>
...
040 (217304.458.000) 2020-11-28 18:10:34 Finished transferring input files
...
001 (217304.458.000) 2020-11-28 18:10:36 Job executing on host: <128.105.245.71:9618?addrs=128.105.245.71-9618&alias=e271.chtc.wisc.edu&noUDP&sock=startd_40496_7756>
...
006 (217304.458.000) 2020-11-28 18:10:44 Image size of job updated: 84936
	83  -  MemoryUsage of job (MB)
	84936  -  ResidentSetSize of job (KB)
...
006 (217304.458.000) 2020-11-28 18:12:05 Image size of job updated: 114232
	112  -  MemoryUsage of job (MB)
	114232  -  ResidentSetSize of job (KB)
...
040 (217304.458.000) 2020-11-28 18:12:05 Started transferring output files
...
040 (217304.458.000) 2020-11-28 18:12:05 Finished transferring output files
...
005 (217304.458.000) 2020-11-28 18:12:05 Job terminated.
	(1) Normal termination (return value 0)
		Usr 0 00:01:16, Sys 0 00:00:00  -  Run Remote Usage
		Usr 0 00:00:00, Sys 0 00:00:00  -  Run Local Usage
		Usr 0 00:01:16, Sys 0 00:00:00  -  Total Remote Usage
		Usr 0 00:00:00, Sys 0 00:00:00  -  Total Local Usage
	2217  -  Run Bytes Sent By Job
	2831627  -  Run Bytes Received By Job
	2217  -  Total Bytes Sent By Job
	2831627  -  Total Bytes Received By Job
	Partitionable Resources :     Usage  Request Allocated 
	   Cpus                 :      0.99        1         1 
	   Disk (KB)            : 156287     1048576   1342255 
	   IoHeavy              :                            0 
	   Memory (MB)          :    112        1024      1024 

	Job terminated of its own accord at 2020-11-29T00:12:05Z.
...
