000 (217317.632.000) 2020-11-28 19:35:07 Job submitted from host: <128.104.100.148:9618?addrs=128.104.100.148-9618+[2607-f388-107c-501-216-3eff-feb2-bc11]-9618&alias=learn.chtc.wisc.edu&noUDP&sock=schedd_2128_35a0>
...
040 (217317.632.000) 2020-11-28 19:44:53 Started transferring input files
	Transferring to host: <128.105.245.39:9618?addrs=128.105.245.39-9618&alias=e3239.chtc.wisc.edu&noUDP&sock=slot1_10_21342_1e9d_40514>
...
040 (217317.632.000) 2020-11-28 19:44:54 Finished transferring input files
...
001 (217317.632.000) 2020-11-28 19:44:55 Job executing on host: <128.105.245.39:9618?addrs=128.105.245.39-9618&alias=e3239.chtc.wisc.edu&noUDP&sock=startd_4607_98e7>
...
006 (217317.632.000) 2020-11-28 19:45:04 Image size of job updated: 235012
	230  -  MemoryUsage of job (MB)
	235012  -  ResidentSetSize of job (KB)
...
040 (217317.632.000) 2020-11-28 19:45:49 Started transferring output files
...
040 (217317.632.000) 2020-11-28 19:45:49 Finished transferring output files
...
005 (217317.632.000) 2020-11-28 19:45:49 Job terminated.
	(1) Normal termination (return value 0)
		Usr 0 00:00:53, Sys 0 00:00:00  -  Run Remote Usage
		Usr 0 00:00:00, Sys 0 00:00:00  -  Run Local Usage
		Usr 0 00:00:53, Sys 0 00:00:00  -  Total Remote Usage
		Usr 0 00:00:00, Sys 0 00:00:00  -  Total Local Usage
	2372  -  Run Bytes Sent By Job
	3509853  -  Run Bytes Received By Job
	2372  -  Total Bytes Sent By Job
	3509853  -  Total Bytes Received By Job
	Partitionable Resources :    Usage  Request Allocated 
	   Cpus                 :                 1         1 
	   Disk (KB)            :   158141  1048576   1353502 
	   IoHeavy              :                           0 
	   Memory (MB)          :      230     1024      1024 

	Job terminated of its own accord at 2020-11-29T01:45:49Z.
...
