000 (217304.040.000) 2020-11-28 18:02:57 Job submitted from host: <128.104.100.148:9618?addrs=128.104.100.148-9618+[2607-f388-107c-501-216-3eff-feb2-bc11]-9618&alias=learn.chtc.wisc.edu&noUDP&sock=schedd_2128_35a0>
...
040 (217304.040.000) 2020-11-28 18:04:38 Started transferring input files
	Transferring to host: <128.105.245.120:9618?addrs=128.105.245.120-9618&alias=e320.chtc.wisc.edu&noUDP&sock=slot1_18_13956_03b1_44456>
...
040 (217304.040.000) 2020-11-28 18:04:42 Finished transferring input files
...
001 (217304.040.000) 2020-11-28 18:04:43 Job executing on host: <128.105.245.120:9618?addrs=128.105.245.120-9618&alias=e320.chtc.wisc.edu&noUDP&sock=startd_19251_29ca>
...
006 (217304.040.000) 2020-11-28 18:04:52 Image size of job updated: 107524
	106  -  MemoryUsage of job (MB)
	107524  -  ResidentSetSize of job (KB)
...
006 (217304.040.000) 2020-11-28 18:05:46 Image size of job updated: 111744
	110  -  MemoryUsage of job (MB)
	111744  -  ResidentSetSize of job (KB)
...
040 (217304.040.000) 2020-11-28 18:05:46 Started transferring output files
...
040 (217304.040.000) 2020-11-28 18:05:46 Finished transferring output files
...
005 (217304.040.000) 2020-11-28 18:05:46 Job terminated.
	(1) Normal termination (return value 0)
		Usr 0 00:00:54, Sys 0 00:00:00  -  Run Remote Usage
		Usr 0 00:00:00, Sys 0 00:00:00  -  Run Local Usage
		Usr 0 00:00:54, Sys 0 00:00:00  -  Total Remote Usage
		Usr 0 00:00:00, Sys 0 00:00:00  -  Total Local Usage
	2308  -  Run Bytes Sent By Job
	2595498  -  Run Bytes Received By Job
	2308  -  Total Bytes Sent By Job
	2595498  -  Total Bytes Received By Job
	Partitionable Resources :    Usage  Request Allocated 
	   Cpus                 :                 1         1 
	   Disk (KB)            :   154465  1048576   1203971 
	   IoHeavy              :                           0 
	   Memory (MB)          :      110     1024      1024 

	Job terminated of its own accord at 2020-11-29T00:05:46Z.
...
