000 (217304.227.000) 2020-11-28 18:02:57 Job submitted from host: <128.104.100.148:9618?addrs=128.104.100.148-9618+[2607-f388-107c-501-216-3eff-feb2-bc11]-9618&alias=learn.chtc.wisc.edu&noUDP&sock=schedd_2128_35a0>
...
040 (217304.227.000) 2020-11-28 18:08:06 Started transferring input files
	Transferring to host: <128.105.245.112:9618?addrs=128.105.245.112-9618&alias=e312.chtc.wisc.edu&noUDP&sock=slot1_27_27247_b9ed_39978>
...
040 (217304.227.000) 2020-11-28 18:08:08 Finished transferring input files
...
001 (217304.227.000) 2020-11-28 18:08:09 Job executing on host: <128.105.245.112:9618?addrs=128.105.245.112-9618&alias=e312.chtc.wisc.edu&noUDP&sock=startd_7171_49bb>
...
006 (217304.227.000) 2020-11-28 18:08:17 Image size of job updated: 302060
	295  -  MemoryUsage of job (MB)
	302060  -  ResidentSetSize of job (KB)
...
040 (217304.227.000) 2020-11-28 18:09:22 Started transferring output files
...
040 (217304.227.000) 2020-11-28 18:09:22 Finished transferring output files
...
005 (217304.227.000) 2020-11-28 18:09:22 Job terminated.
	(1) Normal termination (return value 0)
		Usr 0 00:01:09, Sys 0 00:00:00  -  Run Remote Usage
		Usr 0 00:00:00, Sys 0 00:00:00  -  Run Local Usage
		Usr 0 00:01:09, Sys 0 00:00:00  -  Total Remote Usage
		Usr 0 00:00:00, Sys 0 00:00:00  -  Total Local Usage
	2259  -  Run Bytes Sent By Job
	3055220  -  Run Bytes Received By Job
	2259  -  Total Bytes Sent By Job
	3055220  -  Total Bytes Received By Job
	Partitionable Resources :     Usage  Request Allocated 
	   Cpus                 :      0.10        1         1 
	   Disk (KB)            : 155072     1048576   1344032 
	   IoHeavy              :                            0 
	   Memory (MB)          :    295        1024      1024 

	Job terminated of its own accord at 2020-11-29T00:09:22Z.
...
