000 (217304.041.000) 2020-11-28 18:02:57 Job submitted from host: <128.104.100.148:9618?addrs=128.104.100.148-9618+[2607-f388-107c-501-216-3eff-feb2-bc11]-9618&alias=learn.chtc.wisc.edu&noUDP&sock=schedd_2128_35a0>
...
040 (217304.041.000) 2020-11-28 18:04:39 Started transferring input files
	Transferring to host: <128.105.245.94:9618?addrs=128.105.245.94-9618&alias=e2294.chtc.wisc.edu&noUDP&sock=slot1_18_29323_74c1_44487>
...
040 (217304.041.000) 2020-11-28 18:04:43 Finished transferring input files
...
001 (217304.041.000) 2020-11-28 18:04:44 Job executing on host: <128.105.245.94:9618?addrs=128.105.245.94-9618&alias=e2294.chtc.wisc.edu&noUDP&sock=startd_2178_815c>
...
006 (217304.041.000) 2020-11-28 18:04:52 Image size of job updated: 85712
	84  -  MemoryUsage of job (MB)
	85712  -  ResidentSetSize of job (KB)
...
006 (217304.041.000) 2020-11-28 18:05:33 Image size of job updated: 109740
	108  -  MemoryUsage of job (MB)
	109740  -  ResidentSetSize of job (KB)
...
040 (217304.041.000) 2020-11-28 18:05:33 Started transferring output files
...
040 (217304.041.000) 2020-11-28 18:05:33 Finished transferring output files
...
005 (217304.041.000) 2020-11-28 18:05:33 Job terminated.
	(1) Normal termination (return value 0)
		Usr 0 00:00:39, Sys 0 00:00:00  -  Run Remote Usage
		Usr 0 00:00:00, Sys 0 00:00:00  -  Run Local Usage
		Usr 0 00:00:39, Sys 0 00:00:00  -  Total Remote Usage
		Usr 0 00:00:00, Sys 0 00:00:00  -  Total Local Usage
	2312  -  Run Bytes Sent By Job
	1956243  -  Run Bytes Received By Job
	2312  -  Total Bytes Sent By Job
	1956243  -  Total Bytes Received By Job
	Partitionable Resources :     Usage  Request Allocated 
	   Cpus                 :      0.10        1         1 
	   Disk (KB)            : 151746     1048576   1207444 
	   IoHeavy              :                            0 
	   Memory (MB)          :    108        1024      1024 

	Job terminated of its own accord at 2020-11-29T00:05:33Z.
...
