000 (217304.244.000) 2020-11-28 18:02:57 Job submitted from host: <128.104.100.148:9618?addrs=128.104.100.148-9618+[2607-f388-107c-501-216-3eff-feb2-bc11]-9618&alias=learn.chtc.wisc.edu&noUDP&sock=schedd_2128_35a0>
...
040 (217304.244.000) 2020-11-28 18:08:27 Started transferring input files
	Transferring to host: <128.105.245.131:9618?addrs=128.105.245.131-9618&alias=e331.chtc.wisc.edu&noUDP&sock=slot1_35_4719_b659_16470>
...
040 (217304.244.000) 2020-11-28 18:08:29 Finished transferring input files
...
001 (217304.244.000) 2020-11-28 18:08:30 Job executing on host: <128.105.245.131:9618?addrs=128.105.245.131-9618&alias=e331.chtc.wisc.edu&noUDP&sock=startd_2605_644d>
...
006 (217304.244.000) 2020-11-28 18:08:38 Image size of job updated: 210528
	206  -  MemoryUsage of job (MB)
	210528  -  ResidentSetSize of job (KB)
...
040 (217304.244.000) 2020-11-28 18:09:42 Started transferring output files
...
040 (217304.244.000) 2020-11-28 18:09:42 Finished transferring output files
...
005 (217304.244.000) 2020-11-28 18:09:42 Job terminated.
	(1) Normal termination (return value 0)
		Usr 0 00:01:06, Sys 0 00:00:00  -  Run Remote Usage
		Usr 0 00:00:00, Sys 0 00:00:00  -  Run Local Usage
		Usr 0 00:01:06, Sys 0 00:00:00  -  Total Remote Usage
		Usr 0 00:00:00, Sys 0 00:00:00  -  Total Local Usage
	2226  -  Run Bytes Sent By Job
	2092666  -  Run Bytes Received By Job
	2226  -  Total Bytes Sent By Job
	2092666  -  Total Bytes Received By Job
	Partitionable Resources :     Usage  Request Allocated 
	   Cpus                 :      1.01        1         1 
	   Disk (KB)            : 153719     1048576   1325859 
	   IoHeavy              :                            0 
	   Memory (MB)          :    206        1024      1024 

	Job terminated of its own accord at 2020-11-29T00:09:42Z.
...
