000 (217304.047.000) 2020-11-28 18:02:57 Job submitted from host: <128.104.100.148:9618?addrs=128.104.100.148-9618+[2607-f388-107c-501-216-3eff-feb2-bc11]-9618&alias=learn.chtc.wisc.edu&noUDP&sock=schedd_2128_35a0>
...
040 (217304.047.000) 2020-11-28 18:04:39 Started transferring input files
	Transferring to host: <128.105.245.71:9618?addrs=128.105.245.71-9618&alias=e271.chtc.wisc.edu&noUDP&sock=slot1_40_796_9a99_47720>
...
040 (217304.047.000) 2020-11-28 18:04:47 Finished transferring input files
...
001 (217304.047.000) 2020-11-28 18:04:48 Job executing on host: <128.105.245.71:9618?addrs=128.105.245.71-9618&alias=e271.chtc.wisc.edu&noUDP&sock=startd_40496_7756>
...
006 (217304.047.000) 2020-11-28 18:04:57 Image size of job updated: 40516
	40  -  MemoryUsage of job (MB)
	40516  -  ResidentSetSize of job (KB)
...
006 (217304.047.000) 2020-11-28 18:06:27 Image size of job updated: 114480
	112  -  MemoryUsage of job (MB)
	114480  -  ResidentSetSize of job (KB)
...
040 (217304.047.000) 2020-11-28 18:06:27 Started transferring output files
...
040 (217304.047.000) 2020-11-28 18:06:27 Finished transferring output files
...
005 (217304.047.000) 2020-11-28 18:06:27 Job terminated.
	(1) Normal termination (return value 0)
		Usr 0 00:01:18, Sys 0 00:00:00  -  Run Remote Usage
		Usr 0 00:00:00, Sys 0 00:00:00  -  Run Local Usage
		Usr 0 00:01:18, Sys 0 00:00:00  -  Total Remote Usage
		Usr 0 00:00:00, Sys 0 00:00:00  -  Total Local Usage
	2313  -  Run Bytes Sent By Job
	2712013  -  Run Bytes Received By Job
	2313  -  Total Bytes Sent By Job
	2712013  -  Total Bytes Received By Job
	Partitionable Resources :    Usage  Request Allocated 
	   Cpus                 :                 1         1 
	   Disk (KB)            :   156819  1048576   1342255 
	   IoHeavy              :                           0 
	   Memory (MB)          :      112     1024      1024 

	Job terminated of its own accord at 2020-11-29T00:06:27Z.
...
