000 (217317.326.000) 2020-11-28 19:35:07 Job submitted from host: <128.104.100.148:9618?addrs=128.104.100.148-9618+[2607-f388-107c-501-216-3eff-feb2-bc11]-9618&alias=learn.chtc.wisc.edu&noUDP&sock=schedd_2128_35a0>
...
040 (217317.326.000) 2020-11-28 19:41:55 Started transferring input files
	Transferring to host: <128.105.245.149:9618?addrs=128.105.245.149-9618&alias=e349.chtc.wisc.edu&noUDP&sock=slot1_33_35241_38f2_46950>
...
040 (217317.326.000) 2020-11-28 19:41:57 Finished transferring input files
...
001 (217317.326.000) 2020-11-28 19:41:58 Job executing on host: <128.105.245.149:9618?addrs=128.105.245.149-9618&alias=e349.chtc.wisc.edu&noUDP&sock=startd_7140_064b>
...
006 (217317.326.000) 2020-11-28 19:42:07 Image size of job updated: 210752
	206  -  MemoryUsage of job (MB)
	210752  -  ResidentSetSize of job (KB)
...
040 (217317.326.000) 2020-11-28 19:43:30 Started transferring output files
...
040 (217317.326.000) 2020-11-28 19:43:30 Finished transferring output files
...
005 (217317.326.000) 2020-11-28 19:43:30 Job terminated.
	(1) Normal termination (return value 0)
		Usr 0 00:01:18, Sys 0 00:00:00  -  Run Remote Usage
		Usr 0 00:00:00, Sys 0 00:00:00  -  Run Local Usage
		Usr 0 00:01:18, Sys 0 00:00:00  -  Total Remote Usage
		Usr 0 00:00:00, Sys 0 00:00:00  -  Total Local Usage
	2343  -  Run Bytes Sent By Job
	2924148  -  Run Bytes Received By Job
	2343  -  Total Bytes Sent By Job
	2924148  -  Total Bytes Received By Job
	Partitionable Resources :     Usage  Request Allocated 
	   Cpus                 :      0.80        1         1 
	   Disk (KB)            : 155915     1048576   1323946 
	   IoHeavy              :                            0 
	   Memory (MB)          :    206        1024      1024 

	Job terminated of its own accord at 2020-11-29T01:43:30Z.
...
