000 (217317.762.000) 2020-11-28 19:35:07 Job submitted from host: <128.104.100.148:9618?addrs=128.104.100.148-9618+[2607-f388-107c-501-216-3eff-feb2-bc11]-9618&alias=learn.chtc.wisc.edu&noUDP&sock=schedd_2128_35a0>
...
040 (217317.762.000) 2020-11-28 19:45:51 Started transferring input files
	Transferring to host: <128.105.245.39:9618?addrs=128.105.245.39-9618&alias=e3239.chtc.wisc.edu&noUDP&sock=slot1_10_21342_1e9d_40515>
...
040 (217317.762.000) 2020-11-28 19:45:52 Finished transferring input files
...
001 (217317.762.000) 2020-11-28 19:45:53 Job executing on host: <128.105.245.39:9618?addrs=128.105.245.39-9618&alias=e3239.chtc.wisc.edu&noUDP&sock=startd_4607_98e7>
...
006 (217317.762.000) 2020-11-28 19:46:02 Image size of job updated: 204116
	200  -  MemoryUsage of job (MB)
	204116  -  ResidentSetSize of job (KB)
...
040 (217317.762.000) 2020-11-28 19:46:29 Started transferring output files
...
040 (217317.762.000) 2020-11-28 19:46:29 Finished transferring output files
...
005 (217317.762.000) 2020-11-28 19:46:29 Job terminated.
	(1) Normal termination (return value 0)
		Usr 0 00:00:35, Sys 0 00:00:00  -  Run Remote Usage
		Usr 0 00:00:00, Sys 0 00:00:00  -  Run Local Usage
		Usr 0 00:00:35, Sys 0 00:00:00  -  Total Remote Usage
		Usr 0 00:00:00, Sys 0 00:00:00  -  Total Local Usage
	2205  -  Run Bytes Sent By Job
	1913437  -  Run Bytes Received By Job
	2205  -  Total Bytes Sent By Job
	1913437  -  Total Bytes Received By Job
	Partitionable Resources :    Usage  Request Allocated 
	   Cpus                 :                 1         1 
	   Disk (KB)            :   151503  1048576   1353502 
	   IoHeavy              :                           0 
	   Memory (MB)          :      200     1024      1024 

	Job terminated of its own accord at 2020-11-29T01:46:28Z.
...
