000 (217317.737.000) 2020-11-28 19:35:07 Job submitted from host: <128.104.100.148:9618?addrs=128.104.100.148-9618+[2607-f388-107c-501-216-3eff-feb2-bc11]-9618&alias=learn.chtc.wisc.edu&noUDP&sock=schedd_2128_35a0>
...
040 (217317.737.000) 2020-11-28 19:45:34 Started transferring input files
	Transferring to host: <128.104.58.112:9618?addrs=128.104.58.112-9618+[2607-f388-1086-0-62eb-69ff-feed-f541]-9618&alias=e1472.chtc.wisc.edu&noUDP&sock=slot1_3_4403_0fcc_15295>
...
040 (217317.737.000) 2020-11-28 19:45:37 Finished transferring input files
...
001 (217317.737.000) 2020-11-28 19:45:38 Job executing on host: <128.104.58.112:9618?addrs=128.104.58.112-9618+[2607-f388-1086-0-62eb-69ff-feed-f541]-9618&alias=e1472.chtc.wisc.edu&noUDP&sock=startd_16316_ff53>
...
006 (217317.737.000) 2020-11-28 19:45:46 Image size of job updated: 400968
	392  -  MemoryUsage of job (MB)
	400968  -  ResidentSetSize of job (KB)
...
040 (217317.737.000) 2020-11-28 19:46:35 Started transferring output files
...
040 (217317.737.000) 2020-11-28 19:46:35 Finished transferring output files
...
005 (217317.737.000) 2020-11-28 19:46:35 Job terminated.
	(1) Normal termination (return value 0)
		Usr 0 00:00:56, Sys 0 00:00:01  -  Run Remote Usage
		Usr 0 00:00:00, Sys 0 00:00:00  -  Run Local Usage
		Usr 0 00:00:56, Sys 0 00:00:01  -  Total Remote Usage
		Usr 0 00:00:00, Sys 0 00:00:00  -  Total Local Usage
	2368  -  Run Bytes Sent By Job
	2637747  -  Run Bytes Received By Job
	2368  -  Total Bytes Sent By Job
	2637747  -  Total Bytes Received By Job
	Partitionable Resources :     Usage  Request Allocated 
	   Cpus                 :      0.91        1         1 
	   Disk (KB)            : 155296     1048576   1170281 
	   IoHeavy              :                            0 
	   Memory (MB)          :    392        1024      1024 

	Job terminated of its own accord at 2020-11-29T01:46:35Z.
...
