000 (217304.577.000) 2020-11-28 18:02:57 Job submitted from host: <128.104.100.148:9618?addrs=128.104.100.148-9618+[2607-f388-107c-501-216-3eff-feb2-bc11]-9618&alias=learn.chtc.wisc.edu&noUDP&sock=schedd_2128_35a0>
...
040 (217304.577.000) 2020-11-28 18:11:37 Started transferring input files
	Transferring to host: <128.105.244.101:9618?addrs=128.105.244.101-9618&alias=e2005.chtc.wisc.edu&noUDP&sock=slot1_13_36904_f4d6_43356>
...
040 (217304.577.000) 2020-11-28 18:11:38 Finished transferring input files
...
001 (217304.577.000) 2020-11-28 18:11:39 Job executing on host: <128.105.244.101:9618?addrs=128.105.244.101-9618&alias=e2005.chtc.wisc.edu&noUDP&sock=startd_7339_85a4>
...
006 (217304.577.000) 2020-11-28 18:11:47 Image size of job updated: 215976
	211  -  MemoryUsage of job (MB)
	215976  -  ResidentSetSize of job (KB)
...
040 (217304.577.000) 2020-11-28 18:12:14 Started transferring output files
...
040 (217304.577.000) 2020-11-28 18:12:14 Finished transferring output files
...
005 (217304.577.000) 2020-11-28 18:12:14 Job terminated.
	(1) Normal termination (return value 0)
		Usr 0 00:00:34, Sys 0 00:00:00  -  Run Remote Usage
		Usr 0 00:00:00, Sys 0 00:00:00  -  Run Local Usage
		Usr 0 00:00:34, Sys 0 00:00:00  -  Total Remote Usage
		Usr 0 00:00:00, Sys 0 00:00:00  -  Total Local Usage
	2292  -  Run Bytes Sent By Job
	2356540  -  Run Bytes Received By Job
	2292  -  Total Bytes Sent By Job
	2356540  -  Total Bytes Received By Job
	Partitionable Resources :    Usage  Request Allocated 
	   Cpus                 :                 1         1 
	   Disk (KB)            :   153652  1048576   2902502 
	   IoHeavy              :                           0 
	   Memory (MB)          :      211     1024      1024 

	Job terminated of its own accord at 2020-11-29T00:12:14Z.
...
