000 (217317.339.000) 2020-11-28 19:35:07 Job submitted from host: <128.104.100.148:9618?addrs=128.104.100.148-9618+[2607-f388-107c-501-216-3eff-feb2-bc11]-9618&alias=learn.chtc.wisc.edu&noUDP&sock=schedd_2128_35a0>
...
040 (217317.339.000) 2020-11-28 19:42:03 Started transferring input files
	Transferring to host: <128.105.245.135:9618?addrs=128.105.245.135-9618&alias=e335.chtc.wisc.edu&noUDP&sock=slot1_13_16240_4c8d_44297>
...
040 (217317.339.000) 2020-11-28 19:42:05 Finished transferring input files
...
001 (217317.339.000) 2020-11-28 19:42:06 Job executing on host: <128.105.245.135:9618?addrs=128.105.245.135-9618&alias=e335.chtc.wisc.edu&noUDP&sock=startd_2604_b4b4>
...
006 (217317.339.000) 2020-11-28 19:42:16 Image size of job updated: 214836
	210  -  MemoryUsage of job (MB)
	214836  -  ResidentSetSize of job (KB)
...
040 (217317.339.000) 2020-11-28 19:42:59 Started transferring output files
...
040 (217317.339.000) 2020-11-28 19:42:59 Finished transferring output files
...
005 (217317.339.000) 2020-11-28 19:42:59 Job terminated.
	(1) Normal termination (return value 0)
		Usr 0 00:00:51, Sys 0 00:00:00  -  Run Remote Usage
		Usr 0 00:00:00, Sys 0 00:00:00  -  Run Local Usage
		Usr 0 00:00:51, Sys 0 00:00:00  -  Total Remote Usage
		Usr 0 00:00:00, Sys 0 00:00:00  -  Total Local Usage
	2255  -  Run Bytes Sent By Job
	2643557  -  Run Bytes Received By Job
	2255  -  Total Bytes Sent By Job
	2643557  -  Total Bytes Received By Job
	Partitionable Resources :    Usage  Request Allocated 
	   Cpus                 :                 1         1 
	   Disk (KB)            :   154185  1048576   1338706 
	   IoHeavy              :                           0 
	   Memory (MB)          :      210     1024      1024 

	Job terminated of its own accord at 2020-11-29T01:42:59Z.
...
