000 (217304.814.000) 2020-11-28 18:02:57 Job submitted from host: <128.104.100.148:9618?addrs=128.104.100.148-9618+[2607-f388-107c-501-216-3eff-feb2-bc11]-9618&alias=learn.chtc.wisc.edu&noUDP&sock=schedd_2128_35a0>
...
040 (217304.814.000) 2020-11-28 18:13:14 Started transferring input files
	Transferring to host: <128.105.245.161:9618?addrs=128.105.245.161-9618&alias=e2361.chtc.wisc.edu&noUDP&sock=slot1_8_25577_0f69_42744>
...
040 (217304.814.000) 2020-11-28 18:13:16 Finished transferring input files
...
001 (217304.814.000) 2020-11-28 18:13:17 Job executing on host: <128.105.245.161:9618?addrs=128.105.245.161-9618&alias=e2361.chtc.wisc.edu&noUDP&sock=startd_4745_40f9>
...
006 (217304.814.000) 2020-11-28 18:13:25 Image size of job updated: 192376
	188  -  MemoryUsage of job (MB)
	192376  -  ResidentSetSize of job (KB)
...
040 (217304.814.000) 2020-11-28 18:13:45 Started transferring output files
...
040 (217304.814.000) 2020-11-28 18:13:45 Finished transferring output files
...
005 (217304.814.000) 2020-11-28 18:13:45 Job terminated.
	(1) Normal termination (return value 0)
		Usr 0 00:00:26, Sys 0 00:00:00  -  Run Remote Usage
		Usr 0 00:00:00, Sys 0 00:00:00  -  Run Local Usage
		Usr 0 00:00:26, Sys 0 00:00:00  -  Total Remote Usage
		Usr 0 00:00:00, Sys 0 00:00:00  -  Total Local Usage
	2301  -  Run Bytes Sent By Job
	1450013  -  Run Bytes Received By Job
	2301  -  Total Bytes Sent By Job
	1450013  -  Total Bytes Received By Job
	Partitionable Resources :    Usage  Request Allocated 
	   Cpus                 :                 1         1 
	   Disk (KB)            :   148742  1048576   1333892 
	   IoHeavy              :                           0 
	   Memory (MB)          :      188     1024      1024 

	Job terminated of its own accord at 2020-11-29T00:13:45Z.
...
