000 (217317.789.000) 2020-11-28 19:35:07 Job submitted from host: <128.104.100.148:9618?addrs=128.104.100.148-9618+[2607-f388-107c-501-216-3eff-feb2-bc11]-9618&alias=learn.chtc.wisc.edu&noUDP&sock=schedd_2128_35a0>
...
040 (217317.789.000) 2020-11-28 19:46:04 Started transferring input files
	Transferring to host: <128.104.58.175:9618?addrs=128.104.58.175-9618+[2607-f388-1086-0-16fe-b5ff-fec6-719b]-9618&alias=e1030.chtc.wisc.edu&noUDP&sock=slot1_27_27173_962a_41819>
...
040 (217317.789.000) 2020-11-28 19:46:08 Finished transferring input files
...
001 (217317.789.000) 2020-11-28 19:46:09 Job executing on host: <128.104.58.175:9618?addrs=128.104.58.175-9618+[2607-f388-1086-0-16fe-b5ff-fec6-719b]-9618&alias=e1030.chtc.wisc.edu&noUDP&sock=startd_5597_a7a9>
...
006 (217317.789.000) 2020-11-28 19:46:18 Image size of job updated: 213780
	209  -  MemoryUsage of job (MB)
	213780  -  ResidentSetSize of job (KB)
...
040 (217317.789.000) 2020-11-28 19:47:35 Started transferring output files
...
040 (217317.789.000) 2020-11-28 19:47:35 Finished transferring output files
...
005 (217317.789.000) 2020-11-28 19:47:35 Job terminated.
	(1) Normal termination (return value 0)
		Usr 0 00:01:20, Sys 0 00:00:01  -  Run Remote Usage
		Usr 0 00:00:00, Sys 0 00:00:00  -  Run Local Usage
		Usr 0 00:01:20, Sys 0 00:00:01  -  Total Remote Usage
		Usr 0 00:00:00, Sys 0 00:00:00  -  Total Local Usage
	2314  -  Run Bytes Sent By Job
	2917319  -  Run Bytes Received By Job
	2314  -  Total Bytes Sent By Job
	2917319  -  Total Bytes Received By Job
	Partitionable Resources :    Usage  Request Allocated 
	   Cpus                 :                 1         1 
	   Disk (KB)            :   156073  1048576   1321885 
	   IoHeavy              :                           0 
	   Memory (MB)          :      209     1024      1024 

	Job terminated of its own accord at 2020-11-29T01:47:35Z.
...
