000 (217304.579.000) 2020-11-28 18:02:57 Job submitted from host: <128.104.100.148:9618?addrs=128.104.100.148-9618+[2607-f388-107c-501-216-3eff-feb2-bc11]-9618&alias=learn.chtc.wisc.edu&noUDP&sock=schedd_2128_35a0>
...
040 (217304.579.000) 2020-11-28 18:11:37 Started transferring input files
	Transferring to host: <128.104.58.179:9618?addrs=128.104.58.179-9618+[2607-f388-1086-0-16fe-b5ff-fec6-7177]-9618&alias=e1035.chtc.wisc.edu&noUDP&sock=slot1_19_36733_78af_40698>
...
040 (217304.579.000) 2020-11-28 18:11:39 Finished transferring input files
...
001 (217304.579.000) 2020-11-28 18:11:40 Job executing on host: <128.104.58.179:9618?addrs=128.104.58.179-9618+[2607-f388-1086-0-16fe-b5ff-fec6-7177]-9618&alias=e1035.chtc.wisc.edu&noUDP&sock=startd_5393_ba58>
...
006 (217304.579.000) 2020-11-28 18:11:50 Image size of job updated: 196000
	192  -  MemoryUsage of job (MB)
	196000  -  ResidentSetSize of job (KB)
...
040 (217304.579.000) 2020-11-28 18:12:38 Started transferring output files
...
040 (217304.579.000) 2020-11-28 18:12:38 Finished transferring output files
...
005 (217304.579.000) 2020-11-28 18:12:38 Job terminated.
	(1) Normal termination (return value 0)
		Usr 0 00:00:53, Sys 0 00:00:01  -  Run Remote Usage
		Usr 0 00:00:00, Sys 0 00:00:00  -  Run Local Usage
		Usr 0 00:00:53, Sys 0 00:00:01  -  Total Remote Usage
		Usr 0 00:00:00, Sys 0 00:00:00  -  Total Local Usage
	2200  -  Run Bytes Sent By Job
	1841953  -  Run Bytes Received By Job
	2200  -  Total Bytes Sent By Job
	1841953  -  Total Bytes Received By Job
	Partitionable Resources :     Usage  Request Allocated 
	   Cpus                 :      0.89        1         1 
	   Disk (KB)            : 150832     1048576   1336342 
	   IoHeavy              :                            0 
	   Memory (MB)          :    192        1024      1024 

	Job terminated of its own accord at 2020-11-29T00:12:38Z.
...
