000 (217317.040.000) 2020-11-28 19:35:07 Job submitted from host: <128.104.100.148:9618?addrs=128.104.100.148-9618+[2607-f388-107c-501-216-3eff-feb2-bc11]-9618&alias=learn.chtc.wisc.edu&noUDP&sock=schedd_2128_35a0>
...
040 (217317.040.000) 2020-11-28 19:37:09 Started transferring input files
	Transferring to host: <128.104.58.83:9618?addrs=128.104.58.83-9618+[2607-f388-1086-0-a6ba-dbff-fe38-e833]-9618&alias=e1073.chtc.wisc.edu&noUDP&sock=slot1_11_18411_f706_40771>
...
040 (217317.040.000) 2020-11-28 19:37:10 Finished transferring input files
...
001 (217317.040.000) 2020-11-28 19:37:11 Job executing on host: <128.104.58.83:9618?addrs=128.104.58.83-9618+[2607-f388-1086-0-a6ba-dbff-fe38-e833]-9618&alias=e1073.chtc.wisc.edu&noUDP&sock=startd_4582_7309>
...
006 (217317.040.000) 2020-11-28 19:37:20 Image size of job updated: 215364
	211  -  MemoryUsage of job (MB)
	215364  -  ResidentSetSize of job (KB)
...
040 (217317.040.000) 2020-11-28 19:37:55 Started transferring output files
...
040 (217317.040.000) 2020-11-28 19:37:55 Finished transferring output files
...
005 (217317.040.000) 2020-11-28 19:37:55 Job terminated.
	(1) Normal termination (return value 0)
		Usr 0 00:00:42, Sys 0 00:00:00  -  Run Remote Usage
		Usr 0 00:00:00, Sys 0 00:00:00  -  Run Local Usage
		Usr 0 00:00:42, Sys 0 00:00:00  -  Total Remote Usage
		Usr 0 00:00:00, Sys 0 00:00:00  -  Total Local Usage
	2308  -  Run Bytes Sent By Job
	2595486  -  Run Bytes Received By Job
	2308  -  Total Bytes Sent By Job
	2595486  -  Total Bytes Received By Job
	Partitionable Resources :    Usage  Request Allocated 
	   Cpus                 :                 1         1 
	   Disk (KB)            :   154465  1048576   1217433 
	   IoHeavy              :                           0 
	   Memory (MB)          :      211     1024      1024 

	Job terminated of its own accord at 2020-11-29T01:37:55Z.
...
