000 (217317.792.000) 2020-11-28 19:35:07 Job submitted from host: <128.104.100.148:9618?addrs=128.104.100.148-9618+[2607-f388-107c-501-216-3eff-feb2-bc11]-9618&alias=learn.chtc.wisc.edu&noUDP&sock=schedd_2128_35a0>
...
040 (217317.792.000) 2020-11-28 19:46:05 Started transferring input files
	Transferring to host: <128.105.245.148:9618?addrs=128.105.245.148-9618&alias=e348.chtc.wisc.edu&noUDP&sock=slot1_24_20101_b90a_42508>
...
040 (217317.792.000) 2020-11-28 19:46:07 Finished transferring input files
...
001 (217317.792.000) 2020-11-28 19:46:08 Job executing on host: <128.105.245.148:9618?addrs=128.105.245.148-9618&alias=e348.chtc.wisc.edu&noUDP&sock=startd_7136_47ea>
...
006 (217317.792.000) 2020-11-28 19:46:16 Image size of job updated: 215012
	210  -  MemoryUsage of job (MB)
	215012  -  ResidentSetSize of job (KB)
...
040 (217317.792.000) 2020-11-28 19:47:33 Started transferring output files
...
040 (217317.792.000) 2020-11-28 19:47:33 Finished transferring output files
...
005 (217317.792.000) 2020-11-28 19:47:33 Job terminated.
	(1) Normal termination (return value 0)
		Usr 0 00:01:22, Sys 0 00:00:00  -  Run Remote Usage
		Usr 0 00:00:00, Sys 0 00:00:00  -  Run Local Usage
		Usr 0 00:01:22, Sys 0 00:00:00  -  Total Remote Usage
		Usr 0 00:00:00, Sys 0 00:00:00  -  Total Local Usage
	2220  -  Run Bytes Sent By Job
	2901719  -  Run Bytes Received By Job
	2220  -  Total Bytes Sent By Job
	2901719  -  Total Bytes Received By Job
	Partitionable Resources :     Usage  Request Allocated 
	   Cpus                 :      1.00        1         1 
	   Disk (KB)            : 155776     1048576   1408757 
	   IoHeavy              :                            0 
	   Memory (MB)          :    210        1024      1024 

	Job terminated of its own accord at 2020-11-29T01:47:33Z.
...
