000 (217317.568.000) 2020-11-28 19:35:07 Job submitted from host: <128.104.100.148:9618?addrs=128.104.100.148-9618+[2607-f388-107c-501-216-3eff-feb2-bc11]-9618&alias=learn.chtc.wisc.edu&noUDP&sock=schedd_2128_35a0>
...
040 (217317.568.000) 2020-11-28 19:44:25 Started transferring input files
	Transferring to host: <128.104.58.186:9618?addrs=128.104.58.186-9618+[2607-f388-1086-0-16fe-b5ff-fec6-820f]-9618&alias=e1041.chtc.wisc.edu&noUDP&sock=slot1_9_22151_221e_42249>
...
040 (217317.568.000) 2020-11-28 19:44:28 Finished transferring input files
...
001 (217317.568.000) 2020-11-28 19:44:29 Job executing on host: <128.104.58.186:9618?addrs=128.104.58.186-9618+[2607-f388-1086-0-16fe-b5ff-fec6-820f]-9618&alias=e1041.chtc.wisc.edu&noUDP&sock=startd_5201_0828>
...
006 (217317.568.000) 2020-11-28 19:44:38 Image size of job updated: 187108
	183  -  MemoryUsage of job (MB)
	187108  -  ResidentSetSize of job (KB)
...
040 (217317.568.000) 2020-11-28 19:45:08 Started transferring output files
...
040 (217317.568.000) 2020-11-28 19:45:08 Finished transferring output files
...
005 (217317.568.000) 2020-11-28 19:45:08 Job terminated.
	(1) Normal termination (return value 0)
		Usr 0 00:00:35, Sys 0 00:00:01  -  Run Remote Usage
		Usr 0 00:00:00, Sys 0 00:00:00  -  Run Local Usage
		Usr 0 00:00:35, Sys 0 00:00:01  -  Total Remote Usage
		Usr 0 00:00:00, Sys 0 00:00:00  -  Total Local Usage
	2425  -  Run Bytes Sent By Job
	1662031  -  Run Bytes Received By Job
	2425  -  Total Bytes Sent By Job
	1662031  -  Total Bytes Received By Job
	Partitionable Resources :     Usage  Request Allocated 
	   Cpus                 :      0.02        1         1 
	   Disk (KB)            : 148306     1048576   1213646 
	   IoHeavy              :                            0 
	   Memory (MB)          :    183        1024      1024 

	Job terminated of its own accord at 2020-11-29T01:45:08Z.
...
