000 (217317.538.000) 2020-11-28 19:35:07 Job submitted from host: <128.104.100.148:9618?addrs=128.104.100.148-9618+[2607-f388-107c-501-216-3eff-feb2-bc11]-9618&alias=learn.chtc.wisc.edu&noUDP&sock=schedd_2128_35a0>
...
040 (217317.538.000) 2020-11-28 19:44:06 Started transferring input files
	Transferring to host: <128.104.58.176:9618?addrs=128.104.58.176-9618+[2607-f388-1086-0-16fe-b5ff-fec6-7498]-9618&alias=e1031.chtc.wisc.edu&noUDP&sock=slot1_20_40486_cca7_42815>
...
040 (217317.538.000) 2020-11-28 19:44:08 Finished transferring input files
...
001 (217317.538.000) 2020-11-28 19:44:09 Job executing on host: <128.104.58.176:9618?addrs=128.104.58.176-9618+[2607-f388-1086-0-16fe-b5ff-fec6-7498]-9618&alias=e1031.chtc.wisc.edu&noUDP&sock=startd_5566_643a>
...
006 (217317.538.000) 2020-11-28 19:44:17 Image size of job updated: 222016
	217  -  MemoryUsage of job (MB)
	222016  -  ResidentSetSize of job (KB)
...
040 (217317.538.000) 2020-11-28 19:45:20 Started transferring output files
...
040 (217317.538.000) 2020-11-28 19:45:20 Finished transferring output files
...
005 (217317.538.000) 2020-11-28 19:45:20 Job terminated.
	(1) Normal termination (return value 0)
		Usr 0 00:01:08, Sys 0 00:00:02  -  Run Remote Usage
		Usr 0 00:00:00, Sys 0 00:00:00  -  Run Local Usage
		Usr 0 00:01:08, Sys 0 00:00:02  -  Total Remote Usage
		Usr 0 00:00:00, Sys 0 00:00:00  -  Total Local Usage
	2362  -  Run Bytes Sent By Job
	2938930  -  Run Bytes Received By Job
	2362  -  Total Bytes Sent By Job
	2938930  -  Total Bytes Received By Job
	Partitionable Resources :     Usage  Request Allocated 
	   Cpus                 :      1.00        1         1 
	   Disk (KB)            : 155550     1048576   1331806 
	   IoHeavy              :                            0 
	   Memory (MB)          :    217        1024      1024 

	Job terminated of its own accord at 2020-11-29T01:45:20Z.
...
