000 (217317.199.000) 2020-11-28 19:35:07 Job submitted from host: <128.104.100.148:9618?addrs=128.104.100.148-9618+[2607-f388-107c-501-216-3eff-feb2-bc11]-9618&alias=learn.chtc.wisc.edu&noUDP&sock=schedd_2128_35a0>
...
040 (217317.199.000) 2020-11-28 19:40:18 Started transferring input files
	Transferring to host: <128.105.245.244:9618?addrs=128.105.245.244-9618&alias=e444.chtc.wisc.edu&noUDP&sock=slot1_30_26794_8bfb_44367>
...
040 (217317.199.000) 2020-11-28 19:40:20 Finished transferring input files
...
001 (217317.199.000) 2020-11-28 19:40:21 Job executing on host: <128.105.245.244:9618?addrs=128.105.245.244-9618&alias=e444.chtc.wisc.edu&noUDP&sock=startd_4534_867d>
...
006 (217317.199.000) 2020-11-28 19:40:29 Image size of job updated: 218944
	214  -  MemoryUsage of job (MB)
	218944  -  ResidentSetSize of job (KB)
...
040 (217317.199.000) 2020-11-28 19:41:46 Started transferring output files
...
040 (217317.199.000) 2020-11-28 19:41:46 Finished transferring output files
...
005 (217317.199.000) 2020-11-28 19:41:46 Job terminated.
	(1) Normal termination (return value 0)
		Usr 0 00:01:22, Sys 0 00:00:00  -  Run Remote Usage
		Usr 0 00:00:00, Sys 0 00:00:00  -  Run Local Usage
		Usr 0 00:01:22, Sys 0 00:00:00  -  Total Remote Usage
		Usr 0 00:00:00, Sys 0 00:00:00  -  Total Local Usage
	2187  -  Run Bytes Sent By Job
	3064188  -  Run Bytes Received By Job
	2187  -  Total Bytes Sent By Job
	3064188  -  Total Bytes Received By Job
	Partitionable Resources :    Usage  Request Allocated 
	   Cpus                 :                 1         1 
	   Disk (KB)            :   158424  1048576   1342284 
	   IoHeavy              :                           0 
	   Memory (MB)          :      214     1024      1024 

	Job terminated of its own accord at 2020-11-29T01:41:46Z.
...
