000 (217317.254.000) 2020-11-28 19:35:07 Job submitted from host: <128.104.100.148:9618?addrs=128.104.100.148-9618+[2607-f388-107c-501-216-3eff-feb2-bc11]-9618&alias=learn.chtc.wisc.edu&noUDP&sock=schedd_2128_35a0>
...
040 (217317.254.000) 2020-11-28 19:41:01 Started transferring input files
	Transferring to host: <128.104.58.170:9618?addrs=128.104.58.170-9618+[2607-f388-1086-0-f24d-a2ff-fe40-fe02]-9618&alias=e1024.chtc.wisc.edu&noUDP&sock=slot1_28_48603_f5d2_42139>
...
040 (217317.254.000) 2020-11-28 19:41:04 Finished transferring input files
...
001 (217317.254.000) 2020-11-28 19:41:05 Job executing on host: <128.104.58.170:9618?addrs=128.104.58.170-9618+[2607-f388-1086-0-f24d-a2ff-fe40-fe02]-9618&alias=e1024.chtc.wisc.edu&noUDP&sock=startd_5278_d8f3>
...
006 (217317.254.000) 2020-11-28 19:41:13 Image size of job updated: 198536
	194  -  MemoryUsage of job (MB)
	198536  -  ResidentSetSize of job (KB)
...
040 (217317.254.000) 2020-11-28 19:42:13 Started transferring output files
...
040 (217317.254.000) 2020-11-28 19:42:13 Finished transferring output files
...
005 (217317.254.000) 2020-11-28 19:42:13 Job terminated.
	(1) Normal termination (return value 0)
		Usr 0 00:01:06, Sys 0 00:00:01  -  Run Remote Usage
		Usr 0 00:00:00, Sys 0 00:00:00  -  Run Local Usage
		Usr 0 00:01:06, Sys 0 00:00:01  -  Total Remote Usage
		Usr 0 00:00:00, Sys 0 00:00:00  -  Total Local Usage
	2332  -  Run Bytes Sent By Job
	2536854  -  Run Bytes Received By Job
	2332  -  Total Bytes Sent By Job
	2536854  -  Total Bytes Received By Job
	Partitionable Resources :    Usage  Request Allocated 
	   Cpus                 :                 1         1 
	   Disk (KB)            :   154386  1048576   1330547 
	   IoHeavy              :                           0 
	   Memory (MB)          :      194     1024      1024 

	Job terminated of its own accord at 2020-11-29T01:42:13Z.
...
