000 (217304.317.000) 2020-11-28 18:02:57 Job submitted from host: <128.104.100.148:9618?addrs=128.104.100.148-9618+[2607-f388-107c-501-216-3eff-feb2-bc11]-9618&alias=learn.chtc.wisc.edu&noUDP&sock=schedd_2128_35a0>
...
040 (217304.317.000) 2020-11-28 18:09:02 Started transferring input files
	Transferring to host: <128.104.100.157:9618?addrs=128.104.100.157-9618+[2607-f388-107c-501-226-b9ff-fe3f-478b]-9618&alias=e0055.chtc.wisc.edu&noUDP&sock=slot1_3_15906_f740_48812>
...
040 (217304.317.000) 2020-11-28 18:09:08 Finished transferring input files
...
001 (217304.317.000) 2020-11-28 18:09:09 Job executing on host: <128.104.100.157:9618?addrs=128.104.100.157-9618+[2607-f388-107c-501-226-b9ff-fe3f-478b]-9618&alias=e0055.chtc.wisc.edu&noUDP&sock=startd_4737_c437>
...
006 (217304.317.000) 2020-11-28 18:09:18 Image size of job updated: 206892
	203  -  MemoryUsage of job (MB)
	206892  -  ResidentSetSize of job (KB)
...
040 (217304.317.000) 2020-11-28 18:10:48 Started transferring output files
...
040 (217304.317.000) 2020-11-28 18:10:48 Finished transferring output files
...
005 (217304.317.000) 2020-11-28 18:10:48 Job terminated.
	(1) Normal termination (return value 0)
		Usr 0 00:01:35, Sys 0 00:00:01  -  Run Remote Usage
		Usr 0 00:00:00, Sys 0 00:00:00  -  Run Local Usage
		Usr 0 00:01:35, Sys 0 00:00:01  -  Total Remote Usage
		Usr 0 00:00:00, Sys 0 00:00:00  -  Total Local Usage
	2235  -  Run Bytes Sent By Job
	2535885  -  Run Bytes Received By Job
	2235  -  Total Bytes Sent By Job
	2535885  -  Total Bytes Received By Job
	Partitionable Resources :    Usage  Request Allocated 
	   Cpus                 :                 1         1 
	   Disk (KB)            :   154620  1048576   1176581 
	   IoHeavy              :                           0 
	   Memory (MB)          :      203     1024      1024 

	Job terminated of its own accord at 2020-11-29T00:10:48Z.
...
