000 (217304.721.000) 2020-11-28 18:02:57 Job submitted from host: <128.104.100.148:9618?addrs=128.104.100.148-9618+[2607-f388-107c-501-216-3eff-feb2-bc11]-9618&alias=learn.chtc.wisc.edu&noUDP&sock=schedd_2128_35a0>
...
040 (217304.721.000) 2020-11-28 18:12:41 Started transferring input files
	Transferring to host: <128.105.245.71:9618?addrs=128.105.245.71-9618&alias=e271.chtc.wisc.edu&noUDP&sock=slot1_40_796_9a99_47779>
...
040 (217304.721.000) 2020-11-28 18:12:44 Finished transferring input files
...
001 (217304.721.000) 2020-11-28 18:12:45 Job executing on host: <128.105.245.71:9618?addrs=128.105.245.71-9618&alias=e271.chtc.wisc.edu&noUDP&sock=startd_40496_7756>
...
006 (217304.721.000) 2020-11-28 18:12:54 Image size of job updated: 196088
	192  -  MemoryUsage of job (MB)
	196088  -  ResidentSetSize of job (KB)
...
040 (217304.721.000) 2020-11-28 18:13:33 Started transferring output files
...
040 (217304.721.000) 2020-11-28 18:13:33 Finished transferring output files
...
005 (217304.721.000) 2020-11-28 18:13:33 Job terminated.
	(1) Normal termination (return value 0)
		Usr 0 00:00:42, Sys 0 00:00:00  -  Run Remote Usage
		Usr 0 00:00:00, Sys 0 00:00:00  -  Run Local Usage
		Usr 0 00:00:42, Sys 0 00:00:00  -  Total Remote Usage
		Usr 0 00:00:00, Sys 0 00:00:00  -  Total Local Usage
	2324  -  Run Bytes Sent By Job
	1573956  -  Run Bytes Received By Job
	2324  -  Total Bytes Sent By Job
	1573956  -  Total Bytes Received By Job
	Partitionable Resources :    Usage  Request Allocated 
	   Cpus                 :                 1         1 
	   Disk (KB)            :   149363  1048576   1342255 
	   IoHeavy              :                           0 
	   Memory (MB)          :      192     1024      1024 

	Job terminated of its own accord at 2020-11-29T00:13:33Z.
...
