000 (217304.637.000) 2020-11-28 18:02:57 Job submitted from host: <128.104.100.148:9618?addrs=128.104.100.148-9618+[2607-f388-107c-501-216-3eff-feb2-bc11]-9618&alias=learn.chtc.wisc.edu&noUDP&sock=schedd_2128_35a0>
...
040 (217304.637.000) 2020-11-28 18:12:05 Started transferring input files
	Transferring to host: <128.105.244.68:9618?addrs=128.105.244.68-9618&alias=e188.chtc.wisc.edu&noUDP&sock=slot1_5_14019_6753_39560>
...
040 (217304.637.000) 2020-11-28 18:12:07 Finished transferring input files
...
001 (217304.637.000) 2020-11-28 18:12:08 Job executing on host: <128.105.244.68:9618?addrs=128.105.244.68-9618&alias=e188.chtc.wisc.edu&noUDP&sock=startd_15333_bdba>
...
006 (217304.637.000) 2020-11-28 18:12:16 Image size of job updated: 211028
	207  -  MemoryUsage of job (MB)
	211028  -  ResidentSetSize of job (KB)
...
040 (217304.637.000) 2020-11-28 18:12:55 Started transferring output files
...
040 (217304.637.000) 2020-11-28 18:12:55 Finished transferring output files
...
005 (217304.637.000) 2020-11-28 18:12:55 Job terminated.
	(1) Normal termination (return value 0)
		Usr 0 00:00:45, Sys 0 00:00:00  -  Run Remote Usage
		Usr 0 00:00:00, Sys 0 00:00:00  -  Run Local Usage
		Usr 0 00:00:45, Sys 0 00:00:00  -  Total Remote Usage
		Usr 0 00:00:00, Sys 0 00:00:00  -  Total Local Usage
	2273  -  Run Bytes Sent By Job
	2296879  -  Run Bytes Received By Job
	2273  -  Total Bytes Sent By Job
	2296879  -  Total Bytes Received By Job
	Partitionable Resources :    Usage  Request Allocated 
	   Cpus                 :                 1         1 
	   Disk (KB)            :   153379  1048576   2730037 
	   IoHeavy              :                           0 
	   Memory (MB)          :      207     1024      1024 

	Job terminated of its own accord at 2020-11-29T00:12:55Z.
...
