000 (217317.105.000) 2020-11-28 19:35:07 Job submitted from host: <128.104.100.148:9618?addrs=128.104.100.148-9618+[2607-f388-107c-501-216-3eff-feb2-bc11]-9618&alias=learn.chtc.wisc.edu&noUDP&sock=schedd_2128_35a0>
...
040 (217317.105.000) 2020-11-28 19:38:34 Started transferring input files
	Transferring to host: <128.105.245.119:9618?addrs=128.105.245.119-9618&alias=e319.chtc.wisc.edu&noUDP&sock=slot1_38_24706_5ca6_43865>
...
040 (217317.105.000) 2020-11-28 19:38:38 Finished transferring input files
...
001 (217317.105.000) 2020-11-28 19:38:39 Job executing on host: <128.105.245.119:9618?addrs=128.105.245.119-9618&alias=e319.chtc.wisc.edu&noUDP&sock=startd_15545_27ce>
...
006 (217317.105.000) 2020-11-28 19:38:48 Image size of job updated: 216296
	212  -  MemoryUsage of job (MB)
	216296  -  ResidentSetSize of job (KB)
...
040 (217317.105.000) 2020-11-28 19:39:55 Started transferring output files
...
040 (217317.105.000) 2020-11-28 19:39:55 Finished transferring output files
...
005 (217317.105.000) 2020-11-28 19:39:55 Job terminated.
	(1) Normal termination (return value 0)
		Usr 0 00:01:11, Sys 0 00:00:01  -  Run Remote Usage
		Usr 0 00:00:00, Sys 0 00:00:00  -  Run Local Usage
		Usr 0 00:01:11, Sys 0 00:00:01  -  Total Remote Usage
		Usr 0 00:00:00, Sys 0 00:00:00  -  Total Local Usage
	2450  -  Run Bytes Sent By Job
	2273735  -  Run Bytes Received By Job
	2450  -  Total Bytes Sent By Job
	2273735  -  Total Bytes Received By Job
	Partitionable Resources :    Usage  Request Allocated 
	   Cpus                 :                 1         1 
	   Disk (KB)            :   152811  1048576   1325072 
	   IoHeavy              :                           0 
	   Memory (MB)          :      212     1024      1024 

	Job terminated of its own accord at 2020-11-29T01:39:54Z.
...
