000 (217317.404.000) 2020-11-28 19:35:07 Job submitted from host: <128.104.100.148:9618?addrs=128.104.100.148-9618+[2607-f388-107c-501-216-3eff-feb2-bc11]-9618&alias=learn.chtc.wisc.edu&noUDP&sock=schedd_2128_35a0>
...
040 (217317.404.000) 2020-11-28 19:43:00 Started transferring input files
	Transferring to host: <128.105.245.135:9618?addrs=128.105.245.135-9618&alias=e335.chtc.wisc.edu&noUDP&sock=slot1_17_16240_4c8d_44302>
...
040 (217317.404.000) 2020-11-28 19:43:03 Finished transferring input files
...
001 (217317.404.000) 2020-11-28 19:43:04 Job executing on host: <128.105.245.135:9618?addrs=128.105.245.135-9618&alias=e335.chtc.wisc.edu&noUDP&sock=startd_2604_b4b4>
...
006 (217317.404.000) 2020-11-28 19:43:13 Image size of job updated: 197600
	193  -  MemoryUsage of job (MB)
	197600  -  ResidentSetSize of job (KB)
...
040 (217317.404.000) 2020-11-28 19:43:57 Started transferring output files
...
040 (217317.404.000) 2020-11-28 19:43:57 Finished transferring output files
...
005 (217317.404.000) 2020-11-28 19:43:57 Job terminated.
	(1) Normal termination (return value 0)
		Usr 0 00:00:50, Sys 0 00:00:00  -  Run Remote Usage
		Usr 0 00:00:00, Sys 0 00:00:00  -  Run Local Usage
		Usr 0 00:00:50, Sys 0 00:00:00  -  Total Remote Usage
		Usr 0 00:00:00, Sys 0 00:00:00  -  Total Local Usage
	2207  -  Run Bytes Sent By Job
	1517051  -  Run Bytes Received By Job
	2207  -  Total Bytes Sent By Job
	1517051  -  Total Bytes Received By Job
	Partitionable Resources :    Usage  Request Allocated 
	   Cpus                 :                 1         1 
	   Disk (KB)            :   149151  1048576   1338706 
	   IoHeavy              :                           0 
	   Memory (MB)          :      193     1024      1024 

	Job terminated of its own accord at 2020-11-29T01:43:57Z.
...
