000 (217304.789.000) 2020-11-28 18:02:57 Job submitted from host: <128.104.100.148:9618?addrs=128.104.100.148-9618+[2607-f388-107c-501-216-3eff-feb2-bc11]-9618&alias=learn.chtc.wisc.edu&noUDP&sock=schedd_2128_35a0>
...
040 (217304.789.000) 2020-11-28 18:13:05 Started transferring input files
	Transferring to host: <128.104.58.26:9618?addrs=128.104.58.26-9618+[2607-f388-1086-0-a6ba-dbff-fe38-fc2d]-9618&alias=e016.chtc.wisc.edu&noUDP&sock=slot1_2_31554_65bc_40416>
...
040 (217304.789.000) 2020-11-28 18:13:08 Finished transferring input files
...
001 (217304.789.000) 2020-11-28 18:13:09 Job executing on host: <128.104.58.26:9618?addrs=128.104.58.26-9618+[2607-f388-1086-0-a6ba-dbff-fe38-fc2d]-9618&alias=e016.chtc.wisc.edu&noUDP&sock=startd_4847_37a2>
...
006 (217304.789.000) 2020-11-28 18:13:18 Image size of job updated: 226772
	222  -  MemoryUsage of job (MB)
	226772  -  ResidentSetSize of job (KB)
...
040 (217304.789.000) 2020-11-28 18:14:36 Started transferring output files
...
040 (217304.789.000) 2020-11-28 18:14:36 Finished transferring output files
...
005 (217304.789.000) 2020-11-28 18:14:36 Job terminated.
	(1) Normal termination (return value 0)
		Usr 0 00:01:24, Sys 0 00:00:00  -  Run Remote Usage
		Usr 0 00:00:00, Sys 0 00:00:00  -  Run Local Usage
		Usr 0 00:01:24, Sys 0 00:00:00  -  Total Remote Usage
		Usr 0 00:00:00, Sys 0 00:00:00  -  Total Local Usage
	2319  -  Run Bytes Sent By Job
	2917331  -  Run Bytes Received By Job
	2319  -  Total Bytes Sent By Job
	2917331  -  Total Bytes Received By Job
	Partitionable Resources :    Usage  Request Allocated 
	   Cpus                 :                 1         1 
	   Disk (KB)            :   156072  1048576   1812413 
	   IoHeavy              :                           0 
	   Memory (MB)          :      222     1024      1024 

	Job terminated of its own accord at 2020-11-29T00:14:36Z.
...
