000 (217302.002.000) 2020-11-28 17:27:33 Job submitted from host: <128.104.100.148:9618?addrs=128.104.100.148-9618+[2607-f388-107c-501-216-3eff-feb2-bc11]-9618&alias=learn.chtc.wisc.edu&noUDP&sock=schedd_2128_35a0>
...
040 (217302.002.000) 2020-11-28 17:29:03 Started transferring input files
	Transferring to host: <128.104.58.193:9618?addrs=128.104.58.193-9618+[2607-f388-1086-0-16fe-b5ff-fec6-7060]-9618&alias=e1051.chtc.wisc.edu&noUDP&sock=slot1_44_36563_b0e8_41033>
...
040 (217302.002.000) 2020-11-28 17:29:06 Finished transferring input files
...
001 (217302.002.000) 2020-11-28 17:29:07 Job executing on host: <128.104.58.193:9618?addrs=128.104.58.193-9618+[2607-f388-1086-0-16fe-b5ff-fec6-7060]-9618&alias=e1051.chtc.wisc.edu&noUDP&sock=startd_5482_c645>
...
006 (217302.002.000) 2020-11-28 17:29:15 Image size of job updated: 196164
	192  -  MemoryUsage of job (MB)
	196164  -  ResidentSetSize of job (KB)
...
040 (217302.002.000) 2020-11-28 17:30:06 Started transferring output files
...
040 (217302.002.000) 2020-11-28 17:30:06 Finished transferring output files
...
005 (217302.002.000) 2020-11-28 17:30:06 Job terminated.
	(1) Normal termination (return value 0)
		Usr 0 00:00:55, Sys 0 00:00:01  -  Run Remote Usage
		Usr 0 00:00:00, Sys 0 00:00:00  -  Run Local Usage
		Usr 0 00:00:55, Sys 0 00:00:01  -  Total Remote Usage
		Usr 0 00:00:00, Sys 0 00:00:00  -  Total Local Usage
	2150  -  Run Bytes Sent By Job
	2315953  -  Run Bytes Received By Job
	2150  -  Total Bytes Sent By Job
	2315953  -  Total Bytes Received By Job
	Partitionable Resources :    Usage  Request Allocated 
	   Cpus                 :                 1         1 
	   Disk (KB)            :   152847  1048576   1325950 
	   IoHeavy              :                           0 
	   Memory (MB)          :      192     1024      1024 

	Job terminated of its own accord at 2020-11-28T23:30:06Z.
...
