000 (217317.244.000) 2020-11-28 19:35:07 Job submitted from host: <128.104.100.148:9618?addrs=128.104.100.148-9618+[2607-f388-107c-501-216-3eff-feb2-bc11]-9618&alias=learn.chtc.wisc.edu&noUDP&sock=schedd_2128_35a0>
...
040 (217317.244.000) 2020-11-28 19:40:56 Started transferring input files
	Transferring to host: <128.104.101.127:9618?addrs=128.104.101.127-9618+[2607-f388-107c-501-4603-a7ff-fe29-9f83]-9618&alias=e127.chtc.wisc.edu&noUDP&sock=slot1_28_9415_7818_52580>
...
040 (217317.244.000) 2020-11-28 19:41:01 Finished transferring input files
...
001 (217317.244.000) 2020-11-28 19:41:02 Job executing on host: <128.104.101.127:9618?addrs=128.104.101.127-9618+[2607-f388-107c-501-4603-a7ff-fe29-9f83]-9618&alias=e127.chtc.wisc.edu&noUDP&sock=startd_1819_42dc>
...
006 (217317.244.000) 2020-11-28 19:41:11 Image size of job updated: 201604
	197  -  MemoryUsage of job (MB)
	201604  -  ResidentSetSize of job (KB)
...
040 (217317.244.000) 2020-11-28 19:42:08 Started transferring output files
...
040 (217317.244.000) 2020-11-28 19:42:08 Finished transferring output files
...
005 (217317.244.000) 2020-11-28 19:42:08 Job terminated.
	(1) Normal termination (return value 0)
		Usr 0 00:01:01, Sys 0 00:00:00  -  Run Remote Usage
		Usr 0 00:00:00, Sys 0 00:00:00  -  Run Local Usage
		Usr 0 00:01:01, Sys 0 00:00:00  -  Total Remote Usage
		Usr 0 00:00:00, Sys 0 00:00:00  -  Total Local Usage
	2227  -  Run Bytes Sent By Job
	2092654  -  Run Bytes Received By Job
	2227  -  Total Bytes Sent By Job
	2092654  -  Total Bytes Received By Job
	Partitionable Resources :    Usage  Request Allocated 
	   Cpus                 :                 1         1 
	   Disk (KB)            :   153711  1048576   3399422 
	   IoHeavy              :                           0 
	   Memory (MB)          :      197     1024      1024 

	Job terminated of its own accord at 2020-11-29T01:42:08Z.
...
