000 (217304.000.000) 2020-11-28 18:02:57 Job submitted from host: <128.104.100.148:9618?addrs=128.104.100.148-9618+[2607-f388-107c-501-216-3eff-feb2-bc11]-9618&alias=learn.chtc.wisc.edu&noUDP&sock=schedd_2128_35a0>
...
040 (217304.000.000) 2020-11-28 18:04:37 Started transferring input files
	Transferring to host: <128.104.101.117:9618?addrs=128.104.101.117-9618+[2607-f388-107c-501-1e6a-7aff-fe26-a547]-9618&alias=e0382.chtc.wisc.edu&noUDP&sock=slot1_29_37216_c9e2_51111>
...
040 (217304.000.000) 2020-11-28 18:04:43 Finished transferring input files
...
001 (217304.000.000) 2020-11-28 18:04:44 Job executing on host: <128.104.101.117:9618?addrs=128.104.101.117-9618+[2607-f388-107c-501-1e6a-7aff-fe26-a547]-9618&alias=e0382.chtc.wisc.edu&noUDP&sock=startd_3166_30ee>
...
006 (217304.000.000) 2020-11-28 18:04:53 Image size of job updated: 219316
	215  -  MemoryUsage of job (MB)
	219316  -  ResidentSetSize of job (KB)
...
040 (217304.000.000) 2020-11-28 18:06:01 Started transferring output files
...
040 (217304.000.000) 2020-11-28 18:06:01 Finished transferring output files
...
005 (217304.000.000) 2020-11-28 18:06:01 Job terminated.
	(1) Normal termination (return value 0)
		Usr 0 00:01:15, Sys 0 00:00:01  -  Run Remote Usage
		Usr 0 00:00:00, Sys 0 00:00:00  -  Run Local Usage
		Usr 0 00:01:15, Sys 0 00:00:01  -  Total Remote Usage
		Usr 0 00:00:00, Sys 0 00:00:00  -  Total Local Usage
	2308  -  Run Bytes Sent By Job
	2623662  -  Run Bytes Received By Job
	2308  -  Total Bytes Sent By Job
	2623662  -  Total Bytes Received By Job
	Partitionable Resources :    Usage  Request Allocated 
	   Cpus                 :                 1         1 
	   Disk (KB)            :   154281  1048576   1470829 
	   IoHeavy              :                           0 
	   Memory (MB)          :      215     1024      1024 

	Job terminated of its own accord at 2020-11-29T00:06:01Z.
...
