000 (217317.271.000) 2020-11-28 19:35:07 Job submitted from host: <128.104.100.148:9618?addrs=128.104.100.148-9618+[2607-f388-107c-501-216-3eff-feb2-bc11]-9618&alias=learn.chtc.wisc.edu&noUDP&sock=schedd_2128_35a0>
...
040 (217317.271.000) 2020-11-28 19:41:27 Started transferring input files
	Transferring to host: <128.104.58.123:9618?addrs=128.104.58.123-9618+[2607-f388-1086-0-67d-7bff-fe41-62ea]-9618&alias=e540.chtc.wisc.edu&noUDP&sock=slot1_4_26039_94bc_39003>
...
040 (217317.271.000) 2020-11-28 19:41:29 Finished transferring input files
...
001 (217317.271.000) 2020-11-28 19:41:30 Job executing on host: <128.104.58.123:9618?addrs=128.104.58.123-9618+[2607-f388-1086-0-67d-7bff-fe41-62ea]-9618&alias=e540.chtc.wisc.edu&noUDP&sock=startd_12509_b647>
...
006 (217317.271.000) 2020-11-28 19:41:39 Image size of job updated: 191496
	188  -  MemoryUsage of job (MB)
	191496  -  ResidentSetSize of job (KB)
...
040 (217317.271.000) 2020-11-28 19:42:07 Started transferring output files
...
040 (217317.271.000) 2020-11-28 19:42:07 Finished transferring output files
...
005 (217317.271.000) 2020-11-28 19:42:07 Job terminated.
	(1) Normal termination (return value 0)
		Usr 0 00:00:36, Sys 0 00:00:00  -  Run Remote Usage
		Usr 0 00:00:00, Sys 0 00:00:00  -  Run Local Usage
		Usr 0 00:00:36, Sys 0 00:00:00  -  Total Remote Usage
		Usr 0 00:00:00, Sys 0 00:00:00  -  Total Local Usage
	2240  -  Run Bytes Sent By Job
	1416288  -  Run Bytes Received By Job
	2240  -  Total Bytes Sent By Job
	1416288  -  Total Bytes Received By Job
	Partitionable Resources :     Usage  Request Allocated 
	   Cpus                 :      0.94        1         1 
	   Disk (KB)            : 148559     1048576  16562528 
	   IoHeavy              :                            0 
	   Memory (MB)          :    188        1024      1024 

	Job terminated of its own accord at 2020-11-29T01:42:07Z.
...
