000 (217304.022.000) 2020-11-28 18:02:57 Job submitted from host: <128.104.100.148:9618?addrs=128.104.100.148-9618+[2607-f388-107c-501-216-3eff-feb2-bc11]-9618&alias=learn.chtc.wisc.edu&noUDP&sock=schedd_2128_35a0>
...
040 (217304.022.000) 2020-11-28 18:04:38 Started transferring input files
	Transferring to host: <128.105.245.38:9618?addrs=128.105.245.38-9618&alias=e3238.chtc.wisc.edu&noUDP&sock=slot1_6_17238_7af6_42357>
...
040 (217304.022.000) 2020-11-28 18:04:39 Finished transferring input files
...
001 (217304.022.000) 2020-11-28 18:04:40 Job executing on host: <128.105.245.38:9618?addrs=128.105.245.38-9618&alias=e3238.chtc.wisc.edu&noUDP&sock=startd_24974_aa4c>
...
006 (217304.022.000) 2020-11-28 18:04:49 Image size of job updated: 221020
	216  -  MemoryUsage of job (MB)
	221020  -  ResidentSetSize of job (KB)
...
040 (217304.022.000) 2020-11-28 18:05:41 Started transferring output files
...
040 (217304.022.000) 2020-11-28 18:05:41 Finished transferring output files
...
005 (217304.022.000) 2020-11-28 18:05:41 Job terminated.
	(1) Normal termination (return value 0)
		Usr 0 00:00:58, Sys 0 00:00:00  -  Run Remote Usage
		Usr 0 00:00:00, Sys 0 00:00:00  -  Run Local Usage
		Usr 0 00:00:58, Sys 0 00:00:00  -  Total Remote Usage
		Usr 0 00:00:00, Sys 0 00:00:00  -  Total Local Usage
	2377  -  Run Bytes Sent By Job
	2738646  -  Run Bytes Received By Job
	2377  -  Total Bytes Sent By Job
	2738646  -  Total Bytes Received By Job
	Partitionable Resources :     Usage  Request Allocated 
	   Cpus                 :      0.86        1         1 
	   Disk (KB)            : 156124     1048576   1156769 
	   IoHeavy              :                            0 
	   Memory (MB)          :    216        1024      1024 

	Job terminated of its own accord at 2020-11-29T00:05:41Z.
...
