000 (217317.810.000) 2020-11-28 19:35:07 Job submitted from host: <128.104.100.148:9618?addrs=128.104.100.148-9618+[2607-f388-107c-501-216-3eff-feb2-bc11]-9618&alias=learn.chtc.wisc.edu&noUDP&sock=schedd_2128_35a0>
...
040 (217317.810.000) 2020-11-28 19:46:12 Started transferring input files
	Transferring to host: <128.105.245.66:9618?addrs=128.105.245.66-9618&alias=e266.chtc.wisc.edu&noUDP&sock=slot1_39_2921_dbd0_42665>
...
040 (217317.810.000) 2020-11-28 19:46:14 Finished transferring input files
...
001 (217317.810.000) 2020-11-28 19:46:15 Job executing on host: <128.105.245.66:9618?addrs=128.105.245.66-9618&alias=e266.chtc.wisc.edu&noUDP&sock=startd_4680_ab51>
...
006 (217317.810.000) 2020-11-28 19:46:24 Image size of job updated: 216800
	212  -  MemoryUsage of job (MB)
	216800  -  ResidentSetSize of job (KB)
...
040 (217317.810.000) 2020-11-28 19:47:27 Started transferring output files
...
040 (217317.810.000) 2020-11-28 19:47:27 Finished transferring output files
...
005 (217317.810.000) 2020-11-28 19:47:27 Job terminated.
	(1) Normal termination (return value 0)
		Usr 0 00:01:09, Sys 0 00:00:00  -  Run Remote Usage
		Usr 0 00:00:00, Sys 0 00:00:00  -  Run Local Usage
		Usr 0 00:01:09, Sys 0 00:00:00  -  Total Remote Usage
		Usr 0 00:00:00, Sys 0 00:00:00  -  Total Local Usage
	2233  -  Run Bytes Sent By Job
	2592980  -  Run Bytes Received By Job
	2233  -  Total Bytes Sent By Job
	2592980  -  Total Bytes Received By Job
	Partitionable Resources :     Usage  Request Allocated 
	   Cpus                 :      0.99        1         1 
	   Disk (KB)            : 154258     1048576   1574732 
	   IoHeavy              :                            0 
	   Memory (MB)          :    212        1024      1024 

	Job terminated of its own accord at 2020-11-29T01:47:27Z.
...
