000 (217317.108.000) 2020-11-28 19:35:07 Job submitted from host: <128.104.100.148:9618?addrs=128.104.100.148-9618+[2607-f388-107c-501-216-3eff-feb2-bc11]-9618&alias=learn.chtc.wisc.edu&noUDP&sock=schedd_2128_35a0>
...
040 (217317.108.000) 2020-11-28 19:38:39 Started transferring input files
	Transferring to host: <128.104.58.193:9618?addrs=128.104.58.193-9618+[2607-f388-1086-0-16fe-b5ff-fec6-7060]-9618&alias=e1051.chtc.wisc.edu&noUDP&sock=slot1_9_36563_b0e8_41226>
...
040 (217317.108.000) 2020-11-28 19:38:41 Finished transferring input files
...
001 (217317.108.000) 2020-11-28 19:38:42 Job executing on host: <128.104.58.193:9618?addrs=128.104.58.193-9618+[2607-f388-1086-0-16fe-b5ff-fec6-7060]-9618&alias=e1051.chtc.wisc.edu&noUDP&sock=startd_5482_c645>
...
006 (217317.108.000) 2020-11-28 19:38:52 Image size of job updated: 204364
	200  -  MemoryUsage of job (MB)
	204364  -  ResidentSetSize of job (KB)
...
040 (217317.108.000) 2020-11-28 19:39:52 Started transferring output files
...
040 (217317.108.000) 2020-11-28 19:39:52 Finished transferring output files
...
005 (217317.108.000) 2020-11-28 19:39:52 Job terminated.
	(1) Normal termination (return value 0)
		Usr 0 00:01:05, Sys 0 00:00:00  -  Run Remote Usage
		Usr 0 00:00:00, Sys 0 00:00:00  -  Run Local Usage
		Usr 0 00:01:05, Sys 0 00:00:00  -  Total Remote Usage
		Usr 0 00:00:00, Sys 0 00:00:00  -  Total Local Usage
	2271  -  Run Bytes Sent By Job
	2206867  -  Run Bytes Received By Job
	2271  -  Total Bytes Sent By Job
	2206867  -  Total Bytes Received By Job
	Partitionable Resources :    Usage  Request Allocated 
	   Cpus                 :                 1         1 
	   Disk (KB)            :   153622  1048576   1325950 
	   IoHeavy              :                           0 
	   Memory (MB)          :      200     1024      1024 

	Job terminated of its own accord at 2020-11-29T01:39:52Z.
...
