000 (217317.262.000) 2020-11-28 19:35:07 Job submitted from host: <128.104.100.148:9618?addrs=128.104.100.148-9618+[2607-f388-107c-501-216-3eff-feb2-bc11]-9618&alias=learn.chtc.wisc.edu&noUDP&sock=schedd_2128_35a0>
...
040 (217317.262.000) 2020-11-28 19:41:16 Started transferring input files
	Transferring to host: <128.105.245.203:9618?addrs=128.105.245.203-9618&alias=e2403.chtc.wisc.edu&noUDP&sock=slot1_39_40022_de95_43299>
...
040 (217317.262.000) 2020-11-28 19:41:21 Finished transferring input files
...
001 (217317.262.000) 2020-11-28 19:41:22 Job executing on host: <128.105.245.203:9618?addrs=128.105.245.203-9618&alias=e2403.chtc.wisc.edu&noUDP&sock=startd_2147_3dec>
...
006 (217317.262.000) 2020-11-28 19:41:31 Image size of job updated: 284860
	279  -  MemoryUsage of job (MB)
	284860  -  ResidentSetSize of job (KB)
...
040 (217317.262.000) 2020-11-28 19:42:35 Started transferring output files
...
040 (217317.262.000) 2020-11-28 19:42:35 Finished transferring output files
...
005 (217317.262.000) 2020-11-28 19:42:35 Job terminated.
	(1) Normal termination (return value 0)
		Usr 0 00:01:07, Sys 0 00:00:01  -  Run Remote Usage
		Usr 0 00:00:00, Sys 0 00:00:00  -  Run Local Usage
		Usr 0 00:01:07, Sys 0 00:00:01  -  Total Remote Usage
		Usr 0 00:00:00, Sys 0 00:00:00  -  Total Local Usage
	2273  -  Run Bytes Sent By Job
	2510567  -  Run Bytes Received By Job
	2273  -  Total Bytes Sent By Job
	2510567  -  Total Bytes Received By Job
	Partitionable Resources :    Usage  Request Allocated 
	   Cpus                 :                 1         1 
	   Disk (KB)            :   154935  1048576   1207146 
	   IoHeavy              :                           0 
	   Memory (MB)          :      279     1024      1024 

	Job terminated of its own accord at 2020-11-29T01:42:35Z.
...
