000 (217304.029.000) 2020-11-28 18:02:57 Job submitted from host: <128.104.100.148:9618?addrs=128.104.100.148-9618+[2607-f388-107c-501-216-3eff-feb2-bc11]-9618&alias=learn.chtc.wisc.edu&noUDP&sock=schedd_2128_35a0>
...
040 (217304.029.000) 2020-11-28 18:04:38 Started transferring input files
	Transferring to host: <128.104.58.26:9618?addrs=128.104.58.26-9618+[2607-f388-1086-0-a6ba-dbff-fe38-fc2d]-9618&alias=e016.chtc.wisc.edu&noUDP&sock=slot1_5_31554_65bc_40391>
...
040 (217304.029.000) 2020-11-28 18:04:41 Finished transferring input files
...
001 (217304.029.000) 2020-11-28 18:04:42 Job executing on host: <128.104.58.26:9618?addrs=128.104.58.26-9618+[2607-f388-1086-0-a6ba-dbff-fe38-fc2d]-9618&alias=e016.chtc.wisc.edu&noUDP&sock=startd_4847_37a2>
...
006 (217304.029.000) 2020-11-28 18:04:50 Image size of job updated: 210816
	206  -  MemoryUsage of job (MB)
	210816  -  ResidentSetSize of job (KB)
...
040 (217304.029.000) 2020-11-28 18:05:32 Started transferring output files
...
040 (217304.029.000) 2020-11-28 18:05:32 Finished transferring output files
...
005 (217304.029.000) 2020-11-28 18:05:32 Job terminated.
	(1) Normal termination (return value 0)
		Usr 0 00:00:49, Sys 0 00:00:00  -  Run Remote Usage
		Usr 0 00:00:00, Sys 0 00:00:00  -  Run Local Usage
		Usr 0 00:00:49, Sys 0 00:00:00  -  Total Remote Usage
		Usr 0 00:00:00, Sys 0 00:00:00  -  Total Local Usage
	2291  -  Run Bytes Sent By Job
	2400615  -  Run Bytes Received By Job
	2291  -  Total Bytes Sent By Job
	2400615  -  Total Bytes Received By Job
	Partitionable Resources :     Usage  Request Allocated 
	   Cpus                 :      1.00        1         1 
	   Disk (KB)            : 154883     1048576   1812413 
	   IoHeavy              :                            0 
	   Memory (MB)          :    206        1024      1024 

	Job terminated of its own accord at 2020-11-29T00:05:32Z.
...
