000 (217304.314.000) 2020-11-28 18:02:57 Job submitted from host: <128.104.100.148:9618?addrs=128.104.100.148-9618+[2607-f388-107c-501-216-3eff-feb2-bc11]-9618&alias=learn.chtc.wisc.edu&noUDP&sock=schedd_2128_35a0>
...
040 (217304.314.000) 2020-11-28 18:09:00 Started transferring input files
	Transferring to host: <128.104.58.169:9618?addrs=128.104.58.169-9618+[2607-f388-1086-0-16fe-b5ff-fec6-6e68]-9618&alias=e1023.chtc.wisc.edu&noUDP&sock=slot1_34_15341_df49_43126>
...
040 (217304.314.000) 2020-11-28 18:09:02 Finished transferring input files
...
001 (217304.314.000) 2020-11-28 18:09:04 Job executing on host: <128.104.58.169:9618?addrs=128.104.58.169-9618+[2607-f388-1086-0-16fe-b5ff-fec6-6e68]-9618&alias=e1023.chtc.wisc.edu&noUDP&sock=startd_5441_a6e3>
...
006 (217304.314.000) 2020-11-28 18:09:13 Image size of job updated: 228324
	223  -  MemoryUsage of job (MB)
	228324  -  ResidentSetSize of job (KB)
...
040 (217304.314.000) 2020-11-28 18:10:29 Started transferring output files
...
040 (217304.314.000) 2020-11-28 18:10:29 Finished transferring output files
...
005 (217304.314.000) 2020-11-28 18:10:29 Job terminated.
	(1) Normal termination (return value 0)
		Usr 0 00:01:21, Sys 0 00:00:02  -  Run Remote Usage
		Usr 0 00:00:00, Sys 0 00:00:00  -  Run Local Usage
		Usr 0 00:01:21, Sys 0 00:00:02  -  Total Remote Usage
		Usr 0 00:00:00, Sys 0 00:00:00  -  Total Local Usage
	2364  -  Run Bytes Sent By Job
	2880251  -  Run Bytes Received By Job
	2364  -  Total Bytes Sent By Job
	2880251  -  Total Bytes Received By Job
	Partitionable Resources :     Usage  Request Allocated 
	   Cpus                 :      0.98        1         1 
	   Disk (KB)            : 156670     1048576   1316749 
	   IoHeavy              :                            0 
	   Memory (MB)          :    223        1024      1024 

	Job terminated of its own accord at 2020-11-29T00:10:29Z.
...
