000 (217317.695.000) 2020-11-28 19:35:07 Job submitted from host: <128.104.100.148:9618?addrs=128.104.100.148-9618+[2607-f388-107c-501-216-3eff-feb2-bc11]-9618&alias=learn.chtc.wisc.edu&noUDP&sock=schedd_2128_35a0>
...
040 (217317.695.000) 2020-11-28 19:45:17 Started transferring input files
	Transferring to host: <128.104.58.180:9618?addrs=128.104.58.180-9618+[2607-f388-1086-0-16fe-b5ff-fec6-779e]-9618&alias=e1036.chtc.wisc.edu&noUDP&sock=slot1_7_36837_bfb3_41548>
...
040 (217317.695.000) 2020-11-28 19:45:19 Finished transferring input files
...
001 (217317.695.000) 2020-11-28 19:45:20 Job executing on host: <128.104.58.180:9618?addrs=128.104.58.180-9618+[2607-f388-1086-0-16fe-b5ff-fec6-779e]-9618&alias=e1036.chtc.wisc.edu&noUDP&sock=startd_5320_a7ee>
...
006 (217317.695.000) 2020-11-28 19:45:29 Image size of job updated: 206204
	202  -  MemoryUsage of job (MB)
	206204  -  ResidentSetSize of job (KB)
...
040 (217317.695.000) 2020-11-28 19:46:35 Started transferring output files
...
040 (217317.695.000) 2020-11-28 19:46:35 Finished transferring output files
...
005 (217317.695.000) 2020-11-28 19:46:35 Job terminated.
	(1) Normal termination (return value 0)
		Usr 0 00:01:10, Sys 0 00:00:01  -  Run Remote Usage
		Usr 0 00:00:00, Sys 0 00:00:00  -  Run Local Usage
		Usr 0 00:01:10, Sys 0 00:00:01  -  Total Remote Usage
		Usr 0 00:00:00, Sys 0 00:00:00  -  Total Local Usage
	2185  -  Run Bytes Sent By Job
	2442697  -  Run Bytes Received By Job
	2185  -  Total Bytes Sent By Job
	2442697  -  Total Bytes Received By Job
	Partitionable Resources :    Usage  Request Allocated 
	   Cpus                 :                 1         1 
	   Disk (KB)            :   154447  1048576   1335602 
	   IoHeavy              :                           0 
	   Memory (MB)          :      202     1024      1024 

	Job terminated of its own accord at 2020-11-29T01:46:35Z.
...
