000 (217304.209.000) 2020-11-28 18:02:57 Job submitted from host: <128.104.100.148:9618?addrs=128.104.100.148-9618+[2607-f388-107c-501-216-3eff-feb2-bc11]-9618&alias=learn.chtc.wisc.edu&noUDP&sock=schedd_2128_35a0>
...
040 (217304.209.000) 2020-11-28 18:07:56 Started transferring input files
	Transferring to host: <128.105.245.94:9618?addrs=128.105.245.94-9618&alias=e2294.chtc.wisc.edu&noUDP&sock=slot1_21_29323_74c1_44510>
...
040 (217304.209.000) 2020-11-28 18:07:58 Finished transferring input files
...
001 (217304.209.000) 2020-11-28 18:07:59 Job executing on host: <128.105.245.94:9618?addrs=128.105.245.94-9618&alias=e2294.chtc.wisc.edu&noUDP&sock=startd_2178_815c>
...
006 (217304.209.000) 2020-11-28 18:08:07 Image size of job updated: 215616
	211  -  MemoryUsage of job (MB)
	215616  -  ResidentSetSize of job (KB)
...
040 (217304.209.000) 2020-11-28 18:08:55 Started transferring output files
...
040 (217304.209.000) 2020-11-28 18:08:55 Finished transferring output files
...
005 (217304.209.000) 2020-11-28 18:08:55 Job terminated.
	(1) Normal termination (return value 0)
		Usr 0 00:00:55, Sys 0 00:00:00  -  Run Remote Usage
		Usr 0 00:00:00, Sys 0 00:00:00  -  Run Local Usage
		Usr 0 00:00:55, Sys 0 00:00:00  -  Total Remote Usage
		Usr 0 00:00:00, Sys 0 00:00:00  -  Total Local Usage
	2180  -  Run Bytes Sent By Job
	2521804  -  Run Bytes Received By Job
	2180  -  Total Bytes Sent By Job
	2521804  -  Total Bytes Received By Job
	Partitionable Resources :    Usage  Request Allocated 
	   Cpus                 :                 1         1 
	   Disk (KB)            :   154910  1048576   1207444 
	   IoHeavy              :                           0 
	   Memory (MB)          :      211     1024      1024 

	Job terminated of its own accord at 2020-11-29T00:08:55Z.
...
