000 (217317.298.000) 2020-11-28 19:35:07 Job submitted from host: <128.104.100.148:9618?addrs=128.104.100.148-9618+[2607-f388-107c-501-216-3eff-feb2-bc11]-9618&alias=learn.chtc.wisc.edu&noUDP&sock=schedd_2128_35a0>
...
040 (217317.298.000) 2020-11-28 19:41:34 Started transferring input files
	Transferring to host: <128.105.245.102:9618?addrs=128.105.245.102-9618&alias=e302.chtc.wisc.edu&noUDP&sock=slot1_20_629_eff3_43185>
...
040 (217317.298.000) 2020-11-28 19:41:42 Finished transferring input files
...
001 (217317.298.000) 2020-11-28 19:41:43 Job executing on host: <128.105.245.102:9618?addrs=128.105.245.102-9618&alias=e302.chtc.wisc.edu&noUDP&sock=startd_7259_a611>
...
006 (217317.298.000) 2020-11-28 19:41:52 Image size of job updated: 40572
	40  -  MemoryUsage of job (MB)
	40572  -  ResidentSetSize of job (KB)
...
006 (217317.298.000) 2020-11-28 19:43:10 Image size of job updated: 112048
	110  -  MemoryUsage of job (MB)
	112048  -  ResidentSetSize of job (KB)
...
040 (217317.298.000) 2020-11-28 19:43:10 Started transferring output files
...
040 (217317.298.000) 2020-11-28 19:43:10 Finished transferring output files
...
005 (217317.298.000) 2020-11-28 19:43:10 Job terminated.
	(1) Normal termination (return value 0)
		Usr 0 00:01:00, Sys 0 00:00:00  -  Run Remote Usage
		Usr 0 00:00:00, Sys 0 00:00:00  -  Run Local Usage
		Usr 0 00:01:00, Sys 0 00:00:00  -  Total Remote Usage
		Usr 0 00:00:00, Sys 0 00:00:00  -  Total Local Usage
	2258  -  Run Bytes Sent By Job
	2185706  -  Run Bytes Received By Job
	2258  -  Total Bytes Sent By Job
	2185706  -  Total Bytes Received By Job
	Partitionable Resources :     Usage  Request Allocated 
	   Cpus                 :      0.86        1         1 
	   Disk (KB)            : 153620     1048576   1326563 
	   IoHeavy              :                            0 
	   Memory (MB)          :    110        1024      1024 

	Job terminated of its own accord at 2020-11-29T01:43:10Z.
...
