000 (217304.146.000) 2020-11-28 18:02:57 Job submitted from host: <128.104.100.148:9618?addrs=128.104.100.148-9618+[2607-f388-107c-501-216-3eff-feb2-bc11]-9618&alias=learn.chtc.wisc.edu&noUDP&sock=schedd_2128_35a0>
...
040 (217304.146.000) 2020-11-28 18:06:46 Started transferring input files
	Transferring to host: <128.105.245.177:9618?addrs=128.105.245.177-9618&alias=e2377.chtc.wisc.edu&noUDP&sock=slot1_19_23442_c272_42791>
...
040 (217304.146.000) 2020-11-28 18:06:50 Finished transferring input files
...
001 (217304.146.000) 2020-11-28 18:06:51 Job executing on host: <128.105.245.177:9618?addrs=128.105.245.177-9618&alias=e2377.chtc.wisc.edu&noUDP&sock=startd_23030_3e30>
...
006 (217304.146.000) 2020-11-28 18:07:00 Image size of job updated: 64220
	63  -  MemoryUsage of job (MB)
	64220  -  ResidentSetSize of job (KB)
...
006 (217304.146.000) 2020-11-28 18:08:06 Image size of job updated: 112696
	111  -  MemoryUsage of job (MB)
	112696  -  ResidentSetSize of job (KB)
...
040 (217304.146.000) 2020-11-28 18:08:06 Started transferring output files
...
040 (217304.146.000) 2020-11-28 18:08:06 Finished transferring output files
...
005 (217304.146.000) 2020-11-28 18:08:06 Job terminated.
	(1) Normal termination (return value 0)
		Usr 0 00:01:00, Sys 0 00:00:00  -  Run Remote Usage
		Usr 0 00:00:00, Sys 0 00:00:00  -  Run Local Usage
		Usr 0 00:01:00, Sys 0 00:00:00  -  Total Remote Usage
		Usr 0 00:00:00, Sys 0 00:00:00  -  Total Local Usage
	2336  -  Run Bytes Sent By Job
	2518717  -  Run Bytes Received By Job
	2336  -  Total Bytes Sent By Job
	2518717  -  Total Bytes Received By Job
	Partitionable Resources :    Usage  Request Allocated 
	   Cpus                 :                 1         1 
	   Disk (KB)            :   154592  1048576   1481484 
	   IoHeavy              :                           0 
	   Memory (MB)          :      111     1024      1024 

	Job terminated of its own accord at 2020-11-29T00:08:06Z.
...
