000 (217317.660.000) 2020-11-28 19:35:07 Job submitted from host: <128.104.100.148:9618?addrs=128.104.100.148-9618+[2607-f388-107c-501-216-3eff-feb2-bc11]-9618&alias=learn.chtc.wisc.edu&noUDP&sock=schedd_2128_35a0>
...
040 (217317.660.000) 2020-11-28 19:45:05 Started transferring input files
	Transferring to host: <128.104.58.195:9618?addrs=128.104.58.195-9618+[2607-f388-1086-0-16fe-b5ff-fec6-6e3b]-9618&alias=e1054.chtc.wisc.edu&noUDP&sock=slot1_34_33059_ce59_41765>
...
040 (217317.660.000) 2020-11-28 19:45:07 Finished transferring input files
...
001 (217317.660.000) 2020-11-28 19:45:08 Job executing on host: <128.104.58.195:9618?addrs=128.104.58.195-9618+[2607-f388-1086-0-16fe-b5ff-fec6-6e3b]-9618&alias=e1054.chtc.wisc.edu&noUDP&sock=startd_5648_a2fe>
...
006 (217317.660.000) 2020-11-28 19:45:17 Image size of job updated: 196268
	192  -  MemoryUsage of job (MB)
	196268  -  ResidentSetSize of job (KB)
...
040 (217317.660.000) 2020-11-28 19:46:03 Started transferring output files
...
040 (217317.660.000) 2020-11-28 19:46:03 Finished transferring output files
...
005 (217317.660.000) 2020-11-28 19:46:03 Job terminated.
	(1) Normal termination (return value 0)
		Usr 0 00:00:53, Sys 0 00:00:00  -  Run Remote Usage
		Usr 0 00:00:00, Sys 0 00:00:00  -  Run Local Usage
		Usr 0 00:00:53, Sys 0 00:00:00  -  Total Remote Usage
		Usr 0 00:00:00, Sys 0 00:00:00  -  Total Local Usage
	2432  -  Run Bytes Sent By Job
	2092114  -  Run Bytes Received By Job
	2432  -  Total Bytes Sent By Job
	2092114  -  Total Bytes Received By Job
	Partitionable Resources :    Usage  Request Allocated 
	   Cpus                 :                 1         1 
	   Disk (KB)            :   152374  1048576   1333766 
	   IoHeavy              :                           0 
	   Memory (MB)          :      192     1024      1024 

	Job terminated of its own accord at 2020-11-29T01:46:03Z.
...
