000 (217317.276.000) 2020-11-28 19:35:07 Job submitted from host: <128.104.100.148:9618?addrs=128.104.100.148-9618+[2607-f388-107c-501-216-3eff-feb2-bc11]-9618&alias=learn.chtc.wisc.edu&noUDP&sock=schedd_2128_35a0>
...
040 (217317.276.000) 2020-11-28 19:41:33 Started transferring input files
	Transferring to host: <128.105.244.29:9618?addrs=128.105.244.29-9618&alias=e3160.chtc.wisc.edu&noUDP&sock=slot1_3_30328_91ca_39752>
...
040 (217317.276.000) 2020-11-28 19:41:34 Finished transferring input files
...
001 (217317.276.000) 2020-11-28 19:41:35 Job executing on host: <128.105.244.29:9618?addrs=128.105.244.29-9618&alias=e3160.chtc.wisc.edu&noUDP&sock=startd_31013_eabb>
...
006 (217317.276.000) 2020-11-28 19:41:44 Image size of job updated: 216836
	212  -  MemoryUsage of job (MB)
	216836  -  ResidentSetSize of job (KB)
...
040 (217317.276.000) 2020-11-28 19:42:32 Started transferring output files
...
040 (217317.276.000) 2020-11-28 19:42:32 Finished transferring output files
...
005 (217317.276.000) 2020-11-28 19:42:32 Job terminated.
	(1) Normal termination (return value 0)
		Usr 0 00:00:55, Sys 0 00:00:00  -  Run Remote Usage
		Usr 0 00:00:00, Sys 0 00:00:00  -  Run Local Usage
		Usr 0 00:00:55, Sys 0 00:00:00  -  Total Remote Usage
		Usr 0 00:00:00, Sys 0 00:00:00  -  Total Local Usage
	2251  -  Run Bytes Sent By Job
	2106140  -  Run Bytes Received By Job
	2251  -  Total Bytes Sent By Job
	2106140  -  Total Bytes Received By Job
	Partitionable Resources :     Usage  Request Allocated 
	   Cpus                 :      0.89        1         1 
	   Disk (KB)            : 153740     1048576   3186592 
	   IoHeavy              :                            0 
	   Memory (MB)          :    212        1024      1024 

	Job terminated of its own accord at 2020-11-29T01:42:32Z.
...
