000 (217304.001.000) 2020-11-28 18:02:57 Job submitted from host: <128.104.100.148:9618?addrs=128.104.100.148-9618+[2607-f388-107c-501-216-3eff-feb2-bc11]-9618&alias=learn.chtc.wisc.edu&noUDP&sock=schedd_2128_35a0>
...
040 (217304.001.000) 2020-11-28 18:04:37 Started transferring input files
	Transferring to host: <128.105.245.233:9618?addrs=128.105.245.233-9618&alias=e2433.chtc.wisc.edu&noUDP&sock=slot1_38_15153_68c1_42728>
...
040 (217304.001.000) 2020-11-28 18:04:39 Finished transferring input files
...
001 (217304.001.000) 2020-11-28 18:04:40 Job executing on host: <128.105.245.233:9618?addrs=128.105.245.233-9618&alias=e2433.chtc.wisc.edu&noUDP&sock=startd_4603_da86>
...
006 (217304.001.000) 2020-11-28 18:04:49 Image size of job updated: 320628
	314  -  MemoryUsage of job (MB)
	320628  -  ResidentSetSize of job (KB)
...
040 (217304.001.000) 2020-11-28 18:05:46 Started transferring output files
...
040 (217304.001.000) 2020-11-28 18:05:46 Finished transferring output files
...
005 (217304.001.000) 2020-11-28 18:05:46 Job terminated.
	(1) Normal termination (return value 0)
		Usr 0 00:01:02, Sys 0 00:00:00  -  Run Remote Usage
		Usr 0 00:00:00, Sys 0 00:00:00  -  Run Local Usage
		Usr 0 00:01:02, Sys 0 00:00:00  -  Total Remote Usage
		Usr 0 00:00:00, Sys 0 00:00:00  -  Total Local Usage
	2194  -  Run Bytes Sent By Job
	2232588  -  Run Bytes Received By Job
	2194  -  Total Bytes Sent By Job
	2232588  -  Total Bytes Received By Job
	Partitionable Resources :     Usage  Request Allocated 
	   Cpus                 :      0.99        1         1 
	   Disk (KB)            : 153489     1048576   1342461 
	   IoHeavy              :                            0 
	   Memory (MB)          :    314        1024      1024 

	Job terminated of its own accord at 2020-11-29T00:05:45Z.
...
