000 (217317.539.000) 2020-11-28 19:35:07 Job submitted from host: <128.104.100.148:9618?addrs=128.104.100.148-9618+[2607-f388-107c-501-216-3eff-feb2-bc11]-9618&alias=learn.chtc.wisc.edu&noUDP&sock=schedd_2128_35a0>
...
040 (217317.539.000) 2020-11-28 19:44:07 Started transferring input files
	Transferring to host: <128.105.245.203:9618?addrs=128.105.245.203-9618&alias=e2403.chtc.wisc.edu&noUDP&sock=slot1_22_40022_de95_43305>
...
040 (217317.539.000) 2020-11-28 19:44:09 Finished transferring input files
...
001 (217317.539.000) 2020-11-28 19:44:10 Job executing on host: <128.105.245.203:9618?addrs=128.105.245.203-9618&alias=e2403.chtc.wisc.edu&noUDP&sock=startd_2147_3dec>
...
006 (217317.539.000) 2020-11-28 19:44:18 Image size of job updated: 180532
	177  -  MemoryUsage of job (MB)
	180532  -  ResidentSetSize of job (KB)
...
006 (217317.539.000) 2020-11-28 19:45:14 Image size of job updated: 180532
	184  -  MemoryUsage of job (MB)
	188056  -  ResidentSetSize of job (KB)
...
040 (217317.539.000) 2020-11-28 19:45:14 Started transferring output files
...
040 (217317.539.000) 2020-11-28 19:45:14 Finished transferring output files
...
005 (217317.539.000) 2020-11-28 19:45:14 Job terminated.
	(1) Normal termination (return value 0)
		Usr 0 00:00:54, Sys 0 00:00:00  -  Run Remote Usage
		Usr 0 00:00:00, Sys 0 00:00:00  -  Run Local Usage
		Usr 0 00:00:54, Sys 0 00:00:00  -  Total Remote Usage
		Usr 0 00:00:00, Sys 0 00:00:00  -  Total Local Usage
	2508  -  Run Bytes Sent By Job
	2013605  -  Run Bytes Received By Job
	2508  -  Total Bytes Sent By Job
	2013605  -  Total Bytes Received By Job
	Partitionable Resources :    Usage  Request Allocated 
	   Cpus                 :                 1         1 
	   Disk (KB)            :   151766  1048576   1207146 
	   IoHeavy              :                           0 
	   Memory (MB)          :      184     1024      1024 

	Job terminated of its own accord at 2020-11-29T01:45:14Z.
...
