000 (217304.760.000) 2020-11-28 18:02:57 Job submitted from host: <128.104.100.148:9618?addrs=128.104.100.148-9618+[2607-f388-107c-501-216-3eff-feb2-bc11]-9618&alias=learn.chtc.wisc.edu&noUDP&sock=schedd_2128_35a0>
...
040 (217304.760.000) 2020-11-28 18:12:56 Started transferring input files
	Transferring to host: <128.105.244.68:9618?addrs=128.105.244.68-9618&alias=e188.chtc.wisc.edu&noUDP&sock=slot1_5_14019_6753_39561>
...
040 (217304.760.000) 2020-11-28 18:12:58 Finished transferring input files
...
001 (217304.760.000) 2020-11-28 18:12:59 Job executing on host: <128.105.244.68:9618?addrs=128.105.244.68-9618&alias=e188.chtc.wisc.edu&noUDP&sock=startd_15333_bdba>
...
006 (217304.760.000) 2020-11-28 18:13:07 Image size of job updated: 222900
	218  -  MemoryUsage of job (MB)
	222900  -  ResidentSetSize of job (KB)
...
040 (217304.760.000) 2020-11-28 18:14:01 Started transferring output files
...
040 (217304.760.000) 2020-11-28 18:14:01 Finished transferring output files
...
005 (217304.760.000) 2020-11-28 18:14:01 Job terminated.
	(1) Normal termination (return value 0)
		Usr 0 00:01:00, Sys 0 00:00:00  -  Run Remote Usage
		Usr 0 00:00:00, Sys 0 00:00:00  -  Run Local Usage
		Usr 0 00:01:00, Sys 0 00:00:00  -  Total Remote Usage
		Usr 0 00:00:00, Sys 0 00:00:00  -  Total Local Usage
	2274  -  Run Bytes Sent By Job
	2509702  -  Run Bytes Received By Job
	2274  -  Total Bytes Sent By Job
	2509702  -  Total Bytes Received By Job
	Partitionable Resources :    Usage  Request Allocated 
	   Cpus                 :                 1         1 
	   Disk (KB)            :   156198  1048576   2730037 
	   IoHeavy              :                           0 
	   Memory (MB)          :      218     1024      1024 

	Job terminated of its own accord at 2020-11-29T00:14:01Z.
...
