000 (217304.128.000) 2020-11-28 18:02:57 Job submitted from host: <128.104.100.148:9618?addrs=128.104.100.148-9618+[2607-f388-107c-501-216-3eff-feb2-bc11]-9618&alias=learn.chtc.wisc.edu&noUDP&sock=schedd_2128_35a0>
...
040 (217304.128.000) 2020-11-28 18:06:45 Started transferring input files
	Transferring to host: <128.105.245.65:9618?addrs=128.105.245.65-9618&alias=e265.chtc.wisc.edu&noUDP&sock=slot1_24_26979_e562_46780>
...
040 (217304.128.000) 2020-11-28 18:06:47 Finished transferring input files
...
001 (217304.128.000) 2020-11-28 18:06:48 Job executing on host: <128.105.245.65:9618?addrs=128.105.245.65-9618&alias=e265.chtc.wisc.edu&noUDP&sock=startd_19420_154b>
...
006 (217304.128.000) 2020-11-28 18:06:58 Image size of job updated: 438972
	429  -  MemoryUsage of job (MB)
	438972  -  ResidentSetSize of job (KB)
...
040 (217304.128.000) 2020-11-28 18:08:00 Started transferring output files
...
040 (217304.128.000) 2020-11-28 18:08:00 Finished transferring output files
...
005 (217304.128.000) 2020-11-28 18:08:00 Job terminated.
	(1) Normal termination (return value 0)
		Usr 0 00:01:07, Sys 0 00:00:01  -  Run Remote Usage
		Usr 0 00:00:00, Sys 0 00:00:00  -  Run Local Usage
		Usr 0 00:01:07, Sys 0 00:00:01  -  Total Remote Usage
		Usr 0 00:00:00, Sys 0 00:00:00  -  Total Local Usage
	2308  -  Run Bytes Sent By Job
	2120523  -  Run Bytes Received By Job
	2308  -  Total Bytes Sent By Job
	2120523  -  Total Bytes Received By Job
	Partitionable Resources :    Usage  Request Allocated 
	   Cpus                 :                 1         1 
	   Disk (KB)            :   153418  1048576   1327572 
	   IoHeavy              :                           0 
	   Memory (MB)          :      429     1024      1024 

	Job terminated of its own accord at 2020-11-29T00:08:00Z.
...
