000 (217317.277.000) 2020-11-28 19:35:07 Job submitted from host: <128.104.100.148:9618?addrs=128.104.100.148-9618+[2607-f388-107c-501-216-3eff-feb2-bc11]-9618&alias=learn.chtc.wisc.edu&noUDP&sock=schedd_2128_35a0>
...
040 (217317.277.000) 2020-11-28 19:41:33 Started transferring input files
	Transferring to host: <128.105.245.66:9618?addrs=128.105.245.66-9618&alias=e266.chtc.wisc.edu&noUDP&sock=slot1_39_2921_dbd0_42660>
...
040 (217317.277.000) 2020-11-28 19:41:35 Finished transferring input files
...
001 (217317.277.000) 2020-11-28 19:41:36 Job executing on host: <128.105.245.66:9618?addrs=128.105.245.66-9618&alias=e266.chtc.wisc.edu&noUDP&sock=startd_4680_ab51>
...
006 (217317.277.000) 2020-11-28 19:41:45 Image size of job updated: 204620
	200  -  MemoryUsage of job (MB)
	204620  -  ResidentSetSize of job (KB)
...
040 (217317.277.000) 2020-11-28 19:42:42 Started transferring output files
...
040 (217317.277.000) 2020-11-28 19:42:42 Finished transferring output files
...
005 (217317.277.000) 2020-11-28 19:42:42 Job terminated.
	(1) Normal termination (return value 0)
		Usr 0 00:00:57, Sys 0 00:00:00  -  Run Remote Usage
		Usr 0 00:00:00, Sys 0 00:00:00  -  Run Local Usage
		Usr 0 00:00:57, Sys 0 00:00:00  -  Total Remote Usage
		Usr 0 00:00:00, Sys 0 00:00:00  -  Total Local Usage
	2221  -  Run Bytes Sent By Job
	1823536  -  Run Bytes Received By Job
	2221  -  Total Bytes Sent By Job
	1823536  -  Total Bytes Received By Job
	Partitionable Resources :     Usage  Request Allocated 
	   Cpus                 :      0.98        1         1 
	   Disk (KB)            : 152011     1048576   1574732 
	   IoHeavy              :                            0 
	   Memory (MB)          :    200        1024      1024 

	Job terminated of its own accord at 2020-11-29T01:42:42Z.
...
