000 (217304.184.000) 2020-11-28 18:02:57 Job submitted from host: <128.104.100.148:9618?addrs=128.104.100.148-9618+[2607-f388-107c-501-216-3eff-feb2-bc11]-9618&alias=learn.chtc.wisc.edu&noUDP&sock=schedd_2128_35a0>
...
040 (217304.184.000) 2020-11-28 18:07:29 Started transferring input files
	Transferring to host: <128.104.58.34:9618?addrs=128.104.58.34-9618+[2607-f388-1086-0-a6ba-dbff-fe38-fcaa]-9618&alias=e024.chtc.wisc.edu&noUDP&sock=slot1_8_27385_f5b3_38501>
...
040 (217304.184.000) 2020-11-28 18:07:31 Finished transferring input files
...
001 (217304.184.000) 2020-11-28 18:07:32 Job executing on host: <128.104.58.34:9618?addrs=128.104.58.34-9618+[2607-f388-1086-0-a6ba-dbff-fe38-fcaa]-9618&alias=e024.chtc.wisc.edu&noUDP&sock=startd_3191_56cc>
...
006 (217304.184.000) 2020-11-28 18:07:40 Image size of job updated: 208032
	204  -  MemoryUsage of job (MB)
	208032  -  ResidentSetSize of job (KB)
...
040 (217304.184.000) 2020-11-28 18:09:02 Started transferring output files
...
040 (217304.184.000) 2020-11-28 18:09:02 Finished transferring output files
...
005 (217304.184.000) 2020-11-28 18:09:02 Job terminated.
	(1) Normal termination (return value 0)
		Usr 0 00:01:29, Sys 0 00:00:01  -  Run Remote Usage
		Usr 0 00:00:00, Sys 0 00:00:00  -  Run Local Usage
		Usr 0 00:01:29, Sys 0 00:00:01  -  Total Remote Usage
		Usr 0 00:00:00, Sys 0 00:00:00  -  Total Local Usage
	2422  -  Run Bytes Sent By Job
	2388693  -  Run Bytes Received By Job
	2422  -  Total Bytes Sent By Job
	2388693  -  Total Bytes Received By Job
	Partitionable Resources :     Usage  Request Allocated 
	   Cpus                 :      1.00        1         1 
	   Disk (KB)            : 153806     1048576   3639163 
	   IoHeavy              :                            0 
	   Memory (MB)          :    204        1024      1024 

	Job terminated of its own accord at 2020-11-29T00:09:02Z.
...
