000 (217317.074.000) 2020-11-28 19:35:07 Job submitted from host: <128.104.100.148:9618?addrs=128.104.100.148-9618+[2607-f388-107c-501-216-3eff-feb2-bc11]-9618&alias=learn.chtc.wisc.edu&noUDP&sock=schedd_2128_35a0>
...
040 (217317.074.000) 2020-11-28 19:37:45 Started transferring input files
	Transferring to host: <128.105.245.135:9618?addrs=128.105.245.135-9618&alias=e335.chtc.wisc.edu&noUDP&sock=slot1_12_16240_4c8d_44256>
...
040 (217317.074.000) 2020-11-28 19:37:48 Finished transferring input files
...
001 (217317.074.000) 2020-11-28 19:37:49 Job executing on host: <128.105.245.135:9618?addrs=128.105.245.135-9618&alias=e335.chtc.wisc.edu&noUDP&sock=startd_2604_b4b4>
...
006 (217317.074.000) 2020-11-28 19:37:58 Image size of job updated: 79540
	78  -  MemoryUsage of job (MB)
	79540  -  ResidentSetSize of job (KB)
...
006 (217317.074.000) 2020-11-28 19:39:14 Image size of job updated: 106236
	104  -  MemoryUsage of job (MB)
	106236  -  ResidentSetSize of job (KB)
...
040 (217317.074.000) 2020-11-28 19:39:14 Started transferring output files
...
040 (217317.074.000) 2020-11-28 19:39:14 Finished transferring output files
...
005 (217317.074.000) 2020-11-28 19:39:14 Job terminated.
	(1) Normal termination (return value 0)
		Usr 0 00:01:08, Sys 0 00:00:00  -  Run Remote Usage
		Usr 0 00:00:00, Sys 0 00:00:00  -  Run Local Usage
		Usr 0 00:01:08, Sys 0 00:00:00  -  Total Remote Usage
		Usr 0 00:00:00, Sys 0 00:00:00  -  Total Local Usage
	2267  -  Run Bytes Sent By Job
	2421825  -  Run Bytes Received By Job
	2267  -  Total Bytes Sent By Job
	2421825  -  Total Bytes Received By Job
	Partitionable Resources :     Usage  Request Allocated 
	   Cpus                 :      1.00        1         1 
	   Disk (KB)            : 154502     1048576   1338706 
	   IoHeavy              :                            0 
	   Memory (MB)          :    104        1024      1024 

	Job terminated of its own accord at 2020-11-29T01:39:14Z.
...
