000 (217317.357.000) 2020-11-28 19:35:07 Job submitted from host: <128.104.100.148:9618?addrs=128.104.100.148-9618+[2607-f388-107c-501-216-3eff-feb2-bc11]-9618&alias=learn.chtc.wisc.edu&noUDP&sock=schedd_2128_35a0>
...
040 (217317.357.000) 2020-11-28 19:42:21 Started transferring input files
	Transferring to host: <128.104.58.84:9618?addrs=128.104.58.84-9618+[2607-f388-1086-0-a6ba-dbff-fe38-e75f]-9618&alias=e074.chtc.wisc.edu&noUDP&sock=slot1_16_10768_c7af_39447>
...
040 (217317.357.000) 2020-11-28 19:42:23 Finished transferring input files
...
001 (217317.357.000) 2020-11-28 19:42:24 Job executing on host: <128.104.58.84:9618?addrs=128.104.58.84-9618+[2607-f388-1086-0-a6ba-dbff-fe38-e75f]-9618&alias=e074.chtc.wisc.edu&noUDP&sock=startd_4523_faf2>
...
006 (217317.357.000) 2020-11-28 19:42:32 Image size of job updated: 229784
	225  -  MemoryUsage of job (MB)
	229784  -  ResidentSetSize of job (KB)
...
040 (217317.357.000) 2020-11-28 19:43:56 Started transferring output files
...
040 (217317.357.000) 2020-11-28 19:43:56 Finished transferring output files
...
005 (217317.357.000) 2020-11-28 19:43:56 Job terminated.
	(1) Normal termination (return value 0)
		Usr 0 00:01:31, Sys 0 00:00:00  -  Run Remote Usage
		Usr 0 00:00:00, Sys 0 00:00:00  -  Run Local Usage
		Usr 0 00:01:31, Sys 0 00:00:00  -  Total Remote Usage
		Usr 0 00:00:00, Sys 0 00:00:00  -  Total Local Usage
	2317  -  Run Bytes Sent By Job
	3122821  -  Run Bytes Received By Job
	2317  -  Total Bytes Sent By Job
	3122821  -  Total Bytes Received By Job
	Partitionable Resources :    Usage  Request Allocated 
	   Cpus                 :                 1         1 
	   Disk (KB)            :   158759  1048576   3638221 
	   IoHeavy              :                           0 
	   Memory (MB)          :      225     1024      1024 

	Job terminated of its own accord at 2020-11-29T01:43:56Z.
...
