000 (217317.785.000) 2020-11-28 19:35:07 Job submitted from host: <128.104.100.148:9618?addrs=128.104.100.148-9618+[2607-f388-107c-501-216-3eff-feb2-bc11]-9618&alias=learn.chtc.wisc.edu&noUDP&sock=schedd_2128_35a0>
...
040 (217317.785.000) 2020-11-28 19:46:01 Started transferring input files
	Transferring to host: <128.105.245.77:9618?addrs=128.105.245.77-9618&alias=e277.chtc.wisc.edu&noUDP&sock=slot1_25_8548_96d5_46348>
...
040 (217317.785.000) 2020-11-28 19:46:03 Finished transferring input files
...
001 (217317.785.000) 2020-11-28 19:46:04 Job executing on host: <128.105.245.77:9618?addrs=128.105.245.77-9618&alias=e277.chtc.wisc.edu&noUDP&sock=startd_7108_1344>
...
006 (217317.785.000) 2020-11-28 19:46:12 Image size of job updated: 195980
	192  -  MemoryUsage of job (MB)
	195980  -  ResidentSetSize of job (KB)
...
040 (217317.785.000) 2020-11-28 19:46:58 Started transferring output files
...
040 (217317.785.000) 2020-11-28 19:46:58 Finished transferring output files
...
005 (217317.785.000) 2020-11-28 19:46:58 Job terminated.
	(1) Normal termination (return value 0)
		Usr 0 00:00:52, Sys 0 00:00:00  -  Run Remote Usage
		Usr 0 00:00:00, Sys 0 00:00:00  -  Run Local Usage
		Usr 0 00:00:52, Sys 0 00:00:00  -  Total Remote Usage
		Usr 0 00:00:00, Sys 0 00:00:00  -  Total Local Usage
	2212  -  Run Bytes Sent By Job
	2103527  -  Run Bytes Received By Job
	2212  -  Total Bytes Sent By Job
	2103527  -  Total Bytes Received By Job
	Partitionable Resources :    Usage  Request Allocated 
	   Cpus                 :                 1         1 
	   Disk (KB)            :   151094  1048576   1332176 
	   IoHeavy              :                           0 
	   Memory (MB)          :      192     1024      1024 

	Job terminated of its own accord at 2020-11-29T01:46:57Z.
...
