000 (217304.633.000) 2020-11-28 18:02:57 Job submitted from host: <128.104.100.148:9618?addrs=128.104.100.148-9618+[2607-f388-107c-501-216-3eff-feb2-bc11]-9618&alias=learn.chtc.wisc.edu&noUDP&sock=schedd_2128_35a0>
...
040 (217304.633.000) 2020-11-28 18:12:04 Started transferring input files
	Transferring to host: <128.105.245.104:9618?addrs=128.105.245.104-9618&alias=e304.chtc.wisc.edu&noUDP&sock=slot1_28_37142_a61f_42300>
...
040 (217304.633.000) 2020-11-28 18:12:08 Finished transferring input files
...
001 (217304.633.000) 2020-11-28 18:12:09 Job executing on host: <128.105.245.104:9618?addrs=128.105.245.104-9618&alias=e304.chtc.wisc.edu&noUDP&sock=startd_34732_d772>
...
006 (217304.633.000) 2020-11-28 18:12:19 Image size of job updated: 286008
	280  -  MemoryUsage of job (MB)
	286008  -  ResidentSetSize of job (KB)
...
040 (217304.633.000) 2020-11-28 18:13:08 Started transferring output files
...
040 (217304.633.000) 2020-11-28 18:13:08 Finished transferring output files
...
005 (217304.633.000) 2020-11-28 18:13:08 Job terminated.
	(1) Normal termination (return value 0)
		Usr 0 00:00:52, Sys 0 00:00:02  -  Run Remote Usage
		Usr 0 00:00:00, Sys 0 00:00:00  -  Run Local Usage
		Usr 0 00:00:52, Sys 0 00:00:02  -  Total Remote Usage
		Usr 0 00:00:00, Sys 0 00:00:00  -  Total Local Usage
	2493  -  Run Bytes Sent By Job
	2207952  -  Run Bytes Received By Job
	2493  -  Total Bytes Sent By Job
	2207952  -  Total Bytes Received By Job
	Partitionable Resources :     Usage  Request Allocated 
	   Cpus                 :      0.99        1         1 
	   Disk (KB)            : 152632     1048576   1358711 
	   IoHeavy              :                            0 
	   Memory (MB)          :    280        1024      1024 

	Job terminated of its own accord at 2020-11-29T00:13:08Z.
...
