000 (217317.349.000) 2020-11-28 19:35:07 Job submitted from host: <128.104.100.148:9618?addrs=128.104.100.148-9618+[2607-f388-107c-501-216-3eff-feb2-bc11]-9618&alias=learn.chtc.wisc.edu&noUDP&sock=schedd_2128_35a0>
...
040 (217317.349.000) 2020-11-28 19:42:15 Started transferring input files
	Transferring to host: <128.104.102.21:9618?addrs=128.104.102.21-9618+[2607-f388-107c-501-16fe-b5ff-feca-48c9]-9618&alias=e0150.chtc.wisc.edu&noUDP&sock=slot1_22_8996_3ee7_54647>
...
040 (217317.349.000) 2020-11-28 19:42:21 Finished transferring input files
...
001 (217317.349.000) 2020-11-28 19:42:22 Job executing on host: <128.104.102.21:9618?addrs=128.104.102.21-9618+[2607-f388-107c-501-16fe-b5ff-feca-48c9]-9618&alias=e0150.chtc.wisc.edu&noUDP&sock=startd_6165_4175>
...
006 (217317.349.000) 2020-11-28 19:42:31 Image size of job updated: 215212
	211  -  MemoryUsage of job (MB)
	215212  -  ResidentSetSize of job (KB)
...
040 (217317.349.000) 2020-11-28 19:45:10 Started transferring output files
...
040 (217317.349.000) 2020-11-28 19:45:10 Finished transferring output files
...
005 (217317.349.000) 2020-11-28 19:45:10 Job terminated.
	(1) Normal termination (return value 0)
		Usr 0 00:02:45, Sys 0 00:00:01  -  Run Remote Usage
		Usr 0 00:00:00, Sys 0 00:00:00  -  Run Local Usage
		Usr 0 00:02:45, Sys 0 00:00:01  -  Total Remote Usage
		Usr 0 00:00:00, Sys 0 00:00:00  -  Total Local Usage
	2232  -  Run Bytes Sent By Job
	2659615  -  Run Bytes Received By Job
	2232  -  Total Bytes Sent By Job
	2659615  -  Total Bytes Received By Job
	Partitionable Resources :    Usage  Request Allocated 
	   Cpus                 :                 1         1 
	   Disk (KB)            :   156717  1048576   3632341 
	   IoHeavy              :                           0 
	   Memory (MB)          :      211     1024      1024 

	Job terminated of its own accord at 2020-11-29T01:45:09Z.
...
