000 (217304.824.000) 2020-11-28 18:02:57 Job submitted from host: <128.104.100.148:9618?addrs=128.104.100.148-9618+[2607-f388-107c-501-216-3eff-feb2-bc11]-9618&alias=learn.chtc.wisc.edu&noUDP&sock=schedd_2128_35a0>
...
040 (217304.824.000) 2020-11-28 18:13:18 Started transferring input files
	Transferring to host: <128.105.245.233:9618?addrs=128.105.245.233-9618&alias=e2433.chtc.wisc.edu&noUDP&sock=slot1_38_15153_68c1_42756>
...
040 (217304.824.000) 2020-11-28 18:13:20 Finished transferring input files
...
001 (217304.824.000) 2020-11-28 18:13:21 Job executing on host: <128.105.245.233:9618?addrs=128.105.245.233-9618&alias=e2433.chtc.wisc.edu&noUDP&sock=startd_4603_da86>
...
006 (217304.824.000) 2020-11-28 18:13:29 Image size of job updated: 263364
	258  -  MemoryUsage of job (MB)
	263364  -  ResidentSetSize of job (KB)
...
006 (217304.824.000) 2020-11-28 18:14:21 Image size of job updated: 263364
	258  -  MemoryUsage of job (MB)
	263492  -  ResidentSetSize of job (KB)
...
040 (217304.824.000) 2020-11-28 18:14:21 Started transferring output files
...
040 (217304.824.000) 2020-11-28 18:14:21 Finished transferring output files
...
005 (217304.824.000) 2020-11-28 18:14:21 Job terminated.
	(1) Normal termination (return value 0)
		Usr 0 00:00:54, Sys 0 00:00:01  -  Run Remote Usage
		Usr 0 00:00:00, Sys 0 00:00:00  -  Run Local Usage
		Usr 0 00:00:54, Sys 0 00:00:01  -  Total Remote Usage
		Usr 0 00:00:00, Sys 0 00:00:00  -  Total Local Usage
	2378  -  Run Bytes Sent By Job
	1350716  -  Run Bytes Received By Job
	2378  -  Total Bytes Sent By Job
	1350716  -  Total Bytes Received By Job
	Partitionable Resources :    Usage  Request Allocated 
	   Cpus                 :                 1         1 
	   Disk (KB)            :   149586  1048576   1342461 
	   IoHeavy              :                           0 
	   Memory (MB)          :      258     1024      1024 

	Job terminated of its own accord at 2020-11-29T00:14:21Z.
...
