000 (217317.256.000) 2020-11-28 19:35:07 Job submitted from host: <128.104.100.148:9618?addrs=128.104.100.148-9618+[2607-f388-107c-501-216-3eff-feb2-bc11]-9618&alias=learn.chtc.wisc.edu&noUDP&sock=schedd_2128_35a0>
...
040 (217317.256.000) 2020-11-28 19:41:04 Started transferring input files
	Transferring to host: <128.104.58.83:9618?addrs=128.104.58.83-9618+[2607-f388-1086-0-a6ba-dbff-fe38-e833]-9618&alias=e1073.chtc.wisc.edu&noUDP&sock=slot1_11_18411_f706_40777>
...
040 (217317.256.000) 2020-11-28 19:41:05 Finished transferring input files
...
001 (217317.256.000) 2020-11-28 19:41:06 Job executing on host: <128.104.58.83:9618?addrs=128.104.58.83-9618+[2607-f388-1086-0-a6ba-dbff-fe38-e833]-9618&alias=e1073.chtc.wisc.edu&noUDP&sock=startd_4582_7309>
...
006 (217317.256.000) 2020-11-28 19:41:15 Image size of job updated: 222152
	217  -  MemoryUsage of job (MB)
	222152  -  ResidentSetSize of job (KB)
...
040 (217317.256.000) 2020-11-28 19:41:57 Started transferring output files
...
040 (217317.256.000) 2020-11-28 19:41:57 Finished transferring output files
...
005 (217317.256.000) 2020-11-28 19:41:57 Job terminated.
	(1) Normal termination (return value 0)
		Usr 0 00:00:49, Sys 0 00:00:00  -  Run Remote Usage
		Usr 0 00:00:00, Sys 0 00:00:00  -  Run Local Usage
		Usr 0 00:00:49, Sys 0 00:00:00  -  Total Remote Usage
		Usr 0 00:00:00, Sys 0 00:00:00  -  Total Local Usage
	2282  -  Run Bytes Sent By Job
	2978866  -  Run Bytes Received By Job
	2282  -  Total Bytes Sent By Job
	2978866  -  Total Bytes Received By Job
	Partitionable Resources :    Usage  Request Allocated 
	   Cpus                 :                 1         1 
	   Disk (KB)            :   156468  1048576   1217433 
	   IoHeavy              :                           0 
	   Memory (MB)          :      217     1024      1024 

	Job terminated of its own accord at 2020-11-29T01:41:57Z.
...
