000 (217304.683.000) 2020-11-28 18:02:57 Job submitted from host: <128.104.100.148:9618?addrs=128.104.100.148-9618+[2607-f388-107c-501-216-3eff-feb2-bc11]-9618&alias=learn.chtc.wisc.edu&noUDP&sock=schedd_2128_35a0>
...
040 (217304.683.000) 2020-11-28 18:12:24 Started transferring input files
	Transferring to host: <128.105.245.58:9618?addrs=128.105.245.58-9618&alias=e3258.chtc.wisc.edu&noUDP&sock=slot1_2_27411_4774_38652>
...
040 (217304.683.000) 2020-11-28 18:12:27 Finished transferring input files
...
001 (217304.683.000) 2020-11-28 18:12:28 Job executing on host: <128.105.245.58:9618?addrs=128.105.245.58-9618&alias=e3258.chtc.wisc.edu&noUDP&sock=startd_3016_4db9>
...
006 (217304.683.000) 2020-11-28 18:12:36 Image size of job updated: 283548
	277  -  MemoryUsage of job (MB)
	283548  -  ResidentSetSize of job (KB)
...
040 (217304.683.000) 2020-11-28 18:13:40 Started transferring output files
...
040 (217304.683.000) 2020-11-28 18:13:40 Finished transferring output files
...
005 (217304.683.000) 2020-11-28 18:13:40 Job terminated.
	(1) Normal termination (return value 0)
		Usr 0 00:01:00, Sys 0 00:00:01  -  Run Remote Usage
		Usr 0 00:00:00, Sys 0 00:00:00  -  Run Local Usage
		Usr 0 00:01:00, Sys 0 00:00:01  -  Total Remote Usage
		Usr 0 00:00:00, Sys 0 00:00:00  -  Total Local Usage
	2367  -  Run Bytes Sent By Job
	2935623  -  Run Bytes Received By Job
	2367  -  Total Bytes Sent By Job
	2935623  -  Total Bytes Received By Job
	Partitionable Resources :     Usage  Request Allocated 
	   Cpus                 :      0.76        1         1 
	   Disk (KB)            : 155457     1048576   1585239 
	   IoHeavy              :                            0 
	   Memory (MB)          :    277        1024      1024 

	Job terminated of its own accord at 2020-11-29T00:13:40Z.
...
