000 (217303.001.000) 2020-11-28 17:53:00 Job submitted from host: <128.104.100.148:9618?addrs=128.104.100.148-9618+[2607-f388-107c-501-216-3eff-feb2-bc11]-9618&alias=learn.chtc.wisc.edu&noUDP&sock=schedd_2128_35a0>
...
040 (217303.001.000) 2020-11-28 17:53:39 Started transferring input files
	Transferring to host: <128.105.245.137:9618?addrs=128.105.245.137-9618&alias=e2337.chtc.wisc.edu&noUDP&sock=slot1_10_8610_4617_43250>
...
040 (217303.001.000) 2020-11-28 17:53:41 Finished transferring input files
...
001 (217303.001.000) 2020-11-28 17:53:42 Job executing on host: <128.105.245.137:9618?addrs=128.105.245.137-9618&alias=e2337.chtc.wisc.edu&noUDP&sock=startd_2908_397f>
...
006 (217303.001.000) 2020-11-28 17:53:50 Image size of job updated: 219332
	215  -  MemoryUsage of job (MB)
	219332  -  ResidentSetSize of job (KB)
...
040 (217303.001.000) 2020-11-28 17:55:11 Started transferring output files
...
040 (217303.001.000) 2020-11-28 17:55:11 Finished transferring output files
...
005 (217303.001.000) 2020-11-28 17:55:11 Job terminated.
	(1) Normal termination (return value 0)
		Usr 0 00:01:25, Sys 0 00:00:00  -  Run Remote Usage
		Usr 0 00:00:00, Sys 0 00:00:00  -  Run Local Usage
		Usr 0 00:01:25, Sys 0 00:00:00  -  Total Remote Usage
		Usr 0 00:00:00, Sys 0 00:00:00  -  Total Local Usage
	2408  -  Run Bytes Sent By Job
	3271819  -  Run Bytes Received By Job
	2408  -  Total Bytes Sent By Job
	3271819  -  Total Bytes Received By Job
	Partitionable Resources :     Usage  Request Allocated 
	   Cpus                 :      0.65        1         1 
	   Disk (KB)            : 157790     1048576   1330606 
	   IoHeavy              :                            0 
	   Memory (MB)          :    215        1024      1024 

	Job terminated of its own accord at 2020-11-28T23:55:11Z.
...
