000 (217317.593.000) 2020-11-28 19:35:07 Job submitted from host: <128.104.100.148:9618?addrs=128.104.100.148-9618+[2607-f388-107c-501-216-3eff-feb2-bc11]-9618&alias=learn.chtc.wisc.edu&noUDP&sock=schedd_2128_35a0>
...
040 (217317.593.000) 2020-11-28 19:44:35 Started transferring input files
	Transferring to host: <128.105.245.148:9618?addrs=128.105.245.148-9618&alias=e348.chtc.wisc.edu&noUDP&sock=slot1_24_20101_b90a_42499>
...
040 (217317.593.000) 2020-11-28 19:44:37 Finished transferring input files
...
001 (217317.593.000) 2020-11-28 19:44:38 Job executing on host: <128.105.245.148:9618?addrs=128.105.245.148-9618&alias=e348.chtc.wisc.edu&noUDP&sock=startd_7136_47ea>
...
006 (217317.593.000) 2020-11-28 19:44:47 Image size of job updated: 226620
	222  -  MemoryUsage of job (MB)
	226620  -  ResidentSetSize of job (KB)
...
040 (217317.593.000) 2020-11-28 19:46:03 Started transferring output files
...
040 (217317.593.000) 2020-11-28 19:46:03 Finished transferring output files
...
005 (217317.593.000) 2020-11-28 19:46:03 Job terminated.
	(1) Normal termination (return value 0)
		Usr 0 00:01:19, Sys 0 00:00:00  -  Run Remote Usage
		Usr 0 00:00:00, Sys 0 00:00:00  -  Run Local Usage
		Usr 0 00:01:19, Sys 0 00:00:00  -  Total Remote Usage
		Usr 0 00:00:00, Sys 0 00:00:00  -  Total Local Usage
	2430  -  Run Bytes Sent By Job
	3119822  -  Run Bytes Received By Job
	2430  -  Total Bytes Sent By Job
	3119822  -  Total Bytes Received By Job
	Partitionable Resources :    Usage  Request Allocated 
	   Cpus                 :                 1         1 
	   Disk (KB)            :   156500  1048576   1408757 
	   IoHeavy              :                           0 
	   Memory (MB)          :      222     1024      1024 

	Job terminated of its own accord at 2020-11-29T01:46:03Z.
...
