000 (217304.083.000) 2020-11-28 18:02:57 Job submitted from host: <128.104.100.148:9618?addrs=128.104.100.148-9618+[2607-f388-107c-501-216-3eff-feb2-bc11]-9618&alias=learn.chtc.wisc.edu&noUDP&sock=schedd_2128_35a0>
...
040 (217304.083.000) 2020-11-28 18:05:54 Started transferring input files
	Transferring to host: <128.104.58.182:9618?addrs=128.104.58.182-9618+[2607-f388-1086-0-16fe-b5ff-fec6-75b8]-9618&alias=e1038.chtc.wisc.edu&noUDP&sock=slot1_35_8578_ba16_40948>
...
040 (217304.083.000) 2020-11-28 18:05:57 Finished transferring input files
...
001 (217304.083.000) 2020-11-28 18:05:58 Job executing on host: <128.104.58.182:9618?addrs=128.104.58.182-9618+[2607-f388-1086-0-16fe-b5ff-fec6-75b8]-9618&alias=e1038.chtc.wisc.edu&noUDP&sock=startd_5310_cbfb>
...
006 (217304.083.000) 2020-11-28 18:06:06 Image size of job updated: 219660
	215  -  MemoryUsage of job (MB)
	219660  -  ResidentSetSize of job (KB)
...
040 (217304.083.000) 2020-11-28 18:07:19 Started transferring output files
...
040 (217304.083.000) 2020-11-28 18:07:19 Finished transferring output files
...
005 (217304.083.000) 2020-11-28 18:07:19 Job terminated.
	(1) Normal termination (return value 0)
		Usr 0 00:01:18, Sys 0 00:00:01  -  Run Remote Usage
		Usr 0 00:00:00, Sys 0 00:00:00  -  Run Local Usage
		Usr 0 00:01:18, Sys 0 00:00:01  -  Total Remote Usage
		Usr 0 00:00:00, Sys 0 00:00:00  -  Total Local Usage
	2429  -  Run Bytes Sent By Job
	3236991  -  Run Bytes Received By Job
	2429  -  Total Bytes Sent By Job
	3236991  -  Total Bytes Received By Job
	Partitionable Resources :    Usage  Request Allocated 
	   Cpus                 :                 1         1 
	   Disk (KB)            :   157972  1048576   1488022 
	   IoHeavy              :                           0 
	   Memory (MB)          :      215     1024      1024 

	Job terminated of its own accord at 2020-11-29T00:07:19Z.
...
