000 (217317.649.000) 2020-11-28 19:35:07 Job submitted from host: <128.104.100.148:9618?addrs=128.104.100.148-9618+[2607-f388-107c-501-216-3eff-feb2-bc11]-9618&alias=learn.chtc.wisc.edu&noUDP&sock=schedd_2128_35a0>
...
040 (217317.649.000) 2020-11-28 19:45:00 Started transferring input files
	Transferring to host: <128.104.58.194:9618?addrs=128.104.58.194-9618+[2607-f388-1086-0-f24d-a2ff-fe40-ff19]-9618&alias=e1052.chtc.wisc.edu&noUDP&sock=slot1_6_1183_47c9_42417>
...
040 (217317.649.000) 2020-11-28 19:45:03 Finished transferring input files
...
001 (217317.649.000) 2020-11-28 19:45:06 Job executing on host: <128.104.58.194:9618?addrs=128.104.58.194-9618+[2607-f388-1086-0-f24d-a2ff-fe40-ff19]-9618&alias=e1052.chtc.wisc.edu&noUDP&sock=startd_5396_c920>
...
006 (217317.649.000) 2020-11-28 19:45:15 Image size of job updated: 192468
	188  -  MemoryUsage of job (MB)
	192468  -  ResidentSetSize of job (KB)
...
040 (217317.649.000) 2020-11-28 19:46:01 Started transferring output files
...
040 (217317.649.000) 2020-11-28 19:46:01 Finished transferring output files
...
005 (217317.649.000) 2020-11-28 19:46:01 Job terminated.
	(1) Normal termination (return value 0)
		Usr 0 00:00:49, Sys 0 00:00:00  -  Run Remote Usage
		Usr 0 00:00:00, Sys 0 00:00:00  -  Run Local Usage
		Usr 0 00:00:49, Sys 0 00:00:00  -  Total Remote Usage
		Usr 0 00:00:00, Sys 0 00:00:00  -  Total Local Usage
	2351  -  Run Bytes Sent By Job
	1762995  -  Run Bytes Received By Job
	2351  -  Total Bytes Sent By Job
	1762995  -  Total Bytes Received By Job
	Partitionable Resources :    Usage  Request Allocated 
	   Cpus                 :                 1         1 
	   Disk (KB)            :   150481  1048576   1330972 
	   IoHeavy              :                           0 
	   Memory (MB)          :      188     1024      1024 

	Job terminated of its own accord at 2020-11-29T01:46:01Z.
...
