000 (217317.572.000) 2020-11-28 19:35:07 Job submitted from host: <128.104.100.148:9618?addrs=128.104.100.148-9618+[2607-f388-107c-501-216-3eff-feb2-bc11]-9618&alias=learn.chtc.wisc.edu&noUDP&sock=schedd_2128_35a0>
...
040 (217317.572.000) 2020-11-28 19:44:27 Started transferring input files
	Transferring to host: <128.104.101.149:9618?addrs=128.104.101.149-9618+[2607-f388-107c-501-4603-a7ff-fe29-4efb]-9618&alias=e149.chtc.wisc.edu&noUDP&sock=slot1_26_21085_0a32_53409>
...
040 (217317.572.000) 2020-11-28 19:44:31 Finished transferring input files
...
001 (217317.572.000) 2020-11-28 19:44:32 Job executing on host: <128.104.101.149:9618?addrs=128.104.101.149-9618+[2607-f388-107c-501-4603-a7ff-fe29-4efb]-9618&alias=e149.chtc.wisc.edu&noUDP&sock=startd_2159_790f>
...
006 (217317.572.000) 2020-11-28 19:44:41 Image size of job updated: 212508
	208  -  MemoryUsage of job (MB)
	212508  -  ResidentSetSize of job (KB)
...
040 (217317.572.000) 2020-11-28 19:45:33 Started transferring output files
...
040 (217317.572.000) 2020-11-28 19:45:33 Finished transferring output files
...
005 (217317.572.000) 2020-11-28 19:45:33 Job terminated.
	(1) Normal termination (return value 0)
		Usr 0 00:00:58, Sys 0 00:00:01  -  Run Remote Usage
		Usr 0 00:00:00, Sys 0 00:00:00  -  Run Local Usage
		Usr 0 00:00:58, Sys 0 00:00:01  -  Total Remote Usage
		Usr 0 00:00:00, Sys 0 00:00:00  -  Total Local Usage
	2487  -  Run Bytes Sent By Job
	2763715  -  Run Bytes Received By Job
	2487  -  Total Bytes Sent By Job
	2763715  -  Total Bytes Received By Job
	Partitionable Resources :     Usage  Request Allocated 
	   Cpus                 :      0.97        1         1 
	   Disk (KB)            : 155201     1048576   3399950 
	   IoHeavy              :                            0 
	   Memory (MB)          :    208        1024      1024 

	Job terminated of its own accord at 2020-11-29T01:45:33Z.
...
