000 (217317.752.000) 2020-11-28 19:35:07 Job submitted from host: <128.104.100.148:9618?addrs=128.104.100.148-9618+[2607-f388-107c-501-216-3eff-feb2-bc11]-9618&alias=learn.chtc.wisc.edu&noUDP&sock=schedd_2128_35a0>
...
040 (217317.752.000) 2020-11-28 19:45:46 Started transferring input files
	Transferring to host: <128.105.245.110:9618?addrs=128.105.245.110-9618&alias=e310.chtc.wisc.edu&noUDP&sock=slot1_2_17576_a1c4_41742>
...
040 (217317.752.000) 2020-11-28 19:45:48 Finished transferring input files
...
001 (217317.752.000) 2020-11-28 19:45:49 Job executing on host: <128.105.245.110:9618?addrs=128.105.245.110-9618&alias=e310.chtc.wisc.edu&noUDP&sock=startd_7101_461a>
...
006 (217317.752.000) 2020-11-28 19:45:57 Image size of job updated: 195692
	192  -  MemoryUsage of job (MB)
	195692  -  ResidentSetSize of job (KB)
...
040 (217317.752.000) 2020-11-28 19:46:43 Started transferring output files
...
040 (217317.752.000) 2020-11-28 19:46:43 Finished transferring output files
...
005 (217317.752.000) 2020-11-28 19:46:43 Job terminated.
	(1) Normal termination (return value 0)
		Usr 0 00:00:49, Sys 0 00:00:00  -  Run Remote Usage
		Usr 0 00:00:00, Sys 0 00:00:00  -  Run Local Usage
		Usr 0 00:00:49, Sys 0 00:00:00  -  Total Remote Usage
		Usr 0 00:00:00, Sys 0 00:00:00  -  Total Local Usage
	2205  -  Run Bytes Sent By Job
	1790742  -  Run Bytes Received By Job
	2205  -  Total Bytes Sent By Job
	1790742  -  Total Bytes Received By Job
	Partitionable Resources :     Usage  Request Allocated 
	   Cpus                 :      0.97        1         1 
	   Disk (KB)            : 149796     1048576   1330979 
	   IoHeavy              :                            0 
	   Memory (MB)          :    192        1024      1024 

	Job terminated of its own accord at 2020-11-29T01:46:43Z.
...
