000 (217304.211.000) 2020-11-28 18:02:57 Job submitted from host: <128.104.100.148:9618?addrs=128.104.100.148-9618+[2607-f388-107c-501-216-3eff-feb2-bc11]-9618&alias=learn.chtc.wisc.edu&noUDP&sock=schedd_2128_35a0>
...
040 (217304.211.000) 2020-11-28 18:07:57 Started transferring input files
	Transferring to host: <128.105.245.38:9618?addrs=128.105.245.38-9618&alias=e3238.chtc.wisc.edu&noUDP&sock=slot1_6_17238_7af6_42373>
...
040 (217304.211.000) 2020-11-28 18:07:59 Finished transferring input files
...
001 (217304.211.000) 2020-11-28 18:08:00 Job executing on host: <128.105.245.38:9618?addrs=128.105.245.38-9618&alias=e3238.chtc.wisc.edu&noUDP&sock=startd_24974_aa4c>
...
006 (217304.211.000) 2020-11-28 18:08:08 Image size of job updated: 221512
	217  -  MemoryUsage of job (MB)
	221512  -  ResidentSetSize of job (KB)
...
040 (217304.211.000) 2020-11-28 18:09:22 Started transferring output files
...
040 (217304.211.000) 2020-11-28 18:09:22 Finished transferring output files
...
005 (217304.211.000) 2020-11-28 18:09:22 Job terminated.
	(1) Normal termination (return value 0)
		Usr 0 00:01:22, Sys 0 00:00:00  -  Run Remote Usage
		Usr 0 00:00:00, Sys 0 00:00:00  -  Run Local Usage
		Usr 0 00:01:22, Sys 0 00:00:00  -  Total Remote Usage
		Usr 0 00:00:00, Sys 0 00:00:00  -  Total Local Usage
	2317  -  Run Bytes Sent By Job
	2865573  -  Run Bytes Received By Job
	2317  -  Total Bytes Sent By Job
	2865573  -  Total Bytes Received By Job
	Partitionable Resources :    Usage  Request Allocated 
	   Cpus                 :                 1         1 
	   Disk (KB)            :   156670  1048576   1156769 
	   IoHeavy              :                           0 
	   Memory (MB)          :      217     1024      1024 

	Job terminated of its own accord at 2020-11-29T00:09:22Z.
...
