000 (217304.405.000) 2020-11-28 18:02:57 Job submitted from host: <128.104.100.148:9618?addrs=128.104.100.148-9618+[2607-f388-107c-501-216-3eff-feb2-bc11]-9618&alias=learn.chtc.wisc.edu&noUDP&sock=schedd_2128_35a0>
...
040 (217304.405.000) 2020-11-28 18:10:03 Started transferring input files
	Transferring to host: <128.105.245.160:9618?addrs=128.105.245.160-9618&alias=e2360.chtc.wisc.edu&noUDP&sock=slot1_31_36113_a016_43799>
...
040 (217304.405.000) 2020-11-28 18:10:05 Finished transferring input files
...
001 (217304.405.000) 2020-11-28 18:10:06 Job executing on host: <128.105.245.160:9618?addrs=128.105.245.160-9618&alias=e2360.chtc.wisc.edu&noUDP&sock=startd_2541_7e3d>
...
006 (217304.405.000) 2020-11-28 18:10:15 Image size of job updated: 216396
	212  -  MemoryUsage of job (MB)
	216396  -  ResidentSetSize of job (KB)
...
040 (217304.405.000) 2020-11-28 18:11:36 Started transferring output files
...
040 (217304.405.000) 2020-11-28 18:11:36 Finished transferring output files
...
005 (217304.405.000) 2020-11-28 18:11:36 Job terminated.
	(1) Normal termination (return value 0)
		Usr 0 00:01:17, Sys 0 00:00:00  -  Run Remote Usage
		Usr 0 00:00:00, Sys 0 00:00:00  -  Run Local Usage
		Usr 0 00:01:17, Sys 0 00:00:00  -  Total Remote Usage
		Usr 0 00:00:00, Sys 0 00:00:00  -  Total Local Usage
	2436  -  Run Bytes Sent By Job
	2672249  -  Run Bytes Received By Job
	2436  -  Total Bytes Sent By Job
	2672249  -  Total Bytes Received By Job
	Partitionable Resources :     Usage  Request Allocated 
	   Cpus                 :      0.88        1         1 
	   Disk (KB)            : 155199     1048576   1338334 
	   IoHeavy              :                            0 
	   Memory (MB)          :    212        1024      1024 

	Job terminated of its own accord at 2020-11-29T00:11:35Z.
...
