000 (217304.810.000) 2020-11-28 18:02:57 Job submitted from host: <128.104.100.148:9618?addrs=128.104.100.148-9618+[2607-f388-107c-501-216-3eff-feb2-bc11]-9618&alias=learn.chtc.wisc.edu&noUDP&sock=schedd_2128_35a0>
...
040 (217304.810.000) 2020-11-28 18:13:14 Started transferring input files
	Transferring to host: <128.104.58.104:9618?addrs=128.104.58.104-9618+[2607-f388-1086-0-862b-2bff-fe46-cf43]-9618&alias=e462.chtc.wisc.edu&noUDP&sock=slot1_3_21236_6ed9_39630>
...
040 (217304.810.000) 2020-11-28 18:13:15 Finished transferring input files
...
001 (217304.810.000) 2020-11-28 18:13:16 Job executing on host: <128.104.58.104:9618?addrs=128.104.58.104-9618+[2607-f388-1086-0-862b-2bff-fe46-cf43]-9618&alias=e462.chtc.wisc.edu&noUDP&sock=startd_4548_20d1>
...
006 (217304.810.000) 2020-11-28 18:13:26 Image size of job updated: 216864
	212  -  MemoryUsage of job (MB)
	216864  -  ResidentSetSize of job (KB)
...
040 (217304.810.000) 2020-11-28 18:14:18 Started transferring output files
...
040 (217304.810.000) 2020-11-28 18:14:18 Finished transferring output files
...
005 (217304.810.000) 2020-11-28 18:14:18 Job terminated.
	(1) Normal termination (return value 0)
		Usr 0 00:01:00, Sys 0 00:00:00  -  Run Remote Usage
		Usr 0 00:00:00, Sys 0 00:00:00  -  Run Local Usage
		Usr 0 00:01:00, Sys 0 00:00:00  -  Total Remote Usage
		Usr 0 00:00:00, Sys 0 00:00:00  -  Total Local Usage
	2228  -  Run Bytes Sent By Job
	2592992  -  Run Bytes Received By Job
	2228  -  Total Bytes Sent By Job
	2592992  -  Total Bytes Received By Job
	Partitionable Resources :    Usage  Request Allocated 
	   Cpus                 :                 1         1 
	   Disk (KB)            :   154248  1048576   7353066 
	   IoHeavy              :                           0 
	   Memory (MB)          :      212     1024      1024 

	Job terminated of its own accord at 2020-11-29T00:14:18Z.
...
