000 (217317.179.000) 2020-11-28 19:35:07 Job submitted from host: <128.104.100.148:9618?addrs=128.104.100.148-9618+[2607-f388-107c-501-216-3eff-feb2-bc11]-9618&alias=learn.chtc.wisc.edu&noUDP&sock=schedd_2128_35a0>
...
040 (217317.179.000) 2020-11-28 19:39:40 Started transferring input files
	Transferring to host: <128.105.245.135:9618?addrs=128.105.245.135-9618&alias=e335.chtc.wisc.edu&noUDP&sock=slot1_14_16240_4c8d_44283>
...
040 (217317.179.000) 2020-11-28 19:39:44 Finished transferring input files
...
001 (217317.179.000) 2020-11-28 19:39:45 Job executing on host: <128.105.245.135:9618?addrs=128.105.245.135-9618&alias=e335.chtc.wisc.edu&noUDP&sock=startd_2604_b4b4>
...
006 (217317.179.000) 2020-11-28 19:39:54 Image size of job updated: 230876
	226  -  MemoryUsage of job (MB)
	230876  -  ResidentSetSize of job (KB)
...
040 (217317.179.000) 2020-11-28 19:40:54 Started transferring output files
...
040 (217317.179.000) 2020-11-28 19:40:54 Finished transferring output files
...
005 (217317.179.000) 2020-11-28 19:40:54 Job terminated.
	(1) Normal termination (return value 0)
		Usr 0 00:01:05, Sys 0 00:00:00  -  Run Remote Usage
		Usr 0 00:00:00, Sys 0 00:00:00  -  Run Local Usage
		Usr 0 00:01:05, Sys 0 00:00:00  -  Total Remote Usage
		Usr 0 00:00:00, Sys 0 00:00:00  -  Total Local Usage
	2310  -  Run Bytes Sent By Job
	3179719  -  Run Bytes Received By Job
	2310  -  Total Bytes Sent By Job
	3179719  -  Total Bytes Received By Job
	Partitionable Resources :    Usage  Request Allocated 
	   Cpus                 :                 1         1 
	   Disk (KB)            :   157628  1048576   1338706 
	   IoHeavy              :                           0 
	   Memory (MB)          :      226     1024      1024 

	Job terminated of its own accord at 2020-11-29T01:40:54Z.
...
