000 (217304.429.000) 2020-11-28 18:02:57 Job submitted from host: <128.104.100.148:9618?addrs=128.104.100.148-9618+[2607-f388-107c-501-216-3eff-feb2-bc11]-9618&alias=learn.chtc.wisc.edu&noUDP&sock=schedd_2128_35a0>
...
040 (217304.429.000) 2020-11-28 18:10:16 Started transferring input files
	Transferring to host: <128.105.244.101:9618?addrs=128.105.244.101-9618&alias=e2005.chtc.wisc.edu&noUDP&sock=slot1_15_36904_f4d6_43322>
...
040 (217304.429.000) 2020-11-28 18:10:18 Finished transferring input files
...
001 (217304.429.000) 2020-11-28 18:10:19 Job executing on host: <128.105.244.101:9618?addrs=128.105.244.101-9618&alias=e2005.chtc.wisc.edu&noUDP&sock=startd_7339_85a4>
...
006 (217304.429.000) 2020-11-28 18:10:28 Image size of job updated: 216092
	212  -  MemoryUsage of job (MB)
	216092  -  ResidentSetSize of job (KB)
...
040 (217304.429.000) 2020-11-28 18:10:57 Started transferring output files
...
040 (217304.429.000) 2020-11-28 18:10:57 Finished transferring output files
...
005 (217304.429.000) 2020-11-28 18:10:57 Job terminated.
	(1) Normal termination (return value 0)
		Usr 0 00:00:36, Sys 0 00:00:00  -  Run Remote Usage
		Usr 0 00:00:00, Sys 0 00:00:00  -  Run Local Usage
		Usr 0 00:00:36, Sys 0 00:00:00  -  Total Remote Usage
		Usr 0 00:00:00, Sys 0 00:00:00  -  Total Local Usage
	2240  -  Run Bytes Sent By Job
	2258061  -  Run Bytes Received By Job
	2240  -  Total Bytes Sent By Job
	2258061  -  Total Bytes Received By Job
	Partitionable Resources :    Usage  Request Allocated 
	   Cpus                 :        0        1         1 
	   Disk (KB)            :   153855  1048576   2902502 
	   IoHeavy              :                           0 
	   Memory (MB)          :      212     1024      1024 

	Job terminated of its own accord at 2020-11-29T00:10:57Z.
...
