000 (217304.257.000) 2020-11-28 18:02:57 Job submitted from host: <128.104.100.148:9618?addrs=128.104.100.148-9618+[2607-f388-107c-501-216-3eff-feb2-bc11]-9618&alias=learn.chtc.wisc.edu&noUDP&sock=schedd_2128_35a0>
...
040 (217304.257.000) 2020-11-28 18:08:41 Started transferring input files
	Transferring to host: <128.104.58.181:9618?addrs=128.104.58.181-9618+[2607-f388-1086-0-16fe-b5ff-fec6-7f7e]-9618&alias=e1037.chtc.wisc.edu&noUDP&sock=slot1_16_31267_2e11_42337>
...
040 (217304.257.000) 2020-11-28 18:08:44 Finished transferring input files
...
001 (217304.257.000) 2020-11-28 18:08:45 Job executing on host: <128.104.58.181:9618?addrs=128.104.58.181-9618+[2607-f388-1086-0-16fe-b5ff-fec6-7f7e]-9618&alias=e1037.chtc.wisc.edu&noUDP&sock=startd_5593_e949>
...
006 (217304.257.000) 2020-11-28 18:08:53 Image size of job updated: 214388
	210  -  MemoryUsage of job (MB)
	214388  -  ResidentSetSize of job (KB)
...
040 (217304.257.000) 2020-11-28 18:10:03 Started transferring output files
...
040 (217304.257.000) 2020-11-28 18:10:03 Finished transferring output files
...
005 (217304.257.000) 2020-11-28 18:10:03 Job terminated.
	(1) Normal termination (return value 0)
		Usr 0 00:01:14, Sys 0 00:00:00  -  Run Remote Usage
		Usr 0 00:00:00, Sys 0 00:00:00  -  Run Local Usage
		Usr 0 00:01:14, Sys 0 00:00:00  -  Total Remote Usage
		Usr 0 00:00:00, Sys 0 00:00:00  -  Total Local Usage
	2205  -  Run Bytes Sent By Job
	2430225  -  Run Bytes Received By Job
	2205  -  Total Bytes Sent By Job
	2430225  -  Total Bytes Received By Job
	Partitionable Resources :     Usage  Request Allocated 
	   Cpus                 :      0.98        1         1 
	   Disk (KB)            : 154921     1048576   1204460 
	   IoHeavy              :                            0 
	   Memory (MB)          :    210        1024      1024 

	Job terminated of its own accord at 2020-11-29T00:10:03Z.
...
