000 (217317.278.000) 2020-11-28 19:35:07 Job submitted from host: <128.104.100.148:9618?addrs=128.104.100.148-9618+[2607-f388-107c-501-216-3eff-feb2-bc11]-9618&alias=learn.chtc.wisc.edu&noUDP&sock=schedd_2128_35a0>
...
040 (217317.278.000) 2020-11-28 19:41:33 Started transferring input files
	Transferring to host: <128.104.101.129:9618?addrs=128.104.101.129-9618+[2607-f388-107c-501-4603-a7ff-fe29-9989]-9618&alias=e129.chtc.wisc.edu&noUDP&sock=slot1_29_7366_c365_51704>
...
040 (217317.278.000) 2020-11-28 19:41:37 Finished transferring input files
...
001 (217317.278.000) 2020-11-28 19:41:38 Job executing on host: <128.104.101.129:9618?addrs=128.104.101.129-9618+[2607-f388-107c-501-4603-a7ff-fe29-9989]-9618&alias=e129.chtc.wisc.edu&noUDP&sock=startd_2181_9025>
...
006 (217317.278.000) 2020-11-28 19:41:48 Image size of job updated: 209172
	205  -  MemoryUsage of job (MB)
	209172  -  ResidentSetSize of job (KB)
...
040 (217317.278.000) 2020-11-28 19:42:38 Started transferring output files
...
040 (217317.278.000) 2020-11-28 19:42:38 Finished transferring output files
...
005 (217317.278.000) 2020-11-28 19:42:38 Job terminated.
	(1) Normal termination (return value 0)
		Usr 0 00:00:57, Sys 0 00:00:01  -  Run Remote Usage
		Usr 0 00:00:00, Sys 0 00:00:00  -  Run Local Usage
		Usr 0 00:00:57, Sys 0 00:00:01  -  Total Remote Usage
		Usr 0 00:00:00, Sys 0 00:00:00  -  Total Local Usage
	2169  -  Run Bytes Sent By Job
	2238709  -  Run Bytes Received By Job
	2169  -  Total Bytes Sent By Job
	2238709  -  Total Bytes Received By Job
	Partitionable Resources :     Usage  Request Allocated 
	   Cpus                 :      0.99        1         1 
	   Disk (KB)            : 153848     1048576   3405532 
	   IoHeavy              :                            0 
	   Memory (MB)          :    205        1024      1024 

	Job terminated of its own accord at 2020-11-29T01:42:38Z.
...
