000 (217304.327.000) 2020-11-28 18:02:57 Job submitted from host: <128.104.100.148:9618?addrs=128.104.100.148-9618+[2607-f388-107c-501-216-3eff-feb2-bc11]-9618&alias=learn.chtc.wisc.edu&noUDP&sock=schedd_2128_35a0>
...
040 (217304.327.000) 2020-11-28 18:09:08 Started transferring input files
	Transferring to host: <128.105.245.71:9618?addrs=128.105.245.71-9618&alias=e271.chtc.wisc.edu&noUDP&sock=slot1_39_796_9a99_47740>
...
040 (217304.327.000) 2020-11-28 18:09:13 Finished transferring input files
...
001 (217304.327.000) 2020-11-28 18:09:14 Job executing on host: <128.105.245.71:9618?addrs=128.105.245.71-9618&alias=e271.chtc.wisc.edu&noUDP&sock=startd_40496_7756>
...
006 (217304.327.000) 2020-11-28 18:09:23 Image size of job updated: 113540
	111  -  MemoryUsage of job (MB)
	113540  -  ResidentSetSize of job (KB)
...
006 (217304.327.000) 2020-11-28 18:10:40 Image size of job updated: 113540
	117  -  MemoryUsage of job (MB)
	118880  -  ResidentSetSize of job (KB)
...
040 (217304.327.000) 2020-11-28 18:10:41 Started transferring output files
...
040 (217304.327.000) 2020-11-28 18:10:41 Finished transferring output files
...
005 (217304.327.000) 2020-11-28 18:10:41 Job terminated.
	(1) Normal termination (return value 0)
		Usr 0 00:01:17, Sys 0 00:00:00  -  Run Remote Usage
		Usr 0 00:00:00, Sys 0 00:00:00  -  Run Local Usage
		Usr 0 00:01:17, Sys 0 00:00:00  -  Total Remote Usage
		Usr 0 00:00:00, Sys 0 00:00:00  -  Total Local Usage
	2340  -  Run Bytes Sent By Job
	2773354  -  Run Bytes Received By Job
	2340  -  Total Bytes Sent By Job
	2773354  -  Total Bytes Received By Job
	Partitionable Resources :    Usage  Request Allocated 
	   Cpus                 :                 1         1 
	   Disk (KB)            :   156501  1048576   1342255 
	   IoHeavy              :                           0 
	   Memory (MB)          :      117     1024      1024 

	Job terminated of its own accord at 2020-11-29T00:10:40Z.
...
