000 (217317.744.000) 2020-11-28 19:35:07 Job submitted from host: <128.104.100.148:9618?addrs=128.104.100.148-9618+[2607-f388-107c-501-216-3eff-feb2-bc11]-9618&alias=learn.chtc.wisc.edu&noUDP&sock=schedd_2128_35a0>
...
040 (217317.744.000) 2020-11-28 19:45:38 Started transferring input files
	Transferring to host: <128.104.101.149:9618?addrs=128.104.101.149-9618+[2607-f388-107c-501-4603-a7ff-fe29-4efb]-9618&alias=e149.chtc.wisc.edu&noUDP&sock=slot1_6_21085_0a32_53417>
...
040 (217317.744.000) 2020-11-28 19:45:42 Finished transferring input files
...
001 (217317.744.000) 2020-11-28 19:45:43 Job executing on host: <128.104.101.149:9618?addrs=128.104.101.149-9618+[2607-f388-107c-501-4603-a7ff-fe29-4efb]-9618&alias=e149.chtc.wisc.edu&noUDP&sock=startd_2159_790f>
...
006 (217317.744.000) 2020-11-28 19:45:52 Image size of job updated: 216880
	212  -  MemoryUsage of job (MB)
	216880  -  ResidentSetSize of job (KB)
...
040 (217317.744.000) 2020-11-28 19:47:05 Started transferring output files
...
040 (217317.744.000) 2020-11-28 19:47:05 Finished transferring output files
...
005 (217317.744.000) 2020-11-28 19:47:05 Job terminated.
	(1) Normal termination (return value 0)
		Usr 0 00:01:19, Sys 0 00:00:01  -  Run Remote Usage
		Usr 0 00:00:00, Sys 0 00:00:00  -  Run Local Usage
		Usr 0 00:01:19, Sys 0 00:00:01  -  Total Remote Usage
		Usr 0 00:00:00, Sys 0 00:00:00  -  Total Local Usage
	2294  -  Run Bytes Sent By Job
	3021372  -  Run Bytes Received By Job
	2294  -  Total Bytes Sent By Job
	3021372  -  Total Bytes Received By Job
	Partitionable Resources :     Usage  Request Allocated 
	   Cpus                 :      0.98        1         1 
	   Disk (KB)            : 156759     1048576   3399950 
	   IoHeavy              :                            0 
	   Memory (MB)          :    212        1024      1024 

	Job terminated of its own accord at 2020-11-29T01:47:05Z.
...
