000 (217317.041.000) 2020-11-28 19:35:07 Job submitted from host: <128.104.100.148:9618?addrs=128.104.100.148-9618+[2607-f388-107c-501-216-3eff-feb2-bc11]-9618&alias=learn.chtc.wisc.edu&noUDP&sock=schedd_2128_35a0>
...
040 (217317.041.000) 2020-11-28 19:37:15 Started transferring input files
	Transferring to host: <128.105.245.119:9618?addrs=128.105.245.119-9618&alias=e319.chtc.wisc.edu&noUDP&sock=slot1_38_24706_5ca6_43863>
...
040 (217317.041.000) 2020-11-28 19:37:19 Finished transferring input files
...
001 (217317.041.000) 2020-11-28 19:37:20 Job executing on host: <128.105.245.119:9618?addrs=128.105.245.119-9618&alias=e319.chtc.wisc.edu&noUDP&sock=startd_15545_27ce>
...
006 (217317.041.000) 2020-11-28 19:37:29 Image size of job updated: 207092
	203  -  MemoryUsage of job (MB)
	207092  -  ResidentSetSize of job (KB)
...
040 (217317.041.000) 2020-11-28 19:38:17 Started transferring output files
...
040 (217317.041.000) 2020-11-28 19:38:17 Finished transferring output files
...
005 (217317.041.000) 2020-11-28 19:38:17 Job terminated.
	(1) Normal termination (return value 0)
		Usr 0 00:00:53, Sys 0 00:00:00  -  Run Remote Usage
		Usr 0 00:00:00, Sys 0 00:00:00  -  Run Local Usage
		Usr 0 00:00:53, Sys 0 00:00:00  -  Total Remote Usage
		Usr 0 00:00:00, Sys 0 00:00:00  -  Total Local Usage
	2315  -  Run Bytes Sent By Job
	1956231  -  Run Bytes Received By Job
	2315  -  Total Bytes Sent By Job
	1956231  -  Total Bytes Received By Job
	Partitionable Resources :    Usage  Request Allocated 
	   Cpus                 :                 1         1 
	   Disk (KB)            :   151738  1048576   1325072 
	   IoHeavy              :                           0 
	   Memory (MB)          :      203     1024      1024 

	Job terminated of its own accord at 2020-11-29T01:38:17Z.
...
