000 (217304.758.000) 2020-11-28 18:02:57 Job submitted from host: <128.104.100.148:9618?addrs=128.104.100.148-9618+[2607-f388-107c-501-216-3eff-feb2-bc11]-9618&alias=learn.chtc.wisc.edu&noUDP&sock=schedd_2128_35a0>
...
040 (217304.758.000) 2020-11-28 18:12:56 Started transferring input files
	Transferring to host: <128.105.245.155:9618?addrs=128.105.245.155-9618&alias=e355.chtc.wisc.edu&noUDP&sock=slot1_39_8406_898f_16180>
...
040 (217304.758.000) 2020-11-28 18:13:00 Finished transferring input files
...
001 (217304.758.000) 2020-11-28 18:13:01 Job executing on host: <128.105.245.155:9618?addrs=128.105.245.155-9618&alias=e355.chtc.wisc.edu&noUDP&sock=startd_7120_4e67>
...
006 (217304.758.000) 2020-11-28 18:13:10 Image size of job updated: 199112
	195  -  MemoryUsage of job (MB)
	199112  -  ResidentSetSize of job (KB)
...
006 (217304.758.000) 2020-11-28 18:14:15 Image size of job updated: 199112
	197  -  MemoryUsage of job (MB)
	200896  -  ResidentSetSize of job (KB)
...
040 (217304.758.000) 2020-11-28 18:14:15 Started transferring output files
...
040 (217304.758.000) 2020-11-28 18:14:15 Finished transferring output files
...
005 (217304.758.000) 2020-11-28 18:14:15 Job terminated.
	(1) Normal termination (return value 0)
		Usr 0 00:01:07, Sys 0 00:00:00  -  Run Remote Usage
		Usr 0 00:00:00, Sys 0 00:00:00  -  Run Local Usage
		Usr 0 00:01:07, Sys 0 00:00:00  -  Total Remote Usage
		Usr 0 00:00:00, Sys 0 00:00:00  -  Total Local Usage
	2381  -  Run Bytes Sent By Job
	2460213  -  Run Bytes Received By Job
	2381  -  Total Bytes Sent By Job
	2460213  -  Total Bytes Received By Job
	Partitionable Resources :     Usage  Request Allocated 
	   Cpus                 :      0.97        1         1 
	   Disk (KB)            : 153466     1048576   1326992 
	   IoHeavy              :                            0 
	   Memory (MB)          :    197        1024      1024 

	Job terminated of its own accord at 2020-11-29T00:14:15Z.
...
