000 (217304.565.000) 2020-11-28 18:02:57 Job submitted from host: <128.104.100.148:9618?addrs=128.104.100.148-9618+[2607-f388-107c-501-216-3eff-feb2-bc11]-9618&alias=learn.chtc.wisc.edu&noUDP&sock=schedd_2128_35a0>
...
040 (217304.565.000) 2020-11-28 18:11:31 Started transferring input files
	Transferring to host: <128.105.244.101:9618?addrs=128.105.244.101-9618&alias=e2005.chtc.wisc.edu&noUDP&sock=slot1_22_36904_f4d6_43352>
...
040 (217304.565.000) 2020-11-28 18:11:32 Finished transferring input files
...
001 (217304.565.000) 2020-11-28 18:11:33 Job executing on host: <128.105.244.101:9618?addrs=128.105.244.101-9618&alias=e2005.chtc.wisc.edu&noUDP&sock=startd_7339_85a4>
...
006 (217304.565.000) 2020-11-28 18:11:42 Image size of job updated: 228724
	224  -  MemoryUsage of job (MB)
	228724  -  ResidentSetSize of job (KB)
...
040 (217304.565.000) 2020-11-28 18:12:09 Started transferring output files
...
040 (217304.565.000) 2020-11-28 18:12:09 Finished transferring output files
...
005 (217304.565.000) 2020-11-28 18:12:09 Job terminated.
	(1) Normal termination (return value 0)
		Usr 0 00:00:34, Sys 0 00:00:00  -  Run Remote Usage
		Usr 0 00:00:00, Sys 0 00:00:00  -  Run Local Usage
		Usr 0 00:00:34, Sys 0 00:00:00  -  Total Remote Usage
		Usr 0 00:00:00, Sys 0 00:00:00  -  Total Local Usage
	2260  -  Run Bytes Sent By Job
	2509111  -  Run Bytes Received By Job
	2260  -  Total Bytes Sent By Job
	2509111  -  Total Bytes Received By Job
	Partitionable Resources :    Usage  Request Allocated 
	   Cpus                 :                 1         1 
	   Disk (KB)            :   153948  1048576   2902502 
	   IoHeavy              :                           0 
	   Memory (MB)          :      224     1024      1024 

	Job terminated of its own accord at 2020-11-29T00:12:09Z.
...
