000 (217304.196.000) 2020-11-28 18:02:57 Job submitted from host: <128.104.100.148:9618?addrs=128.104.100.148-9618+[2607-f388-107c-501-216-3eff-feb2-bc11]-9618&alias=learn.chtc.wisc.edu&noUDP&sock=schedd_2128_35a0>
...
040 (217304.196.000) 2020-11-28 18:07:46 Started transferring input files
	Transferring to host: <128.105.245.155:9618?addrs=128.105.245.155-9618&alias=e355.chtc.wisc.edu&noUDP&sock=slot1_39_8406_898f_16163>
...
040 (217304.196.000) 2020-11-28 18:07:49 Finished transferring input files
...
001 (217304.196.000) 2020-11-28 18:07:50 Job executing on host: <128.105.245.155:9618?addrs=128.105.245.155-9618&alias=e355.chtc.wisc.edu&noUDP&sock=startd_7120_4e67>
...
006 (217304.196.000) 2020-11-28 18:07:58 Image size of job updated: 208204
	204  -  MemoryUsage of job (MB)
	208204  -  ResidentSetSize of job (KB)
...
040 (217304.196.000) 2020-11-28 18:08:59 Started transferring output files
...
040 (217304.196.000) 2020-11-28 18:08:59 Finished transferring output files
...
005 (217304.196.000) 2020-11-28 18:08:59 Job terminated.
	(1) Normal termination (return value 0)
		Usr 0 00:01:06, Sys 0 00:00:00  -  Run Remote Usage
		Usr 0 00:00:00, Sys 0 00:00:00  -  Run Local Usage
		Usr 0 00:01:06, Sys 0 00:00:00  -  Total Remote Usage
		Usr 0 00:00:00, Sys 0 00:00:00  -  Total Local Usage
	2206  -  Run Bytes Sent By Job
	2749374  -  Run Bytes Received By Job
	2206  -  Total Bytes Sent By Job
	2749374  -  Total Bytes Received By Job
	Partitionable Resources :     Usage  Request Allocated 
	   Cpus                 :      0.99        1         1 
	   Disk (KB)            : 154320     1048576   1326992 
	   IoHeavy              :                            0 
	   Memory (MB)          :    204        1024      1024 

	Job terminated of its own accord at 2020-11-29T00:08:59Z.
...
