000 (217304.219.000) 2020-11-28 18:02:57 Job submitted from host: <128.104.100.148:9618?addrs=128.104.100.148-9618+[2607-f388-107c-501-216-3eff-feb2-bc11]-9618&alias=learn.chtc.wisc.edu&noUDP&sock=schedd_2128_35a0>
...
040 (217304.219.000) 2020-11-28 18:08:02 Started transferring input files
	Transferring to host: <128.105.245.65:9618?addrs=128.105.245.65-9618&alias=e265.chtc.wisc.edu&noUDP&sock=slot1_24_26979_e562_46782>
...
040 (217304.219.000) 2020-11-28 18:08:04 Finished transferring input files
...
001 (217304.219.000) 2020-11-28 18:08:05 Job executing on host: <128.105.245.65:9618?addrs=128.105.245.65-9618&alias=e265.chtc.wisc.edu&noUDP&sock=startd_19420_154b>
...
006 (217304.219.000) 2020-11-28 18:08:13 Image size of job updated: 428096
	419  -  MemoryUsage of job (MB)
	428096  -  ResidentSetSize of job (KB)
...
040 (217304.219.000) 2020-11-28 18:09:11 Started transferring output files
...
040 (217304.219.000) 2020-11-28 18:09:11 Finished transferring output files
...
005 (217304.219.000) 2020-11-28 18:09:11 Job terminated.
	(1) Normal termination (return value 0)
		Usr 0 00:01:02, Sys 0 00:00:00  -  Run Remote Usage
		Usr 0 00:00:00, Sys 0 00:00:00  -  Run Local Usage
		Usr 0 00:01:02, Sys 0 00:00:00  -  Total Remote Usage
		Usr 0 00:00:00, Sys 0 00:00:00  -  Total Local Usage
	2353  -  Run Bytes Sent By Job
	2478229  -  Run Bytes Received By Job
	2353  -  Total Bytes Sent By Job
	2478229  -  Total Bytes Received By Job
	Partitionable Resources :    Usage  Request Allocated 
	   Cpus                 :                 1         1 
	   Disk (KB)            :   154063  1048576   1327572 
	   IoHeavy              :                           0 
	   Memory (MB)          :      419     1024      1024 

	Job terminated of its own accord at 2020-11-29T00:09:11Z.
...
