000 (217317.577.000) 2020-11-28 19:35:07 Job submitted from host: <128.104.100.148:9618?addrs=128.104.100.148-9618+[2607-f388-107c-501-216-3eff-feb2-bc11]-9618&alias=learn.chtc.wisc.edu&noUDP&sock=schedd_2128_35a0>
...
040 (217317.577.000) 2020-11-28 19:44:29 Started transferring input files
	Transferring to host: <128.105.245.149:9618?addrs=128.105.245.149-9618&alias=e349.chtc.wisc.edu&noUDP&sock=slot1_33_35241_38f2_46953>
...
040 (217317.577.000) 2020-11-28 19:44:31 Finished transferring input files
...
001 (217317.577.000) 2020-11-28 19:44:32 Job executing on host: <128.105.245.149:9618?addrs=128.105.245.149-9618&alias=e349.chtc.wisc.edu&noUDP&sock=startd_7140_064b>
...
006 (217317.577.000) 2020-11-28 19:44:41 Image size of job updated: 216588
	212  -  MemoryUsage of job (MB)
	216588  -  ResidentSetSize of job (KB)
...
040 (217317.577.000) 2020-11-28 19:45:39 Started transferring output files
...
040 (217317.577.000) 2020-11-28 19:45:39 Finished transferring output files
...
005 (217317.577.000) 2020-11-28 19:45:39 Job terminated.
	(1) Normal termination (return value 0)
		Usr 0 00:01:01, Sys 0 00:00:00  -  Run Remote Usage
		Usr 0 00:00:00, Sys 0 00:00:00  -  Run Local Usage
		Usr 0 00:01:01, Sys 0 00:00:00  -  Total Remote Usage
		Usr 0 00:00:00, Sys 0 00:00:00  -  Total Local Usage
	2267  -  Run Bytes Sent By Job
	2356528  -  Run Bytes Received By Job
	2267  -  Total Bytes Sent By Job
	2356528  -  Total Bytes Received By Job
	Partitionable Resources :    Usage  Request Allocated 
	   Cpus                 :                 1         1 
	   Disk (KB)            :   153651  1048576   1323946 
	   IoHeavy              :                           0 
	   Memory (MB)          :      212     1024      1024 

	Job terminated of its own accord at 2020-11-29T01:45:39Z.
...
