000 (217304.437.000) 2020-11-28 18:02:57 Job submitted from host: <128.104.100.148:9618?addrs=128.104.100.148-9618+[2607-f388-107c-501-216-3eff-feb2-bc11]-9618&alias=learn.chtc.wisc.edu&noUDP&sock=schedd_2128_35a0>
...
040 (217304.437.000) 2020-11-28 18:10:22 Started transferring input files
	Transferring to host: <128.104.58.123:9618?addrs=128.104.58.123-9618+[2607-f388-1086-0-67d-7bff-fe41-62ea]-9618&alias=e540.chtc.wisc.edu&noUDP&sock=slot1_10_26039_94bc_38863>
...
040 (217304.437.000) 2020-11-28 18:10:24 Finished transferring input files
...
001 (217304.437.000) 2020-11-28 18:10:25 Job executing on host: <128.104.58.123:9618?addrs=128.104.58.123-9618+[2607-f388-1086-0-67d-7bff-fe41-62ea]-9618&alias=e540.chtc.wisc.edu&noUDP&sock=startd_12509_b647>
...
006 (217304.437.000) 2020-11-28 18:10:34 Image size of job updated: 209236
	205  -  MemoryUsage of job (MB)
	209236  -  ResidentSetSize of job (KB)
...
040 (217304.437.000) 2020-11-28 18:11:20 Started transferring output files
...
040 (217304.437.000) 2020-11-28 18:11:20 Finished transferring output files
...
005 (217304.437.000) 2020-11-28 18:11:20 Job terminated.
	(1) Normal termination (return value 0)
		Usr 0 00:00:53, Sys 0 00:00:00  -  Run Remote Usage
		Usr 0 00:00:00, Sys 0 00:00:00  -  Run Local Usage
		Usr 0 00:00:53, Sys 0 00:00:00  -  Total Remote Usage
		Usr 0 00:00:00, Sys 0 00:00:00  -  Total Local Usage
	2265  -  Run Bytes Sent By Job
	2397177  -  Run Bytes Received By Job
	2265  -  Total Bytes Sent By Job
	2397177  -  Total Bytes Received By Job
	Partitionable Resources :     Usage  Request Allocated 
	   Cpus                 :      0.03        1         1 
	   Disk (KB)            : 154117     1048576  16562528 
	   IoHeavy              :                            0 
	   Memory (MB)          :    205        1024      1024 

	Job terminated of its own accord at 2020-11-29T00:11:20Z.
...
