000 (217317.503.000) 2020-11-28 19:35:07 Job submitted from host: <128.104.100.148:9618?addrs=128.104.100.148-9618+[2607-f388-107c-501-216-3eff-feb2-bc11]-9618&alias=learn.chtc.wisc.edu&noUDP&sock=schedd_2128_35a0>
...
040 (217317.503.000) 2020-11-28 19:43:40 Started transferring input files
	Transferring to host: <128.105.245.36:9618?addrs=128.105.245.36-9618&alias=e236.chtc.wisc.edu&noUDP&sock=slot1_6_10779_87cf_40192>
...
040 (217317.503.000) 2020-11-28 19:43:41 Finished transferring input files
...
001 (217317.503.000) 2020-11-28 19:43:42 Job executing on host: <128.105.245.36:9618?addrs=128.105.245.36-9618&alias=e236.chtc.wisc.edu&noUDP&sock=startd_6218_9bfa>
...
006 (217317.503.000) 2020-11-28 19:43:51 Image size of job updated: 212168
	208  -  MemoryUsage of job (MB)
	212168  -  ResidentSetSize of job (KB)
...
040 (217317.503.000) 2020-11-28 19:44:27 Started transferring output files
...
040 (217317.503.000) 2020-11-28 19:44:27 Finished transferring output files
...
005 (217317.503.000) 2020-11-28 19:44:27 Job terminated.
	(1) Normal termination (return value 0)
		Usr 0 00:00:44, Sys 0 00:00:00  -  Run Remote Usage
		Usr 0 00:00:00, Sys 0 00:00:00  -  Run Local Usage
		Usr 0 00:00:44, Sys 0 00:00:00  -  Total Remote Usage
		Usr 0 00:00:00, Sys 0 00:00:00  -  Total Local Usage
	2160  -  Run Bytes Sent By Job
	2342816  -  Run Bytes Received By Job
	2160  -  Total Bytes Sent By Job
	2342816  -  Total Bytes Received By Job
	Partitionable Resources :    Usage  Request Allocated 
	   Cpus                 :                 1         1 
	   Disk (KB)            :   153140  1048576   3634953 
	   IoHeavy              :                           0 
	   Memory (MB)          :      208     1024      1024 

	Job terminated of its own accord at 2020-11-29T01:44:27Z.
...
