000 (217304.256.000) 2020-11-28 18:02:57 Job submitted from host: <128.104.100.148:9618?addrs=128.104.100.148-9618+[2607-f388-107c-501-216-3eff-feb2-bc11]-9618&alias=learn.chtc.wisc.edu&noUDP&sock=schedd_2128_35a0>
...
040 (217304.256.000) 2020-11-28 18:08:40 Started transferring input files
	Transferring to host: <128.104.58.188:9618?addrs=128.104.58.188-9618+[2607-f388-1086-0-16fe-b5ff-fec6-6fc7]-9618&alias=e1043.chtc.wisc.edu&noUDP&sock=slot1_38_37153_6640_41619>
...
040 (217304.256.000) 2020-11-28 18:08:45 Finished transferring input files
...
001 (217304.256.000) 2020-11-28 18:08:46 Job executing on host: <128.104.58.188:9618?addrs=128.104.58.188-9618+[2607-f388-1086-0-16fe-b5ff-fec6-6fc7]-9618&alias=e1043.chtc.wisc.edu&noUDP&sock=startd_5231_9c00>
...
006 (217304.256.000) 2020-11-28 18:08:55 Image size of job updated: 223788
	219  -  MemoryUsage of job (MB)
	223788  -  ResidentSetSize of job (KB)
...
006 (217304.256.000) 2020-11-28 18:10:10 Image size of job updated: 223788
	221  -  MemoryUsage of job (MB)
	225324  -  ResidentSetSize of job (KB)
...
040 (217304.256.000) 2020-11-28 18:10:10 Started transferring output files
...
040 (217304.256.000) 2020-11-28 18:10:10 Finished transferring output files
...
005 (217304.256.000) 2020-11-28 18:10:10 Job terminated.
	(1) Normal termination (return value 0)
		Usr 0 00:01:16, Sys 0 00:00:01  -  Run Remote Usage
		Usr 0 00:00:00, Sys 0 00:00:00  -  Run Local Usage
		Usr 0 00:01:16, Sys 0 00:00:01  -  Total Remote Usage
		Usr 0 00:00:00, Sys 0 00:00:00  -  Total Local Usage
	2295  -  Run Bytes Sent By Job
	2978878  -  Run Bytes Received By Job
	2295  -  Total Bytes Sent By Job
	2978878  -  Total Bytes Received By Job
	Partitionable Resources :     Usage  Request Allocated 
	   Cpus                 :      0.47        1         1 
	   Disk (KB)            : 156477     1048576   1332408 
	   IoHeavy              :                            0 
	   Memory (MB)          :    221        1024      1024 

	Job terminated of its own accord at 2020-11-29T00:10:10Z.
...
