000 (217304.514.000) 2020-11-28 18:02:57 Job submitted from host: <128.104.100.148:9618?addrs=128.104.100.148-9618+[2607-f388-107c-501-216-3eff-feb2-bc11]-9618&alias=learn.chtc.wisc.edu&noUDP&sock=schedd_2128_35a0>
...
040 (217304.514.000) 2020-11-28 18:11:00 Started transferring input files
	Transferring to host: <128.105.245.76:9618?addrs=128.105.245.76-9618&alias=e276.chtc.wisc.edu&noUDP&sock=slot1_34_21484_2be3_44860>
...
040 (217304.514.000) 2020-11-28 18:11:02 Finished transferring input files
...
001 (217304.514.000) 2020-11-28 18:11:03 Job executing on host: <128.105.245.76:9618?addrs=128.105.245.76-9618&alias=e276.chtc.wisc.edu&noUDP&sock=startd_4526_09bb>
...
006 (217304.514.000) 2020-11-28 18:11:12 Image size of job updated: 221988
	217  -  MemoryUsage of job (MB)
	221988  -  ResidentSetSize of job (KB)
...
040 (217304.514.000) 2020-11-28 18:12:31 Started transferring output files
...
040 (217304.514.000) 2020-11-28 18:12:31 Finished transferring output files
...
005 (217304.514.000) 2020-11-28 18:12:31 Job terminated.
	(1) Normal termination (return value 0)
		Usr 0 00:01:23, Sys 0 00:00:00  -  Run Remote Usage
		Usr 0 00:00:00, Sys 0 00:00:00  -  Run Local Usage
		Usr 0 00:01:23, Sys 0 00:00:00  -  Total Remote Usage
		Usr 0 00:00:00, Sys 0 00:00:00  -  Total Local Usage
	2257  -  Run Bytes Sent By Job
	2080770  -  Run Bytes Received By Job
	2257  -  Total Bytes Sent By Job
	2080770  -  Total Bytes Received By Job
	Partitionable Resources :    Usage  Request Allocated 
	   Cpus                 :                 1         1 
	   Disk (KB)            :   154717  1048576   1335392 
	   IoHeavy              :                           0 
	   Memory (MB)          :      217     1024      1024 

	Job terminated of its own accord at 2020-11-29T00:12:31Z.
...
