000 (217304.020.000) 2020-11-28 18:02:57 Job submitted from host: <128.104.100.148:9618?addrs=128.104.100.148-9618+[2607-f388-107c-501-216-3eff-feb2-bc11]-9618&alias=learn.chtc.wisc.edu&noUDP&sock=schedd_2128_35a0>
...
040 (217304.020.000) 2020-11-28 18:04:39 Started transferring input files
	Transferring to host: <128.104.58.176:9618?addrs=128.104.58.176-9618+[2607-f388-1086-0-16fe-b5ff-fec6-7498]-9618&alias=e1031.chtc.wisc.edu&noUDP&sock=slot1_28_40486_cca7_42660>
...
040 (217304.020.000) 2020-11-28 18:04:41 Finished transferring input files
...
001 (217304.020.000) 2020-11-28 18:04:42 Job executing on host: <128.104.58.176:9618?addrs=128.104.58.176-9618+[2607-f388-1086-0-16fe-b5ff-fec6-7498]-9618&alias=e1031.chtc.wisc.edu&noUDP&sock=startd_5566_643a>
...
006 (217304.020.000) 2020-11-28 18:04:51 Image size of job updated: 246432
	241  -  MemoryUsage of job (MB)
	246432  -  ResidentSetSize of job (KB)
...
040 (217304.020.000) 2020-11-28 18:05:43 Started transferring output files
...
040 (217304.020.000) 2020-11-28 18:05:43 Finished transferring output files
...
005 (217304.020.000) 2020-11-28 18:05:43 Job terminated.
	(1) Normal termination (return value 0)
		Usr 0 00:00:59, Sys 0 00:00:01  -  Run Remote Usage
		Usr 0 00:00:00, Sys 0 00:00:00  -  Run Local Usage
		Usr 0 00:00:59, Sys 0 00:00:01  -  Total Remote Usage
		Usr 0 00:00:00, Sys 0 00:00:00  -  Total Local Usage
	2302  -  Run Bytes Sent By Job
	2445170  -  Run Bytes Received By Job
	2302  -  Total Bytes Sent By Job
	2445170  -  Total Bytes Received By Job
	Partitionable Resources :    Usage  Request Allocated 
	   Cpus                 :                 1         1 
	   Disk (KB)            :   153328  1048576   1331806 
	   IoHeavy              :                           0 
	   Memory (MB)          :      241     1024      1024 

	Job terminated of its own accord at 2020-11-29T00:05:43Z.
...
