000 (217304.692.000) 2020-11-28 18:02:57 Job submitted from host: <128.104.100.148:9618?addrs=128.104.100.148-9618+[2607-f388-107c-501-216-3eff-feb2-bc11]-9618&alias=learn.chtc.wisc.edu&noUDP&sock=schedd_2128_35a0>
...
040 (217304.692.000) 2020-11-28 18:12:28 Started transferring input files
	Transferring to host: <128.104.101.140:9618?addrs=128.104.101.140-9618+[2607-f388-107c-501-4603-a7ff-fe0b-893b]-9618&alias=e140.chtc.wisc.edu&noUDP&sock=slot1_3_5129_982a_54655>
...
040 (217304.692.000) 2020-11-28 18:12:32 Finished transferring input files
...
001 (217304.692.000) 2020-11-28 18:12:33 Job executing on host: <128.104.101.140:9618?addrs=128.104.101.140-9618+[2607-f388-107c-501-4603-a7ff-fe0b-893b]-9618&alias=e140.chtc.wisc.edu&noUDP&sock=startd_3869_6402>
...
006 (217304.692.000) 2020-11-28 18:12:41 Image size of job updated: 208624
	204  -  MemoryUsage of job (MB)
	208624  -  ResidentSetSize of job (KB)
...
040 (217304.692.000) 2020-11-28 18:13:29 Started transferring output files
...
040 (217304.692.000) 2020-11-28 18:13:29 Finished transferring output files
...
005 (217304.692.000) 2020-11-28 18:13:29 Job terminated.
	(1) Normal termination (return value 0)
		Usr 0 00:00:54, Sys 0 00:00:00  -  Run Remote Usage
		Usr 0 00:00:00, Sys 0 00:00:00  -  Run Local Usage
		Usr 0 00:00:54, Sys 0 00:00:00  -  Total Remote Usage
		Usr 0 00:00:00, Sys 0 00:00:00  -  Total Local Usage
	2262  -  Run Bytes Sent By Job
	2123145  -  Run Bytes Received By Job
	2262  -  Total Bytes Sent By Job
	2123145  -  Total Bytes Received By Job
	Partitionable Resources :    Usage  Request Allocated 
	   Cpus                 :                 1         1 
	   Disk (KB)            :   153661  1048576   3405528 
	   IoHeavy              :                           0 
	   Memory (MB)          :      204     1024      1024 

	Job terminated of its own accord at 2020-11-29T00:13:29Z.
...
