000 (217317.451.000) 2020-11-28 19:35:07 Job submitted from host: <128.104.100.148:9618?addrs=128.104.100.148-9618+[2607-f388-107c-501-216-3eff-feb2-bc11]-9618&alias=learn.chtc.wisc.edu&noUDP&sock=schedd_2128_35a0>
...
040 (217317.451.000) 2020-11-28 19:43:21 Started transferring input files
	Transferring to host: <128.105.245.172:9618?addrs=128.105.245.172-9618&alias=e2372.chtc.wisc.edu&noUDP&sock=slot1_15_35579_5fc0_39169>
...
040 (217317.451.000) 2020-11-28 19:43:25 Finished transferring input files
...
001 (217317.451.000) 2020-11-28 19:43:26 Job executing on host: <128.105.245.172:9618?addrs=128.105.245.172-9618&alias=e2372.chtc.wisc.edu&noUDP&sock=startd_27233_26bd>
...
006 (217317.451.000) 2020-11-28 19:43:34 Image size of job updated: 215484
	211  -  MemoryUsage of job (MB)
	215484  -  ResidentSetSize of job (KB)
...
040 (217317.451.000) 2020-11-28 19:44:36 Started transferring output files
...
040 (217317.451.000) 2020-11-28 19:44:36 Finished transferring output files
...
005 (217317.451.000) 2020-11-28 19:44:36 Job terminated.
	(1) Normal termination (return value 0)
		Usr 0 00:01:08, Sys 0 00:00:00  -  Run Remote Usage
		Usr 0 00:00:00, Sys 0 00:00:00  -  Run Local Usage
		Usr 0 00:01:08, Sys 0 00:00:00  -  Total Remote Usage
		Usr 0 00:00:00, Sys 0 00:00:00  -  Total Local Usage
	2388  -  Run Bytes Sent By Job
	2328911  -  Run Bytes Received By Job
	2388  -  Total Bytes Sent By Job
	2328911  -  Total Bytes Received By Job
	Partitionable Resources :     Usage  Request Allocated 
	   Cpus                 :      0.95        1         1 
	   Disk (KB)            : 154852     1048576   1458553 
	   IoHeavy              :                            0 
	   Memory (MB)          :    211        1024      1024 

	Job terminated of its own accord at 2020-11-29T01:44:36Z.
...
