000 (217303.003.000) 2020-11-28 17:53:00 Job submitted from host: <128.104.100.148:9618?addrs=128.104.100.148-9618+[2607-f388-107c-501-216-3eff-feb2-bc11]-9618&alias=learn.chtc.wisc.edu&noUDP&sock=schedd_2128_35a0>
...
040 (217303.003.000) 2020-11-28 17:53:39 Started transferring input files
	Transferring to host: <128.104.101.147:9618?addrs=128.104.101.147-9618+[2607-f388-107c-501-4603-a7ff-fe29-58cf]-9618&alias=e147.chtc.wisc.edu&noUDP&sock=slot1_15_27067_e666_51295>
...
040 (217303.003.000) 2020-11-28 17:53:44 Finished transferring input files
...
001 (217303.003.000) 2020-11-28 17:53:45 Job executing on host: <128.104.101.147:9618?addrs=128.104.101.147-9618+[2607-f388-107c-501-4603-a7ff-fe29-58cf]-9618&alias=e147.chtc.wisc.edu&noUDP&sock=startd_1830_ce67>
...
006 (217303.003.000) 2020-11-28 17:53:54 Image size of job updated: 194700
	191  -  MemoryUsage of job (MB)
	194700  -  ResidentSetSize of job (KB)
...
040 (217303.003.000) 2020-11-28 17:54:34 Started transferring output files
...
040 (217303.003.000) 2020-11-28 17:54:34 Finished transferring output files
...
005 (217303.003.000) 2020-11-28 17:54:34 Job terminated.
	(1) Normal termination (return value 0)
		Usr 0 00:00:46, Sys 0 00:00:00  -  Run Remote Usage
		Usr 0 00:00:00, Sys 0 00:00:00  -  Run Local Usage
		Usr 0 00:00:46, Sys 0 00:00:00  -  Total Remote Usage
		Usr 0 00:00:00, Sys 0 00:00:00  -  Total Local Usage
	2300  -  Run Bytes Sent By Job
	1891638  -  Run Bytes Received By Job
	2300  -  Total Bytes Sent By Job
	1891638  -  Total Bytes Received By Job
	Partitionable Resources :     Usage  Request Allocated 
	   Cpus                 :      0.97        1         1 
	   Disk (KB)            : 151176     1048576   3401974 
	   IoHeavy              :                            0 
	   Memory (MB)          :    191        1024      1024 

	Job terminated of its own accord at 2020-11-28T23:54:34Z.
...
