000 (217317.368.000) 2020-11-28 19:35:07 Job submitted from host: <128.104.100.148:9618?addrs=128.104.100.148-9618+[2607-f388-107c-501-216-3eff-feb2-bc11]-9618&alias=learn.chtc.wisc.edu&noUDP&sock=schedd_2128_35a0>
...
040 (217317.368.000) 2020-11-28 19:42:27 Started transferring input files
	Transferring to host: <128.104.58.193:9618?addrs=128.104.58.193-9618+[2607-f388-1086-0-16fe-b5ff-fec6-7060]-9618&alias=e1051.chtc.wisc.edu&noUDP&sock=slot1_9_36563_b0e8_41243>
...
040 (217317.368.000) 2020-11-28 19:42:29 Finished transferring input files
...
001 (217317.368.000) 2020-11-28 19:42:30 Job executing on host: <128.104.58.193:9618?addrs=128.104.58.193-9618+[2607-f388-1086-0-16fe-b5ff-fec6-7060]-9618&alias=e1051.chtc.wisc.edu&noUDP&sock=startd_5482_c645>
...
006 (217317.368.000) 2020-11-28 19:42:39 Image size of job updated: 216208
	212  -  MemoryUsage of job (MB)
	216208  -  ResidentSetSize of job (KB)
...
040 (217317.368.000) 2020-11-28 19:43:46 Started transferring output files
...
040 (217317.368.000) 2020-11-28 19:43:46 Finished transferring output files
...
005 (217317.368.000) 2020-11-28 19:43:46 Job terminated.
	(1) Normal termination (return value 0)
		Usr 0 00:01:11, Sys 0 00:00:01  -  Run Remote Usage
		Usr 0 00:00:00, Sys 0 00:00:00  -  Run Local Usage
		Usr 0 00:01:11, Sys 0 00:00:01  -  Total Remote Usage
		Usr 0 00:00:00, Sys 0 00:00:00  -  Total Local Usage
	2176  -  Run Bytes Sent By Job
	2497593  -  Run Bytes Received By Job
	2176  -  Total Bytes Sent By Job
	2497593  -  Total Bytes Received By Job
	Partitionable Resources :     Usage  Request Allocated 
	   Cpus                 :      0.97        1         1 
	   Disk (KB)            : 155015     1048576   1325950 
	   IoHeavy              :                            0 
	   Memory (MB)          :    212        1024      1024 

	Job terminated of its own accord at 2020-11-29T01:43:46Z.
...
