000 (217317.534.000) 2020-11-28 19:35:07 Job submitted from host: <128.104.100.148:9618?addrs=128.104.100.148-9618+[2607-f388-107c-501-216-3eff-feb2-bc11]-9618&alias=learn.chtc.wisc.edu&noUDP&sock=schedd_2128_35a0>
...
040 (217317.534.000) 2020-11-28 19:44:05 Started transferring input files
	Transferring to host: <128.105.245.110:9618?addrs=128.105.245.110-9618&alias=e310.chtc.wisc.edu&noUDP&sock=slot1_5_17576_a1c4_41739>
...
040 (217317.534.000) 2020-11-28 19:44:06 Finished transferring input files
...
001 (217317.534.000) 2020-11-28 19:44:07 Job executing on host: <128.105.245.110:9618?addrs=128.105.245.110-9618&alias=e310.chtc.wisc.edu&noUDP&sock=startd_7101_461a>
...
006 (217317.534.000) 2020-11-28 19:44:17 Image size of job updated: 196332
	192  -  MemoryUsage of job (MB)
	196332  -  ResidentSetSize of job (KB)
...
040 (217317.534.000) 2020-11-28 19:44:52 Started transferring output files
...
040 (217317.534.000) 2020-11-28 19:44:52 Finished transferring output files
...
005 (217317.534.000) 2020-11-28 19:44:52 Job terminated.
	(1) Normal termination (return value 0)
		Usr 0 00:00:38, Sys 0 00:00:00  -  Run Remote Usage
		Usr 0 00:00:00, Sys 0 00:00:00  -  Run Local Usage
		Usr 0 00:00:38, Sys 0 00:00:00  -  Total Remote Usage
		Usr 0 00:00:00, Sys 0 00:00:00  -  Total Local Usage
	2239  -  Run Bytes Sent By Job
	1459112  -  Run Bytes Received By Job
	2239  -  Total Bytes Sent By Job
	1459112  -  Total Bytes Received By Job
	Partitionable Resources :    Usage  Request Allocated 
	   Cpus                 :                 1         1 
	   Disk (KB)            :   148297  1048576   1330979 
	   IoHeavy              :                           0 
	   Memory (MB)          :      192     1024      1024 

	Job terminated of its own accord at 2020-11-29T01:44:52Z.
...
