000 (217304.173.000) 2020-11-28 18:02:57 Job submitted from host: <128.104.100.148:9618?addrs=128.104.100.148-9618+[2607-f388-107c-501-216-3eff-feb2-bc11]-9618&alias=learn.chtc.wisc.edu&noUDP&sock=schedd_2128_35a0>
...
040 (217304.173.000) 2020-11-28 18:07:20 Started transferring input files
	Transferring to host: <128.104.58.182:9618?addrs=128.104.58.182-9618+[2607-f388-1086-0-16fe-b5ff-fec6-75b8]-9618&alias=e1038.chtc.wisc.edu&noUDP&sock=slot1_35_8578_ba16_40949>
...
040 (217304.173.000) 2020-11-28 18:07:22 Finished transferring input files
...
001 (217304.173.000) 2020-11-28 18:07:23 Job executing on host: <128.104.58.182:9618?addrs=128.104.58.182-9618+[2607-f388-1086-0-16fe-b5ff-fec6-75b8]-9618&alias=e1038.chtc.wisc.edu&noUDP&sock=startd_5310_cbfb>
...
006 (217304.173.000) 2020-11-28 18:07:32 Image size of job updated: 198472
	194  -  MemoryUsage of job (MB)
	198472  -  ResidentSetSize of job (KB)
...
040 (217304.173.000) 2020-11-28 18:08:33 Started transferring output files
...
040 (217304.173.000) 2020-11-28 18:08:33 Finished transferring output files
...
005 (217304.173.000) 2020-11-28 18:08:33 Job terminated.
	(1) Normal termination (return value 0)
		Usr 0 00:01:06, Sys 0 00:00:01  -  Run Remote Usage
		Usr 0 00:00:00, Sys 0 00:00:00  -  Run Local Usage
		Usr 0 00:01:06, Sys 0 00:00:01  -  Total Remote Usage
		Usr 0 00:00:00, Sys 0 00:00:00  -  Total Local Usage
	2221  -  Run Bytes Sent By Job
	2402325  -  Run Bytes Received By Job
	2221  -  Total Bytes Sent By Job
	2402325  -  Total Bytes Received By Job
	Partitionable Resources :     Usage  Request Allocated 
	   Cpus                 :      1.00        1         1 
	   Disk (KB)            : 153374     1048576   1488022 
	   IoHeavy              :                            0 
	   Memory (MB)          :    194        1024      1024 

	Job terminated of its own accord at 2020-11-29T00:08:33Z.
...
