000 (217317.335.000) 2020-11-28 19:35:07 Job submitted from host: <128.104.100.148:9618?addrs=128.104.100.148-9618+[2607-f388-107c-501-216-3eff-feb2-bc11]-9618&alias=learn.chtc.wisc.edu&noUDP&sock=schedd_2128_35a0>
...
040 (217317.335.000) 2020-11-28 19:42:01 Started transferring input files
	Transferring to host: <128.105.245.244:9618?addrs=128.105.245.244-9618&alias=e444.chtc.wisc.edu&noUDP&sock=slot1_33_26794_8bfb_44373>
...
040 (217317.335.000) 2020-11-28 19:42:03 Finished transferring input files
...
001 (217317.335.000) 2020-11-28 19:42:04 Job executing on host: <128.105.245.244:9618?addrs=128.105.245.244-9618&alias=e444.chtc.wisc.edu&noUDP&sock=startd_4534_867d>
...
006 (217317.335.000) 2020-11-28 19:42:12 Image size of job updated: 214876
	210  -  MemoryUsage of job (MB)
	214876  -  ResidentSetSize of job (KB)
...
006 (217317.335.000) 2020-11-28 19:43:15 Image size of job updated: 214876
	211  -  MemoryUsage of job (MB)
	215136  -  ResidentSetSize of job (KB)
...
040 (217317.335.000) 2020-11-28 19:43:15 Started transferring output files
...
040 (217317.335.000) 2020-11-28 19:43:15 Finished transferring output files
...
005 (217317.335.000) 2020-11-28 19:43:15 Job terminated.
	(1) Normal termination (return value 0)
		Usr 0 00:01:07, Sys 0 00:00:00  -  Run Remote Usage
		Usr 0 00:00:00, Sys 0 00:00:00  -  Run Local Usage
		Usr 0 00:01:07, Sys 0 00:00:00  -  Total Remote Usage
		Usr 0 00:00:00, Sys 0 00:00:00  -  Total Local Usage
	2281  -  Run Bytes Sent By Job
	2090644  -  Run Bytes Received By Job
	2281  -  Total Bytes Sent By Job
	2090644  -  Total Bytes Received By Job
	Partitionable Resources :     Usage  Request Allocated 
	   Cpus                 :      0.00        1         1 
	   Disk (KB)            : 153015     1048576   1342284 
	   IoHeavy              :                            0 
	   Memory (MB)          :    211        1024      1024 

	Job terminated of its own accord at 2020-11-29T01:43:15Z.
...
