000 (217304.788.000) 2020-11-28 18:02:57 Job submitted from host: <128.104.100.148:9618?addrs=128.104.100.148-9618+[2607-f388-107c-501-216-3eff-feb2-bc11]-9618&alias=learn.chtc.wisc.edu&noUDP&sock=schedd_2128_35a0>
...
040 (217304.788.000) 2020-11-28 18:13:05 Started transferring input files
	Transferring to host: <128.105.245.136:9618?addrs=128.105.245.136-9618&alias=e2336.chtc.wisc.edu&noUDP&sock=slot1_38_24443_0dfb_43889>
...
040 (217304.788.000) 2020-11-28 18:13:08 Finished transferring input files
...
001 (217304.788.000) 2020-11-28 18:13:09 Job executing on host: <128.105.245.136:9618?addrs=128.105.245.136-9618&alias=e2336.chtc.wisc.edu&noUDP&sock=startd_2598_9723>
...
006 (217304.788.000) 2020-11-28 18:13:12 Image size of job updated: 106500
	105  -  MemoryUsage of job (MB)
	106500  -  ResidentSetSize of job (KB)
...
040 (217304.788.000) 2020-11-28 18:13:13 Started transferring output files
...
040 (217304.788.000) 2020-11-28 18:13:13 Finished transferring output files
...
005 (217304.788.000) 2020-11-28 18:13:13 Job terminated.
	(1) Normal termination (return value 1)
		Usr 0 00:00:01, Sys 0 00:00:00  -  Run Remote Usage
		Usr 0 00:00:00, Sys 0 00:00:00  -  Run Local Usage
		Usr 0 00:00:01, Sys 0 00:00:00  -  Total Remote Usage
		Usr 0 00:00:00, Sys 0 00:00:00  -  Total Local Usage
	1334  -  Run Bytes Sent By Job
	1449854  -  Run Bytes Received By Job
	1334  -  Total Bytes Sent By Job
	1449854  -  Total Bytes Received By Job
	Partitionable Resources :    Usage  Request Allocated 
	   Cpus                 :                 1         1 
	   Disk (KB)            :   149397  1048576   1329950 
	   IoHeavy              :                           0 
	   Memory (MB)          :      105     1024      1024 

	Job terminated of its own accord at 2020-11-29T00:13:12Z.
...
