000 (217304.772.000) 2020-11-28 18:02:57 Job submitted from host: <128.104.100.148:9618?addrs=128.104.100.148-9618+[2607-f388-107c-501-216-3eff-feb2-bc11]-9618&alias=learn.chtc.wisc.edu&noUDP&sock=schedd_2128_35a0>
...
040 (217304.772.000) 2020-11-28 18:13:05 Started transferring input files
	Transferring to host: <128.105.244.101:9618?addrs=128.105.244.101-9618&alias=e2005.chtc.wisc.edu&noUDP&sock=slot1_19_36904_f4d6_43399>
...
040 (217304.772.000) 2020-11-28 18:13:07 Finished transferring input files
...
001 (217304.772.000) 2020-11-28 18:13:08 Job executing on host: <128.105.244.101:9618?addrs=128.105.244.101-9618&alias=e2005.chtc.wisc.edu&noUDP&sock=startd_7339_85a4>
...
006 (217304.772.000) 2020-11-28 18:13:16 Image size of job updated: 1011176
	988  -  MemoryUsage of job (MB)
	1011176  -  ResidentSetSize of job (KB)
...
040 (217304.772.000) 2020-11-28 18:13:45 Started transferring output files
...
040 (217304.772.000) 2020-11-28 18:13:45 Finished transferring output files
...
005 (217304.772.000) 2020-11-28 18:13:45 Job terminated.
	(1) Normal termination (return value 0)
		Usr 0 00:00:37, Sys 0 00:00:01  -  Run Remote Usage
		Usr 0 00:00:00, Sys 0 00:00:00  -  Run Local Usage
		Usr 0 00:00:37, Sys 0 00:00:01  -  Total Remote Usage
		Usr 0 00:00:00, Sys 0 00:00:00  -  Total Local Usage
	2358  -  Run Bytes Sent By Job
	2712925  -  Run Bytes Received By Job
	2358  -  Total Bytes Sent By Job
	2712925  -  Total Bytes Received By Job
	Partitionable Resources :     Usage  Request Allocated 
	   Cpus                 :      1.00        1         1 
	   Disk (KB)            : 156183     1048576   2902502 
	   IoHeavy              :                            0 
	   Memory (MB)          :    988        1024      1024 

	Job terminated of its own accord at 2020-11-29T00:13:45Z.
...
