000 (217317.465.000) 2020-11-28 19:35:07 Job submitted from host: <128.104.100.148:9618?addrs=128.104.100.148-9618+[2607-f388-107c-501-216-3eff-feb2-bc11]-9618&alias=learn.chtc.wisc.edu&noUDP&sock=schedd_2128_35a0>
...
040 (217317.465.000) 2020-11-28 19:43:21 Started transferring input files
	Transferring to host: <128.105.245.148:9618?addrs=128.105.245.148-9618&alias=e348.chtc.wisc.edu&noUDP&sock=slot1_24_20101_b90a_42484>
...
040 (217317.465.000) 2020-11-28 19:43:25 Finished transferring input files
...
001 (217317.465.000) 2020-11-28 19:43:26 Job executing on host: <128.105.245.148:9618?addrs=128.105.245.148-9618&alias=e348.chtc.wisc.edu&noUDP&sock=startd_7136_47ea>
...
006 (217317.465.000) 2020-11-28 19:43:35 Image size of job updated: 101084
	99  -  MemoryUsage of job (MB)
	101084  -  ResidentSetSize of job (KB)
...
006 (217317.465.000) 2020-11-28 19:44:33 Image size of job updated: 110156
	108  -  MemoryUsage of job (MB)
	110156  -  ResidentSetSize of job (KB)
...
040 (217317.465.000) 2020-11-28 19:44:33 Started transferring output files
...
040 (217317.465.000) 2020-11-28 19:44:33 Finished transferring output files
...
005 (217317.465.000) 2020-11-28 19:44:33 Job terminated.
	(1) Normal termination (return value 0)
		Usr 0 00:00:54, Sys 0 00:00:00  -  Run Remote Usage
		Usr 0 00:00:00, Sys 0 00:00:00  -  Run Local Usage
		Usr 0 00:00:54, Sys 0 00:00:00  -  Total Remote Usage
		Usr 0 00:00:00, Sys 0 00:00:00  -  Total Local Usage
	2137  -  Run Bytes Sent By Job
	1944814  -  Run Bytes Received By Job
	2137  -  Total Bytes Sent By Job
	1944814  -  Total Bytes Received By Job
	Partitionable Resources :    Usage  Request Allocated 
	   Cpus                 :                 1         1 
	   Disk (KB)            :   151866  1048576   1408757 
	   IoHeavy              :                           0 
	   Memory (MB)          :      108     1024      1024 

	Job terminated of its own accord at 2020-11-29T01:44:33Z.
...
