000 (217317.730.000) 2020-11-28 19:35:07 Job submitted from host: <128.104.100.148:9618?addrs=128.104.100.148-9618+[2607-f388-107c-501-216-3eff-feb2-bc11]-9618&alias=learn.chtc.wisc.edu&noUDP&sock=schedd_2128_35a0>
...
040 (217317.730.000) 2020-11-28 19:45:30 Started transferring input files
	Transferring to host: <128.105.245.148:9618?addrs=128.105.245.148-9618&alias=e348.chtc.wisc.edu&noUDP&sock=slot1_6_20101_b90a_42506>
...
040 (217317.730.000) 2020-11-28 19:45:33 Finished transferring input files
...
001 (217317.730.000) 2020-11-28 19:45:34 Job executing on host: <128.105.245.148:9618?addrs=128.105.245.148-9618&alias=e348.chtc.wisc.edu&noUDP&sock=startd_7136_47ea>
...
006 (217317.730.000) 2020-11-28 19:45:42 Image size of job updated: 219272
	215  -  MemoryUsage of job (MB)
	219272  -  ResidentSetSize of job (KB)
...
040 (217317.730.000) 2020-11-28 19:47:04 Started transferring output files
...
040 (217317.730.000) 2020-11-28 19:47:04 Finished transferring output files
...
005 (217317.730.000) 2020-11-28 19:47:04 Job terminated.
	(1) Normal termination (return value 0)
		Usr 0 00:01:25, Sys 0 00:00:00  -  Run Remote Usage
		Usr 0 00:00:00, Sys 0 00:00:00  -  Run Local Usage
		Usr 0 00:01:25, Sys 0 00:00:00  -  Total Remote Usage
		Usr 0 00:00:00, Sys 0 00:00:00  -  Total Local Usage
	2270  -  Run Bytes Sent By Job
	2797892  -  Run Bytes Received By Job
	2270  -  Total Bytes Sent By Job
	2797892  -  Total Bytes Received By Job
	Partitionable Resources :    Usage  Request Allocated 
	   Cpus                 :                 1         1 
	   Disk (KB)            :   156933  1048576   1408757 
	   IoHeavy              :                           0 
	   Memory (MB)          :      215     1024      1024 

	Job terminated of its own accord at 2020-11-29T01:47:04Z.
...
