000 (217302.004.000) 2020-11-28 17:27:33 Job submitted from host: <128.104.100.148:9618?addrs=128.104.100.148-9618+[2607-f388-107c-501-216-3eff-feb2-bc11]-9618&alias=learn.chtc.wisc.edu&noUDP&sock=schedd_2128_35a0>
...
040 (217302.004.000) 2020-11-28 17:29:04 Started transferring input files
	Transferring to host: <128.104.58.226:9618?addrs=128.104.58.226-9618+[2607-f388-1086-0-226-9eff-fe2b-bdac]-9618&alias=e1089.chtc.wisc.edu&noUDP&sock=slot1_11_30569_6034_38814>
...
040 (217302.004.000) 2020-11-28 17:29:05 Finished transferring input files
...
001 (217302.004.000) 2020-11-28 17:29:06 Job executing on host: <128.104.58.226:9618?addrs=128.104.58.226-9618+[2607-f388-1086-0-226-9eff-fe2b-bdac]-9618&alias=e1089.chtc.wisc.edu&noUDP&sock=startd_4379_354f>
...
006 (217302.004.000) 2020-11-28 17:29:15 Image size of job updated: 202996
	199  -  MemoryUsage of job (MB)
	202996  -  ResidentSetSize of job (KB)
...
040 (217302.004.000) 2020-11-28 17:29:55 Started transferring output files
...
040 (217302.004.000) 2020-11-28 17:29:55 Finished transferring output files
...
005 (217302.004.000) 2020-11-28 17:29:55 Job terminated.
	(1) Normal termination (return value 0)
		Usr 0 00:00:47, Sys 0 00:00:00  -  Run Remote Usage
		Usr 0 00:00:00, Sys 0 00:00:00  -  Run Local Usage
		Usr 0 00:00:47, Sys 0 00:00:00  -  Total Remote Usage
		Usr 0 00:00:00, Sys 0 00:00:00  -  Total Local Usage
	2218  -  Run Bytes Sent By Job
	2206010  -  Run Bytes Received By Job
	2218  -  Total Bytes Sent By Job
	2206010  -  Total Bytes Received By Job
	Partitionable Resources :     Usage  Request Allocated 
	   Cpus                 :      0.99        1         1 
	   Disk (KB)            : 152956     1048576  11035555 
	   IoHeavy              :                            0 
	   Memory (MB)          :    199        1024      1024 

	Job terminated of its own accord at 2020-11-28T23:29:54Z.
...
