000 (217317.395.000) 2020-11-28 19:35:07 Job submitted from host: <128.104.100.148:9618?addrs=128.104.100.148-9618+[2607-f388-107c-501-216-3eff-feb2-bc11]-9618&alias=learn.chtc.wisc.edu&noUDP&sock=schedd_2128_35a0>
...
040 (217317.395.000) 2020-11-28 19:42:52 Started transferring input files
	Transferring to host: <128.104.101.147:9618?addrs=128.104.101.147-9618+[2607-f388-107c-501-4603-a7ff-fe29-58cf]-9618&alias=e147.chtc.wisc.edu&noUDP&sock=slot1_1_27067_e666_51487>
...
040 (217317.395.000) 2020-11-28 19:42:56 Finished transferring input files
...
001 (217317.395.000) 2020-11-28 19:42:58 Job executing on host: <128.104.101.147:9618?addrs=128.104.101.147-9618+[2607-f388-107c-501-4603-a7ff-fe29-58cf]-9618&alias=e147.chtc.wisc.edu&noUDP&sock=startd_1830_ce67>
...
006 (217317.395.000) 2020-11-28 19:43:07 Image size of job updated: 223172
	218  -  MemoryUsage of job (MB)
	223172  -  ResidentSetSize of job (KB)
...
040 (217317.395.000) 2020-11-28 19:44:28 Started transferring output files
...
040 (217317.395.000) 2020-11-28 19:44:28 Finished transferring output files
...
005 (217317.395.000) 2020-11-28 19:44:28 Job terminated.
	(1) Normal termination (return value 0)
		Usr 0 00:01:22, Sys 0 00:00:01  -  Run Remote Usage
		Usr 0 00:00:00, Sys 0 00:00:00  -  Run Local Usage
		Usr 0 00:01:22, Sys 0 00:00:01  -  Total Remote Usage
		Usr 0 00:00:00, Sys 0 00:00:00  -  Total Local Usage
	2380  -  Run Bytes Sent By Job
	3225871  -  Run Bytes Received By Job
	2380  -  Total Bytes Sent By Job
	3225871  -  Total Bytes Received By Job
	Partitionable Resources :     Usage  Request Allocated 
	   Cpus                 :      0.95        1         1 
	   Disk (KB)            : 158220     1048576   3401974 
	   IoHeavy              :                            0 
	   Memory (MB)          :    218        1024      1024 

	Job terminated of its own accord at 2020-11-29T01:44:28Z.
...
