000 (217304.116.000) 2020-11-28 18:02:57 Job submitted from host: <128.104.100.148:9618?addrs=128.104.100.148-9618+[2607-f388-107c-501-216-3eff-feb2-bc11]-9618&alias=learn.chtc.wisc.edu&noUDP&sock=schedd_2128_35a0>
...
040 (217304.116.000) 2020-11-28 18:06:39 Started transferring input files
	Transferring to host: <128.105.245.38:9618?addrs=128.105.245.38-9618&alias=e3238.chtc.wisc.edu&noUDP&sock=slot1_6_17238_7af6_42372>
...
040 (217304.116.000) 2020-11-28 18:06:40 Finished transferring input files
...
001 (217304.116.000) 2020-11-28 18:06:41 Job executing on host: <128.105.245.38:9618?addrs=128.105.245.38-9618&alias=e3238.chtc.wisc.edu&noUDP&sock=startd_24974_aa4c>
...
006 (217304.116.000) 2020-11-28 18:06:50 Image size of job updated: 200724
	197  -  MemoryUsage of job (MB)
	200724  -  ResidentSetSize of job (KB)
...
040 (217304.116.000) 2020-11-28 18:07:56 Started transferring output files
...
040 (217304.116.000) 2020-11-28 18:07:56 Finished transferring output files
...
005 (217304.116.000) 2020-11-28 18:07:56 Job terminated.
	(1) Normal termination (return value 0)
		Usr 0 00:01:13, Sys 0 00:00:00  -  Run Remote Usage
		Usr 0 00:00:00, Sys 0 00:00:00  -  Run Local Usage
		Usr 0 00:01:13, Sys 0 00:00:00  -  Total Remote Usage
		Usr 0 00:00:00, Sys 0 00:00:00  -  Total Local Usage
	2260  -  Run Bytes Sent By Job
	1562689  -  Run Bytes Received By Job
	2260  -  Total Bytes Sent By Job
	1562689  -  Total Bytes Received By Job
	Partitionable Resources :     Usage  Request Allocated 
	   Cpus                 :      1.00        1         1 
	   Disk (KB)            : 150566     1048576   1156769 
	   IoHeavy              :                            0 
	   Memory (MB)          :    197        1024      1024 

	Job terminated of its own accord at 2020-11-29T00:07:56Z.
...
