000 (217317.100.000) 2020-11-28 19:35:07 Job submitted from host: <128.104.100.148:9618?addrs=128.104.100.148-9618+[2607-f388-107c-501-216-3eff-feb2-bc11]-9618&alias=learn.chtc.wisc.edu&noUDP&sock=schedd_2128_35a0>
...
040 (217317.100.000) 2020-11-28 19:38:10 Started transferring input files
	Transferring to host: <128.104.58.169:9618?addrs=128.104.58.169-9618+[2607-f388-1086-0-16fe-b5ff-fec6-6e68]-9618&alias=e1023.chtc.wisc.edu&noUDP&sock=slot1_36_15341_df49_43250>
...
040 (217317.100.000) 2020-11-28 19:38:12 Finished transferring input files
...
001 (217317.100.000) 2020-11-28 19:38:13 Job executing on host: <128.104.58.169:9618?addrs=128.104.58.169-9618+[2607-f388-1086-0-16fe-b5ff-fec6-6e68]-9618&alias=e1023.chtc.wisc.edu&noUDP&sock=startd_5441_a6e3>
...
006 (217317.100.000) 2020-11-28 19:38:21 Image size of job updated: 211480
	207  -  MemoryUsage of job (MB)
	211480  -  ResidentSetSize of job (KB)
...
040 (217317.100.000) 2020-11-28 19:39:16 Started transferring output files
...
040 (217317.100.000) 2020-11-28 19:39:17 Finished transferring output files
...
005 (217317.100.000) 2020-11-28 19:39:17 Job terminated.
	(1) Normal termination (return value 0)
		Usr 0 00:01:02, Sys 0 00:00:00  -  Run Remote Usage
		Usr 0 00:00:00, Sys 0 00:00:00  -  Run Local Usage
		Usr 0 00:01:02, Sys 0 00:00:00  -  Total Remote Usage
		Usr 0 00:00:00, Sys 0 00:00:00  -  Total Local Usage
	2367  -  Run Bytes Sent By Job
	2777552  -  Run Bytes Received By Job
	2367  -  Total Bytes Sent By Job
	2777552  -  Total Bytes Received By Job
	Partitionable Resources :     Usage  Request Allocated 
	   Cpus                 :      1.00        1         1 
	   Disk (KB)            : 155975     1048576   1316749 
	   IoHeavy              :                            0 
	   Memory (MB)          :    207        1024      1024 

	Job terminated of its own accord at 2020-11-29T01:39:16Z.
...
