000 (217317.281.000) 2020-11-28 19:35:07 Job submitted from host: <128.104.100.148:9618?addrs=128.104.100.148-9618+[2607-f388-107c-501-216-3eff-feb2-bc11]-9618&alias=learn.chtc.wisc.edu&noUDP&sock=schedd_2128_35a0>
...
040 (217317.281.000) 2020-11-28 19:41:33 Started transferring input files
	Transferring to host: <128.105.245.87:9618?addrs=128.105.245.87-9618&alias=e287.chtc.wisc.edu&noUDP&sock=slot1_2_25747_d730_43626>
...
040 (217317.281.000) 2020-11-28 19:41:38 Finished transferring input files
...
001 (217317.281.000) 2020-11-28 19:41:39 Job executing on host: <128.105.245.87:9618?addrs=128.105.245.87-9618&alias=e287.chtc.wisc.edu&noUDP&sock=startd_10999_fa45>
...
006 (217317.281.000) 2020-11-28 19:41:48 Image size of job updated: 198944
	195  -  MemoryUsage of job (MB)
	198944  -  ResidentSetSize of job (KB)
...
040 (217317.281.000) 2020-11-28 19:42:45 Started transferring output files
...
040 (217317.281.000) 2020-11-28 19:42:45 Finished transferring output files
...
005 (217317.281.000) 2020-11-28 19:42:45 Job terminated.
	(1) Normal termination (return value 0)
		Usr 0 00:01:02, Sys 0 00:00:00  -  Run Remote Usage
		Usr 0 00:00:00, Sys 0 00:00:00  -  Run Local Usage
		Usr 0 00:01:02, Sys 0 00:00:00  -  Total Remote Usage
		Usr 0 00:00:00, Sys 0 00:00:00  -  Total Local Usage
	2351  -  Run Bytes Sent By Job
	2265570  -  Run Bytes Received By Job
	2351  -  Total Bytes Sent By Job
	2265570  -  Total Bytes Received By Job
	Partitionable Resources :    Usage  Request Allocated 
	   Cpus                 :                 1         1 
	   Disk (KB)            :   152813  1048576   1328389 
	   IoHeavy              :                           0 
	   Memory (MB)          :      195     1024      1024 

	Job terminated of its own accord at 2020-11-29T01:42:44Z.
...
