000 (217317.377.000) 2020-11-28 19:35:07 Job submitted from host: <128.104.100.148:9618?addrs=128.104.100.148-9618+[2607-f388-107c-501-216-3eff-feb2-bc11]-9618&alias=learn.chtc.wisc.edu&noUDP&sock=schedd_2128_35a0>
...
040 (217317.377.000) 2020-11-28 19:42:33 Started transferring input files
	Transferring to host: <128.105.244.29:9618?addrs=128.105.244.29-9618&alias=e3160.chtc.wisc.edu&noUDP&sock=slot1_3_30328_91ca_39753>
...
040 (217317.377.000) 2020-11-28 19:42:35 Finished transferring input files
...
001 (217317.377.000) 2020-11-28 19:42:36 Job executing on host: <128.105.244.29:9618?addrs=128.105.244.29-9618&alias=e3160.chtc.wisc.edu&noUDP&sock=startd_31013_eabb>
...
006 (217317.377.000) 2020-11-28 19:42:44 Image size of job updated: 210476
	206  -  MemoryUsage of job (MB)
	210476  -  ResidentSetSize of job (KB)
...
040 (217317.377.000) 2020-11-28 19:43:27 Started transferring output files
...
040 (217317.377.000) 2020-11-28 19:43:27 Finished transferring output files
...
005 (217317.377.000) 2020-11-28 19:43:27 Job terminated.
	(1) Normal termination (return value 0)
		Usr 0 00:00:49, Sys 0 00:00:00  -  Run Remote Usage
		Usr 0 00:00:00, Sys 0 00:00:00  -  Run Local Usage
		Usr 0 00:00:49, Sys 0 00:00:00  -  Total Remote Usage
		Usr 0 00:00:00, Sys 0 00:00:00  -  Total Local Usage
	2239  -  Run Bytes Sent By Job
	2157355  -  Run Bytes Received By Job
	2239  -  Total Bytes Sent By Job
	2157355  -  Total Bytes Received By Job
	Partitionable Resources :    Usage  Request Allocated 
	   Cpus                 :                 1         1 
	   Disk (KB)            :   152853  1048576   3186592 
	   IoHeavy              :                           0 
	   Memory (MB)          :      206     1024      1024 

	Job terminated of its own accord at 2020-11-29T01:43:27Z.
...
