000 (217317.198.000) 2020-11-28 19:35:07 Job submitted from host: <128.104.100.148:9618?addrs=128.104.100.148-9618+[2607-f388-107c-501-216-3eff-feb2-bc11]-9618&alias=learn.chtc.wisc.edu&noUDP&sock=schedd_2128_35a0>
...
040 (217317.198.000) 2020-11-28 19:40:18 Started transferring input files
	Transferring to host: <128.104.55.162:9618?addrs=128.104.55.162-9618+[2607-f388-1086-0-214-4fff-feca-4720]-9618&alias=e010.chtc.wisc.edu&noUDP&sock=slot1_8_32461_7601_38887>
...
040 (217317.198.000) 2020-11-28 19:40:19 Finished transferring input files
...
001 (217317.198.000) 2020-11-28 19:40:20 Job executing on host: <128.104.55.162:9618?addrs=128.104.55.162-9618+[2607-f388-1086-0-214-4fff-feca-4720]-9618&alias=e010.chtc.wisc.edu&noUDP&sock=startd_2081_f8ac>
...
006 (217317.198.000) 2020-11-28 19:40:29 Image size of job updated: 226144
	221  -  MemoryUsage of job (MB)
	226144  -  ResidentSetSize of job (KB)
...
040 (217317.198.000) 2020-11-28 19:41:11 Started transferring output files
...
040 (217317.198.000) 2020-11-28 19:41:11 Finished transferring output files
...
005 (217317.198.000) 2020-11-28 19:41:11 Job terminated.
	(1) Normal termination (return value 0)
		Usr 0 00:00:49, Sys 0 00:00:00  -  Run Remote Usage
		Usr 0 00:00:00, Sys 0 00:00:00  -  Run Local Usage
		Usr 0 00:00:49, Sys 0 00:00:00  -  Total Remote Usage
		Usr 0 00:00:00, Sys 0 00:00:00  -  Total Local Usage
	2297  -  Run Bytes Sent By Job
	2985548  -  Run Bytes Received By Job
	2297  -  Total Bytes Sent By Job
	2985548  -  Total Bytes Received By Job
	Partitionable Resources :     Usage  Request Allocated 
	   Cpus                 :      0.99        1         1 
	   Disk (KB)            : 156617     1048576   1355627 
	   IoHeavy              :                            0 
	   Memory (MB)          :    221        1024      1024 

	Job terminated of its own accord at 2020-11-29T01:41:11Z.
...
