000 (217317.580.000) 2020-11-28 19:35:07 Job submitted from host: <128.104.100.148:9618?addrs=128.104.100.148-9618+[2607-f388-107c-501-216-3eff-feb2-bc11]-9618&alias=learn.chtc.wisc.edu&noUDP&sock=schedd_2128_35a0>
...
040 (217317.580.000) 2020-11-28 19:44:30 Started transferring input files
	Transferring to host: <128.104.101.134:9618?addrs=128.104.101.134-9618+[2607-f388-107c-501-206-f6ff-fe30-b713]-9618&alias=e134.chtc.wisc.edu&noUDP&sock=slot1_25_2135_0cf0_53141>
...
040 (217317.580.000) 2020-11-28 19:44:34 Finished transferring input files
...
001 (217317.580.000) 2020-11-28 19:44:35 Job executing on host: <128.104.101.134:9618?addrs=128.104.101.134-9618+[2607-f388-107c-501-206-f6ff-fe30-b713]-9618&alias=e134.chtc.wisc.edu&noUDP&sock=startd_1842_098a>
...
006 (217317.580.000) 2020-11-28 19:44:44 Image size of job updated: 202104
	198  -  MemoryUsage of job (MB)
	202104  -  ResidentSetSize of job (KB)
...
040 (217317.580.000) 2020-11-28 19:45:46 Started transferring output files
...
040 (217317.580.000) 2020-11-28 19:45:46 Finished transferring output files
...
005 (217317.580.000) 2020-11-28 19:45:46 Job terminated.
	(1) Normal termination (return value 0)
		Usr 0 00:01:07, Sys 0 00:00:00  -  Run Remote Usage
		Usr 0 00:00:00, Sys 0 00:00:00  -  Run Local Usage
		Usr 0 00:01:07, Sys 0 00:00:00  -  Total Remote Usage
		Usr 0 00:00:00, Sys 0 00:00:00  -  Total Local Usage
	2214  -  Run Bytes Sent By Job
	2402994  -  Run Bytes Received By Job
	2214  -  Total Bytes Sent By Job
	2402994  -  Total Bytes Received By Job
	Partitionable Resources :    Usage  Request Allocated 
	   Cpus                 :        0        1         1 
	   Disk (KB)            :   153717  1048576   3402924 
	   IoHeavy              :                           0 
	   Memory (MB)          :      198     1024      1024 

	Job terminated of its own accord at 2020-11-29T01:45:46Z.
...
