000 (217304.554.000) 2020-11-28 18:02:57 Job submitted from host: <128.104.100.148:9618?addrs=128.104.100.148-9618+[2607-f388-107c-501-216-3eff-feb2-bc11]-9618&alias=learn.chtc.wisc.edu&noUDP&sock=schedd_2128_35a0>
...
040 (217304.554.000) 2020-11-28 18:11:24 Started transferring input files
	Transferring to host: <128.105.244.101:9618?addrs=128.105.244.101-9618&alias=e2005.chtc.wisc.edu&noUDP&sock=slot1_18_36904_f4d6_43350>
...
040 (217304.554.000) 2020-11-28 18:11:25 Finished transferring input files
...
001 (217304.554.000) 2020-11-28 18:11:26 Job executing on host: <128.105.244.101:9618?addrs=128.105.244.101-9618&alias=e2005.chtc.wisc.edu&noUDP&sock=startd_7339_85a4>
...
006 (217304.554.000) 2020-11-28 18:11:35 Image size of job updated: 223008
	218  -  MemoryUsage of job (MB)
	223008  -  ResidentSetSize of job (KB)
...
040 (217304.554.000) 2020-11-28 18:12:02 Started transferring output files
...
040 (217304.554.000) 2020-11-28 18:12:02 Finished transferring output files
...
005 (217304.554.000) 2020-11-28 18:12:02 Job terminated.
	(1) Normal termination (return value 0)
		Usr 0 00:00:34, Sys 0 00:00:00  -  Run Remote Usage
		Usr 0 00:00:00, Sys 0 00:00:00  -  Run Local Usage
		Usr 0 00:00:34, Sys 0 00:00:00  -  Total Remote Usage
		Usr 0 00:00:00, Sys 0 00:00:00  -  Total Local Usage
	2317  -  Run Bytes Sent By Job
	2821303  -  Run Bytes Received By Job
	2317  -  Total Bytes Sent By Job
	2821303  -  Total Bytes Received By Job
	Partitionable Resources :    Usage  Request Allocated 
	   Cpus                 :        0        1         1 
	   Disk (KB)            :   156169  1048576   2902502 
	   IoHeavy              :                           0 
	   Memory (MB)          :      218     1024      1024 

	Job terminated of its own accord at 2020-11-29T00:12:02Z.
...
