000 (217317.360.000) 2020-11-28 19:35:07 Job submitted from host: <128.104.100.148:9618?addrs=128.104.100.148-9618+[2607-f388-107c-501-216-3eff-feb2-bc11]-9618&alias=learn.chtc.wisc.edu&noUDP&sock=schedd_2128_35a0>
...
040 (217317.360.000) 2020-11-28 19:42:22 Started transferring input files
	Transferring to host: <128.104.100.90:9618?addrs=128.104.100.90-9618+[2607-f388-107c-501-62eb-69ff-fe82-47ae]-9618&alias=e0017.chtc.wisc.edu&noUDP&sock=slot1_10_31449_6a58_50920>
...
040 (217317.360.000) 2020-11-28 19:42:24 Finished transferring input files
...
001 (217317.360.000) 2020-11-28 19:42:25 Job executing on host: <128.104.100.90:9618?addrs=128.104.100.90-9618+[2607-f388-107c-501-62eb-69ff-fe82-47ae]-9618&alias=e0017.chtc.wisc.edu&noUDP&sock=startd_4025_64c8>
...
006 (217317.360.000) 2020-11-28 19:42:33 Image size of job updated: 201652
	197  -  MemoryUsage of job (MB)
	201652  -  ResidentSetSize of job (KB)
...
040 (217317.360.000) 2020-11-28 19:43:03 Started transferring output files
...
040 (217317.360.000) 2020-11-28 19:43:03 Finished transferring output files
...
005 (217317.360.000) 2020-11-28 19:43:03 Job terminated.
	(1) Normal termination (return value 0)
		Usr 0 00:00:37, Sys 0 00:00:00  -  Run Remote Usage
		Usr 0 00:00:00, Sys 0 00:00:00  -  Run Local Usage
		Usr 0 00:00:37, Sys 0 00:00:00  -  Total Remote Usage
		Usr 0 00:00:00, Sys 0 00:00:00  -  Total Local Usage
	2374  -  Run Bytes Sent By Job
	1508961  -  Run Bytes Received By Job
	2374  -  Total Bytes Sent By Job
	1508961  -  Total Bytes Received By Job
	Partitionable Resources :     Usage  Request Allocated 
	   Cpus                 :      1.00        1         1 
	   Disk (KB)            : 149101     1048576   1815632 
	   IoHeavy              :                            0 
	   Memory (MB)          :    197        1024      1024 

	Job terminated of its own accord at 2020-11-29T01:43:03Z.
...
