000 (217317.165.000) 2020-11-28 19:35:07 Job submitted from host: <128.104.100.148:9618?addrs=128.104.100.148-9618+[2607-f388-107c-501-216-3eff-feb2-bc11]-9618&alias=learn.chtc.wisc.edu&noUDP&sock=schedd_2128_35a0>
...
040 (217317.165.000) 2020-11-28 19:39:37 Started transferring input files
	Transferring to host: <128.104.101.127:9618?addrs=128.104.101.127-9618+[2607-f388-107c-501-4603-a7ff-fe29-9f83]-9618&alias=e127.chtc.wisc.edu&noUDP&sock=slot1_28_9415_7818_52578>
...
040 (217317.165.000) 2020-11-28 19:39:42 Finished transferring input files
...
001 (217317.165.000) 2020-11-28 19:39:43 Job executing on host: <128.104.101.127:9618?addrs=128.104.101.127-9618+[2607-f388-107c-501-4603-a7ff-fe29-9f83]-9618&alias=e127.chtc.wisc.edu&noUDP&sock=startd_1819_42dc>
...
006 (217317.165.000) 2020-11-28 19:39:52 Image size of job updated: 204660
	200  -  MemoryUsage of job (MB)
	204660  -  ResidentSetSize of job (KB)
...
040 (217317.165.000) 2020-11-28 19:40:54 Started transferring output files
...
040 (217317.165.000) 2020-11-28 19:40:54 Finished transferring output files
...
005 (217317.165.000) 2020-11-28 19:40:54 Job terminated.
	(1) Normal termination (return value 0)
		Usr 0 00:01:09, Sys 0 00:00:01  -  Run Remote Usage
		Usr 0 00:00:00, Sys 0 00:00:00  -  Run Local Usage
		Usr 0 00:01:09, Sys 0 00:00:01  -  Total Remote Usage
		Usr 0 00:00:00, Sys 0 00:00:00  -  Total Local Usage
	2286  -  Run Bytes Sent By Job
	2301447  -  Run Bytes Received By Job
	2286  -  Total Bytes Sent By Job
	2301447  -  Total Bytes Received By Job
	Partitionable Resources :    Usage  Request Allocated 
	   Cpus                 :                 1         1 
	   Disk (KB)            :   154171  1048576   3399422 
	   IoHeavy              :                           0 
	   Memory (MB)          :      200     1024      1024 

	Job terminated of its own accord at 2020-11-29T01:40:54Z.
...
