000 (217317.689.000) 2020-11-28 19:35:07 Job submitted from host: <128.104.100.148:9618?addrs=128.104.100.148-9618+[2607-f388-107c-501-216-3eff-feb2-bc11]-9618&alias=learn.chtc.wisc.edu&noUDP&sock=schedd_2128_35a0>
...
040 (217317.689.000) 2020-11-28 19:45:13 Started transferring input files
	Transferring to host: <128.105.245.125:9618?addrs=128.105.245.125-9618&alias=e325.chtc.wisc.edu&noUDP&sock=slot1_31_34651_839a_44234>
...
040 (217317.689.000) 2020-11-28 19:45:15 Finished transferring input files
...
001 (217317.689.000) 2020-11-28 19:45:16 Job executing on host: <128.105.245.125:9618?addrs=128.105.245.125-9618&alias=e325.chtc.wisc.edu&noUDP&sock=startd_2630_8a2b>
...
006 (217317.689.000) 2020-11-28 19:45:25 Image size of job updated: 226392
	222  -  MemoryUsage of job (MB)
	226392  -  ResidentSetSize of job (KB)
...
040 (217317.689.000) 2020-11-28 19:46:27 Started transferring output files
...
040 (217317.689.000) 2020-11-28 19:46:27 Finished transferring output files
...
005 (217317.689.000) 2020-11-28 19:46:27 Job terminated.
	(1) Normal termination (return value 0)
		Usr 0 00:01:03, Sys 0 00:00:00  -  Run Remote Usage
		Usr 0 00:00:00, Sys 0 00:00:00  -  Run Local Usage
		Usr 0 00:01:03, Sys 0 00:00:00  -  Total Remote Usage
		Usr 0 00:00:00, Sys 0 00:00:00  -  Total Local Usage
	2562  -  Run Bytes Sent By Job
	2810065  -  Run Bytes Received By Job
	2562  -  Total Bytes Sent By Job
	2810065  -  Total Bytes Received By Job
	Partitionable Resources :    Usage  Request Allocated 
	   Cpus                 :                 1         1 
	   Disk (KB)            :   153656  1048576   1324071 
	   IoHeavy              :                           0 
	   Memory (MB)          :      222     1024      1024 

	Job terminated of its own accord at 2020-11-29T01:46:27Z.
...
