000 (217304.515.000) 2020-11-28 18:02:57 Job submitted from host: <128.104.100.148:9618?addrs=128.104.100.148-9618+[2607-f388-107c-501-216-3eff-feb2-bc11]-9618&alias=learn.chtc.wisc.edu&noUDP&sock=schedd_2128_35a0>
...
040 (217304.515.000) 2020-11-28 18:11:01 Started transferring input files
	Transferring to host: <128.105.245.112:9618?addrs=128.105.245.112-9618&alias=e312.chtc.wisc.edu&noUDP&sock=slot1_26_27247_b9ed_39995>
...
040 (217304.515.000) 2020-11-28 18:11:03 Finished transferring input files
...
001 (217304.515.000) 2020-11-28 18:11:04 Job executing on host: <128.105.245.112:9618?addrs=128.105.245.112-9618&alias=e312.chtc.wisc.edu&noUDP&sock=startd_7171_49bb>
...
006 (217304.515.000) 2020-11-28 18:11:12 Image size of job updated: 207256
	203  -  MemoryUsage of job (MB)
	207256  -  ResidentSetSize of job (KB)
...
040 (217304.515.000) 2020-11-28 18:12:09 Started transferring output files
...
040 (217304.515.000) 2020-11-28 18:12:09 Finished transferring output files
...
005 (217304.515.000) 2020-11-28 18:12:09 Job terminated.
	(1) Normal termination (return value 1)
		Usr 0 00:01:02, Sys 0 00:00:00  -  Run Remote Usage
		Usr 0 00:00:00, Sys 0 00:00:00  -  Run Local Usage
		Usr 0 00:01:02, Sys 0 00:00:00  -  Total Remote Usage
		Usr 0 00:00:00, Sys 0 00:00:00  -  Total Local Usage
	344  -  Run Bytes Sent By Job
	2071144  -  Run Bytes Received By Job
	344  -  Total Bytes Sent By Job
	2071144  -  Total Bytes Received By Job
	Partitionable Resources :    Usage  Request Allocated 
	   Cpus                 :                 1         1 
	   Disk (KB)            :   152480  1048576   1344032 
	   IoHeavy              :                           0 
	   Memory (MB)          :      203     1024      1024 

	Job terminated of its own accord at 2020-11-29T00:12:09Z.
...
