000 (217304.750.000) 2020-11-28 18:02:57 Job submitted from host: <128.104.100.148:9618?addrs=128.104.100.148-9618+[2607-f388-107c-501-216-3eff-feb2-bc11]-9618&alias=learn.chtc.wisc.edu&noUDP&sock=schedd_2128_35a0>
...
040 (217304.750.000) 2020-11-28 18:12:53 Started transferring input files
	Transferring to host: <128.104.58.178:9618?addrs=128.104.58.178-9618+[2607-f388-1086-0-a6ba-dbff-fe38-fc39]-9618&alias=e1048.chtc.wisc.edu&noUDP&sock=slot1_7_4573_d793_41260>
...
040 (217304.750.000) 2020-11-28 18:12:54 Finished transferring input files
...
001 (217304.750.000) 2020-11-28 18:12:55 Job executing on host: <128.104.58.178:9618?addrs=128.104.58.178-9618+[2607-f388-1086-0-a6ba-dbff-fe38-fc39]-9618&alias=e1048.chtc.wisc.edu&noUDP&sock=startd_4818_5363>
...
006 (217304.750.000) 2020-11-28 18:13:04 Image size of job updated: 221100
	216  -  MemoryUsage of job (MB)
	221100  -  ResidentSetSize of job (KB)
...
040 (217304.750.000) 2020-11-28 18:14:05 Started transferring output files
...
040 (217304.750.000) 2020-11-28 18:14:05 Finished transferring output files
...
005 (217304.750.000) 2020-11-28 18:14:05 Job terminated.
	(1) Normal termination (return value 0)
		Usr 0 00:01:09, Sys 0 00:00:00  -  Run Remote Usage
		Usr 0 00:00:00, Sys 0 00:00:00  -  Run Local Usage
		Usr 0 00:01:09, Sys 0 00:00:00  -  Total Remote Usage
		Usr 0 00:00:00, Sys 0 00:00:00  -  Total Local Usage
	2198  -  Run Bytes Sent By Job
	2149540  -  Run Bytes Received By Job
	2198  -  Total Bytes Sent By Job
	2149540  -  Total Bytes Received By Job
	Partitionable Resources :    Usage  Request Allocated 
	   Cpus                 :                 1         1 
	   Disk (KB)            :   154372  1048576   1347684 
	   Memory (MB)          :      216     1024      1024 

	Job terminated of its own accord at 2020-11-29T00:14:05Z.
...
