000 (217304.249.000) 2020-11-28 18:02:57 Job submitted from host: <128.104.100.148:9618?addrs=128.104.100.148-9618+[2607-f388-107c-501-216-3eff-feb2-bc11]-9618&alias=learn.chtc.wisc.edu&noUDP&sock=schedd_2128_35a0>
...
040 (217304.249.000) 2020-11-28 18:08:32 Started transferring input files
	Transferring to host: <128.105.245.71:9618?addrs=128.105.245.71-9618&alias=e271.chtc.wisc.edu&noUDP&sock=slot1_38_796_9a99_47737>
...
040 (217304.249.000) 2020-11-28 18:08:34 Finished transferring input files
...
001 (217304.249.000) 2020-11-28 18:08:35 Job executing on host: <128.105.245.71:9618?addrs=128.105.245.71-9618&alias=e271.chtc.wisc.edu&noUDP&sock=startd_40496_7756>
...
006 (217304.249.000) 2020-11-28 18:08:44 Image size of job updated: 308684
	302  -  MemoryUsage of job (MB)
	308684  -  ResidentSetSize of job (KB)
...
040 (217304.249.000) 2020-11-28 18:10:08 Started transferring output files
...
040 (217304.249.000) 2020-11-28 18:10:08 Finished transferring output files
...
005 (217304.249.000) 2020-11-28 18:10:08 Job terminated.
	(1) Normal termination (return value 0)
		Usr 0 00:01:31, Sys 0 00:00:00  -  Run Remote Usage
		Usr 0 00:00:00, Sys 0 00:00:00  -  Run Local Usage
		Usr 0 00:01:31, Sys 0 00:00:00  -  Total Remote Usage
		Usr 0 00:00:00, Sys 0 00:00:00  -  Total Local Usage
	2258  -  Run Bytes Sent By Job
	3005856  -  Run Bytes Received By Job
	2258  -  Total Bytes Sent By Job
	3005856  -  Total Bytes Received By Job
	Partitionable Resources :     Usage  Request Allocated 
	   Cpus                 :      1.06        1         1 
	   Disk (KB)            : 156979     1048576   1342255 
	   IoHeavy              :                            0 
	   Memory (MB)          :    302        1024      1024 

	Job terminated of its own accord at 2020-11-29T00:10:08Z.
...
