000 (217304.217.000) 2020-11-28 18:02:57 Job submitted from host: <128.104.100.148:9618?addrs=128.104.100.148-9618+[2607-f388-107c-501-216-3eff-feb2-bc11]-9618&alias=learn.chtc.wisc.edu&noUDP&sock=schedd_2128_35a0>
...
040 (217304.217.000) 2020-11-28 18:08:01 Started transferring input files
	Transferring to host: <128.105.245.94:9618?addrs=128.105.245.94-9618&alias=e2294.chtc.wisc.edu&noUDP&sock=slot1_20_29323_74c1_44511>
...
040 (217304.217.000) 2020-11-28 18:08:03 Finished transferring input files
...
001 (217304.217.000) 2020-11-28 18:08:04 Job executing on host: <128.105.245.94:9618?addrs=128.105.245.94-9618&alias=e2294.chtc.wisc.edu&noUDP&sock=startd_2178_815c>
...
006 (217304.217.000) 2020-11-28 18:08:12 Image size of job updated: 222688
	218  -  MemoryUsage of job (MB)
	222688  -  ResidentSetSize of job (KB)
...
040 (217304.217.000) 2020-11-28 18:09:01 Started transferring output files
...
040 (217304.217.000) 2020-11-28 18:09:01 Finished transferring output files
...
005 (217304.217.000) 2020-11-28 18:09:01 Job terminated.
	(1) Normal termination (return value 0)
		Usr 0 00:00:55, Sys 0 00:00:00  -  Run Remote Usage
		Usr 0 00:00:00, Sys 0 00:00:00  -  Run Local Usage
		Usr 0 00:00:55, Sys 0 00:00:00  -  Total Remote Usage
		Usr 0 00:00:00, Sys 0 00:00:00  -  Total Local Usage
	2259  -  Run Bytes Sent By Job
	2334391  -  Run Bytes Received By Job
	2259  -  Total Bytes Sent By Job
	2334391  -  Total Bytes Received By Job
	Partitionable Resources :    Usage  Request Allocated 
	   Cpus                 :                 1         1 
	   Disk (KB)            :   155432  1048576   1207444 
	   IoHeavy              :                           0 
	   Memory (MB)          :      218     1024      1024 

	Job terminated of its own accord at 2020-11-29T00:09:01Z.
...
