000 (217303.000.000) 2020-11-28 17:53:00 Job submitted from host: <128.104.100.148:9618?addrs=128.104.100.148-9618+[2607-f388-107c-501-216-3eff-feb2-bc11]-9618&alias=learn.chtc.wisc.edu&noUDP&sock=schedd_2128_35a0>
...
040 (217303.000.000) 2020-11-28 17:53:39 Started transferring input files
	Transferring to host: <128.104.58.156:9618?addrs=128.104.58.156-9618+[2607-f388-1086-0-16fe-b5ff-fec6-7cb7]-9618&alias=e1008.chtc.wisc.edu&noUDP&sock=slot1_43_12610_a2ba_42011>
...
040 (217303.000.000) 2020-11-28 17:53:44 Finished transferring input files
...
001 (217303.000.000) 2020-11-28 17:53:45 Job executing on host: <128.104.58.156:9618?addrs=128.104.58.156-9618+[2607-f388-1086-0-16fe-b5ff-fec6-7cb7]-9618&alias=e1008.chtc.wisc.edu&noUDP&sock=startd_5430_1b59>
...
006 (217303.000.000) 2020-11-28 17:53:54 Image size of job updated: 197248
	193  -  MemoryUsage of job (MB)
	197248  -  ResidentSetSize of job (KB)
...
040 (217303.000.000) 2020-11-28 17:54:49 Started transferring output files
...
040 (217303.000.000) 2020-11-28 17:54:49 Finished transferring output files
...
005 (217303.000.000) 2020-11-28 17:54:49 Job terminated.
	(1) Normal termination (return value 0)
		Usr 0 00:01:00, Sys 0 00:00:00  -  Run Remote Usage
		Usr 0 00:00:00, Sys 0 00:00:00  -  Run Local Usage
		Usr 0 00:01:00, Sys 0 00:00:00  -  Total Remote Usage
		Usr 0 00:00:00, Sys 0 00:00:00  -  Total Local Usage
	2179  -  Run Bytes Sent By Job
	2244127  -  Run Bytes Received By Job
	2179  -  Total Bytes Sent By Job
	2244127  -  Total Bytes Received By Job
	Partitionable Resources :     Usage  Request Allocated 
	   Cpus                 :      1.00        1         1 
	   Disk (KB)            : 152538     1048576   1334172 
	   IoHeavy              :                            0 
	   Memory (MB)          :    193        1024      1024 

	Job terminated of its own accord at 2020-11-28T23:54:49Z.
...
