000 (217304.098.000) 2020-11-28 18:02:57 Job submitted from host: <128.104.100.148:9618?addrs=128.104.100.148-9618+[2607-f388-107c-501-216-3eff-feb2-bc11]-9618&alias=learn.chtc.wisc.edu&noUDP&sock=schedd_2128_35a0>
...
040 (217304.098.000) 2020-11-28 18:06:10 Started transferring input files
	Transferring to host: <128.105.245.210:9618?addrs=128.105.245.210-9618&alias=e2410.chtc.wisc.edu&noUDP&sock=slot1_7_20071_95c9_43088>
...
040 (217304.098.000) 2020-11-28 18:06:14 Finished transferring input files
...
001 (217304.098.000) 2020-11-28 18:06:15 Job executing on host: <128.105.245.210:9618?addrs=128.105.245.210-9618&alias=e2410.chtc.wisc.edu&noUDP&sock=startd_13121_7e3c>
...
006 (217304.098.000) 2020-11-28 18:06:24 Image size of job updated: 210336
	206  -  MemoryUsage of job (MB)
	210336  -  ResidentSetSize of job (KB)
...
040 (217304.098.000) 2020-11-28 18:07:10 Started transferring output files
...
040 (217304.098.000) 2020-11-28 18:07:10 Finished transferring output files
...
005 (217304.098.000) 2020-11-28 18:07:10 Job terminated.
	(1) Normal termination (return value 0)
		Usr 0 00:00:47, Sys 0 00:00:00  -  Run Remote Usage
		Usr 0 00:00:00, Sys 0 00:00:00  -  Run Local Usage
		Usr 0 00:00:47, Sys 0 00:00:00  -  Total Remote Usage
		Usr 0 00:00:00, Sys 0 00:00:00  -  Total Local Usage
	2198  -  Run Bytes Sent By Job
	1971099  -  Run Bytes Received By Job
	2198  -  Total Bytes Sent By Job
	1971099  -  Total Bytes Received By Job
	Partitionable Resources :    Usage  Request Allocated 
	   Cpus                 :                 1         1 
	   Disk (KB)            :   151658  1048576   1472692 
	   IoHeavy              :                           0 
	   Memory (MB)          :      206     1024      1024 

	Job terminated of its own accord at 2020-11-29T00:07:10Z.
...
