000 (217317.170.000) 2020-11-28 19:35:07 Job submitted from host: <128.104.100.148:9618?addrs=128.104.100.148-9618+[2607-f388-107c-501-216-3eff-feb2-bc11]-9618&alias=learn.chtc.wisc.edu&noUDP&sock=schedd_2128_35a0>
...
040 (217317.170.000) 2020-11-28 19:39:38 Started transferring input files
	Transferring to host: <128.105.245.203:9618?addrs=128.105.245.203-9618&alias=e2403.chtc.wisc.edu&noUDP&sock=slot1_22_40022_de95_43294>
...
040 (217317.170.000) 2020-11-28 19:39:43 Finished transferring input files
...
001 (217317.170.000) 2020-11-28 19:39:44 Job executing on host: <128.105.245.203:9618?addrs=128.105.245.203-9618&alias=e2403.chtc.wisc.edu&noUDP&sock=startd_2147_3dec>
...
006 (217317.170.000) 2020-11-28 19:39:53 Image size of job updated: 71260
	70  -  MemoryUsage of job (MB)
	71260  -  ResidentSetSize of job (KB)
...
006 (217317.170.000) 2020-11-28 19:40:59 Image size of job updated: 111752
	110  -  MemoryUsage of job (MB)
	111752  -  ResidentSetSize of job (KB)
...
040 (217317.170.000) 2020-11-28 19:40:59 Started transferring output files
...
040 (217317.170.000) 2020-11-28 19:40:59 Finished transferring output files
...
005 (217317.170.000) 2020-11-28 19:40:59 Job terminated.
	(1) Normal termination (return value 0)
		Usr 0 00:01:03, Sys 0 00:00:00  -  Run Remote Usage
		Usr 0 00:00:00, Sys 0 00:00:00  -  Run Local Usage
		Usr 0 00:01:03, Sys 0 00:00:00  -  Total Remote Usage
		Usr 0 00:00:00, Sys 0 00:00:00  -  Total Local Usage
	2219  -  Run Bytes Sent By Job
	2604060  -  Run Bytes Received By Job
	2219  -  Total Bytes Sent By Job
	2604060  -  Total Bytes Received By Job
	Partitionable Resources :     Usage  Request Allocated 
	   Cpus                 :      0.99        1         1 
	   Disk (KB)            : 154131     1048576   1207146 
	   IoHeavy              :                            0 
	   Memory (MB)          :    110        1024      1024 

	Job terminated of its own accord at 2020-11-29T01:40:59Z.
...
