000 (217317.682.000) 2020-11-28 19:35:07 Job submitted from host: <128.104.100.148:9618?addrs=128.104.100.148-9618+[2607-f388-107c-501-216-3eff-feb2-bc11]-9618&alias=learn.chtc.wisc.edu&noUDP&sock=schedd_2128_35a0>
...
040 (217317.682.000) 2020-11-28 19:45:13 Started transferring input files
	Transferring to host: <128.104.58.51:9618?addrs=128.104.58.51-9618+[2607-f388-1086-0-a6ba-dbff-fe38-ec0a]-9618&alias=e041.chtc.wisc.edu&noUDP&sock=slot1_7_30415_de6e_40572>
...
040 (217317.682.000) 2020-11-28 19:45:18 Finished transferring input files
...
001 (217317.682.000) 2020-11-28 19:45:19 Job executing on host: <128.104.58.51:9618?addrs=128.104.58.51-9618+[2607-f388-1086-0-a6ba-dbff-fe38-ec0a]-9618&alias=e041.chtc.wisc.edu&noUDP&sock=startd_4509_609f>
...
006 (217317.682.000) 2020-11-28 19:45:28 Image size of job updated: 265100
	259  -  MemoryUsage of job (MB)
	265100  -  ResidentSetSize of job (KB)
...
040 (217317.682.000) 2020-11-28 19:46:06 Started transferring output files
...
040 (217317.682.000) 2020-11-28 19:46:06 Finished transferring output files
...
005 (217317.682.000) 2020-11-28 19:46:06 Job terminated.
	(1) Normal termination (return value 0)
		Usr 0 00:00:46, Sys 0 00:00:00  -  Run Remote Usage
		Usr 0 00:00:00, Sys 0 00:00:00  -  Run Local Usage
		Usr 0 00:00:46, Sys 0 00:00:00  -  Total Remote Usage
		Usr 0 00:00:00, Sys 0 00:00:00  -  Total Local Usage
	2209  -  Run Bytes Sent By Job
	2933682  -  Run Bytes Received By Job
	2209  -  Total Bytes Sent By Job
	2933682  -  Total Bytes Received By Job
	Partitionable Resources :    Usage  Request Allocated 
	   Cpus                 :                 1         1 
	   Disk (KB)            :   156570  1048576   2732281 
	   IoHeavy              :                           0 
	   Memory (MB)          :      259     1024      1024 

	Job terminated of its own accord at 2020-11-29T01:46:06Z.
...
