000 (217304.600.000) 2020-11-28 18:02:57 Job submitted from host: <128.104.100.148:9618?addrs=128.104.100.148-9618+[2607-f388-107c-501-216-3eff-feb2-bc11]-9618&alias=learn.chtc.wisc.edu&noUDP&sock=schedd_2128_35a0>
...
040 (217304.600.000) 2020-11-28 18:11:47 Started transferring input files
	Transferring to host: <128.105.245.90:9618?addrs=128.105.245.90-9618&alias=e290.chtc.wisc.edu&noUDP&sock=slot1_31_37567_1991_40357>
...
040 (217304.600.000) 2020-11-28 18:11:49 Finished transferring input files
...
001 (217304.600.000) 2020-11-28 18:11:50 Job executing on host: <128.105.245.90:9618?addrs=128.105.245.90-9618&alias=e290.chtc.wisc.edu&noUDP&sock=startd_7195_c001>
...
006 (217304.600.000) 2020-11-28 18:11:52 Image size of job updated: 109792
	108  -  MemoryUsage of job (MB)
	109792  -  ResidentSetSize of job (KB)
...
040 (217304.600.000) 2020-11-28 18:11:52 Started transferring output files
...
040 (217304.600.000) 2020-11-28 18:11:52 Finished transferring output files
...
005 (217304.600.000) 2020-11-28 18:11:52 Job terminated.
	(1) Normal termination (return value 1)
		Usr 0 00:00:01, Sys 0 00:00:00  -  Run Remote Usage
		Usr 0 00:00:00, Sys 0 00:00:00  -  Run Local Usage
		Usr 0 00:00:01, Sys 0 00:00:00  -  Total Remote Usage
		Usr 0 00:00:00, Sys 0 00:00:00  -  Total Local Usage
	464  -  Run Bytes Sent By Job
	2384618  -  Run Bytes Received By Job
	464  -  Total Bytes Sent By Job
	2384618  -  Total Bytes Received By Job
	Partitionable Resources :    Usage  Request Allocated 
	   Cpus                 :                 1         1 
	   Disk (KB)            :   152372  1048576   1325552 
	   IoHeavy              :                           0 
	   Memory (MB)          :      108     1024      1024 

	Job terminated of its own accord at 2020-11-29T00:11:52Z.
...
