000 (217317.651.000) 2020-11-28 19:35:07 Job submitted from host: <128.104.100.148:9618?addrs=128.104.100.148-9618+[2607-f388-107c-501-216-3eff-feb2-bc11]-9618&alias=learn.chtc.wisc.edu&noUDP&sock=schedd_2128_35a0>
...
040 (217317.651.000) 2020-11-28 19:45:01 Started transferring input files
	Transferring to host: <128.104.100.90:9618?addrs=128.104.100.90-9618+[2607-f388-107c-501-62eb-69ff-fe82-47ae]-9618&alias=e0017.chtc.wisc.edu&noUDP&sock=slot1_10_31449_6a58_50935>
...
040 (217317.651.000) 2020-11-28 19:45:02 Finished transferring input files
...
001 (217317.651.000) 2020-11-28 19:45:03 Job executing on host: <128.104.100.90:9618?addrs=128.104.100.90-9618+[2607-f388-107c-501-62eb-69ff-fe82-47ae]-9618&alias=e0017.chtc.wisc.edu&noUDP&sock=startd_4025_64c8>
...
006 (217317.651.000) 2020-11-28 19:45:12 Image size of job updated: 212588
	208  -  MemoryUsage of job (MB)
	212588  -  ResidentSetSize of job (KB)
...
040 (217317.651.000) 2020-11-28 19:46:04 Started transferring output files
...
040 (217317.651.000) 2020-11-28 19:46:04 Finished transferring output files
...
005 (217317.651.000) 2020-11-28 19:46:04 Job terminated.
	(1) Normal termination (return value 0)
		Usr 0 00:00:58, Sys 0 00:00:00  -  Run Remote Usage
		Usr 0 00:00:00, Sys 0 00:00:00  -  Run Local Usage
		Usr 0 00:00:58, Sys 0 00:00:00  -  Total Remote Usage
		Usr 0 00:00:00, Sys 0 00:00:00  -  Total Local Usage
	2524  -  Run Bytes Sent By Job
	2643782  -  Run Bytes Received By Job
	2524  -  Total Bytes Sent By Job
	2643782  -  Total Bytes Received By Job
	Partitionable Resources :    Usage  Request Allocated 
	   Cpus                 :                 1         1 
	   Disk (KB)            :   154936  1048576   1815632 
	   IoHeavy              :                           0 
	   Memory (MB)          :      208     1024      1024 

	Job terminated of its own accord at 2020-11-29T01:46:03Z.
...
