000 (217304.366.000) 2020-11-28 18:02:57 Job submitted from host: <128.104.100.148:9618?addrs=128.104.100.148-9618+[2607-f388-107c-501-216-3eff-feb2-bc11]-9618&alias=learn.chtc.wisc.edu&noUDP&sock=schedd_2128_35a0>
...
040 (217304.366.000) 2020-11-28 18:09:35 Started transferring input files
	Transferring to host: <128.105.245.120:9618?addrs=128.105.245.120-9618&alias=e320.chtc.wisc.edu&noUDP&sock=slot1_17_13956_03b1_44498>
...
040 (217304.366.000) 2020-11-28 18:09:36 Finished transferring input files
...
001 (217304.366.000) 2020-11-28 18:09:37 Job executing on host: <128.105.245.120:9618?addrs=128.105.245.120-9618&alias=e320.chtc.wisc.edu&noUDP&sock=startd_19251_29ca>
...
006 (217304.366.000) 2020-11-28 18:09:46 Image size of job updated: 210872
	206  -  MemoryUsage of job (MB)
	210872  -  ResidentSetSize of job (KB)
...
040 (217304.366.000) 2020-11-28 18:10:53 Started transferring output files
...
040 (217304.366.000) 2020-11-28 18:10:53 Finished transferring output files
...
005 (217304.366.000) 2020-11-28 18:10:53 Job terminated.
	(1) Normal termination (return value 0)
		Usr 0 00:01:15, Sys 0 00:00:00  -  Run Remote Usage
		Usr 0 00:00:00, Sys 0 00:00:00  -  Run Local Usage
		Usr 0 00:01:15, Sys 0 00:00:00  -  Total Remote Usage
		Usr 0 00:00:00, Sys 0 00:00:00  -  Total Local Usage
	2106  -  Run Bytes Sent By Job
	2636572  -  Run Bytes Received By Job
	2106  -  Total Bytes Sent By Job
	2636572  -  Total Bytes Received By Job
	Partitionable Resources :    Usage  Request Allocated 
	   Cpus                 :                 1         1 
	   Disk (KB)            :   155308  1048576   1203971 
	   IoHeavy              :                           0 
	   Memory (MB)          :      206     1024      1024 

	Job terminated of its own accord at 2020-11-29T00:10:53Z.
...
