000 (217304.192.000) 2020-11-28 18:02:57 Job submitted from host: <128.104.100.148:9618?addrs=128.104.100.148-9618+[2607-f388-107c-501-216-3eff-feb2-bc11]-9618&alias=learn.chtc.wisc.edu&noUDP&sock=schedd_2128_35a0>
...
040 (217304.192.000) 2020-11-28 18:07:41 Started transferring input files
	Transferring to host: <128.104.58.93:9618?addrs=128.104.58.93-9618+[2607-f388-1086-0-a6ba-dbff-fe38-e571]-9618&alias=e1083.chtc.wisc.edu&noUDP&sock=slot1_9_11785_5938_39983>
...
040 (217304.192.000) 2020-11-28 18:07:42 Finished transferring input files
...
001 (217304.192.000) 2020-11-28 18:07:43 Job executing on host: <128.104.58.93:9618?addrs=128.104.58.93-9618+[2607-f388-1086-0-a6ba-dbff-fe38-e571]-9618&alias=e1083.chtc.wisc.edu&noUDP&sock=startd_4853_5533>
...
006 (217304.192.000) 2020-11-28 18:07:52 Image size of job updated: 193688
	190  -  MemoryUsage of job (MB)
	193688  -  ResidentSetSize of job (KB)
...
040 (217304.192.000) 2020-11-28 18:08:31 Started transferring output files
...
040 (217304.192.000) 2020-11-28 18:08:31 Finished transferring output files
...
005 (217304.192.000) 2020-11-28 18:08:31 Job terminated.
	(1) Normal termination (return value 0)
		Usr 0 00:00:47, Sys 0 00:00:00  -  Run Remote Usage
		Usr 0 00:00:00, Sys 0 00:00:00  -  Run Local Usage
		Usr 0 00:00:47, Sys 0 00:00:00  -  Total Remote Usage
		Usr 0 00:00:00, Sys 0 00:00:00  -  Total Local Usage
	2214  -  Run Bytes Sent By Job
	1713991  -  Run Bytes Received By Job
	2214  -  Total Bytes Sent By Job
	1713991  -  Total Bytes Received By Job
	Partitionable Resources :    Usage  Request Allocated 
	   Cpus                 :                 1         1 
	   Disk (KB)            :   150721  1048576   1809592 
	   IoHeavy              :                           0 
	   Memory (MB)          :      190     1024      1024 

	Job terminated of its own accord at 2020-11-29T00:08:31Z.
...
