000 (217304.282.000) 2020-11-28 18:02:57 Job submitted from host: <128.104.100.148:9618?addrs=128.104.100.148-9618+[2607-f388-107c-501-216-3eff-feb2-bc11]-9618&alias=learn.chtc.wisc.edu&noUDP&sock=schedd_2128_35a0>
...
040 (217304.282.000) 2020-11-28 18:08:54 Started transferring input files
	Transferring to host: <128.105.245.160:9618?addrs=128.105.245.160-9618&alias=e2360.chtc.wisc.edu&noUDP&sock=slot1_39_36113_a016_43797>
...
040 (217304.282.000) 2020-11-28 18:08:57 Finished transferring input files
...
001 (217304.282.000) 2020-11-28 18:08:58 Job executing on host: <128.105.245.160:9618?addrs=128.105.245.160-9618&alias=e2360.chtc.wisc.edu&noUDP&sock=startd_2541_7e3d>
...
006 (217304.282.000) 2020-11-28 18:09:08 Image size of job updated: 206904
	203  -  MemoryUsage of job (MB)
	206904  -  ResidentSetSize of job (KB)
...
040 (217304.282.000) 2020-11-28 18:10:06 Started transferring output files
...
040 (217304.282.000) 2020-11-28 18:10:06 Finished transferring output files
...
005 (217304.282.000) 2020-11-28 18:10:06 Job terminated.
	(1) Normal termination (return value 0)
		Usr 0 00:01:02, Sys 0 00:00:00  -  Run Remote Usage
		Usr 0 00:00:00, Sys 0 00:00:00  -  Run Local Usage
		Usr 0 00:01:02, Sys 0 00:00:00  -  Total Remote Usage
		Usr 0 00:00:00, Sys 0 00:00:00  -  Total Local Usage
	2232  -  Run Bytes Sent By Job
	2405578  -  Run Bytes Received By Job
	2232  -  Total Bytes Sent By Job
	2405578  -  Total Bytes Received By Job
	Partitionable Resources :    Usage  Request Allocated 
	   Cpus                 :                 1         1 
	   Disk (KB)            :   153673  1048576   1338334 
	   IoHeavy              :                           0 
	   Memory (MB)          :      203     1024      1024 

	Job terminated of its own accord at 2020-11-29T00:10:05Z.
...
