000 (217304.259.000) 2020-11-28 18:02:57 Job submitted from host: <128.104.100.148:9618?addrs=128.104.100.148-9618+[2607-f388-107c-501-216-3eff-feb2-bc11]-9618&alias=learn.chtc.wisc.edu&noUDP&sock=schedd_2128_35a0>
...
040 (217304.259.000) 2020-11-28 18:08:42 Started transferring input files
	Transferring to host: <128.105.245.120:9618?addrs=128.105.245.120-9618&alias=e320.chtc.wisc.edu&noUDP&sock=slot1_17_13956_03b1_44492>
...
040 (217304.259.000) 2020-11-28 18:08:44 Finished transferring input files
...
001 (217304.259.000) 2020-11-28 18:08:45 Job executing on host: <128.105.245.120:9618?addrs=128.105.245.120-9618&alias=e320.chtc.wisc.edu&noUDP&sock=startd_19251_29ca>
...
006 (217304.259.000) 2020-11-28 18:08:54 Image size of job updated: 223908
	219  -  MemoryUsage of job (MB)
	223908  -  ResidentSetSize of job (KB)
...
040 (217304.259.000) 2020-11-28 18:09:34 Started transferring output files
...
040 (217304.259.000) 2020-11-28 18:09:34 Finished transferring output files
...
005 (217304.259.000) 2020-11-28 18:09:34 Job terminated.
	(1) Normal termination (return value 0)
		Usr 0 00:00:47, Sys 0 00:00:00  -  Run Remote Usage
		Usr 0 00:00:00, Sys 0 00:00:00  -  Run Local Usage
		Usr 0 00:00:47, Sys 0 00:00:00  -  Total Remote Usage
		Usr 0 00:00:00, Sys 0 00:00:00  -  Total Local Usage
	2280  -  Run Bytes Sent By Job
	2949824  -  Run Bytes Received By Job
	2280  -  Total Bytes Sent By Job
	2949824  -  Total Bytes Received By Job
	Partitionable Resources :    Usage  Request Allocated 
	   Cpus                 :                 1         1 
	   Disk (KB)            :   157035  1048576   1203971 
	   IoHeavy              :                           0 
	   Memory (MB)          :      219     1024      1024 

	Job terminated of its own accord at 2020-11-29T00:09:33Z.
...
