000 (217304.166.000) 2020-11-28 18:02:57 Job submitted from host: <128.104.100.148:9618?addrs=128.104.100.148-9618+[2607-f388-107c-501-216-3eff-feb2-bc11]-9618&alias=learn.chtc.wisc.edu&noUDP&sock=schedd_2128_35a0>
...
040 (217304.166.000) 2020-11-28 18:07:12 Started transferring input files
	Transferring to host: <128.105.245.210:9618?addrs=128.105.245.210-9618&alias=e2410.chtc.wisc.edu&noUDP&sock=slot1_7_20071_95c9_43090>
...
040 (217304.166.000) 2020-11-28 18:07:14 Finished transferring input files
...
001 (217304.166.000) 2020-11-28 18:07:15 Job executing on host: <128.105.245.210:9618?addrs=128.105.245.210-9618&alias=e2410.chtc.wisc.edu&noUDP&sock=startd_13121_7e3c>
...
006 (217304.166.000) 2020-11-28 18:07:23 Image size of job updated: 229040
	224  -  MemoryUsage of job (MB)
	229040  -  ResidentSetSize of job (KB)
...
040 (217304.166.000) 2020-11-28 18:08:51 Started transferring output files
...
040 (217304.166.000) 2020-11-28 18:08:51 Finished transferring output files
...
005 (217304.166.000) 2020-11-28 18:08:51 Job terminated.
	(1) Normal termination (return value 0)
		Usr 0 00:01:32, Sys 0 00:00:00  -  Run Remote Usage
		Usr 0 00:00:00, Sys 0 00:00:00  -  Run Local Usage
		Usr 0 00:01:32, Sys 0 00:00:00  -  Total Remote Usage
		Usr 0 00:00:00, Sys 0 00:00:00  -  Total Local Usage
	2247  -  Run Bytes Sent By Job
	2983417  -  Run Bytes Received By Job
	2247  -  Total Bytes Sent By Job
	2983417  -  Total Bytes Received By Job
	Partitionable Resources :    Usage  Request Allocated 
	   Cpus                 :                 1         1 
	   Disk (KB)            :   158642  1048576   1472692 
	   IoHeavy              :                           0 
	   Memory (MB)          :      224     1024      1024 

	Job terminated of its own accord at 2020-11-29T00:08:51Z.
...
