000 (217317.382.000) 2020-11-28 19:35:07 Job submitted from host: <128.104.100.148:9618?addrs=128.104.100.148-9618+[2607-f388-107c-501-216-3eff-feb2-bc11]-9618&alias=learn.chtc.wisc.edu&noUDP&sock=schedd_2128_35a0>
...
040 (217317.382.000) 2020-11-28 19:42:39 Started transferring input files
	Transferring to host: <128.104.102.21:9618?addrs=128.104.102.21-9618+[2607-f388-107c-501-16fe-b5ff-feca-48c9]-9618&alias=e0150.chtc.wisc.edu&noUDP&sock=slot1_46_8996_3ee7_54648>
...
040 (217317.382.000) 2020-11-28 19:42:46 Finished transferring input files
...
001 (217317.382.000) 2020-11-28 19:42:47 Job executing on host: <128.104.102.21:9618?addrs=128.104.102.21-9618+[2607-f388-107c-501-16fe-b5ff-feca-48c9]-9618&alias=e0150.chtc.wisc.edu&noUDP&sock=startd_6165_4175>
...
006 (217317.382.000) 2020-11-28 19:42:56 Image size of job updated: 423388
	414  -  MemoryUsage of job (MB)
	423388  -  ResidentSetSize of job (KB)
...
040 (217317.382.000) 2020-11-28 19:45:13 Started transferring output files
...
040 (217317.382.000) 2020-11-28 19:45:13 Finished transferring output files
...
005 (217317.382.000) 2020-11-28 19:45:13 Job terminated.
	(1) Normal termination (return value 0)
		Usr 0 00:02:23, Sys 0 00:00:02  -  Run Remote Usage
		Usr 0 00:00:00, Sys 0 00:00:00  -  Run Local Usage
		Usr 0 00:02:23, Sys 0 00:00:02  -  Total Remote Usage
		Usr 0 00:00:00, Sys 0 00:00:00  -  Total Local Usage
	2508  -  Run Bytes Sent By Job
	2297635  -  Run Bytes Received By Job
	2508  -  Total Bytes Sent By Job
	2297635  -  Total Bytes Received By Job
	Partitionable Resources :    Usage  Request Allocated 
	   Cpus                 :                 1         1 
	   Disk (KB)            :   154859  1048576   3632341 
	   IoHeavy              :                           0 
	   Memory (MB)          :      414     1024      1024 

	Job terminated of its own accord at 2020-11-29T01:45:13Z.
...
