000 (217317.405.000) 2020-11-28 19:35:07 Job submitted from host: <128.104.100.148:9618?addrs=128.104.100.148-9618+[2607-f388-107c-501-216-3eff-feb2-bc11]-9618&alias=learn.chtc.wisc.edu&noUDP&sock=schedd_2128_35a0>
...
040 (217317.405.000) 2020-11-28 19:43:00 Started transferring input files
	Transferring to host: <128.105.245.135:9618?addrs=128.105.245.135-9618&alias=e335.chtc.wisc.edu&noUDP&sock=slot1_13_16240_4c8d_44303>
...
040 (217317.405.000) 2020-11-28 19:43:03 Finished transferring input files
...
001 (217317.405.000) 2020-11-28 19:43:04 Job executing on host: <128.105.245.135:9618?addrs=128.105.245.135-9618&alias=e335.chtc.wisc.edu&noUDP&sock=startd_2604_b4b4>
...
006 (217317.405.000) 2020-11-28 19:43:13 Image size of job updated: 216368
	212  -  MemoryUsage of job (MB)
	216368  -  ResidentSetSize of job (KB)
...
040 (217317.405.000) 2020-11-28 19:44:04 Started transferring output files
...
040 (217317.405.000) 2020-11-28 19:44:04 Finished transferring output files
...
005 (217317.405.000) 2020-11-28 19:44:04 Job terminated.
	(1) Normal termination (return value 0)
		Usr 0 00:00:57, Sys 0 00:00:00  -  Run Remote Usage
		Usr 0 00:00:00, Sys 0 00:00:00  -  Run Local Usage
		Usr 0 00:00:57, Sys 0 00:00:00  -  Total Remote Usage
		Usr 0 00:00:00, Sys 0 00:00:00  -  Total Local Usage
	2434  -  Run Bytes Sent By Job
	2672237  -  Run Bytes Received By Job
	2434  -  Total Bytes Sent By Job
	2672237  -  Total Bytes Received By Job
	Partitionable Resources :    Usage  Request Allocated 
	   Cpus                 :                 1         1 
	   Disk (KB)            :   155190  1048576   1338706 
	   IoHeavy              :                           0 
	   Memory (MB)          :      212     1024      1024 

	Job terminated of its own accord at 2020-11-29T01:44:04Z.
...
