000 (217317.425.000) 2020-11-28 19:35:07 Job submitted from host: <128.104.100.148:9618?addrs=128.104.100.148-9618+[2607-f388-107c-501-216-3eff-feb2-bc11]-9618&alias=learn.chtc.wisc.edu&noUDP&sock=schedd_2128_35a0>
...
040 (217317.425.000) 2020-11-28 19:43:11 Started transferring input files
	Transferring to host: <128.105.245.33:9618?addrs=128.105.245.33-9618&alias=e3233.chtc.wisc.edu&noUDP&sock=slot1_8_1903_95e6_39831>
...
040 (217317.425.000) 2020-11-28 19:43:13 Finished transferring input files
...
001 (217317.425.000) 2020-11-28 19:43:14 Job executing on host: <128.105.245.33:9618?addrs=128.105.245.33-9618&alias=e3233.chtc.wisc.edu&noUDP&sock=startd_6278_c3a8>
...
006 (217317.425.000) 2020-11-28 19:43:22 Image size of job updated: 225884
	221  -  MemoryUsage of job (MB)
	225884  -  ResidentSetSize of job (KB)
...
040 (217317.425.000) 2020-11-28 19:44:03 Started transferring output files
...
040 (217317.425.000) 2020-11-28 19:44:03 Finished transferring output files
...
005 (217317.425.000) 2020-11-28 19:44:03 Job terminated.
	(1) Normal termination (return value 0)
		Usr 0 00:00:48, Sys 0 00:00:00  -  Run Remote Usage
		Usr 0 00:00:00, Sys 0 00:00:00  -  Run Local Usage
		Usr 0 00:00:48, Sys 0 00:00:00  -  Total Remote Usage
		Usr 0 00:00:00, Sys 0 00:00:00  -  Total Local Usage
	2347  -  Run Bytes Sent By Job
	3017299  -  Run Bytes Received By Job
	2347  -  Total Bytes Sent By Job
	3017299  -  Total Bytes Received By Job
	Partitionable Resources :    Usage  Request Allocated 
	   Cpus                 :                 1         1 
	   Disk (KB)            :   155730  1048576   1354335 
	   IoHeavy              :                           0 
	   Memory (MB)          :      221     1024      1024 

	Job terminated of its own accord at 2020-11-29T01:44:03Z.
...
