000 (217317.484.000) 2020-11-28 19:35:07 Job submitted from host: <128.104.100.148:9618?addrs=128.104.100.148-9618+[2607-f388-107c-501-216-3eff-feb2-bc11]-9618&alias=learn.chtc.wisc.edu&noUDP&sock=schedd_2128_35a0>
...
040 (217317.484.000) 2020-11-28 19:43:25 Started transferring input files
	Transferring to host: <128.105.245.102:9618?addrs=128.105.245.102-9618&alias=e302.chtc.wisc.edu&noUDP&sock=slot1_22_629_eff3_43198>
...
040 (217317.484.000) 2020-11-28 19:43:40 Finished transferring input files
...
001 (217317.484.000) 2020-11-28 19:43:41 Job executing on host: <128.105.245.102:9618?addrs=128.105.245.102-9618&alias=e302.chtc.wisc.edu&noUDP&sock=startd_7259_a611>
...
006 (217317.484.000) 2020-11-28 19:43:50 Image size of job updated: 41448
	41  -  MemoryUsage of job (MB)
	41448  -  ResidentSetSize of job (KB)
...
006 (217317.484.000) 2020-11-28 19:45:18 Image size of job updated: 114440
	112  -  MemoryUsage of job (MB)
	114440  -  ResidentSetSize of job (KB)
...
040 (217317.484.000) 2020-11-28 19:45:19 Started transferring output files
...
040 (217317.484.000) 2020-11-28 19:45:19 Finished transferring output files
...
005 (217317.484.000) 2020-11-28 19:45:19 Job terminated.
	(1) Normal termination (return value 0)
		Usr 0 00:01:16, Sys 0 00:00:00  -  Run Remote Usage
		Usr 0 00:00:00, Sys 0 00:00:00  -  Run Local Usage
		Usr 0 00:01:16, Sys 0 00:00:00  -  Total Remote Usage
		Usr 0 00:00:00, Sys 0 00:00:00  -  Total Local Usage
	2281  -  Run Bytes Sent By Job
	2895686  -  Run Bytes Received By Job
	2281  -  Total Bytes Sent By Job
	2895686  -  Total Bytes Received By Job
	Partitionable Resources :    Usage  Request Allocated 
	   Cpus                 :                 1         1 
	   Disk (KB)            :   156657  1048576   1326563 
	   IoHeavy              :                           0 
	   Memory (MB)          :      112     1024      1024 

	Job terminated of its own accord at 2020-11-29T01:45:18Z.
...
