000 (217317.793.000) 2020-11-28 19:35:07 Job submitted from host: <128.104.100.148:9618?addrs=128.104.100.148-9618+[2607-f388-107c-501-216-3eff-feb2-bc11]-9618&alias=learn.chtc.wisc.edu&noUDP&sock=schedd_2128_35a0>
...
040 (217317.793.000) 2020-11-28 19:46:05 Started transferring input files
	Transferring to host: <128.105.245.89:9618?addrs=128.105.245.89-9618&alias=e289.chtc.wisc.edu&noUDP&sock=slot1_36_10093_2e74_39417>
...
040 (217317.793.000) 2020-11-28 19:46:08 Finished transferring input files
...
001 (217317.793.000) 2020-11-28 19:46:09 Job executing on host: <128.105.245.89:9618?addrs=128.105.245.89-9618&alias=e289.chtc.wisc.edu&noUDP&sock=startd_5936_2e45>
...
006 (217317.793.000) 2020-11-28 19:46:18 Image size of job updated: 106568
	105  -  MemoryUsage of job (MB)
	106568  -  ResidentSetSize of job (KB)
...
040 (217317.793.000) 2020-11-28 19:46:18 Started transferring output files
...
040 (217317.793.000) 2020-11-28 19:46:18 Finished transferring output files
...
005 (217317.793.000) 2020-11-28 19:46:18 Job terminated.
	(1) Normal termination (return value 1)
		Usr 0 00:00:02, Sys 0 00:00:00  -  Run Remote Usage
		Usr 0 00:00:00, Sys 0 00:00:00  -  Run Local Usage
		Usr 0 00:00:02, Sys 0 00:00:00  -  Total Remote Usage
		Usr 0 00:00:00, Sys 0 00:00:00  -  Total Local Usage
	1194  -  Run Bytes Sent By Job
	3125465  -  Run Bytes Received By Job
	1194  -  Total Bytes Sent By Job
	3125465  -  Total Bytes Received By Job
	Partitionable Resources :    Usage  Request Allocated 
	   Cpus                 :                 1         1 
	   Disk (KB)            :   157470  1048576   1322658 
	   IoHeavy              :                           0 
	   Memory (MB)          :      105     1024      1024 

	Job terminated of its own accord at 2020-11-29T01:46:18Z.
...
