000 (217304.383.000) 2020-11-28 18:02:57 Job submitted from host: <128.104.100.148:9618?addrs=128.104.100.148-9618+[2607-f388-107c-501-216-3eff-feb2-bc11]-9618&alias=learn.chtc.wisc.edu&noUDP&sock=schedd_2128_35a0>
...
040 (217304.383.000) 2020-11-28 18:09:46 Started transferring input files
	Transferring to host: <128.105.245.203:9618?addrs=128.105.245.203-9618&alias=e2403.chtc.wisc.edu&noUDP&sock=slot1_4_40022_de95_43151>
...
040 (217304.383.000) 2020-11-28 18:09:48 Finished transferring input files
...
001 (217304.383.000) 2020-11-28 18:09:49 Job executing on host: <128.105.245.203:9618?addrs=128.105.245.203-9618&alias=e2403.chtc.wisc.edu&noUDP&sock=startd_2147_3dec>
...
006 (217304.383.000) 2020-11-28 18:09:57 Image size of job updated: 111116
	109  -  MemoryUsage of job (MB)
	111116  -  ResidentSetSize of job (KB)
...
006 (217304.383.000) 2020-11-28 18:11:09 Image size of job updated: 113788
	112  -  MemoryUsage of job (MB)
	113788  -  ResidentSetSize of job (KB)
...
040 (217304.383.000) 2020-11-28 18:11:09 Started transferring output files
...
040 (217304.383.000) 2020-11-28 18:11:09 Finished transferring output files
...
005 (217304.383.000) 2020-11-28 18:11:09 Job terminated.
	(1) Normal termination (return value 0)
		Usr 0 00:01:11, Sys 0 00:00:00  -  Run Remote Usage
		Usr 0 00:00:00, Sys 0 00:00:00  -  Run Local Usage
		Usr 0 00:01:11, Sys 0 00:00:00  -  Total Remote Usage
		Usr 0 00:00:00, Sys 0 00:00:00  -  Total Local Usage
	2617  -  Run Bytes Sent By Job
	2940176  -  Run Bytes Received By Job
	2617  -  Total Bytes Sent By Job
	2940176  -  Total Bytes Received By Job
	Partitionable Resources :     Usage  Request Allocated 
	   Cpus                 :      0.99        1         1 
	   Disk (KB)            : 156726     1048576   1207146 
	   IoHeavy              :                            0 
	   Memory (MB)          :    112        1024      1024 

	Job terminated of its own accord at 2020-11-29T00:11:09Z.
...
