000 (217317.346.000) 2020-11-28 19:35:07 Job submitted from host: <128.104.100.148:9618?addrs=128.104.100.148-9618+[2607-f388-107c-501-216-3eff-feb2-bc11]-9618&alias=learn.chtc.wisc.edu&noUDP&sock=schedd_2128_35a0>
...
040 (217317.346.000) 2020-11-28 19:42:11 Started transferring input files
	Transferring to host: <128.105.245.36:9618?addrs=128.105.245.36-9618&alias=e236.chtc.wisc.edu&noUDP&sock=slot1_13_10779_87cf_40189>
...
040 (217317.346.000) 2020-11-28 19:42:13 Finished transferring input files
...
001 (217317.346.000) 2020-11-28 19:42:14 Job executing on host: <128.105.245.36:9618?addrs=128.105.245.36-9618&alias=e236.chtc.wisc.edu&noUDP&sock=startd_6218_9bfa>
...
006 (217317.346.000) 2020-11-28 19:42:23 Image size of job updated: 206304
	202  -  MemoryUsage of job (MB)
	206304  -  ResidentSetSize of job (KB)
...
040 (217317.346.000) 2020-11-28 19:43:12 Started transferring output files
...
040 (217317.346.000) 2020-11-28 19:43:12 Finished transferring output files
...
005 (217317.346.000) 2020-11-28 19:43:12 Job terminated.
	(1) Normal termination (return value 0)
		Usr 0 00:00:57, Sys 0 00:00:00  -  Run Remote Usage
		Usr 0 00:00:00, Sys 0 00:00:00  -  Run Local Usage
		Usr 0 00:00:57, Sys 0 00:00:00  -  Total Remote Usage
		Usr 0 00:00:00, Sys 0 00:00:00  -  Total Local Usage
	2234  -  Run Bytes Sent By Job
	2301924  -  Run Bytes Received By Job
	2234  -  Total Bytes Sent By Job
	2301924  -  Total Bytes Received By Job
	Partitionable Resources :    Usage  Request Allocated 
	   Cpus                 :                 1         1 
	   Disk (KB)            :   153171  1048576   3634953 
	   IoHeavy              :                           0 
	   Memory (MB)          :      202     1024      1024 

	Job terminated of its own accord at 2020-11-29T01:43:12Z.
...
