000 (217317.477.000) 2020-11-28 19:35:07 Job submitted from host: <128.104.100.148:9618?addrs=128.104.100.148-9618+[2607-f388-107c-501-216-3eff-feb2-bc11]-9618&alias=learn.chtc.wisc.edu&noUDP&sock=schedd_2128_35a0>
...
040 (217317.477.000) 2020-11-28 19:43:22 Started transferring input files
	Transferring to host: <128.105.245.148:9618?addrs=128.105.245.148-9618&alias=e348.chtc.wisc.edu&noUDP&sock=slot1_39_20101_b90a_42487>
...
040 (217317.477.000) 2020-11-28 19:43:27 Finished transferring input files
...
001 (217317.477.000) 2020-11-28 19:43:28 Job executing on host: <128.105.245.148:9618?addrs=128.105.245.148-9618&alias=e348.chtc.wisc.edu&noUDP&sock=startd_7136_47ea>
...
006 (217317.477.000) 2020-11-28 19:43:36 Image size of job updated: 60900
	60  -  MemoryUsage of job (MB)
	60900  -  ResidentSetSize of job (KB)
...
006 (217317.477.000) 2020-11-28 19:45:01 Image size of job updated: 113616
	111  -  MemoryUsage of job (MB)
	113616  -  ResidentSetSize of job (KB)
...
040 (217317.477.000) 2020-11-28 19:45:01 Started transferring output files
...
040 (217317.477.000) 2020-11-28 19:45:01 Finished transferring output files
...
005 (217317.477.000) 2020-11-28 19:45:01 Job terminated.
	(1) Normal termination (return value 0)
		Usr 0 00:01:19, Sys 0 00:00:00  -  Run Remote Usage
		Usr 0 00:00:00, Sys 0 00:00:00  -  Run Local Usage
		Usr 0 00:01:19, Sys 0 00:00:00  -  Total Remote Usage
		Usr 0 00:00:00, Sys 0 00:00:00  -  Total Local Usage
	2183  -  Run Bytes Sent By Job
	2366860  -  Run Bytes Received By Job
	2183  -  Total Bytes Sent By Job
	2366860  -  Total Bytes Received By Job
	Partitionable Resources :     Usage  Request Allocated 
	   Cpus                 :      0.98        1         1 
	   Disk (KB)            : 154693     1048576   1408757 
	   IoHeavy              :                            0 
	   Memory (MB)          :    111        1024      1024 

	Job terminated of its own accord at 2020-11-29T01:45:01Z.
...
