000 (217317.387.000) 2020-11-28 19:35:07 Job submitted from host: <128.104.100.148:9618?addrs=128.104.100.148-9618+[2607-f388-107c-501-216-3eff-feb2-bc11]-9618&alias=learn.chtc.wisc.edu&noUDP&sock=schedd_2128_35a0>
...
040 (217317.387.000) 2020-11-28 19:42:43 Started transferring input files
	Transferring to host: <128.105.245.66:9618?addrs=128.105.245.66-9618&alias=e266.chtc.wisc.edu&noUDP&sock=slot1_39_2921_dbd0_42661>
...
040 (217317.387.000) 2020-11-28 19:42:45 Finished transferring input files
...
001 (217317.387.000) 2020-11-28 19:42:46 Job executing on host: <128.105.245.66:9618?addrs=128.105.245.66-9618&alias=e266.chtc.wisc.edu&noUDP&sock=startd_4680_ab51>
...
006 (217317.387.000) 2020-11-28 19:42:54 Image size of job updated: 219992
	215  -  MemoryUsage of job (MB)
	219992  -  ResidentSetSize of job (KB)
...
040 (217317.387.000) 2020-11-28 19:43:58 Started transferring output files
...
040 (217317.387.000) 2020-11-28 19:43:58 Finished transferring output files
...
005 (217317.387.000) 2020-11-28 19:43:58 Job terminated.
	(1) Normal termination (return value 0)
		Usr 0 00:01:09, Sys 0 00:00:00  -  Run Remote Usage
		Usr 0 00:00:00, Sys 0 00:00:00  -  Run Local Usage
		Usr 0 00:01:09, Sys 0 00:00:00  -  Total Remote Usage
		Usr 0 00:00:00, Sys 0 00:00:00  -  Total Local Usage
	2255  -  Run Bytes Sent By Job
	2580224  -  Run Bytes Received By Job
	2255  -  Total Bytes Sent By Job
	2580224  -  Total Bytes Received By Job
	Partitionable Resources :    Usage  Request Allocated 
	   Cpus                 :                 1         1 
	   Disk (KB)            :   155076  1048576   1574732 
	   IoHeavy              :                           0 
	   Memory (MB)          :      215     1024      1024 

	Job terminated of its own accord at 2020-11-29T01:43:57Z.
...
