000 (217317.442.000) 2020-11-28 19:35:07 Job submitted from host: <128.104.100.148:9618?addrs=128.104.100.148-9618+[2607-f388-107c-501-216-3eff-feb2-bc11]-9618&alias=learn.chtc.wisc.edu&noUDP&sock=schedd_2128_35a0>
...
040 (217317.442.000) 2020-11-28 19:43:20 Started transferring input files
	Transferring to host: <128.104.58.179:9618?addrs=128.104.58.179-9618+[2607-f388-1086-0-16fe-b5ff-fec6-7177]-9618&alias=e1035.chtc.wisc.edu&noUDP&sock=slot1_35_36733_78af_40844>
...
040 (217317.442.000) 2020-11-28 19:43:22 Finished transferring input files
...
001 (217317.442.000) 2020-11-28 19:43:23 Job executing on host: <128.104.58.179:9618?addrs=128.104.58.179-9618+[2607-f388-1086-0-16fe-b5ff-fec6-7177]-9618&alias=e1035.chtc.wisc.edu&noUDP&sock=startd_5393_ba58>
...
006 (217317.442.000) 2020-11-28 19:43:31 Image size of job updated: 216920
	212  -  MemoryUsage of job (MB)
	216920  -  ResidentSetSize of job (KB)
...
040 (217317.442.000) 2020-11-28 19:44:36 Started transferring output files
...
040 (217317.442.000) 2020-11-28 19:44:36 Finished transferring output files
...
005 (217317.442.000) 2020-11-28 19:44:36 Job terminated.
	(1) Normal termination (return value 0)
		Usr 0 00:01:10, Sys 0 00:00:02  -  Run Remote Usage
		Usr 0 00:00:00, Sys 0 00:00:00  -  Run Local Usage
		Usr 0 00:01:10, Sys 0 00:00:02  -  Total Remote Usage
		Usr 0 00:00:00, Sys 0 00:00:00  -  Total Local Usage
	2310  -  Run Bytes Sent By Job
	2456293  -  Run Bytes Received By Job
	2310  -  Total Bytes Sent By Job
	2456293  -  Total Bytes Received By Job
	Partitionable Resources :     Usage  Request Allocated 
	   Cpus                 :      0.98        1         1 
	   Disk (KB)            : 155901     1048576   1336342 
	   IoHeavy              :                            0 
	   Memory (MB)          :    212        1024      1024 

	Job terminated of its own accord at 2020-11-29T01:44:36Z.
...
