000 (217317.272.000) 2020-11-28 19:35:07 Job submitted from host: <128.104.100.148:9618?addrs=128.104.100.148-9618+[2607-f388-107c-501-216-3eff-feb2-bc11]-9618&alias=learn.chtc.wisc.edu&noUDP&sock=schedd_2128_35a0>
...
040 (217317.272.000) 2020-11-28 19:41:28 Started transferring input files
	Transferring to host: <128.104.101.135:9618?addrs=128.104.101.135-9618+[2607-f388-107c-501-206-f6ff-fe30-a837]-9618&alias=e135.chtc.wisc.edu&noUDP&sock=slot1_9_4013_457c_53700>
...
040 (217317.272.000) 2020-11-28 19:41:33 Finished transferring input files
...
001 (217317.272.000) 2020-11-28 19:41:34 Job executing on host: <128.104.101.135:9618?addrs=128.104.101.135-9618+[2607-f388-107c-501-206-f6ff-fe30-a837]-9618&alias=e135.chtc.wisc.edu&noUDP&sock=startd_1864_209f>
...
006 (217317.272.000) 2020-11-28 19:41:43 Image size of job updated: 206652
	202  -  MemoryUsage of job (MB)
	206652  -  ResidentSetSize of job (KB)
...
040 (217317.272.000) 2020-11-28 19:42:15 Started transferring output files
...
040 (217317.272.000) 2020-11-28 19:42:15 Finished transferring output files
...
005 (217317.272.000) 2020-11-28 19:42:16 Job terminated.
	(1) Normal termination (return value 0)
		Usr 0 00:00:40, Sys 0 00:00:01  -  Run Remote Usage
		Usr 0 00:00:00, Sys 0 00:00:00  -  Run Local Usage
		Usr 0 00:00:40, Sys 0 00:00:01  -  Total Remote Usage
		Usr 0 00:00:00, Sys 0 00:00:00  -  Total Local Usage
	2616  -  Run Bytes Sent By Job
	1448675  -  Run Bytes Received By Job
	2616  -  Total Bytes Sent By Job
	1448675  -  Total Bytes Received By Job
	Partitionable Resources :    Usage  Request Allocated 
	   Cpus                 :                 1         1 
	   Disk (KB)            :   147415  1048576   3398936 
	   IoHeavy              :                           0 
	   Memory (MB)          :      202     1024      1024 

	Job terminated of its own accord at 2020-11-29T01:42:15Z.
...
