000 (217317.036.000) 2020-11-28 19:35:07 Job submitted from host: <128.104.100.148:9618?addrs=128.104.100.148-9618+[2607-f388-107c-501-216-3eff-feb2-bc11]-9618&alias=learn.chtc.wisc.edu&noUDP&sock=schedd_2128_35a0>
...
040 (217317.036.000) 2020-11-28 19:37:05 Started transferring input files
	Transferring to host: <128.105.245.56:9618?addrs=128.105.245.56-9618&alias=e3256.chtc.wisc.edu&noUDP&sock=slot1_5_28068_31ee_39871>
...
040 (217317.036.000) 2020-11-28 19:37:07 Finished transferring input files
...
001 (217317.036.000) 2020-11-28 19:37:08 Job executing on host: <128.105.245.56:9618?addrs=128.105.245.56-9618&alias=e3256.chtc.wisc.edu&noUDP&sock=startd_3020_0c1a>
...
006 (217317.036.000) 2020-11-28 19:37:17 Image size of job updated: 231172
	226  -  MemoryUsage of job (MB)
	231172  -  ResidentSetSize of job (KB)
...
040 (217317.036.000) 2020-11-28 19:38:17 Started transferring output files
...
040 (217317.036.000) 2020-11-28 19:38:17 Finished transferring output files
...
005 (217317.036.000) 2020-11-28 19:38:17 Job terminated.
	(1) Normal termination (return value 0)
		Usr 0 00:01:00, Sys 0 00:00:01  -  Run Remote Usage
		Usr 0 00:00:00, Sys 0 00:00:00  -  Run Local Usage
		Usr 0 00:01:00, Sys 0 00:00:01  -  Total Remote Usage
		Usr 0 00:00:00, Sys 0 00:00:00  -  Total Local Usage
	2254  -  Run Bytes Sent By Job
	3092315  -  Run Bytes Received By Job
	2254  -  Total Bytes Sent By Job
	3092315  -  Total Bytes Received By Job
	Partitionable Resources :    Usage  Request Allocated 
	   Cpus                 :                 1         1 
	   Disk (KB)            :   155942  1048576   1817112 
	   IoHeavy              :                           0 
	   Memory (MB)          :      226     1024      1024 

	Job terminated of its own accord at 2020-11-29T01:38:16Z.
...
