000 (217304.519.000) 2020-11-28 18:02:57 Job submitted from host: <128.104.100.148:9618?addrs=128.104.100.148-9618+[2607-f388-107c-501-216-3eff-feb2-bc11]-9618&alias=learn.chtc.wisc.edu&noUDP&sock=schedd_2128_35a0>
...
040 (217304.519.000) 2020-11-28 18:11:03 Started transferring input files
	Transferring to host: <128.105.245.131:9618?addrs=128.105.245.131-9618&alias=e331.chtc.wisc.edu&noUDP&sock=slot1_35_4719_b659_16475>
...
040 (217304.519.000) 2020-11-28 18:11:05 Finished transferring input files
...
001 (217304.519.000) 2020-11-28 18:11:06 Job executing on host: <128.105.245.131:9618?addrs=128.105.245.131-9618&alias=e331.chtc.wisc.edu&noUDP&sock=startd_2605_644d>
...
006 (217304.519.000) 2020-11-28 18:11:15 Image size of job updated: 214904
	210  -  MemoryUsage of job (MB)
	214904  -  ResidentSetSize of job (KB)
...
040 (217304.519.000) 2020-11-28 18:12:22 Started transferring output files
...
040 (217304.519.000) 2020-11-28 18:12:22 Finished transferring output files
...
005 (217304.519.000) 2020-11-28 18:12:22 Job terminated.
	(1) Normal termination (return value 0)
		Usr 0 00:01:04, Sys 0 00:00:00  -  Run Remote Usage
		Usr 0 00:00:00, Sys 0 00:00:00  -  Run Local Usage
		Usr 0 00:01:04, Sys 0 00:00:00  -  Total Remote Usage
		Usr 0 00:00:00, Sys 0 00:00:00  -  Total Local Usage
	2224  -  Run Bytes Sent By Job
	2234371  -  Run Bytes Received By Job
	2224  -  Total Bytes Sent By Job
	2234371  -  Total Bytes Received By Job
	Partitionable Resources :    Usage  Request Allocated 
	   Cpus                 :                 1         1 
	   Disk (KB)            :   153751  1048576   1325859 
	   IoHeavy              :                           0 
	   Memory (MB)          :      210     1024      1024 

	Job terminated of its own accord at 2020-11-29T00:12:22Z.
...
