000 (217304.795.000) 2020-11-28 18:02:57 Job submitted from host: <128.104.100.148:9618?addrs=128.104.100.148-9618+[2607-f388-107c-501-216-3eff-feb2-bc11]-9618&alias=learn.chtc.wisc.edu&noUDP&sock=schedd_2128_35a0>
...
040 (217304.795.000) 2020-11-28 18:13:06 Started transferring input files
	Transferring to host: <128.104.58.26:9618?addrs=128.104.58.26-9618+[2607-f388-1086-0-a6ba-dbff-fe38-fc2d]-9618&alias=e016.chtc.wisc.edu&noUDP&sock=slot1_13_31554_65bc_40417>
...
040 (217304.795.000) 2020-11-28 18:13:07 Finished transferring input files
...
001 (217304.795.000) 2020-11-28 18:13:08 Job executing on host: <128.104.58.26:9618?addrs=128.104.58.26-9618+[2607-f388-1086-0-a6ba-dbff-fe38-fc2d]-9618&alias=e016.chtc.wisc.edu&noUDP&sock=startd_4847_37a2>
...
006 (217304.795.000) 2020-11-28 18:13:12 Image size of job updated: 108376
	106  -  MemoryUsage of job (MB)
	108376  -  ResidentSetSize of job (KB)
...
040 (217304.795.000) 2020-11-28 18:13:12 Started transferring output files
...
040 (217304.795.000) 2020-11-28 18:13:12 Finished transferring output files
...
005 (217304.795.000) 2020-11-28 18:13:12 Job terminated.
	(1) Normal termination (return value 1)
		Usr 0 00:00:01, Sys 0 00:00:00  -  Run Remote Usage
		Usr 0 00:00:00, Sys 0 00:00:00  -  Run Local Usage
		Usr 0 00:00:01, Sys 0 00:00:00  -  Total Remote Usage
		Usr 0 00:00:00, Sys 0 00:00:00  -  Total Local Usage
	754  -  Run Bytes Sent By Job
	1723981  -  Run Bytes Received By Job
	754  -  Total Bytes Sent By Job
	1723981  -  Total Bytes Received By Job
	Partitionable Resources :    Usage  Request Allocated 
	   Cpus                 :                 1         1 
	   Disk (KB)            :   149860  1048576   1812413 
	   IoHeavy              :                           0 
	   Memory (MB)          :      106     1024      1024 

	Job terminated of its own accord at 2020-11-29T00:13:12Z.
...
