000 (217304.616.000) 2020-11-28 18:02:57 Job submitted from host: <128.104.100.148:9618?addrs=128.104.100.148-9618+[2607-f388-107c-501-216-3eff-feb2-bc11]-9618&alias=learn.chtc.wisc.edu&noUDP&sock=schedd_2128_35a0>
...
040 (217304.616.000) 2020-11-28 18:11:54 Started transferring input files
	Transferring to host: <128.105.245.65:9618?addrs=128.105.245.65-9618&alias=e265.chtc.wisc.edu&noUDP&sock=slot1_32_26979_e562_46791>
...
040 (217304.616.000) 2020-11-28 18:11:56 Finished transferring input files
...
001 (217304.616.000) 2020-11-28 18:11:57 Job executing on host: <128.105.245.65:9618?addrs=128.105.245.65-9618&alias=e265.chtc.wisc.edu&noUDP&sock=startd_19420_154b>
...
006 (217304.616.000) 2020-11-28 18:12:05 Image size of job updated: 291120
	285  -  MemoryUsage of job (MB)
	291120  -  ResidentSetSize of job (KB)
...
040 (217304.616.000) 2020-11-28 18:12:53 Started transferring output files
...
040 (217304.616.000) 2020-11-28 18:12:53 Finished transferring output files
...
005 (217304.616.000) 2020-11-28 18:12:53 Job terminated.
	(1) Normal termination (return value 0)
		Usr 0 00:00:54, Sys 0 00:00:01  -  Run Remote Usage
		Usr 0 00:00:00, Sys 0 00:00:00  -  Run Local Usage
		Usr 0 00:00:54, Sys 0 00:00:01  -  Total Remote Usage
		Usr 0 00:00:00, Sys 0 00:00:00  -  Total Local Usage
	2202  -  Run Bytes Sent By Job
	2032432  -  Run Bytes Received By Job
	2202  -  Total Bytes Sent By Job
	2032432  -  Total Bytes Received By Job
	Partitionable Resources :     Usage  Request Allocated 
	   Cpus                 :      1.00        1         1 
	   Disk (KB)            : 150739     1048576   1327572 
	   IoHeavy              :                            0 
	   Memory (MB)          :    285        1024      1024 

	Job terminated of its own accord at 2020-11-29T00:12:52Z.
...
