000 (217304.497.000) 2020-11-28 18:02:57 Job submitted from host: <128.104.100.148:9618?addrs=128.104.100.148-9618+[2607-f388-107c-501-216-3eff-feb2-bc11]-9618&alias=learn.chtc.wisc.edu&noUDP&sock=schedd_2128_35a0>
...
040 (217304.497.000) 2020-11-28 18:10:53 Started transferring input files
	Transferring to host: <128.104.58.34:9618?addrs=128.104.58.34-9618+[2607-f388-1086-0-a6ba-dbff-fe38-fcaa]-9618&alias=e024.chtc.wisc.edu&noUDP&sock=slot1_8_27385_f5b3_38504>
...
040 (217304.497.000) 2020-11-28 18:10:55 Finished transferring input files
...
001 (217304.497.000) 2020-11-28 18:10:56 Job executing on host: <128.104.58.34:9618?addrs=128.104.58.34-9618+[2607-f388-1086-0-a6ba-dbff-fe38-fcaa]-9618&alias=e024.chtc.wisc.edu&noUDP&sock=startd_3191_56cc>
...
006 (217304.497.000) 2020-11-28 18:11:05 Image size of job updated: 209076
	205  -  MemoryUsage of job (MB)
	209076  -  ResidentSetSize of job (KB)
...
040 (217304.497.000) 2020-11-28 18:12:12 Started transferring output files
...
040 (217304.497.000) 2020-11-28 18:12:12 Finished transferring output files
...
005 (217304.497.000) 2020-11-28 18:12:12 Job terminated.
	(1) Normal termination (return value 0)
		Usr 0 00:01:15, Sys 0 00:00:01  -  Run Remote Usage
		Usr 0 00:00:00, Sys 0 00:00:00  -  Run Local Usage
		Usr 0 00:01:15, Sys 0 00:00:01  -  Total Remote Usage
		Usr 0 00:00:00, Sys 0 00:00:00  -  Total Local Usage
	2158  -  Run Bytes Sent By Job
	2428771  -  Run Bytes Received By Job
	2158  -  Total Bytes Sent By Job
	2428771  -  Total Bytes Received By Job
	Partitionable Resources :    Usage  Request Allocated 
	   Cpus                 :                 1         1 
	   Disk (KB)            :   153951  1048576   3639163 
	   IoHeavy              :                           0 
	   Memory (MB)          :      205     1024      1024 

	Job terminated of its own accord at 2020-11-29T00:12:12Z.
...
