000 (217317.260.000) 2020-11-28 19:35:07 Job submitted from host: <128.104.100.148:9618?addrs=128.104.100.148-9618+[2607-f388-107c-501-216-3eff-feb2-bc11]-9618&alias=learn.chtc.wisc.edu&noUDP&sock=schedd_2128_35a0>
...
040 (217317.260.000) 2020-11-28 19:41:08 Started transferring input files
	Transferring to host: <128.104.103.8:9618?addrs=128.104.103.8-9618+[2607-f388-107c-501-862b-2bff-fe64-8672]-9618&alias=e004.chtc.wisc.edu&noUDP&sock=slot1_12_17667_bfe8_32391>
...
040 (217317.260.000) 2020-11-28 19:41:13 Finished transferring input files
...
001 (217317.260.000) 2020-11-28 19:41:14 Job executing on host: <128.104.103.8:9618?addrs=128.104.103.8-9618+[2607-f388-107c-501-862b-2bff-fe64-8672]-9618&alias=e004.chtc.wisc.edu&noUDP&sock=startd_4383_f3b0>
...
006 (217317.260.000) 2020-11-28 19:41:23 Image size of job updated: 345416
	338  -  MemoryUsage of job (MB)
	345416  -  ResidentSetSize of job (KB)
...
040 (217317.260.000) 2020-11-28 19:43:03 Started transferring output files
...
040 (217317.260.000) 2020-11-28 19:43:03 Finished transferring output files
...
005 (217317.260.000) 2020-11-28 19:43:03 Job terminated.
	(1) Normal termination (return value 0)
		Usr 0 00:01:46, Sys 0 00:00:02  -  Run Remote Usage
		Usr 0 00:00:00, Sys 0 00:00:00  -  Run Local Usage
		Usr 0 00:01:46, Sys 0 00:00:02  -  Total Remote Usage
		Usr 0 00:00:00, Sys 0 00:00:00  -  Total Local Usage
	2256  -  Run Bytes Sent By Job
	3159041  -  Run Bytes Received By Job
	2256  -  Total Bytes Sent By Job
	3159041  -  Total Bytes Received By Job
	Partitionable Resources :    Usage  Request Allocated 
	   Cpus                 :                 1         1 
	   Disk (KB)            :   157775  1048576   2034538 
	   IoHeavy              :                           0 
	   Memory (MB)          :      338     1024      1024 

	Job terminated of its own accord at 2020-11-29T01:43:03Z.
...
