000 (217304.605.000) 2020-11-28 18:02:57 Job submitted from host: <128.104.100.148:9618?addrs=128.104.100.148-9618+[2607-f388-107c-501-216-3eff-feb2-bc11]-9618&alias=learn.chtc.wisc.edu&noUDP&sock=schedd_2128_35a0>
...
040 (217304.605.000) 2020-11-28 18:11:50 Started transferring input files
	Transferring to host: <128.104.58.61:9618?addrs=128.104.58.61-9618+[2607-f388-1086-0-a6ba-dbff-fe38-e8c2]-9618&alias=e1062.chtc.wisc.edu&noUDP&sock=slot1_8_27490_f117_40266>
...
040 (217304.605.000) 2020-11-28 18:11:52 Finished transferring input files
...
001 (217304.605.000) 2020-11-28 18:11:53 Job executing on host: <128.104.58.61:9618?addrs=128.104.58.61-9618+[2607-f388-1086-0-a6ba-dbff-fe38-e8c2]-9618&alias=e1062.chtc.wisc.edu&noUDP&sock=startd_14287_45aa>
...
006 (217304.605.000) 2020-11-28 18:12:01 Image size of job updated: 215788
	211  -  MemoryUsage of job (MB)
	215788  -  ResidentSetSize of job (KB)
...
040 (217304.605.000) 2020-11-28 18:12:40 Started transferring output files
...
040 (217304.605.000) 2020-11-28 18:12:40 Finished transferring output files
...
005 (217304.605.000) 2020-11-28 18:12:40 Job terminated.
	(1) Normal termination (return value 0)
		Usr 0 00:00:47, Sys 0 00:00:00  -  Run Remote Usage
		Usr 0 00:00:00, Sys 0 00:00:00  -  Run Local Usage
		Usr 0 00:00:47, Sys 0 00:00:00  -  Total Remote Usage
		Usr 0 00:00:00, Sys 0 00:00:00  -  Total Local Usage
	2327  -  Run Bytes Sent By Job
	2705786  -  Run Bytes Received By Job
	2327  -  Total Bytes Sent By Job
	2705786  -  Total Bytes Received By Job
	Partitionable Resources :     Usage  Request Allocated 
	   Cpus                 :      0.81        1         1 
	   Disk (KB)            : 154065     1048576   1344532 
	   IoHeavy              :                            0 
	   Memory (MB)          :    211        1024      1024 

	Job terminated of its own accord at 2020-11-29T00:12:40Z.
...
