000 (217304.774.000) 2020-11-28 18:02:57 Job submitted from host: <128.104.100.148:9618?addrs=128.104.100.148-9618+[2607-f388-107c-501-216-3eff-feb2-bc11]-9618&alias=learn.chtc.wisc.edu&noUDP&sock=schedd_2128_35a0>
...
040 (217304.774.000) 2020-11-28 18:13:06 Started transferring input files
	Transferring to host: <128.104.101.135:9618?addrs=128.104.101.135-9618+[2607-f388-107c-501-206-f6ff-fe30-a837]-9618&alias=e135.chtc.wisc.edu&noUDP&sock=slot1_32_4013_457c_53563>
...
040 (217304.774.000) 2020-11-28 18:13:10 Finished transferring input files
...
001 (217304.774.000) 2020-11-28 18:13:11 Job executing on host: <128.104.101.135:9618?addrs=128.104.101.135-9618+[2607-f388-107c-501-206-f6ff-fe30-a837]-9618&alias=e135.chtc.wisc.edu&noUDP&sock=startd_1864_209f>
...
006 (217304.774.000) 2020-11-28 18:13:21 Image size of job updated: 205652
	201  -  MemoryUsage of job (MB)
	205652  -  ResidentSetSize of job (KB)
...
040 (217304.774.000) 2020-11-28 18:14:30 Started transferring output files
...
040 (217304.774.000) 2020-11-28 18:14:30 Finished transferring output files
...
005 (217304.774.000) 2020-11-28 18:14:30 Job terminated.
	(1) Normal termination (return value 0)
		Usr 0 00:01:15, Sys 0 00:00:01  -  Run Remote Usage
		Usr 0 00:00:00, Sys 0 00:00:00  -  Run Local Usage
		Usr 0 00:01:15, Sys 0 00:00:01  -  Total Remote Usage
		Usr 0 00:00:00, Sys 0 00:00:00  -  Total Local Usage
	2196  -  Run Bytes Sent By Job
	2538920  -  Run Bytes Received By Job
	2196  -  Total Bytes Sent By Job
	2538920  -  Total Bytes Received By Job
	Partitionable Resources :    Usage  Request Allocated 
	   Cpus                 :        0        1         1 
	   Disk (KB)            :   154977  1048576   3398936 
	   IoHeavy              :                           0 
	   Memory (MB)          :      201     1024      1024 

	Job terminated of its own accord at 2020-11-29T00:14:30Z.
...
