000 (217304.147.000) 2020-11-28 18:02:57 Job submitted from host: <128.104.100.148:9618?addrs=128.104.100.148-9618+[2607-f388-107c-501-216-3eff-feb2-bc11]-9618&alias=learn.chtc.wisc.edu&noUDP&sock=schedd_2128_35a0>
...
040 (217304.147.000) 2020-11-28 18:06:45 Started transferring input files
	Transferring to host: <128.105.245.112:9618?addrs=128.105.245.112-9618&alias=e312.chtc.wisc.edu&noUDP&sock=slot1_29_27247_b9ed_39974>
...
040 (217304.147.000) 2020-11-28 18:06:50 Finished transferring input files
...
001 (217304.147.000) 2020-11-28 18:06:51 Job executing on host: <128.105.245.112:9618?addrs=128.105.245.112-9618&alias=e312.chtc.wisc.edu&noUDP&sock=startd_7171_49bb>
...
006 (217304.147.000) 2020-11-28 18:07:00 Image size of job updated: 81472
	80  -  MemoryUsage of job (MB)
	81472  -  ResidentSetSize of job (KB)
...
006 (217304.147.000) 2020-11-28 18:07:57 Image size of job updated: 112544
	110  -  MemoryUsage of job (MB)
	112544  -  ResidentSetSize of job (KB)
...
040 (217304.147.000) 2020-11-28 18:07:57 Started transferring output files
...
040 (217304.147.000) 2020-11-28 18:07:57 Finished transferring output files
...
005 (217304.147.000) 2020-11-28 18:07:57 Job terminated.
	(1) Normal termination (return value 0)
		Usr 0 00:00:54, Sys 0 00:00:00  -  Run Remote Usage
		Usr 0 00:00:00, Sys 0 00:00:00  -  Run Local Usage
		Usr 0 00:00:54, Sys 0 00:00:00  -  Total Remote Usage
		Usr 0 00:00:00, Sys 0 00:00:00  -  Total Local Usage
	2208  -  Run Bytes Sent By Job
	2452562  -  Run Bytes Received By Job
	2208  -  Total Bytes Sent By Job
	2452562  -  Total Bytes Received By Job
	Partitionable Resources :    Usage  Request Allocated 
	   Cpus                 :                 1         1 
	   Disk (KB)            :   154486  1048576   1344032 
	   IoHeavy              :                           0 
	   Memory (MB)          :      110     1024      1024 

	Job terminated of its own accord at 2020-11-29T00:07:57Z.
...
