000 (217317.666.000) 2020-11-28 19:35:07 Job submitted from host: <128.104.100.148:9618?addrs=128.104.100.148-9618+[2607-f388-107c-501-216-3eff-feb2-bc11]-9618&alias=learn.chtc.wisc.edu&noUDP&sock=schedd_2128_35a0>
...
040 (217317.666.000) 2020-11-28 19:45:09 Started transferring input files
	Transferring to host: <128.105.245.87:9618?addrs=128.105.245.87-9618&alias=e287.chtc.wisc.edu&noUDP&sock=slot1_2_25747_d730_43633>
...
040 (217317.666.000) 2020-11-28 19:45:11 Finished transferring input files
...
001 (217317.666.000) 2020-11-28 19:45:12 Job executing on host: <128.105.245.87:9618?addrs=128.105.245.87-9618&alias=e287.chtc.wisc.edu&noUDP&sock=startd_10999_fa45>
...
006 (217317.666.000) 2020-11-28 19:45:20 Image size of job updated: 150360
	147  -  MemoryUsage of job (MB)
	150360  -  ResidentSetSize of job (KB)
...
006 (217317.666.000) 2020-11-28 19:46:18 Image size of job updated: 150360
	154  -  MemoryUsage of job (MB)
	156868  -  ResidentSetSize of job (KB)
...
040 (217317.666.000) 2020-11-28 19:46:18 Started transferring output files
...
040 (217317.666.000) 2020-11-28 19:46:18 Finished transferring output files
...
005 (217317.666.000) 2020-11-28 19:46:18 Job terminated.
	(1) Normal termination (return value 0)
		Usr 0 00:00:57, Sys 0 00:00:01  -  Run Remote Usage
		Usr 0 00:00:00, Sys 0 00:00:00  -  Run Local Usage
		Usr 0 00:00:57, Sys 0 00:00:01  -  Total Remote Usage
		Usr 0 00:00:00, Sys 0 00:00:00  -  Total Local Usage
	2228  -  Run Bytes Sent By Job
	2357851  -  Run Bytes Received By Job
	2228  -  Total Bytes Sent By Job
	2357851  -  Total Bytes Received By Job
	Partitionable Resources :    Usage  Request Allocated 
	   Cpus                 :                 1         1 
	   Disk (KB)            :   153892  1048576   1328389 
	   IoHeavy              :                           0 
	   Memory (MB)          :      154     1024      1024 

	Job terminated of its own accord at 2020-11-29T01:46:18Z.
...
