000 (217304.426.000) 2020-11-28 18:02:57 Job submitted from host: <128.104.100.148:9618?addrs=128.104.100.148-9618+[2607-f388-107c-501-216-3eff-feb2-bc11]-9618&alias=learn.chtc.wisc.edu&noUDP&sock=schedd_2128_35a0>
...
040 (217304.426.000) 2020-11-28 18:10:14 Started transferring input files
	Transferring to host: <128.104.58.158:9618?addrs=128.104.58.158-9618+[2607-f388-1086-0-16fe-b5ff-fec6-7933]-9618&alias=e1010.chtc.wisc.edu&noUDP&sock=slot1_5_36670_150c_41575>
...
040 (217304.426.000) 2020-11-28 18:10:17 Finished transferring input files
...
001 (217304.426.000) 2020-11-28 18:10:18 Job executing on host: <128.104.58.158:9618?addrs=128.104.58.158-9618+[2607-f388-1086-0-16fe-b5ff-fec6-7933]-9618&alias=e1010.chtc.wisc.edu&noUDP&sock=startd_5487_343f>
...
006 (217304.426.000) 2020-11-28 18:10:27 Image size of job updated: 225428
	221  -  MemoryUsage of job (MB)
	225428  -  ResidentSetSize of job (KB)
...
040 (217304.426.000) 2020-11-28 18:11:25 Started transferring output files
...
040 (217304.426.000) 2020-11-28 18:11:25 Finished transferring output files
...
005 (217304.426.000) 2020-11-28 18:11:25 Job terminated.
	(1) Normal termination (return value 0)
		Usr 0 00:01:04, Sys 0 00:00:01  -  Run Remote Usage
		Usr 0 00:00:00, Sys 0 00:00:00  -  Run Local Usage
		Usr 0 00:01:04, Sys 0 00:00:01  -  Total Remote Usage
		Usr 0 00:00:00, Sys 0 00:00:00  -  Total Local Usage
	2198  -  Run Bytes Sent By Job
	2059947  -  Run Bytes Received By Job
	2198  -  Total Bytes Sent By Job
	2059947  -  Total Bytes Received By Job
	Partitionable Resources :    Usage  Request Allocated 
	   Cpus                 :                 1         1 
	   Disk (KB)            :   152445  1048576   1324206 
	   IoHeavy              :                           0 
	   Memory (MB)          :      221     1024      1024 

	Job terminated of its own accord at 2020-11-29T00:11:25Z.
...
