000 (217304.574.000) 2020-11-28 18:02:57 Job submitted from host: <128.104.100.148:9618?addrs=128.104.100.148-9618+[2607-f388-107c-501-216-3eff-feb2-bc11]-9618&alias=learn.chtc.wisc.edu&noUDP&sock=schedd_2128_35a0>
...
040 (217304.574.000) 2020-11-28 18:11:36 Started transferring input files
	Transferring to host: <128.104.101.144:9618?addrs=128.104.101.144-9618+[2607-f388-107c-501-4603-a7ff-fe29-710d]-9618&alias=e144.chtc.wisc.edu&noUDP&sock=slot1_24_7428_72a7_53892>
...
040 (217304.574.000) 2020-11-28 18:11:41 Finished transferring input files
...
001 (217304.574.000) 2020-11-28 18:11:42 Job executing on host: <128.104.101.144:9618?addrs=128.104.101.144-9618+[2607-f388-107c-501-4603-a7ff-fe29-710d]-9618&alias=e144.chtc.wisc.edu&noUDP&sock=startd_2182_3fbd>
...
006 (217304.574.000) 2020-11-28 18:11:51 Image size of job updated: 190496
	187  -  MemoryUsage of job (MB)
	190496  -  ResidentSetSize of job (KB)
...
040 (217304.574.000) 2020-11-28 18:12:37 Started transferring output files
...
040 (217304.574.000) 2020-11-28 18:12:37 Finished transferring output files
...
005 (217304.574.000) 2020-11-28 18:12:37 Job terminated.
	(1) Normal termination (return value 0)
		Usr 0 00:00:48, Sys 0 00:00:01  -  Run Remote Usage
		Usr 0 00:00:00, Sys 0 00:00:00  -  Run Local Usage
		Usr 0 00:00:48, Sys 0 00:00:01  -  Total Remote Usage
		Usr 0 00:00:00, Sys 0 00:00:00  -  Total Local Usage
	2226  -  Run Bytes Sent By Job
	1854416  -  Run Bytes Received By Job
	2226  -  Total Bytes Sent By Job
	1854416  -  Total Bytes Received By Job
	Partitionable Resources :    Usage  Request Allocated 
	   Cpus                 :                 1         1 
	   Disk (KB)            :   150298  1048576   3404709 
	   IoHeavy              :                           0 
	   Memory (MB)          :      187     1024      1024 

	Job terminated of its own accord at 2020-11-29T00:12:37Z.
...
