000 (217317.518.000) 2020-11-28 19:35:07 Job submitted from host: <128.104.100.148:9618?addrs=128.104.100.148-9618+[2607-f388-107c-501-216-3eff-feb2-bc11]-9618&alias=learn.chtc.wisc.edu&noUDP&sock=schedd_2128_35a0>
...
040 (217317.518.000) 2020-11-28 19:43:53 Started transferring input files
	Transferring to host: <128.104.103.8:9618?addrs=128.104.103.8-9618+[2607-f388-107c-501-862b-2bff-fe64-8672]-9618&alias=e004.chtc.wisc.edu&noUDP&sock=slot1_20_17667_bfe8_32406>
...
040 (217317.518.000) 2020-11-28 19:43:58 Finished transferring input files
...
001 (217317.518.000) 2020-11-28 19:43:59 Job executing on host: <128.104.103.8:9618?addrs=128.104.103.8-9618+[2607-f388-107c-501-862b-2bff-fe64-8672]-9618&alias=e004.chtc.wisc.edu&noUDP&sock=startd_4383_f3b0>
...
006 (217317.518.000) 2020-11-28 19:44:08 Image size of job updated: 208268
	204  -  MemoryUsage of job (MB)
	208268  -  ResidentSetSize of job (KB)
...
040 (217317.518.000) 2020-11-28 19:45:12 Started transferring output files
...
040 (217317.518.000) 2020-11-28 19:45:12 Finished transferring output files
...
005 (217317.518.000) 2020-11-28 19:45:12 Job terminated.
	(1) Normal termination (return value 0)
		Usr 0 00:01:09, Sys 0 00:00:00  -  Run Remote Usage
		Usr 0 00:00:00, Sys 0 00:00:00  -  Run Local Usage
		Usr 0 00:01:09, Sys 0 00:00:00  -  Total Remote Usage
		Usr 0 00:00:00, Sys 0 00:00:00  -  Total Local Usage
	2254  -  Run Bytes Sent By Job
	2323320  -  Run Bytes Received By Job
	2254  -  Total Bytes Sent By Job
	2323320  -  Total Bytes Received By Job
	Partitionable Resources :    Usage  Request Allocated 
	   Cpus                 :        0        1         1 
	   Disk (KB)            :   153884  1048576   2034538 
	   IoHeavy              :                           0 
	   Memory (MB)          :      204     1024      1024 

	Job terminated of its own accord at 2020-11-29T01:45:11Z.
...
