000 (217317.381.000) 2020-11-28 19:35:07 Job submitted from host: <128.104.100.148:9618?addrs=128.104.100.148-9618+[2607-f388-107c-501-216-3eff-feb2-bc11]-9618&alias=learn.chtc.wisc.edu&noUDP&sock=schedd_2128_35a0>
...
040 (217317.381.000) 2020-11-28 19:42:38 Started transferring input files
	Transferring to host: <128.104.58.173:9618?addrs=128.104.58.173-9618+[2607-f388-1086-0-16fe-b5ff-fec6-7f99]-9618&alias=e1027.chtc.wisc.edu&noUDP&sock=slot1_6_30784_dcdd_42248>
...
040 (217317.381.000) 2020-11-28 19:42:40 Finished transferring input files
...
001 (217317.381.000) 2020-11-28 19:42:41 Job executing on host: <128.104.58.173:9618?addrs=128.104.58.173-9618+[2607-f388-1086-0-16fe-b5ff-fec6-7f99]-9618&alias=e1027.chtc.wisc.edu&noUDP&sock=startd_5391_5b27>
...
006 (217317.381.000) 2020-11-28 19:42:49 Image size of job updated: 201496
	197  -  MemoryUsage of job (MB)
	201496  -  ResidentSetSize of job (KB)
...
040 (217317.381.000) 2020-11-28 19:43:47 Started transferring output files
...
040 (217317.381.000) 2020-11-28 19:43:47 Finished transferring output files
...
005 (217317.381.000) 2020-11-28 19:43:47 Job terminated.
	(1) Normal termination (return value 0)
		Usr 0 00:01:02, Sys 0 00:00:01  -  Run Remote Usage
		Usr 0 00:00:00, Sys 0 00:00:00  -  Run Local Usage
		Usr 0 00:01:02, Sys 0 00:00:01  -  Total Remote Usage
		Usr 0 00:00:00, Sys 0 00:00:00  -  Total Local Usage
	2274  -  Run Bytes Sent By Job
	2073055  -  Run Bytes Received By Job
	2274  -  Total Bytes Sent By Job
	2073055  -  Total Bytes Received By Job
	Partitionable Resources :    Usage  Request Allocated 
	   Cpus                 :                 1         1 
	   Disk (KB)            :   152454  1048576   1497963 
	   IoHeavy              :                           0 
	   Memory (MB)          :      197     1024      1024 

	Job terminated of its own accord at 2020-11-29T01:43:47Z.
...
