000 (217317.114.000) 2020-11-28 19:35:07 Job submitted from host: <128.104.100.148:9618?addrs=128.104.100.148-9618+[2607-f388-107c-501-216-3eff-feb2-bc11]-9618&alias=learn.chtc.wisc.edu&noUDP&sock=schedd_2128_35a0>
...
040 (217317.114.000) 2020-11-28 19:38:46 Started transferring input files
	Transferring to host: <128.105.244.98:9618?addrs=128.105.244.98-9618&alias=e2003.chtc.wisc.edu&noUDP&sock=slot1_23_16585_61fc_43114>
...
040 (217317.114.000) 2020-11-28 19:38:48 Finished transferring input files
...
001 (217317.114.000) 2020-11-28 19:38:49 Job executing on host: <128.105.244.98:9618?addrs=128.105.244.98-9618&alias=e2003.chtc.wisc.edu&noUDP&sock=startd_6848_bca4>
...
006 (217317.114.000) 2020-11-28 19:38:58 Image size of job updated: 201804
	198  -  MemoryUsage of job (MB)
	201804  -  ResidentSetSize of job (KB)
...
040 (217317.114.000) 2020-11-28 19:39:43 Started transferring output files
...
040 (217317.114.000) 2020-11-28 19:39:43 Finished transferring output files
...
005 (217317.114.000) 2020-11-28 19:39:43 Job terminated.
	(1) Normal termination (return value 0)
		Usr 0 00:00:50, Sys 0 00:00:00  -  Run Remote Usage
		Usr 0 00:00:00, Sys 0 00:00:00  -  Run Local Usage
		Usr 0 00:00:50, Sys 0 00:00:00  -  Total Remote Usage
		Usr 0 00:00:00, Sys 0 00:00:00  -  Total Local Usage
	2182  -  Run Bytes Sent By Job
	1673830  -  Run Bytes Received By Job
	2182  -  Total Bytes Sent By Job
	1673830  -  Total Bytes Received By Job
	Partitionable Resources :    Usage  Request Allocated 
	   Cpus                 :                 1         1 
	   Disk (KB)            :   150255  1048576   2903263 
	   IoHeavy              :                           0 
	   Memory (MB)          :      198     1024      1024 

	Job terminated of its own accord at 2020-11-29T01:39:42Z.
...
