000 (217304.677.000) 2020-11-28 18:02:57 Job submitted from host: <128.104.100.148:9618?addrs=128.104.100.148-9618+[2607-f388-107c-501-216-3eff-feb2-bc11]-9618&alias=learn.chtc.wisc.edu&noUDP&sock=schedd_2128_35a0>
...
040 (217304.677.000) 2020-11-28 18:12:21 Started transferring input files
	Transferring to host: <128.105.245.120:9618?addrs=128.105.245.120-9618&alias=e320.chtc.wisc.edu&noUDP&sock=slot1_17_13956_03b1_44514>
...
040 (217304.677.000) 2020-11-28 18:12:22 Finished transferring input files
...
001 (217304.677.000) 2020-11-28 18:12:23 Job executing on host: <128.105.245.120:9618?addrs=128.105.245.120-9618&alias=e320.chtc.wisc.edu&noUDP&sock=startd_19251_29ca>
...
006 (217304.677.000) 2020-11-28 18:12:32 Image size of job updated: 208116
	204  -  MemoryUsage of job (MB)
	208116  -  ResidentSetSize of job (KB)
...
040 (217304.677.000) 2020-11-28 18:13:29 Started transferring output files
...
040 (217304.677.000) 2020-11-28 18:13:29 Finished transferring output files
...
005 (217304.677.000) 2020-11-28 18:13:29 Job terminated.
	(1) Normal termination (return value 0)
		Usr 0 00:01:04, Sys 0 00:00:00  -  Run Remote Usage
		Usr 0 00:00:00, Sys 0 00:00:00  -  Run Local Usage
		Usr 0 00:01:04, Sys 0 00:00:00  -  Total Remote Usage
		Usr 0 00:00:00, Sys 0 00:00:00  -  Total Local Usage
	2294  -  Run Bytes Sent By Job
	2577046  -  Run Bytes Received By Job
	2294  -  Total Bytes Sent By Job
	2577046  -  Total Bytes Received By Job
	Partitionable Resources :     Usage  Request Allocated 
	   Cpus                 :      1.00        1         1 
	   Disk (KB)            : 153954     1048576   1203971 
	   IoHeavy              :                            0 
	   Memory (MB)          :    204        1024      1024 

	Job terminated of its own accord at 2020-11-29T00:13:28Z.
...
