000 (217317.205.000) 2020-11-28 19:35:07 Job submitted from host: <128.104.100.148:9618?addrs=128.104.100.148-9618+[2607-f388-107c-501-216-3eff-feb2-bc11]-9618&alias=learn.chtc.wisc.edu&noUDP&sock=schedd_2128_35a0>
...
040 (217317.205.000) 2020-11-28 19:40:26 Started transferring input files
	Transferring to host: <128.105.245.40:9618?addrs=128.105.245.40-9618&alias=e3240.chtc.wisc.edu&noUDP&sock=slot1_10_18016_a6d6_40814>
...
040 (217317.205.000) 2020-11-28 19:40:27 Finished transferring input files
...
001 (217317.205.000) 2020-11-28 19:40:28 Job executing on host: <128.105.245.40:9618?addrs=128.105.245.40-9618&alias=e3240.chtc.wisc.edu&noUDP&sock=startd_4654_d5db>
...
006 (217317.205.000) 2020-11-28 19:40:36 Image size of job updated: 230068
	225  -  MemoryUsage of job (MB)
	230068  -  ResidentSetSize of job (KB)
...
040 (217317.205.000) 2020-11-28 19:41:19 Started transferring output files
...
040 (217317.205.000) 2020-11-28 19:41:19 Finished transferring output files
...
005 (217317.205.000) 2020-11-28 19:41:19 Job terminated.
	(1) Normal termination (return value 0)
		Usr 0 00:00:50, Sys 0 00:00:00  -  Run Remote Usage
		Usr 0 00:00:00, Sys 0 00:00:00  -  Run Local Usage
		Usr 0 00:00:50, Sys 0 00:00:00  -  Total Remote Usage
		Usr 0 00:00:00, Sys 0 00:00:00  -  Total Local Usage
	2263  -  Run Bytes Sent By Job
	2460572  -  Run Bytes Received By Job
	2263  -  Total Bytes Sent By Job
	2460572  -  Total Bytes Received By Job
	Partitionable Resources :    Usage  Request Allocated 
	   Cpus                 :                 1         1 
	   Disk (KB)            :   154750  1048576   2035185 
	   IoHeavy              :                           0 
	   Memory (MB)          :      225     1024      1024 

	Job terminated of its own accord at 2020-11-29T01:41:19Z.
...
