000 (217304.216.000) 2020-11-28 18:02:57 Job submitted from host: <128.104.100.148:9618?addrs=128.104.100.148-9618+[2607-f388-107c-501-216-3eff-feb2-bc11]-9618&alias=learn.chtc.wisc.edu&noUDP&sock=schedd_2128_35a0>
...
040 (217304.216.000) 2020-11-28 18:08:00 Started transferring input files
	Transferring to host: <128.105.245.120:9618?addrs=128.105.245.120-9618&alias=e320.chtc.wisc.edu&noUDP&sock=slot1_20_13956_03b1_44489>
...
040 (217304.216.000) 2020-11-28 18:08:02 Finished transferring input files
...
001 (217304.216.000) 2020-11-28 18:08:03 Job executing on host: <128.105.245.120:9618?addrs=128.105.245.120-9618&alias=e320.chtc.wisc.edu&noUDP&sock=startd_19251_29ca>
...
006 (217304.216.000) 2020-11-28 18:08:11 Image size of job updated: 235680
	231  -  MemoryUsage of job (MB)
	235680  -  ResidentSetSize of job (KB)
...
040 (217304.216.000) 2020-11-28 18:09:28 Started transferring output files
...
040 (217304.216.000) 2020-11-28 18:09:28 Finished transferring output files
...
005 (217304.216.000) 2020-11-28 18:09:28 Job terminated.
	(1) Normal termination (return value 0)
		Usr 0 00:01:23, Sys 0 00:00:00  -  Run Remote Usage
		Usr 0 00:00:00, Sys 0 00:00:00  -  Run Local Usage
		Usr 0 00:01:23, Sys 0 00:00:00  -  Total Remote Usage
		Usr 0 00:00:00, Sys 0 00:00:00  -  Total Local Usage
	2345  -  Run Bytes Sent By Job
	3492177  -  Run Bytes Received By Job
	2345  -  Total Bytes Sent By Job
	3492177  -  Total Bytes Received By Job
	Partitionable Resources :     Usage  Request Allocated 
	   Cpus                 :      1.00        1         1 
	   Disk (KB)            : 159318     1048576   1203971 
	   IoHeavy              :                            0 
	   Memory (MB)          :    231        1024      1024 

	Job terminated of its own accord at 2020-11-29T00:09:27Z.
...
