000 (217304.591.000) 2020-11-28 18:02:57 Job submitted from host: <128.104.100.148:9618?addrs=128.104.100.148-9618+[2607-f388-107c-501-216-3eff-feb2-bc11]-9618&alias=learn.chtc.wisc.edu&noUDP&sock=schedd_2128_35a0>
...
040 (217304.591.000) 2020-11-28 18:11:43 Started transferring input files
	Transferring to host: <128.105.245.112:9618?addrs=128.105.245.112-9618&alias=e312.chtc.wisc.edu&noUDP&sock=slot1_24_27247_b9ed_40000>
...
040 (217304.591.000) 2020-11-28 18:11:44 Finished transferring input files
...
001 (217304.591.000) 2020-11-28 18:11:45 Job executing on host: <128.105.245.112:9618?addrs=128.105.245.112-9618&alias=e312.chtc.wisc.edu&noUDP&sock=startd_7171_49bb>
...
006 (217304.591.000) 2020-11-28 18:11:54 Image size of job updated: 220524
	216  -  MemoryUsage of job (MB)
	220524  -  ResidentSetSize of job (KB)
...
040 (217304.591.000) 2020-11-28 18:12:36 Started transferring output files
...
040 (217304.591.000) 2020-11-28 18:12:36 Finished transferring output files
...
005 (217304.591.000) 2020-11-28 18:12:36 Job terminated.
	(1) Normal termination (return value 0)
		Usr 0 00:00:48, Sys 0 00:00:00  -  Run Remote Usage
		Usr 0 00:00:00, Sys 0 00:00:00  -  Run Local Usage
		Usr 0 00:00:48, Sys 0 00:00:00  -  Total Remote Usage
		Usr 0 00:00:00, Sys 0 00:00:00  -  Total Local Usage
	2680  -  Run Bytes Sent By Job
	2605464  -  Run Bytes Received By Job
	2680  -  Total Bytes Sent By Job
	2605464  -  Total Bytes Received By Job
	Partitionable Resources :    Usage  Request Allocated 
	   Cpus                 :                 1         1 
	   Disk (KB)            :   155435  1048576   1344032 
	   IoHeavy              :                           0 
	   Memory (MB)          :      216     1024      1024 

	Job terminated of its own accord at 2020-11-29T00:12:35Z.
...
