000 (217317.486.000) 2020-11-28 19:35:07 Job submitted from host: <128.104.100.148:9618?addrs=128.104.100.148-9618+[2607-f388-107c-501-216-3eff-feb2-bc11]-9618&alias=learn.chtc.wisc.edu&noUDP&sock=schedd_2128_35a0>
...
040 (217317.486.000) 2020-11-28 19:43:27 Started transferring input files
	Transferring to host: <128.105.245.102:9618?addrs=128.105.245.102-9618&alias=e302.chtc.wisc.edu&noUDP&sock=slot1_26_629_eff3_43199>
...
040 (217317.486.000) 2020-11-28 19:43:41 Finished transferring input files
...
001 (217317.486.000) 2020-11-28 19:43:42 Job executing on host: <128.105.245.102:9618?addrs=128.105.245.102-9618&alias=e302.chtc.wisc.edu&noUDP&sock=startd_7259_a611>
...
006 (217317.486.000) 2020-11-28 19:43:51 Image size of job updated: 39484
	39  -  MemoryUsage of job (MB)
	39484  -  ResidentSetSize of job (KB)
...
006 (217317.486.000) 2020-11-28 19:45:01 Image size of job updated: 109944
	108  -  MemoryUsage of job (MB)
	109944  -  ResidentSetSize of job (KB)
...
040 (217317.486.000) 2020-11-28 19:45:01 Started transferring output files
...
040 (217317.486.000) 2020-11-28 19:45:01 Finished transferring output files
...
005 (217317.486.000) 2020-11-28 19:45:01 Job terminated.
	(1) Normal termination (return value 0)
		Usr 0 00:00:56, Sys 0 00:00:00  -  Run Remote Usage
		Usr 0 00:00:00, Sys 0 00:00:00  -  Run Local Usage
		Usr 0 00:00:56, Sys 0 00:00:00  -  Total Remote Usage
		Usr 0 00:00:00, Sys 0 00:00:00  -  Total Local Usage
	2216  -  Run Bytes Sent By Job
	2213551  -  Run Bytes Received By Job
	2216  -  Total Bytes Sent By Job
	2213551  -  Total Bytes Received By Job
	Partitionable Resources :    Usage  Request Allocated 
	   Cpus                 :                 1         1 
	   Disk (KB)            :   151819  1048576   1326563 
	   IoHeavy              :                           0 
	   Memory (MB)          :      108     1024      1024 

	Job terminated of its own accord at 2020-11-29T01:45:01Z.
...
