000 (217317.658.000) 2020-11-28 19:35:07 Job submitted from host: <128.104.100.148:9618?addrs=128.104.100.148-9618+[2607-f388-107c-501-216-3eff-feb2-bc11]-9618&alias=learn.chtc.wisc.edu&noUDP&sock=schedd_2128_35a0>
...
040 (217317.658.000) 2020-11-28 19:45:04 Started transferring input files
	Transferring to host: <128.105.245.102:9618?addrs=128.105.245.102-9618&alias=e302.chtc.wisc.edu&noUDP&sock=slot1_21_629_eff3_43208>
...
040 (217317.658.000) 2020-11-28 19:45:10 Finished transferring input files
...
001 (217317.658.000) 2020-11-28 19:45:11 Job executing on host: <128.105.245.102:9618?addrs=128.105.245.102-9618&alias=e302.chtc.wisc.edu&noUDP&sock=startd_7259_a611>
...
006 (217317.658.000) 2020-11-28 19:45:20 Image size of job updated: 76212
	75  -  MemoryUsage of job (MB)
	76212  -  ResidentSetSize of job (KB)
...
006 (217317.658.000) 2020-11-28 19:46:46 Image size of job updated: 114408
	112  -  MemoryUsage of job (MB)
	114408  -  ResidentSetSize of job (KB)
...
040 (217317.658.000) 2020-11-28 19:46:47 Started transferring output files
...
040 (217317.658.000) 2020-11-28 19:46:47 Finished transferring output files
...
005 (217317.658.000) 2020-11-28 19:46:47 Job terminated.
	(1) Normal termination (return value 0)
		Usr 0 00:01:20, Sys 0 00:00:00  -  Run Remote Usage
		Usr 0 00:00:00, Sys 0 00:00:00  -  Run Local Usage
		Usr 0 00:01:20, Sys 0 00:00:00  -  Total Remote Usage
		Usr 0 00:00:00, Sys 0 00:00:00  -  Total Local Usage
	2259  -  Run Bytes Sent By Job
	3080260  -  Run Bytes Received By Job
	2259  -  Total Bytes Sent By Job
	3080260  -  Total Bytes Received By Job
	Partitionable Resources :    Usage  Request Allocated 
	   Cpus                 :                 1         1 
	   Disk (KB)            :   157008  1048576   1326563 
	   IoHeavy              :                           0 
	   Memory (MB)          :      112     1024      1024 

	Job terminated of its own accord at 2020-11-29T01:46:46Z.
...
