000 (217304.587.000) 2020-11-28 18:02:57 Job submitted from host: <128.104.100.148:9618?addrs=128.104.100.148-9618+[2607-f388-107c-501-216-3eff-feb2-bc11]-9618&alias=learn.chtc.wisc.edu&noUDP&sock=schedd_2128_35a0>
...
040 (217304.587.000) 2020-11-28 18:11:40 Started transferring input files
	Transferring to host: <128.105.244.101:9618?addrs=128.105.244.101-9618&alias=e2005.chtc.wisc.edu&noUDP&sock=slot1_23_36904_f4d6_43359>
...
040 (217304.587.000) 2020-11-28 18:11:41 Finished transferring input files
...
001 (217304.587.000) 2020-11-28 18:11:42 Job executing on host: <128.105.244.101:9618?addrs=128.105.244.101-9618&alias=e2005.chtc.wisc.edu&noUDP&sock=startd_7339_85a4>
...
006 (217304.587.000) 2020-11-28 18:11:51 Image size of job updated: 351632
	344  -  MemoryUsage of job (MB)
	351632  -  ResidentSetSize of job (KB)
...
040 (217304.587.000) 2020-11-28 18:12:14 Started transferring output files
...
040 (217304.587.000) 2020-11-28 18:12:14 Finished transferring output files
...
005 (217304.587.000) 2020-11-28 18:12:14 Job terminated.
	(1) Normal termination (return value 0)
		Usr 0 00:00:31, Sys 0 00:00:01  -  Run Remote Usage
		Usr 0 00:00:00, Sys 0 00:00:00  -  Run Local Usage
		Usr 0 00:00:31, Sys 0 00:00:01  -  Total Remote Usage
		Usr 0 00:00:00, Sys 0 00:00:00  -  Total Local Usage
	2264  -  Run Bytes Sent By Job
	2054270  -  Run Bytes Received By Job
	2264  -  Total Bytes Sent By Job
	2054270  -  Total Bytes Received By Job
	Partitionable Resources :    Usage  Request Allocated 
	   Cpus                 :                 1         1 
	   Disk (KB)            :   152829  1048576   2902502 
	   IoHeavy              :                           0 
	   Memory (MB)          :      344     1024      1024 

	Job terminated of its own accord at 2020-11-29T00:12:14Z.
...
