000 (217317.565.000) 2020-11-28 19:35:07 Job submitted from host: <128.104.100.148:9618?addrs=128.104.100.148-9618+[2607-f388-107c-501-216-3eff-feb2-bc11]-9618&alias=learn.chtc.wisc.edu&noUDP&sock=schedd_2128_35a0>
...
040 (217317.565.000) 2020-11-28 19:44:24 Started transferring input files
	Transferring to host: <128.105.245.110:9618?addrs=128.105.245.110-9618&alias=e310.chtc.wisc.edu&noUDP&sock=slot1_2_17576_a1c4_41740>
...
040 (217317.565.000) 2020-11-28 19:44:26 Finished transferring input files
...
001 (217317.565.000) 2020-11-28 19:44:27 Job executing on host: <128.105.245.110:9618?addrs=128.105.245.110-9618&alias=e310.chtc.wisc.edu&noUDP&sock=startd_7101_461a>
...
006 (217317.565.000) 2020-11-28 19:44:35 Image size of job updated: 205436
	201  -  MemoryUsage of job (MB)
	205436  -  ResidentSetSize of job (KB)
...
040 (217317.565.000) 2020-11-28 19:45:45 Started transferring output files
...
040 (217317.565.000) 2020-11-28 19:45:45 Finished transferring output files
...
005 (217317.565.000) 2020-11-28 19:45:45 Job terminated.
	(1) Normal termination (return value 0)
		Usr 0 00:01:09, Sys 0 00:00:00  -  Run Remote Usage
		Usr 0 00:00:00, Sys 0 00:00:00  -  Run Local Usage
		Usr 0 00:01:09, Sys 0 00:00:00  -  Total Remote Usage
		Usr 0 00:00:00, Sys 0 00:00:00  -  Total Local Usage
	2259  -  Run Bytes Sent By Job
	2509099  -  Run Bytes Received By Job
	2259  -  Total Bytes Sent By Job
	2509099  -  Total Bytes Received By Job
	Partitionable Resources :    Usage  Request Allocated 
	   Cpus                 :                 1         1 
	   Disk (KB)            :   153948  1048576   1330979 
	   IoHeavy              :                           0 
	   Memory (MB)          :      201     1024      1024 

	Job terminated of its own accord at 2020-11-29T01:45:44Z.
...
