000 (217317.620.000) 2020-11-28 19:35:07 Job submitted from host: <128.104.100.148:9618?addrs=128.104.100.148-9618+[2607-f388-107c-501-216-3eff-feb2-bc11]-9618&alias=learn.chtc.wisc.edu&noUDP&sock=schedd_2128_35a0>
...
040 (217317.620.000) 2020-11-28 19:44:49 Started transferring input files
	Transferring to host: <128.104.58.202:9618?addrs=128.104.58.202-9618+[2607-f388-1086-0-5287-89ff-feb7-2cc2]-9618&alias=e458.chtc.wisc.edu&noUDP&sock=slot1_24_24415_537a_43891>
...
040 (217317.620.000) 2020-11-28 19:44:54 Finished transferring input files
...
001 (217317.620.000) 2020-11-28 19:44:55 Job executing on host: <128.104.58.202:9618?addrs=128.104.58.202-9618+[2607-f388-1086-0-5287-89ff-feb7-2cc2]-9618&alias=e458.chtc.wisc.edu&noUDP&sock=startd_2012_a4a3>
...
006 (217317.620.000) 2020-11-28 19:45:03 Image size of job updated: 198464
	194  -  MemoryUsage of job (MB)
	198464  -  ResidentSetSize of job (KB)
...
040 (217317.620.000) 2020-11-28 19:45:47 Started transferring output files
...
040 (217317.620.000) 2020-11-28 19:45:47 Finished transferring output files
...
005 (217317.620.000) 2020-11-28 19:45:47 Job terminated.
	(1) Normal termination (return value 0)
		Usr 0 00:00:50, Sys 0 00:00:00  -  Run Remote Usage
		Usr 0 00:00:00, Sys 0 00:00:00  -  Run Local Usage
		Usr 0 00:00:50, Sys 0 00:00:00  -  Total Remote Usage
		Usr 0 00:00:00, Sys 0 00:00:00  -  Total Local Usage
	2531  -  Run Bytes Sent By Job
	1647041  -  Run Bytes Received By Job
	2531  -  Total Bytes Sent By Job
	1647041  -  Total Bytes Received By Job
	Partitionable Resources :    Usage  Request Allocated 
	   Cpus                 :                 1         1 
	   Disk (KB)            :   149816  1048576   1324085 
	   IoHeavy              :                           0 
	   Memory (MB)          :      194     1024      1024 

	Job terminated of its own accord at 2020-11-29T01:45:47Z.
...
