000 (217317.617.000) 2020-11-28 19:35:07 Job submitted from host: <128.104.100.148:9618?addrs=128.104.100.148-9618+[2607-f388-107c-501-216-3eff-feb2-bc11]-9618&alias=learn.chtc.wisc.edu&noUDP&sock=schedd_2128_35a0>
...
040 (217317.617.000) 2020-11-28 19:44:48 Started transferring input files
	Transferring to host: <128.104.58.172:9618?addrs=128.104.58.172-9618+[2607-f388-1086-0-16fe-b5ff-fec6-7984]-9618&alias=e1026.chtc.wisc.edu&noUDP&sock=slot1_34_49140_5347_43536>
...
040 (217317.617.000) 2020-11-28 19:44:50 Finished transferring input files
...
001 (217317.617.000) 2020-11-28 19:44:51 Job executing on host: <128.104.58.172:9618?addrs=128.104.58.172-9618+[2607-f388-1086-0-16fe-b5ff-fec6-7984]-9618&alias=e1026.chtc.wisc.edu&noUDP&sock=startd_5414_21d5>
...
006 (217317.617.000) 2020-11-28 19:44:59 Image size of job updated: 206924
	203  -  MemoryUsage of job (MB)
	206924  -  ResidentSetSize of job (KB)
...
040 (217317.617.000) 2020-11-28 19:46:04 Started transferring output files
...
040 (217317.617.000) 2020-11-28 19:46:04 Finished transferring output files
...
005 (217317.617.000) 2020-11-28 19:46:04 Job terminated.
	(1) Normal termination (return value 0)
		Usr 0 00:01:10, Sys 0 00:00:02  -  Run Remote Usage
		Usr 0 00:00:00, Sys 0 00:00:00  -  Run Local Usage
		Usr 0 00:01:10, Sys 0 00:00:02  -  Total Remote Usage
		Usr 0 00:00:00, Sys 0 00:00:00  -  Total Local Usage
	2219  -  Run Bytes Sent By Job
	2725791  -  Run Bytes Received By Job
	2219  -  Total Bytes Sent By Job
	2725791  -  Total Bytes Received By Job
	Partitionable Resources :    Usage  Request Allocated 
	   Cpus                 :                 1         1 
	   Disk (KB)            :   155735  1048576   1518662 
	   IoHeavy              :                           0 
	   Memory (MB)          :      203     1024      1024 

	Job terminated of its own accord at 2020-11-29T01:46:04Z.
...
