000 (217304.506.000) 2020-11-28 18:02:57 Job submitted from host: <128.104.100.148:9618?addrs=128.104.100.148-9618+[2607-f388-107c-501-216-3eff-feb2-bc11]-9618&alias=learn.chtc.wisc.edu&noUDP&sock=schedd_2128_35a0>
...
040 (217304.506.000) 2020-11-28 18:10:59 Started transferring input files
	Transferring to host: <128.105.245.45:9618?addrs=128.105.245.45-9618&alias=e3245.chtc.wisc.edu&noUDP&sock=slot1_5_23459_bcd3_38411>
...
040 (217304.506.000) 2020-11-28 18:11:02 Finished transferring input files
...
001 (217304.506.000) 2020-11-28 18:11:03 Job executing on host: <128.105.245.45:9618?addrs=128.105.245.45-9618&alias=e3245.chtc.wisc.edu&noUDP&sock=startd_4298_a623>
...
006 (217304.506.000) 2020-11-28 18:11:11 Image size of job updated: 214328
	210  -  MemoryUsage of job (MB)
	214328  -  ResidentSetSize of job (KB)
...
040 (217304.506.000) 2020-11-28 18:12:19 Started transferring output files
...
040 (217304.506.000) 2020-11-28 18:12:19 Finished transferring output files
...
005 (217304.506.000) 2020-11-28 18:12:19 Job terminated.
	(1) Normal termination (return value 0)
		Usr 0 00:01:13, Sys 0 00:00:00  -  Run Remote Usage
		Usr 0 00:00:00, Sys 0 00:00:00  -  Run Local Usage
		Usr 0 00:01:13, Sys 0 00:00:00  -  Total Remote Usage
		Usr 0 00:00:00, Sys 0 00:00:00  -  Total Local Usage
	2223  -  Run Bytes Sent By Job
	3096412  -  Run Bytes Received By Job
	2223  -  Total Bytes Sent By Job
	3096412  -  Total Bytes Received By Job
	Partitionable Resources :     Usage  Request Allocated 
	   Cpus                 :      0.85        1         1 
	   Disk (KB)            : 158651     1048576   1701732 
	   IoHeavy              :                            0 
	   Memory (MB)          :    210        1024      1024 

	Job terminated of its own accord at 2020-11-29T00:12:19Z.
...
