000 (217304.510.000) 2020-11-28 18:02:57 Job submitted from host: <128.104.100.148:9618?addrs=128.104.100.148-9618+[2607-f388-107c-501-216-3eff-feb2-bc11]-9618&alias=learn.chtc.wisc.edu&noUDP&sock=schedd_2128_35a0>
...
040 (217304.510.000) 2020-11-28 18:11:00 Started transferring input files
	Transferring to host: <128.104.101.136:9618?addrs=128.104.101.136-9618+[2607-f388-107c-501-4603-a7ff-fe29-525b]-9618&alias=e136.chtc.wisc.edu&noUDP&sock=slot1_18_17244_b536_52388>
...
040 (217304.510.000) 2020-11-28 18:11:05 Finished transferring input files
...
001 (217304.510.000) 2020-11-28 18:11:06 Job executing on host: <128.104.101.136:9618?addrs=128.104.101.136-9618+[2607-f388-107c-501-4603-a7ff-fe29-525b]-9618&alias=e136.chtc.wisc.edu&noUDP&sock=startd_2155_baae>
...
006 (217304.510.000) 2020-11-28 18:11:15 Image size of job updated: 216304
	212  -  MemoryUsage of job (MB)
	216304  -  ResidentSetSize of job (KB)
...
040 (217304.510.000) 2020-11-28 18:12:28 Started transferring output files
...
040 (217304.510.000) 2020-11-28 18:12:28 Finished transferring output files
...
005 (217304.510.000) 2020-11-28 18:12:28 Job terminated.
	(1) Normal termination (return value 0)
		Usr 0 00:01:18, Sys 0 00:00:01  -  Run Remote Usage
		Usr 0 00:00:00, Sys 0 00:00:00  -  Run Local Usage
		Usr 0 00:01:18, Sys 0 00:00:01  -  Total Remote Usage
		Usr 0 00:00:00, Sys 0 00:00:00  -  Total Local Usage
	2232  -  Run Bytes Sent By Job
	2268374  -  Run Bytes Received By Job
	2232  -  Total Bytes Sent By Job
	2268374  -  Total Bytes Received By Job
	Partitionable Resources :    Usage  Request Allocated 
	   Cpus                 :                 1         1 
	   Disk (KB)            :   155086  1048576   3400640 
	   IoHeavy              :                           0 
	   Memory (MB)          :      212     1024      1024 

	Job terminated of its own accord at 2020-11-29T00:12:28Z.
...
