000 (217304.145.000) 2020-11-28 18:02:57 Job submitted from host: <128.104.100.148:9618?addrs=128.104.100.148-9618+[2607-f388-107c-501-216-3eff-feb2-bc11]-9618&alias=learn.chtc.wisc.edu&noUDP&sock=schedd_2128_35a0>
...
040 (217304.145.000) 2020-11-28 18:06:45 Started transferring input files
	Transferring to host: <128.105.245.112:9618?addrs=128.105.245.112-9618&alias=e312.chtc.wisc.edu&noUDP&sock=slot1_28_27247_b9ed_39973>
...
040 (217304.145.000) 2020-11-28 18:06:49 Finished transferring input files
...
001 (217304.145.000) 2020-11-28 18:06:50 Job executing on host: <128.105.245.112:9618?addrs=128.105.245.112-9618&alias=e312.chtc.wisc.edu&noUDP&sock=startd_7171_49bb>
...
006 (217304.145.000) 2020-11-28 18:07:00 Image size of job updated: 109324
	107  -  MemoryUsage of job (MB)
	109324  -  ResidentSetSize of job (KB)
...
006 (217304.145.000) 2020-11-28 18:08:07 Image size of job updated: 113804
	112  -  MemoryUsage of job (MB)
	113804  -  ResidentSetSize of job (KB)
...
040 (217304.145.000) 2020-11-28 18:08:08 Started transferring output files
...
040 (217304.145.000) 2020-11-28 18:08:08 Finished transferring output files
...
005 (217304.145.000) 2020-11-28 18:08:08 Job terminated.
	(1) Normal termination (return value 0)
		Usr 0 00:01:07, Sys 0 00:00:00  -  Run Remote Usage
		Usr 0 00:00:00, Sys 0 00:00:00  -  Run Local Usage
		Usr 0 00:01:07, Sys 0 00:00:00  -  Total Remote Usage
		Usr 0 00:00:00, Sys 0 00:00:00  -  Total Local Usage
	2219  -  Run Bytes Sent By Job
	2767927  -  Run Bytes Received By Job
	2219  -  Total Bytes Sent By Job
	2767927  -  Total Bytes Received By Job
	Partitionable Resources :    Usage  Request Allocated 
	   Cpus                 :                 1         1 
	   Disk (KB)            :   156453  1048576   1344032 
	   IoHeavy              :                           0 
	   Memory (MB)          :      112     1024      1024 

	Job terminated of its own accord at 2020-11-29T00:08:07Z.
...
