000 (217300.003.000) 2020-11-28 17:19:41 Job submitted from host: <128.104.100.148:9618?addrs=128.104.100.148-9618+[2607-f388-107c-501-216-3eff-feb2-bc11]-9618&alias=learn.chtc.wisc.edu&noUDP&sock=schedd_2128_35a0>
...
040 (217300.003.000) 2020-11-28 17:21:30 Started transferring input files
	Transferring to host: <128.104.101.126:9618?addrs=128.104.101.126-9618+[2607-f388-107c-501-4603-a7ff-fe29-9a3d]-9618&alias=e126.chtc.wisc.edu&noUDP&sock=slot1_4_30713_d63a_51053>
...
040 (217300.003.000) 2020-11-28 17:21:30 Finished transferring input files
...
001 (217300.003.000) 2020-11-28 17:21:31 Job executing on host: <128.104.101.126:9618?addrs=128.104.101.126-9618+[2607-f388-107c-501-4603-a7ff-fe29-9a3d]-9618&alias=e126.chtc.wisc.edu&noUDP&sock=startd_1641_2b00>
...
006 (217300.003.000) 2020-11-28 17:21:31 Image size of job updated: 12436
	13  -  MemoryUsage of job (MB)
	12436  -  ResidentSetSize of job (KB)
...
040 (217300.003.000) 2020-11-28 17:21:31 Started transferring output files
...
040 (217300.003.000) 2020-11-28 17:21:31 Finished transferring output files
...
005 (217300.003.000) 2020-11-28 17:21:31 Job terminated.
	(1) Normal termination (return value 127)
		Usr 0 00:00:00, Sys 0 00:00:00  -  Run Remote Usage
		Usr 0 00:00:00, Sys 0 00:00:00  -  Run Local Usage
		Usr 0 00:00:00, Sys 0 00:00:00  -  Total Remote Usage
		Usr 0 00:00:00, Sys 0 00:00:00  -  Total Local Usage
	480  -  Run Bytes Sent By Job
	2419899  -  Run Bytes Received By Job
	480  -  Total Bytes Sent By Job
	2419899  -  Total Bytes Received By Job
	Partitionable Resources :    Usage  Request Allocated 
	   Cpus                 :                 1         1 
	   Disk (KB)            :    14238  1048576   3405086 
	   IoHeavy              :                           0 
	   Memory (MB)          :       13     1024      1024 

	Job terminated of its own accord at 2020-11-28T23:21:31Z.
...
