000 (217317.295.000) 2020-11-28 19:35:07 Job submitted from host: <128.104.100.148:9618?addrs=128.104.100.148-9618+[2607-f388-107c-501-216-3eff-feb2-bc11]-9618&alias=learn.chtc.wisc.edu&noUDP&sock=schedd_2128_35a0>
...
040 (217317.295.000) 2020-11-28 19:41:33 Started transferring input files
	Transferring to host: <128.105.245.102:9618?addrs=128.105.245.102-9618&alias=e302.chtc.wisc.edu&noUDP&sock=slot1_19_629_eff3_43184>
...
040 (217317.295.000) 2020-11-28 19:41:42 Finished transferring input files
...
001 (217317.295.000) 2020-11-28 19:41:43 Job executing on host: <128.105.245.102:9618?addrs=128.105.245.102-9618&alias=e302.chtc.wisc.edu&noUDP&sock=startd_7259_a611>
...
006 (217317.295.000) 2020-11-28 19:41:52 Image size of job updated: 42952
	42  -  MemoryUsage of job (MB)
	42952  -  ResidentSetSize of job (KB)
...
006 (217317.295.000) 2020-11-28 19:43:19 Image size of job updated: 113328
	111  -  MemoryUsage of job (MB)
	113328  -  ResidentSetSize of job (KB)
...
040 (217317.295.000) 2020-11-28 19:43:19 Started transferring output files
...
040 (217317.295.000) 2020-11-28 19:43:19 Finished transferring output files
...
005 (217317.295.000) 2020-11-28 19:43:19 Job terminated.
	(1) Normal termination (return value 0)
		Usr 0 00:01:07, Sys 0 00:00:00  -  Run Remote Usage
		Usr 0 00:00:00, Sys 0 00:00:00  -  Run Local Usage
		Usr 0 00:01:07, Sys 0 00:00:00  -  Total Remote Usage
		Usr 0 00:00:00, Sys 0 00:00:00  -  Total Local Usage
	2246  -  Run Bytes Sent By Job
	2435008  -  Run Bytes Received By Job
	2246  -  Total Bytes Sent By Job
	2435008  -  Total Bytes Received By Job
	Partitionable Resources :     Usage  Request Allocated 
	   Cpus                 :      0.86        1         1 
	   Disk (KB)            : 154618     1048576   1326563 
	   IoHeavy              :                            0 
	   Memory (MB)          :    111        1024      1024 

	Job terminated of its own accord at 2020-11-29T01:43:19Z.
...
