000 (217317.820.000) 2020-11-28 19:35:07 Job submitted from host: <128.104.100.148:9618?addrs=128.104.100.148-9618+[2607-f388-107c-501-216-3eff-feb2-bc11]-9618&alias=learn.chtc.wisc.edu&noUDP&sock=schedd_2128_35a0>
...
040 (217317.820.000) 2020-11-28 19:46:15 Started transferring input files
	Transferring to host: <128.105.245.135:9618?addrs=128.105.245.135-9618&alias=e335.chtc.wisc.edu&noUDP&sock=slot1_14_16240_4c8d_44326>
...
040 (217317.820.000) 2020-11-28 19:46:18 Finished transferring input files
...
001 (217317.820.000) 2020-11-28 19:46:19 Job executing on host: <128.105.245.135:9618?addrs=128.105.245.135-9618&alias=e335.chtc.wisc.edu&noUDP&sock=startd_2604_b4b4>
...
006 (217317.820.000) 2020-11-28 19:46:27 Image size of job updated: 216216
	212  -  MemoryUsage of job (MB)
	216216  -  ResidentSetSize of job (KB)
...
040 (217317.820.000) 2020-11-28 19:47:17 Started transferring output files
...
040 (217317.820.000) 2020-11-28 19:47:17 Finished transferring output files
...
005 (217317.820.000) 2020-11-28 19:47:17 Job terminated.
	(1) Normal termination (return value 0)
		Usr 0 00:00:57, Sys 0 00:00:00  -  Run Remote Usage
		Usr 0 00:00:00, Sys 0 00:00:00  -  Run Local Usage
		Usr 0 00:00:57, Sys 0 00:00:00  -  Total Remote Usage
		Usr 0 00:00:00, Sys 0 00:00:00  -  Total Local Usage
	2300  -  Run Bytes Sent By Job
	2442794  -  Run Bytes Received By Job
	2300  -  Total Bytes Sent By Job
	2442794  -  Total Bytes Received By Job
	Partitionable Resources :     Usage  Request Allocated 
	   Cpus                 :      1.00        1         1 
	   Disk (KB)            : 153902     1048576   1338706 
	   IoHeavy              :                            0 
	   Memory (MB)          :    212        1024      1024 

	Job terminated of its own accord at 2020-11-29T01:47:17Z.
...
