000 (217317.345.000) 2020-11-28 19:35:07 Job submitted from host: <128.104.100.148:9618?addrs=128.104.100.148-9618+[2607-f388-107c-501-216-3eff-feb2-bc11]-9618&alias=learn.chtc.wisc.edu&noUDP&sock=schedd_2128_35a0>
...
040 (217317.345.000) 2020-11-28 19:42:10 Started transferring input files
	Transferring to host: <128.104.101.127:9618?addrs=128.104.101.127-9618+[2607-f388-107c-501-4603-a7ff-fe29-9f83]-9618&alias=e127.chtc.wisc.edu&noUDP&sock=slot1_28_9415_7818_52582>
...
040 (217317.345.000) 2020-11-28 19:42:15 Finished transferring input files
...
001 (217317.345.000) 2020-11-28 19:42:16 Job executing on host: <128.104.101.127:9618?addrs=128.104.101.127-9618+[2607-f388-107c-501-4603-a7ff-fe29-9f83]-9618&alias=e127.chtc.wisc.edu&noUDP&sock=startd_1819_42dc>
...
006 (217317.345.000) 2020-11-28 19:42:25 Image size of job updated: 210988
	207  -  MemoryUsage of job (MB)
	210988  -  ResidentSetSize of job (KB)
...
040 (217317.345.000) 2020-11-28 19:43:32 Started transferring output files
...
040 (217317.345.000) 2020-11-28 19:43:32 Finished transferring output files
...
005 (217317.345.000) 2020-11-28 19:43:32 Job terminated.
	(1) Normal termination (return value 0)
		Usr 0 00:01:12, Sys 0 00:00:01  -  Run Remote Usage
		Usr 0 00:00:00, Sys 0 00:00:00  -  Run Local Usage
		Usr 0 00:01:12, Sys 0 00:00:01  -  Total Remote Usage
		Usr 0 00:00:00, Sys 0 00:00:00  -  Total Local Usage
	2281  -  Run Bytes Sent By Job
	2977900  -  Run Bytes Received By Job
	2281  -  Total Bytes Sent By Job
	2977900  -  Total Bytes Received By Job
	Partitionable Resources :     Usage  Request Allocated 
	   Cpus                 :      0.97        1         1 
	   Disk (KB)            : 156196     1048576   3399422 
	   IoHeavy              :                            0 
	   Memory (MB)          :    207        1024      1024 

	Job terminated of its own accord at 2020-11-29T01:43:32Z.
...
