000 (217317.696.000) 2020-11-28 19:35:07 Job submitted from host: <128.104.100.148:9618?addrs=128.104.100.148-9618+[2607-f388-107c-501-216-3eff-feb2-bc11]-9618&alias=learn.chtc.wisc.edu&noUDP&sock=schedd_2128_35a0>
...
040 (217317.696.000) 2020-11-28 19:45:17 Started transferring input files
	Transferring to host: <128.104.58.180:9618?addrs=128.104.58.180-9618+[2607-f388-1086-0-16fe-b5ff-fec6-779e]-9618&alias=e1036.chtc.wisc.edu&noUDP&sock=slot1_48_36837_bfb3_41549>
...
040 (217317.696.000) 2020-11-28 19:45:20 Finished transferring input files
...
001 (217317.696.000) 2020-11-28 19:45:22 Job executing on host: <128.104.58.180:9618?addrs=128.104.58.180-9618+[2607-f388-1086-0-16fe-b5ff-fec6-779e]-9618&alias=e1036.chtc.wisc.edu&noUDP&sock=startd_5320_a7ee>
...
006 (217317.696.000) 2020-11-28 19:45:30 Image size of job updated: 198896
	195  -  MemoryUsage of job (MB)
	198896  -  ResidentSetSize of job (KB)
...
040 (217317.696.000) 2020-11-28 19:46:38 Started transferring output files
...
040 (217317.696.000) 2020-11-28 19:46:38 Finished transferring output files
...
005 (217317.696.000) 2020-11-28 19:46:38 Job terminated.
	(1) Normal termination (return value 0)
		Usr 0 00:01:11, Sys 0 00:00:01  -  Run Remote Usage
		Usr 0 00:00:00, Sys 0 00:00:00  -  Run Local Usage
		Usr 0 00:01:11, Sys 0 00:00:01  -  Total Remote Usage
		Usr 0 00:00:00, Sys 0 00:00:00  -  Total Local Usage
	2227  -  Run Bytes Sent By Job
	2646276  -  Run Bytes Received By Job
	2227  -  Total Bytes Sent By Job
	2646276  -  Total Bytes Received By Job
	Partitionable Resources :    Usage  Request Allocated 
	   Cpus                 :                 1         1 
	   Disk (KB)            :   154825  1048576   1335602 
	   IoHeavy              :                           0 
	   Memory (MB)          :      195     1024      1024 

	Job terminated of its own accord at 2020-11-29T01:46:38Z.
...
