000 (217304.056.000) 2020-11-28 18:02:57 Job submitted from host: <128.104.100.148:9618?addrs=128.104.100.148-9618+[2607-f388-107c-501-216-3eff-feb2-bc11]-9618&alias=learn.chtc.wisc.edu&noUDP&sock=schedd_2128_35a0>
...
040 (217304.056.000) 2020-11-28 18:05:26 Started transferring input files
	Transferring to host: <128.104.58.83:9618?addrs=128.104.58.83-9618+[2607-f388-1086-0-a6ba-dbff-fe38-e833]-9618&alias=e1073.chtc.wisc.edu&noUDP&sock=slot1_8_18411_f706_40631>
...
040 (217304.056.000) 2020-11-28 18:05:27 Finished transferring input files
...
001 (217304.056.000) 2020-11-28 18:05:28 Job executing on host: <128.104.58.83:9618?addrs=128.104.58.83-9618+[2607-f388-1086-0-a6ba-dbff-fe38-e833]-9618&alias=e1073.chtc.wisc.edu&noUDP&sock=startd_4582_7309>
...
006 (217304.056.000) 2020-11-28 18:05:37 Image size of job updated: 219908
	215  -  MemoryUsage of job (MB)
	219908  -  ResidentSetSize of job (KB)
...
040 (217304.056.000) 2020-11-28 18:06:22 Started transferring output files
...
040 (217304.056.000) 2020-11-28 18:06:22 Finished transferring output files
...
005 (217304.056.000) 2020-11-28 18:06:22 Job terminated.
	(1) Normal termination (return value 0)
		Usr 0 00:00:52, Sys 0 00:00:00  -  Run Remote Usage
		Usr 0 00:00:00, Sys 0 00:00:00  -  Run Local Usage
		Usr 0 00:00:52, Sys 0 00:00:00  -  Total Remote Usage
		Usr 0 00:00:00, Sys 0 00:00:00  -  Total Local Usage
	2263  -  Run Bytes Sent By Job
	2584786  -  Run Bytes Received By Job
	2263  -  Total Bytes Sent By Job
	2584786  -  Total Bytes Received By Job
	Partitionable Resources :    Usage  Request Allocated 
	   Cpus                 :                 1         1 
	   Disk (KB)            :   155869  1048576   1217433 
	   IoHeavy              :                           0 
	   Memory (MB)          :      215     1024      1024 

	Job terminated of its own accord at 2020-11-29T00:06:22Z.
...
