000 (217304.578.000) 2020-11-28 18:02:57 Job submitted from host: <128.104.100.148:9618?addrs=128.104.100.148-9618+[2607-f388-107c-501-216-3eff-feb2-bc11]-9618&alias=learn.chtc.wisc.edu&noUDP&sock=schedd_2128_35a0>
...
040 (217304.578.000) 2020-11-28 18:11:37 Started transferring input files
	Transferring to host: <128.105.245.160:9618?addrs=128.105.245.160-9618&alias=e2360.chtc.wisc.edu&noUDP&sock=slot1_31_36113_a016_43816>
...
040 (217304.578.000) 2020-11-28 18:11:39 Finished transferring input files
...
001 (217304.578.000) 2020-11-28 18:11:40 Job executing on host: <128.105.245.160:9618?addrs=128.105.245.160-9618&alias=e2360.chtc.wisc.edu&noUDP&sock=startd_2541_7e3d>
...
006 (217304.578.000) 2020-11-28 18:11:48 Image size of job updated: 200236
	196  -  MemoryUsage of job (MB)
	200236  -  ResidentSetSize of job (KB)
...
040 (217304.578.000) 2020-11-28 18:12:49 Started transferring output files
...
040 (217304.578.000) 2020-11-28 18:12:49 Finished transferring output files
...
005 (217304.578.000) 2020-11-28 18:12:49 Job terminated.
	(1) Normal termination (return value 0)
		Usr 0 00:01:01, Sys 0 00:00:00  -  Run Remote Usage
		Usr 0 00:00:00, Sys 0 00:00:00  -  Run Local Usage
		Usr 0 00:01:01, Sys 0 00:00:00  -  Total Remote Usage
		Usr 0 00:00:00, Sys 0 00:00:00  -  Total Local Usage
	2320  -  Run Bytes Sent By Job
	1975714  -  Run Bytes Received By Job
	2320  -  Total Bytes Sent By Job
	1975714  -  Total Bytes Received By Job
	Partitionable Resources :    Usage  Request Allocated 
	   Cpus                 :                 1         1 
	   Disk (KB)            :   151490  1048576   1338334 
	   IoHeavy              :                           0 
	   Memory (MB)          :      196     1024      1024 

	Job terminated of its own accord at 2020-11-29T00:12:49Z.
...
