000 (217304.511.000) 2020-11-28 18:02:57 Job submitted from host: <128.104.100.148:9618?addrs=128.104.100.148-9618+[2607-f388-107c-501-216-3eff-feb2-bc11]-9618&alias=learn.chtc.wisc.edu&noUDP&sock=schedd_2128_35a0>
...
040 (217304.511.000) 2020-11-28 18:11:00 Started transferring input files
	Transferring to host: <128.105.245.76:9618?addrs=128.105.245.76-9618&alias=e276.chtc.wisc.edu&noUDP&sock=slot1_13_21484_2be3_44859>
...
040 (217304.511.000) 2020-11-28 18:11:03 Finished transferring input files
...
001 (217304.511.000) 2020-11-28 18:11:04 Job executing on host: <128.105.245.76:9618?addrs=128.105.245.76-9618&alias=e276.chtc.wisc.edu&noUDP&sock=startd_4526_09bb>
...
006 (217304.511.000) 2020-11-28 18:11:13 Image size of job updated: 316980
	310  -  MemoryUsage of job (MB)
	316980  -  ResidentSetSize of job (KB)
...
040 (217304.511.000) 2020-11-28 18:12:35 Started transferring output files
...
040 (217304.511.000) 2020-11-28 18:12:35 Finished transferring output files
...
005 (217304.511.000) 2020-11-28 18:12:35 Job terminated.
	(1) Normal termination (return value 0)
		Usr 0 00:01:25, Sys 0 00:00:01  -  Run Remote Usage
		Usr 0 00:00:00, Sys 0 00:00:00  -  Run Local Usage
		Usr 0 00:01:25, Sys 0 00:00:01  -  Total Remote Usage
		Usr 0 00:00:00, Sys 0 00:00:00  -  Total Local Usage
	2185  -  Run Bytes Sent By Job
	2884195  -  Run Bytes Received By Job
	2185  -  Total Bytes Sent By Job
	2884195  -  Total Bytes Received By Job
	Partitionable Resources :    Usage  Request Allocated 
	   Cpus                 :                 1         1 
	   Disk (KB)            :   157444  1048576   1335392 
	   IoHeavy              :                           0 
	   Memory (MB)          :      310     1024      1024 

	Job terminated of its own accord at 2020-11-29T00:12:35Z.
...
