000 (217304.421.000) 2020-11-28 18:02:57 Job submitted from host: <128.104.100.148:9618?addrs=128.104.100.148-9618+[2607-f388-107c-501-216-3eff-feb2-bc11]-9618&alias=learn.chtc.wisc.edu&noUDP&sock=schedd_2128_35a0>
...
040 (217304.421.000) 2020-11-28 18:10:11 Started transferring input files
	Transferring to host: <128.104.58.188:9618?addrs=128.104.58.188-9618+[2607-f388-1086-0-16fe-b5ff-fec6-6fc7]-9618&alias=e1043.chtc.wisc.edu&noUDP&sock=slot1_38_37153_6640_41629>
...
040 (217304.421.000) 2020-11-28 18:10:17 Finished transferring input files
...
001 (217304.421.000) 2020-11-28 18:10:18 Job executing on host: <128.104.58.188:9618?addrs=128.104.58.188-9618+[2607-f388-1086-0-16fe-b5ff-fec6-6fc7]-9618&alias=e1043.chtc.wisc.edu&noUDP&sock=startd_5231_9c00>
...
006 (217304.421.000) 2020-11-28 18:10:26 Image size of job updated: 226672
	222  -  MemoryUsage of job (MB)
	226672  -  ResidentSetSize of job (KB)
...
040 (217304.421.000) 2020-11-28 18:11:44 Started transferring output files
...
040 (217304.421.000) 2020-11-28 18:11:44 Finished transferring output files
...
005 (217304.421.000) 2020-11-28 18:11:44 Job terminated.
	(1) Normal termination (return value 0)
		Usr 0 00:01:21, Sys 0 00:00:02  -  Run Remote Usage
		Usr 0 00:00:00, Sys 0 00:00:00  -  Run Local Usage
		Usr 0 00:01:21, Sys 0 00:00:02  -  Total Remote Usage
		Usr 0 00:00:00, Sys 0 00:00:00  -  Total Local Usage
	2243  -  Run Bytes Sent By Job
	2579117  -  Run Bytes Received By Job
	2243  -  Total Bytes Sent By Job
	2579117  -  Total Bytes Received By Job
	Partitionable Resources :    Usage  Request Allocated 
	   Cpus                 :                 1         1 
	   Disk (KB)            :   156186  1048576   1332408 
	   IoHeavy              :                           0 
	   Memory (MB)          :      222     1024      1024 

	Job terminated of its own accord at 2020-11-29T00:11:44Z.
...
