000 (217317.677.000) 2020-11-28 19:35:07 Job submitted from host: <128.104.100.148:9618?addrs=128.104.100.148-9618+[2607-f388-107c-501-216-3eff-feb2-bc11]-9618&alias=learn.chtc.wisc.edu&noUDP&sock=schedd_2128_35a0>
...
040 (217317.677.000) 2020-11-28 19:45:13 Started transferring input files
	Transferring to host: <128.105.245.129:9618?addrs=128.105.245.129-9618&alias=e329.chtc.wisc.edu&noUDP&sock=slot1_7_11442_ac8a_44493>
...
040 (217317.677.000) 2020-11-28 19:45:18 Finished transferring input files
...
001 (217317.677.000) 2020-11-28 19:45:19 Job executing on host: <128.105.245.129:9618?addrs=128.105.245.129-9618&alias=e329.chtc.wisc.edu&noUDP&sock=startd_2577_2fa6>
...
006 (217317.677.000) 2020-11-28 19:45:27 Image size of job updated: 65496
	64  -  MemoryUsage of job (MB)
	65496  -  ResidentSetSize of job (KB)
...
006 (217317.677.000) 2020-11-28 19:46:38 Image size of job updated: 111608
	109  -  MemoryUsage of job (MB)
	111608  -  ResidentSetSize of job (KB)
...
040 (217317.677.000) 2020-11-28 19:46:38 Started transferring output files
...
040 (217317.677.000) 2020-11-28 19:46:38 Finished transferring output files
...
005 (217317.677.000) 2020-11-28 19:46:38 Job terminated.
	(1) Normal termination (return value 0)
		Usr 0 00:01:06, Sys 0 00:00:00  -  Run Remote Usage
		Usr 0 00:00:00, Sys 0 00:00:00  -  Run Local Usage
		Usr 0 00:01:06, Sys 0 00:00:00  -  Total Remote Usage
		Usr 0 00:00:00, Sys 0 00:00:00  -  Total Local Usage
	2304  -  Run Bytes Sent By Job
	2577034  -  Run Bytes Received By Job
	2304  -  Total Bytes Sent By Job
	2577034  -  Total Bytes Received By Job
	Partitionable Resources :    Usage  Request Allocated 
	   Cpus                 :                 1         1 
	   Disk (KB)            :   153945  1048576   1333390 
	   IoHeavy              :                           0 
	   Memory (MB)          :      109     1024      1024 

	Job terminated of its own accord at 2020-11-29T01:46:38Z.
...
