000 (217304.307.000) 2020-11-28 18:02:57 Job submitted from host: <128.104.100.148:9618?addrs=128.104.100.148-9618+[2607-f388-107c-501-216-3eff-feb2-bc11]-9618&alias=learn.chtc.wisc.edu&noUDP&sock=schedd_2128_35a0>
...
040 (217304.307.000) 2020-11-28 18:08:55 Started transferring input files
	Transferring to host: <128.105.244.101:9618?addrs=128.105.244.101-9618&alias=e2005.chtc.wisc.edu&noUDP&sock=slot1_19_36904_f4d6_43284>
...
040 (217304.307.000) 2020-11-28 18:08:57 Finished transferring input files
...
001 (217304.307.000) 2020-11-28 18:08:58 Job executing on host: <128.105.244.101:9618?addrs=128.105.244.101-9618&alias=e2005.chtc.wisc.edu&noUDP&sock=startd_7339_85a4>
...
006 (217304.307.000) 2020-11-28 18:09:07 Image size of job updated: 1048524
	1024  -  MemoryUsage of job (MB)
	1048524  -  ResidentSetSize of job (KB)
...
040 (217304.307.000) 2020-11-28 18:09:41 Started transferring output files
...
040 (217304.307.000) 2020-11-28 18:09:41 Finished transferring output files
...
005 (217304.307.000) 2020-11-28 18:09:41 Job terminated.
	(1) Normal termination (return value 0)
		Usr 0 00:00:42, Sys 0 00:00:01  -  Run Remote Usage
		Usr 0 00:00:00, Sys 0 00:00:00  -  Run Local Usage
		Usr 0 00:00:42, Sys 0 00:00:01  -  Total Remote Usage
		Usr 0 00:00:00, Sys 0 00:00:00  -  Total Local Usage
	2271  -  Run Bytes Sent By Job
	2187120  -  Run Bytes Received By Job
	2271  -  Total Bytes Sent By Job
	2187120  -  Total Bytes Received By Job
	Partitionable Resources :     Usage  Request Allocated 
	   Cpus                 :      1.01        1         1 
	   Disk (KB)            : 153693     1048576   2902502 
	   IoHeavy              :                            0 
	   Memory (MB)          :   1024        1024      1024 

	Job terminated of its own accord at 2020-11-29T00:09:40Z.
...
