000 (217317.472.000) 2020-11-28 19:35:07 Job submitted from host: <128.104.100.148:9618?addrs=128.104.100.148-9618+[2607-f388-107c-501-216-3eff-feb2-bc11]-9618&alias=learn.chtc.wisc.edu&noUDP&sock=schedd_2128_35a0>
...
040 (217317.472.000) 2020-11-28 19:43:22 Started transferring input files
	Transferring to host: <128.104.58.202:9618?addrs=128.104.58.202-9618+[2607-f388-1086-0-5287-89ff-feb7-2cc2]-9618&alias=e458.chtc.wisc.edu&noUDP&sock=slot1_24_24415_537a_43888>
...
040 (217317.472.000) 2020-11-28 19:43:30 Finished transferring input files
...
001 (217317.472.000) 2020-11-28 19:43:31 Job executing on host: <128.104.58.202:9618?addrs=128.104.58.202-9618+[2607-f388-1086-0-5287-89ff-feb7-2cc2]-9618&alias=e458.chtc.wisc.edu&noUDP&sock=startd_2012_a4a3>
...
006 (217317.472.000) 2020-11-28 19:43:40 Image size of job updated: 226460
	222  -  MemoryUsage of job (MB)
	226460  -  ResidentSetSize of job (KB)
...
040 (217317.472.000) 2020-11-28 19:44:38 Started transferring output files
...
040 (217317.472.000) 2020-11-28 19:44:38 Finished transferring output files
...
005 (217317.472.000) 2020-11-28 19:44:38 Job terminated.
	(1) Normal termination (return value 0)
		Usr 0 00:01:05, Sys 0 00:00:00  -  Run Remote Usage
		Usr 0 00:00:00, Sys 0 00:00:00  -  Run Local Usage
		Usr 0 00:01:05, Sys 0 00:00:00  -  Total Remote Usage
		Usr 0 00:00:00, Sys 0 00:00:00  -  Total Local Usage
	2249  -  Run Bytes Sent By Job
	3274080  -  Run Bytes Received By Job
	2249  -  Total Bytes Sent By Job
	3274080  -  Total Bytes Received By Job
	Partitionable Resources :    Usage  Request Allocated 
	   Cpus                 :                 1         1 
	   Disk (KB)            :   158517  1048576   1324085 
	   IoHeavy              :                           0 
	   Memory (MB)          :      222     1024      1024 

	Job terminated of its own accord at 2020-11-29T01:44:38Z.
...
