000 (217317.456.000) 2020-11-28 19:35:07 Job submitted from host: <128.104.100.148:9618?addrs=128.104.100.148-9618+[2607-f388-107c-501-216-3eff-feb2-bc11]-9618&alias=learn.chtc.wisc.edu&noUDP&sock=schedd_2128_35a0>
...
040 (217317.456.000) 2020-11-28 19:43:22 Started transferring input files
	Transferring to host: <128.105.245.220:9618?addrs=128.105.245.220-9618&alias=e420.chtc.wisc.edu&noUDP&sock=slot1_19_2531_1180_41076>
...
040 (217317.456.000) 2020-11-28 19:43:27 Finished transferring input files
...
001 (217317.456.000) 2020-11-28 19:43:28 Job executing on host: <128.105.245.220:9618?addrs=128.105.245.220-9618&alias=e420.chtc.wisc.edu&noUDP&sock=startd_2160_28a8>
...
006 (217317.456.000) 2020-11-28 19:43:39 Image size of job updated: 256192
	251  -  MemoryUsage of job (MB)
	256192  -  ResidentSetSize of job (KB)
...
040 (217317.456.000) 2020-11-28 19:44:25 Started transferring output files
...
040 (217317.456.000) 2020-11-28 19:44:25 Finished transferring output files
...
005 (217317.456.000) 2020-11-28 19:44:25 Job terminated.
	(1) Normal termination (return value 0)
		Usr 0 00:00:48, Sys 0 00:00:00  -  Run Remote Usage
		Usr 0 00:00:00, Sys 0 00:00:00  -  Run Local Usage
		Usr 0 00:00:48, Sys 0 00:00:00  -  Total Remote Usage
		Usr 0 00:00:00, Sys 0 00:00:00  -  Total Local Usage
	2370  -  Run Bytes Sent By Job
	1680313  -  Run Bytes Received By Job
	2370  -  Total Bytes Sent By Job
	1680313  -  Total Bytes Received By Job
	Partitionable Resources :    Usage  Request Allocated 
	   Cpus                 :                 1         1 
	   Disk (KB)            :   151332  1048576   1340135 
	   IoHeavy              :                           0 
	   Memory (MB)          :      251     1024      1024 

	Job terminated of its own accord at 2020-11-29T01:44:24Z.
...
