000 (217317.726.000) 2020-11-28 19:35:07 Job submitted from host: <128.104.100.148:9618?addrs=128.104.100.148-9618+[2607-f388-107c-501-216-3eff-feb2-bc11]-9618&alias=learn.chtc.wisc.edu&noUDP&sock=schedd_2128_35a0>
...
040 (217317.726.000) 2020-11-28 19:45:29 Started transferring input files
	Transferring to host: <128.105.245.233:9618?addrs=128.105.245.233-9618&alias=e2433.chtc.wisc.edu&noUDP&sock=slot1_32_15153_68c1_42895>
...
040 (217317.726.000) 2020-11-28 19:45:31 Finished transferring input files
...
001 (217317.726.000) 2020-11-28 19:45:32 Job executing on host: <128.105.245.233:9618?addrs=128.105.245.233-9618&alias=e2433.chtc.wisc.edu&noUDP&sock=startd_4603_da86>
...
006 (217317.726.000) 2020-11-28 19:45:40 Image size of job updated: 212036
	208  -  MemoryUsage of job (MB)
	212036  -  ResidentSetSize of job (KB)
...
040 (217317.726.000) 2020-11-28 19:46:41 Started transferring output files
...
040 (217317.726.000) 2020-11-28 19:46:41 Finished transferring output files
...
005 (217317.726.000) 2020-11-28 19:46:41 Job terminated.
	(1) Normal termination (return value 0)
		Usr 0 00:01:02, Sys 0 00:00:00  -  Run Remote Usage
		Usr 0 00:00:00, Sys 0 00:00:00  -  Run Local Usage
		Usr 0 00:01:02, Sys 0 00:00:00  -  Total Remote Usage
		Usr 0 00:00:00, Sys 0 00:00:00  -  Total Local Usage
	2192  -  Run Bytes Sent By Job
	2099222  -  Run Bytes Received By Job
	2192  -  Total Bytes Sent By Job
	2099222  -  Total Bytes Received By Job
	Partitionable Resources :     Usage  Request Allocated 
	   Cpus                 :      1.08        1         1 
	   Disk (KB)            : 152773     1048576   1342461 
	   IoHeavy              :                            0 
	   Memory (MB)          :    208        1024      1024 

	Job terminated of its own accord at 2020-11-29T01:46:41Z.
...
