000 (217304.419.000) 2020-11-28 18:02:57 Job submitted from host: <128.104.100.148:9618?addrs=128.104.100.148-9618+[2607-f388-107c-501-216-3eff-feb2-bc11]-9618&alias=learn.chtc.wisc.edu&noUDP&sock=schedd_2128_35a0>
...
040 (217304.419.000) 2020-11-28 18:10:11 Started transferring input files
	Transferring to host: <128.104.101.129:9618?addrs=128.104.101.129-9618+[2607-f388-107c-501-4603-a7ff-fe29-9989]-9618&alias=e129.chtc.wisc.edu&noUDP&sock=slot1_22_7366_c365_51551>
...
040 (217304.419.000) 2020-11-28 18:10:16 Finished transferring input files
...
001 (217304.419.000) 2020-11-28 18:10:17 Job executing on host: <128.104.101.129:9618?addrs=128.104.101.129-9618+[2607-f388-107c-501-4603-a7ff-fe29-9989]-9618&alias=e129.chtc.wisc.edu&noUDP&sock=startd_2181_9025>
...
006 (217304.419.000) 2020-11-28 18:10:26 Image size of job updated: 197244
	193  -  MemoryUsage of job (MB)
	197244  -  ResidentSetSize of job (KB)
...
040 (217304.419.000) 2020-11-28 18:11:26 Started transferring output files
...
040 (217304.419.000) 2020-11-28 18:11:26 Finished transferring output files
...
005 (217304.419.000) 2020-11-28 18:11:26 Job terminated.
	(1) Normal termination (return value 0)
		Usr 0 00:01:04, Sys 0 00:00:00  -  Run Remote Usage
		Usr 0 00:00:00, Sys 0 00:00:00  -  Run Local Usage
		Usr 0 00:01:04, Sys 0 00:00:00  -  Total Remote Usage
		Usr 0 00:00:00, Sys 0 00:00:00  -  Total Local Usage
	2292  -  Run Bytes Sent By Job
	2649027  -  Run Bytes Received By Job
	2292  -  Total Bytes Sent By Job
	2649027  -  Total Bytes Received By Job
	Partitionable Resources :    Usage  Request Allocated 
	   Cpus                 :                 1         1 
	   Disk (KB)            :   154295  1048576   3405532 
	   IoHeavy              :                           0 
	   Memory (MB)          :      193     1024      1024 

	Job terminated of its own accord at 2020-11-29T00:11:26Z.
...
