000 (217304.482.000) 2020-11-28 18:02:57 Job submitted from host: <128.104.100.148:9618?addrs=128.104.100.148-9618+[2607-f388-107c-501-216-3eff-feb2-bc11]-9618&alias=learn.chtc.wisc.edu&noUDP&sock=schedd_2128_35a0>
...
040 (217304.482.000) 2020-11-28 18:10:40 Started transferring input files
	Transferring to host: <128.105.245.38:9618?addrs=128.105.245.38-9618&alias=e3238.chtc.wisc.edu&noUDP&sock=slot1_6_17238_7af6_42375>
...
040 (217304.482.000) 2020-11-28 18:10:42 Finished transferring input files
...
001 (217304.482.000) 2020-11-28 18:10:43 Job executing on host: <128.105.245.38:9618?addrs=128.105.245.38-9618&alias=e3238.chtc.wisc.edu&noUDP&sock=startd_24974_aa4c>
...
006 (217304.482.000) 2020-11-28 18:10:52 Image size of job updated: 219716
	215  -  MemoryUsage of job (MB)
	219716  -  ResidentSetSize of job (KB)
...
040 (217304.482.000) 2020-11-28 18:11:43 Started transferring output files
...
040 (217304.482.000) 2020-11-28 18:11:43 Finished transferring output files
...
005 (217304.482.000) 2020-11-28 18:11:43 Job terminated.
	(1) Normal termination (return value 0)
		Usr 0 00:00:59, Sys 0 00:00:00  -  Run Remote Usage
		Usr 0 00:00:00, Sys 0 00:00:00  -  Run Local Usage
		Usr 0 00:00:59, Sys 0 00:00:00  -  Total Remote Usage
		Usr 0 00:00:00, Sys 0 00:00:00  -  Total Local Usage
	2448  -  Run Bytes Sent By Job
	2390961  -  Run Bytes Received By Job
	2448  -  Total Bytes Sent By Job
	2390961  -  Total Bytes Received By Job
	Partitionable Resources :    Usage  Request Allocated 
	   Cpus                 :                 1         1 
	   Disk (KB)            :   153747  1048576   1156769 
	   IoHeavy              :                           0 
	   Memory (MB)          :      215     1024      1024 

	Job terminated of its own accord at 2020-11-29T00:11:43Z.
...
