000 (217317.227.000) 2020-11-28 19:35:07 Job submitted from host: <128.104.100.148:9618?addrs=128.104.100.148-9618+[2607-f388-107c-501-216-3eff-feb2-bc11]-9618&alias=learn.chtc.wisc.edu&noUDP&sock=schedd_2128_35a0>
...
040 (217317.227.000) 2020-11-28 19:40:43 Started transferring input files
	Transferring to host: <128.105.245.56:9618?addrs=128.105.245.56-9618&alias=e3256.chtc.wisc.edu&noUDP&sock=slot1_5_28068_31ee_39874>
...
040 (217317.227.000) 2020-11-28 19:40:44 Finished transferring input files
...
001 (217317.227.000) 2020-11-28 19:40:45 Job executing on host: <128.105.245.56:9618?addrs=128.105.245.56-9618&alias=e3256.chtc.wisc.edu&noUDP&sock=startd_3020_0c1a>
...
006 (217317.227.000) 2020-11-28 19:40:54 Image size of job updated: 215652
	211  -  MemoryUsage of job (MB)
	215652  -  ResidentSetSize of job (KB)
...
040 (217317.227.000) 2020-11-28 19:41:54 Started transferring output files
...
040 (217317.227.000) 2020-11-28 19:41:54 Finished transferring output files
...
005 (217317.227.000) 2020-11-28 19:41:54 Job terminated.
	(1) Normal termination (return value 0)
		Usr 0 00:01:00, Sys 0 00:00:01  -  Run Remote Usage
		Usr 0 00:00:00, Sys 0 00:00:00  -  Run Local Usage
		Usr 0 00:01:00, Sys 0 00:00:01  -  Total Remote Usage
		Usr 0 00:00:00, Sys 0 00:00:00  -  Total Local Usage
	2262  -  Run Bytes Sent By Job
	3055208  -  Run Bytes Received By Job
	2262  -  Total Bytes Sent By Job
	3055208  -  Total Bytes Received By Job
	Partitionable Resources :     Usage  Request Allocated 
	   Cpus                 :      0.88        1         1 
	   Disk (KB)            : 155071     1048576   1817112 
	   IoHeavy              :                            0 
	   Memory (MB)          :    211        1024      1024 

	Job terminated of its own accord at 2020-11-29T01:41:54Z.
...
