000 (217317.255.000) 2020-11-28 19:35:07 Job submitted from host: <128.104.100.148:9618?addrs=128.104.100.148-9618+[2607-f388-107c-501-216-3eff-feb2-bc11]-9618&alias=learn.chtc.wisc.edu&noUDP&sock=schedd_2128_35a0>
...
040 (217317.255.000) 2020-11-28 19:41:04 Started transferring input files
	Transferring to host: <128.104.58.221:9618?addrs=128.104.58.221-9618+[2607-f388-1086-0-2269-e2ff-febb-f17]-9618&alias=e1086.chtc.wisc.edu&noUDP&sock=slot1_11_22340_4d06_39670>
...
040 (217317.255.000) 2020-11-28 19:41:05 Finished transferring input files
...
001 (217317.255.000) 2020-11-28 19:41:06 Job executing on host: <128.104.58.221:9618?addrs=128.104.58.221-9618+[2607-f388-1086-0-2269-e2ff-febb-f17]-9618&alias=e1086.chtc.wisc.edu&noUDP&sock=startd_4467_91a5>
...
006 (217317.255.000) 2020-11-28 19:41:15 Image size of job updated: 218416
	214  -  MemoryUsage of job (MB)
	218416  -  ResidentSetSize of job (KB)
...
040 (217317.255.000) 2020-11-28 19:42:28 Started transferring output files
...
040 (217317.255.000) 2020-11-28 19:42:28 Finished transferring output files
...
005 (217317.255.000) 2020-11-28 19:42:28 Job terminated.
	(1) Normal termination (return value 0)
		Usr 0 00:01:17, Sys 0 00:00:00  -  Run Remote Usage
		Usr 0 00:00:00, Sys 0 00:00:00  -  Run Local Usage
		Usr 0 00:01:17, Sys 0 00:00:00  -  Total Remote Usage
		Usr 0 00:00:00, Sys 0 00:00:00  -  Total Local Usage
	2215  -  Run Bytes Sent By Job
	3449725  -  Run Bytes Received By Job
	2215  -  Total Bytes Sent By Job
	3449725  -  Total Bytes Received By Job
	Partitionable Resources :     Usage  Request Allocated 
	   Cpus                 :      0.96        1         1 
	   Disk (KB)            : 160266     1048576  11034136 
	   IoHeavy              :                            0 
	   Memory (MB)          :    214        1024      1024 

	Job terminated of its own accord at 2020-11-29T01:42:28Z.
...
