000 (217304.822.000) 2020-11-28 18:02:57 Job submitted from host: <128.104.100.148:9618?addrs=128.104.100.148-9618+[2607-f388-107c-501-216-3eff-feb2-bc11]-9618&alias=learn.chtc.wisc.edu&noUDP&sock=schedd_2128_35a0>
...
040 (217304.822.000) 2020-11-28 18:13:17 Started transferring input files
	Transferring to host: <128.105.245.140:9618?addrs=128.105.245.140-9618&alias=e340.chtc.wisc.edu&noUDP&sock=slot1_16_23528_5ab6_41766>
...
040 (217304.822.000) 2020-11-28 18:13:20 Finished transferring input files
...
001 (217304.822.000) 2020-11-28 18:13:21 Job executing on host: <128.105.245.140:9618?addrs=128.105.245.140-9618&alias=e340.chtc.wisc.edu&noUDP&sock=startd_2903_cb86>
...
006 (217304.822.000) 2020-11-28 18:13:30 Image size of job updated: 205572
	201  -  MemoryUsage of job (MB)
	205572  -  ResidentSetSize of job (KB)
...
040 (217304.822.000) 2020-11-28 18:14:25 Started transferring output files
...
040 (217304.822.000) 2020-11-28 18:14:25 Finished transferring output files
...
005 (217304.822.000) 2020-11-28 18:14:25 Job terminated.
	(1) Normal termination (return value 0)
		Usr 0 00:01:03, Sys 0 00:00:00  -  Run Remote Usage
		Usr 0 00:00:00, Sys 0 00:00:00  -  Run Local Usage
		Usr 0 00:01:03, Sys 0 00:00:00  -  Total Remote Usage
		Usr 0 00:00:00, Sys 0 00:00:00  -  Total Local Usage
	2314  -  Run Bytes Sent By Job
	1911208  -  Run Bytes Received By Job
	2314  -  Total Bytes Sent By Job
	1911208  -  Total Bytes Received By Job
	Partitionable Resources :    Usage  Request Allocated 
	   Cpus                 :                 1         1 
	   Disk (KB)            :   151204  1048576   1338452 
	   IoHeavy              :                           0 
	   Memory (MB)          :      201     1024      1024 

	Job terminated of its own accord at 2020-11-29T00:14:25Z.
...
