000 (217317.249.000) 2020-11-28 19:35:07 Job submitted from host: <128.104.100.148:9618?addrs=128.104.100.148-9618+[2607-f388-107c-501-216-3eff-feb2-bc11]-9618&alias=learn.chtc.wisc.edu&noUDP&sock=schedd_2128_35a0>
...
040 (217317.249.000) 2020-11-28 19:40:58 Started transferring input files
	Transferring to host: <128.105.245.163:9618?addrs=128.105.245.163-9618&alias=e2363.chtc.wisc.edu&noUDP&sock=slot1_17_11351_8e67_17296>
...
040 (217317.249.000) 2020-11-28 19:41:00 Finished transferring input files
...
001 (217317.249.000) 2020-11-28 19:41:01 Job executing on host: <128.105.245.163:9618?addrs=128.105.245.163-9618&alias=e2363.chtc.wisc.edu&noUDP&sock=startd_4511_bfcf>
...
006 (217317.249.000) 2020-11-28 19:41:10 Image size of job updated: 212288
	208  -  MemoryUsage of job (MB)
	212288  -  ResidentSetSize of job (KB)
...
040 (217317.249.000) 2020-11-28 19:42:30 Started transferring output files
...
040 (217317.249.000) 2020-11-28 19:42:30 Finished transferring output files
...
005 (217317.249.000) 2020-11-28 19:42:30 Job terminated.
	(1) Normal termination (return value 0)
		Usr 0 00:01:25, Sys 0 00:00:00  -  Run Remote Usage
		Usr 0 00:00:00, Sys 0 00:00:00  -  Run Local Usage
		Usr 0 00:01:25, Sys 0 00:00:00  -  Total Remote Usage
		Usr 0 00:00:00, Sys 0 00:00:00  -  Total Local Usage
	2267  -  Run Bytes Sent By Job
	3005844  -  Run Bytes Received By Job
	2267  -  Total Bytes Sent By Job
	3005844  -  Total Bytes Received By Job
	Partitionable Resources :    Usage  Request Allocated 
	   Cpus                 :                 1         1 
	   Disk (KB)            :   156970  1048576   1341925 
	   IoHeavy              :                           0 
	   Memory (MB)          :      208     1024      1024 

	Job terminated of its own accord at 2020-11-29T01:42:30Z.
...
