000 (217304.402.000) 2020-11-28 18:02:57 Job submitted from host: <128.104.100.148:9618?addrs=128.104.100.148-9618+[2607-f388-107c-501-216-3eff-feb2-bc11]-9618&alias=learn.chtc.wisc.edu&noUDP&sock=schedd_2128_35a0>
...
040 (217304.402.000) 2020-11-28 18:10:01 Started transferring input files
	Transferring to host: <128.105.245.111:9618?addrs=128.105.245.111-9618&alias=e311.chtc.wisc.edu&noUDP&sock=slot1_9_26862_757d_39850>
...
040 (217304.402.000) 2020-11-28 18:10:03 Finished transferring input files
...
001 (217304.402.000) 2020-11-28 18:10:04 Job executing on host: <128.105.245.111:9618?addrs=128.105.245.111-9618&alias=e311.chtc.wisc.edu&noUDP&sock=startd_7169_ea8b>
...
006 (217304.402.000) 2020-11-28 18:10:12 Image size of job updated: 218636
	214  -  MemoryUsage of job (MB)
	218636  -  ResidentSetSize of job (KB)
...
040 (217304.402.000) 2020-11-28 18:11:23 Started transferring output files
...
040 (217304.402.000) 2020-11-28 18:11:23 Finished transferring output files
...
005 (217304.402.000) 2020-11-28 18:11:23 Job terminated.
	(1) Normal termination (return value 0)
		Usr 0 00:01:15, Sys 0 00:00:00  -  Run Remote Usage
		Usr 0 00:00:00, Sys 0 00:00:00  -  Run Local Usage
		Usr 0 00:01:15, Sys 0 00:00:00  -  Total Remote Usage
		Usr 0 00:00:00, Sys 0 00:00:00  -  Total Local Usage
	2272  -  Run Bytes Sent By Job
	2182953  -  Run Bytes Received By Job
	2272  -  Total Bytes Sent By Job
	2182953  -  Total Bytes Received By Job
	Partitionable Resources :    Usage  Request Allocated 
	   Cpus                 :                 1         1 
	   Disk (KB)            :   153716  1048576   1343061 
	   IoHeavy              :                           0 
	   Memory (MB)          :      214     1024      1024 

	Job terminated of its own accord at 2020-11-29T00:11:23Z.
...
