000 (217304.559.000) 2020-11-28 18:02:57 Job submitted from host: <128.104.100.148:9618?addrs=128.104.100.148-9618+[2607-f388-107c-501-216-3eff-feb2-bc11]-9618&alias=learn.chtc.wisc.edu&noUDP&sock=schedd_2128_35a0>
...
040 (217304.559.000) 2020-11-28 18:11:27 Started transferring input files
	Transferring to host: <128.104.102.21:9618?addrs=128.104.102.21-9618+[2607-f388-107c-501-16fe-b5ff-feca-48c9]-9618&alias=e0150.chtc.wisc.edu&noUDP&sock=slot1_45_8996_3ee7_54479>
...
040 (217304.559.000) 2020-11-28 18:11:33 Finished transferring input files
...
001 (217304.559.000) 2020-11-28 18:11:34 Job executing on host: <128.104.102.21:9618?addrs=128.104.102.21-9618+[2607-f388-107c-501-16fe-b5ff-feca-48c9]-9618&alias=e0150.chtc.wisc.edu&noUDP&sock=startd_6165_4175>
...
006 (217304.559.000) 2020-11-28 18:11:43 Image size of job updated: 203808
	200  -  MemoryUsage of job (MB)
	203808  -  ResidentSetSize of job (KB)
...
040 (217304.559.000) 2020-11-28 18:12:56 Started transferring output files
...
040 (217304.559.000) 2020-11-28 18:12:56 Finished transferring output files
...
005 (217304.559.000) 2020-11-28 18:12:56 Job terminated.
	(1) Normal termination (return value 0)
		Usr 0 00:01:20, Sys 0 00:00:01  -  Run Remote Usage
		Usr 0 00:00:00, Sys 0 00:00:00  -  Run Local Usage
		Usr 0 00:01:20, Sys 0 00:00:01  -  Total Remote Usage
		Usr 0 00:00:00, Sys 0 00:00:00  -  Total Local Usage
	2225  -  Run Bytes Sent By Job
	1928468  -  Run Bytes Received By Job
	2225  -  Total Bytes Sent By Job
	1928468  -  Total Bytes Received By Job
	Partitionable Resources :     Usage  Request Allocated 
	   Cpus                 :      0.09        1         1 
	   Disk (KB)            : 150921     1048576   3632341 
	   IoHeavy              :                            0 
	   Memory (MB)          :    200        1024      1024 

	Job terminated of its own accord at 2020-11-29T00:12:56Z.
...
