000 (217317.683.000) 2020-11-28 19:35:07 Job submitted from host: <128.104.100.148:9618?addrs=128.104.100.148-9618+[2607-f388-107c-501-216-3eff-feb2-bc11]-9618&alias=learn.chtc.wisc.edu&noUDP&sock=schedd_2128_35a0>
...
040 (217317.683.000) 2020-11-28 19:45:13 Started transferring input files
	Transferring to host: <128.105.245.103:9618?addrs=128.105.245.103-9618&alias=e303.chtc.wisc.edu&noUDP&sock=slot1_9_35091_88ac_45567>
...
040 (217317.683.000) 2020-11-28 19:45:15 Finished transferring input files
...
001 (217317.683.000) 2020-11-28 19:45:16 Job executing on host: <128.105.245.103:9618?addrs=128.105.245.103-9618&alias=e303.chtc.wisc.edu&noUDP&sock=startd_7118_ef36>
...
006 (217317.683.000) 2020-11-28 19:45:25 Image size of job updated: 208092
	204  -  MemoryUsage of job (MB)
	208092  -  ResidentSetSize of job (KB)
...
040 (217317.683.000) 2020-11-28 19:46:29 Started transferring output files
...
040 (217317.683.000) 2020-11-28 19:46:29 Finished transferring output files
...
005 (217317.683.000) 2020-11-28 19:46:29 Job terminated.
	(1) Normal termination (return value 0)
		Usr 0 00:01:11, Sys 0 00:00:00  -  Run Remote Usage
		Usr 0 00:00:00, Sys 0 00:00:00  -  Run Local Usage
		Usr 0 00:01:11, Sys 0 00:00:00  -  Total Remote Usage
		Usr 0 00:00:00, Sys 0 00:00:00  -  Total Local Usage
	2346  -  Run Bytes Sent By Job
	2935611  -  Run Bytes Received By Job
	2346  -  Total Bytes Sent By Job
	2935611  -  Total Bytes Received By Job
	Partitionable Resources :    Usage  Request Allocated 
	   Cpus                 :                 1         1 
	   Disk (KB)            :   155449  1048576   1340073 
	   IoHeavy              :                           0 
	   Memory (MB)          :      204     1024      1024 

	Job terminated of its own accord at 2020-11-29T01:46:29Z.
...
