000 (217304.762.000) 2020-11-28 18:02:57 Job submitted from host: <128.104.100.148:9618?addrs=128.104.100.148-9618+[2607-f388-107c-501-216-3eff-feb2-bc11]-9618&alias=learn.chtc.wisc.edu&noUDP&sock=schedd_2128_35a0>
...
040 (217304.762.000) 2020-11-28 18:12:58 Started transferring input files
	Transferring to host: <128.104.102.21:9618?addrs=128.104.102.21-9618+[2607-f388-107c-501-16fe-b5ff-feca-48c9]-9618&alias=e0150.chtc.wisc.edu&noUDP&sock=slot1_24_8996_3ee7_54487>
...
040 (217304.762.000) 2020-11-28 18:13:04 Finished transferring input files
...
001 (217304.762.000) 2020-11-28 18:13:05 Job executing on host: <128.104.102.21:9618?addrs=128.104.102.21-9618+[2607-f388-107c-501-16fe-b5ff-feca-48c9]-9618&alias=e0150.chtc.wisc.edu&noUDP&sock=startd_6165_4175>
...
006 (217304.762.000) 2020-11-28 18:13:14 Image size of job updated: 205000
	201  -  MemoryUsage of job (MB)
	205000  -  ResidentSetSize of job (KB)
...
040 (217304.762.000) 2020-11-28 18:14:49 Started transferring output files
...
040 (217304.762.000) 2020-11-28 18:14:49 Finished transferring output files
...
005 (217304.762.000) 2020-11-28 18:14:49 Job terminated.
	(1) Normal termination (return value 0)
		Usr 0 00:01:42, Sys 0 00:00:01  -  Run Remote Usage
		Usr 0 00:00:00, Sys 0 00:00:00  -  Run Local Usage
		Usr 0 00:01:42, Sys 0 00:00:01  -  Total Remote Usage
		Usr 0 00:00:00, Sys 0 00:00:00  -  Total Local Usage
	2208  -  Run Bytes Sent By Job
	1913449  -  Run Bytes Received By Job
	2208  -  Total Bytes Sent By Job
	1913449  -  Total Bytes Received By Job
	Partitionable Resources :    Usage  Request Allocated 
	   Cpus                 :                 1         1 
	   Disk (KB)            :   151504  1048576   3632341 
	   IoHeavy              :                           0 
	   Memory (MB)          :      201     1024      1024 

	Job terminated of its own accord at 2020-11-29T00:14:48Z.
...
