000 (217317.049.000) 2020-11-28 19:35:07 Job submitted from host: <128.104.100.148:9618?addrs=128.104.100.148-9618+[2607-f388-107c-501-216-3eff-feb2-bc11]-9618&alias=learn.chtc.wisc.edu&noUDP&sock=schedd_2128_35a0>
...
040 (217317.049.000) 2020-11-28 19:37:44 Started transferring input files
	Transferring to host: <128.104.101.135:9618?addrs=128.104.101.135-9618+[2607-f388-107c-501-206-f6ff-fe30-a837]-9618&alias=e135.chtc.wisc.edu&noUDP&sock=slot1_9_4013_457c_53691>
...
040 (217317.049.000) 2020-11-28 19:37:49 Finished transferring input files
...
001 (217317.049.000) 2020-11-28 19:37:50 Job executing on host: <128.104.101.135:9618?addrs=128.104.101.135-9618+[2607-f388-107c-501-206-f6ff-fe30-a837]-9618&alias=e135.chtc.wisc.edu&noUDP&sock=startd_1864_209f>
...
006 (217317.049.000) 2020-11-28 19:37:59 Image size of job updated: 231024
	226  -  MemoryUsage of job (MB)
	231024  -  ResidentSetSize of job (KB)
...
040 (217317.049.000) 2020-11-28 19:39:04 Started transferring output files
...
040 (217317.049.000) 2020-11-28 19:39:04 Finished transferring output files
...
005 (217317.049.000) 2020-11-28 19:39:04 Job terminated.
	(1) Normal termination (return value 0)
		Usr 0 00:01:09, Sys 0 00:00:01  -  Run Remote Usage
		Usr 0 00:00:00, Sys 0 00:00:00  -  Run Local Usage
		Usr 0 00:01:09, Sys 0 00:00:01  -  Total Remote Usage
		Usr 0 00:00:00, Sys 0 00:00:00  -  Total Local Usage
	2223  -  Run Bytes Sent By Job
	2747412  -  Run Bytes Received By Job
	2223  -  Total Bytes Sent By Job
	2747412  -  Total Bytes Received By Job
	Partitionable Resources :     Usage  Request Allocated 
	   Cpus                 :      0.94        1         1 
	   Disk (KB)            : 154961     1048576   3398936 
	   IoHeavy              :                            0 
	   Memory (MB)          :    226        1024      1024 

	Job terminated of its own accord at 2020-11-29T01:39:04Z.
...
