000 (217304.602.000) 2020-11-28 18:02:57 Job submitted from host: <128.104.100.148:9618?addrs=128.104.100.148-9618+[2607-f388-107c-501-216-3eff-feb2-bc11]-9618&alias=learn.chtc.wisc.edu&noUDP&sock=schedd_2128_35a0>
...
040 (217304.602.000) 2020-11-28 18:11:48 Started transferring input files
	Transferring to host: <128.105.244.101:9618?addrs=128.105.244.101-9618&alias=e2005.chtc.wisc.edu&noUDP&sock=slot1_17_36904_f4d6_43361>
...
040 (217304.602.000) 2020-11-28 18:11:49 Finished transferring input files
...
001 (217304.602.000) 2020-11-28 18:11:50 Job executing on host: <128.105.244.101:9618?addrs=128.105.244.101-9618&alias=e2005.chtc.wisc.edu&noUDP&sock=startd_7339_85a4>
...
006 (217304.602.000) 2020-11-28 18:11:59 Image size of job updated: 204704
	200  -  MemoryUsage of job (MB)
	204704  -  ResidentSetSize of job (KB)
...
040 (217304.602.000) 2020-11-28 18:12:24 Started transferring output files
...
040 (217304.602.000) 2020-11-28 18:12:24 Finished transferring output files
...
005 (217304.602.000) 2020-11-28 18:12:24 Job terminated.
	(1) Normal termination (return value 1)
		Usr 0 00:00:33, Sys 0 00:00:00  -  Run Remote Usage
		Usr 0 00:00:00, Sys 0 00:00:00  -  Run Local Usage
		Usr 0 00:00:33, Sys 0 00:00:00  -  Total Remote Usage
		Usr 0 00:00:00, Sys 0 00:00:00  -  Total Local Usage
	360  -  Run Bytes Sent By Job
	2775680  -  Run Bytes Received By Job
	360  -  Total Bytes Sent By Job
	2775680  -  Total Bytes Received By Job
	Partitionable Resources :     Usage  Request Allocated 
	   Cpus                 :      1.00        1         1 
	   Disk (KB)            : 154418     1048576   2902502 
	   IoHeavy              :                            0 
	   Memory (MB)          :    200        1024      1024 

	Job terminated of its own accord at 2020-11-29T00:12:24Z.
...
