000 (217304.393.000) 2020-11-28 18:02:57 Job submitted from host: <128.104.100.148:9618?addrs=128.104.100.148-9618+[2607-f388-107c-501-216-3eff-feb2-bc11]-9618&alias=learn.chtc.wisc.edu&noUDP&sock=schedd_2128_35a0>
...
040 (217304.393.000) 2020-11-28 18:09:55 Started transferring input files
	Transferring to host: <128.104.101.125:9618?addrs=128.104.101.125-9618+[2607-f388-107c-501-4603-a7ff-fe29-9969]-9618&alias=e125.chtc.wisc.edu&noUDP&sock=slot1_11_28711_3f29_49415>
...
040 (217304.393.000) 2020-11-28 18:09:59 Finished transferring input files
...
001 (217304.393.000) 2020-11-28 18:10:00 Job executing on host: <128.104.101.125:9618?addrs=128.104.101.125-9618+[2607-f388-107c-501-4603-a7ff-fe29-9969]-9618&alias=e125.chtc.wisc.edu&noUDP&sock=startd_1732_961f>
...
006 (217304.393.000) 2020-11-28 18:10:09 Image size of job updated: 210080
	206  -  MemoryUsage of job (MB)
	210080  -  ResidentSetSize of job (KB)
...
040 (217304.393.000) 2020-11-28 18:10:39 Started transferring output files
...
040 (217304.393.000) 2020-11-28 18:10:39 Finished transferring output files
...
005 (217304.393.000) 2020-11-28 18:10:39 Job terminated.
	(1) Normal termination (return value 0)
		Usr 0 00:00:37, Sys 0 00:00:00  -  Run Remote Usage
		Usr 0 00:00:00, Sys 0 00:00:00  -  Run Local Usage
		Usr 0 00:00:37, Sys 0 00:00:00  -  Total Remote Usage
		Usr 0 00:00:00, Sys 0 00:00:00  -  Total Local Usage
	2303  -  Run Bytes Sent By Job
	2672478  -  Run Bytes Received By Job
	2303  -  Total Bytes Sent By Job
	2672478  -  Total Bytes Received By Job
	Partitionable Resources :    Usage  Request Allocated 
	   Cpus                 :                 1         1 
	   Disk (KB)            :   156538  1048576   3405859 
	   IoHeavy              :                           0 
	   Memory (MB)          :      206     1024      1024 

	Job terminated of its own accord at 2020-11-29T00:10:39Z.
...
