000 (217304.176.000) 2020-11-28 18:02:57 Job submitted from host: <128.104.100.148:9618?addrs=128.104.100.148-9618+[2607-f388-107c-501-216-3eff-feb2-bc11]-9618&alias=learn.chtc.wisc.edu&noUDP&sock=schedd_2128_35a0>
...
040 (217304.176.000) 2020-11-28 18:07:21 Started transferring input files
	Transferring to host: <128.105.244.68:9618?addrs=128.105.244.68-9618&alias=e188.chtc.wisc.edu&noUDP&sock=slot1_5_14019_6753_39552>
...
040 (217304.176.000) 2020-11-28 18:07:23 Finished transferring input files
...
001 (217304.176.000) 2020-11-28 18:07:24 Job executing on host: <128.105.244.68:9618?addrs=128.105.244.68-9618&alias=e188.chtc.wisc.edu&noUDP&sock=startd_15333_bdba>
...
006 (217304.176.000) 2020-11-28 18:07:32 Image size of job updated: 202000
	198  -  MemoryUsage of job (MB)
	202000  -  ResidentSetSize of job (KB)
...
040 (217304.176.000) 2020-11-28 18:08:13 Started transferring output files
...
040 (217304.176.000) 2020-11-28 18:08:13 Finished transferring output files
...
005 (217304.176.000) 2020-11-28 18:08:13 Job terminated.
	(1) Normal termination (return value 0)
		Usr 0 00:00:47, Sys 0 00:00:00  -  Run Remote Usage
		Usr 0 00:00:00, Sys 0 00:00:00  -  Run Local Usage
		Usr 0 00:00:47, Sys 0 00:00:00  -  Total Remote Usage
		Usr 0 00:00:00, Sys 0 00:00:00  -  Total Local Usage
	2309  -  Run Bytes Sent By Job
	1641428  -  Run Bytes Received By Job
	2309  -  Total Bytes Sent By Job
	1641428  -  Total Bytes Received By Job
	Partitionable Resources :    Usage  Request Allocated 
	   Cpus                 :                 1         1 
	   Disk (KB)            :   150414  1048576   2730037 
	   IoHeavy              :                           0 
	   Memory (MB)          :      198     1024      1024 

	Job terminated of its own accord at 2020-11-29T00:08:13Z.
...
