000 (217304.800.000) 2020-11-28 18:02:57 Job submitted from host: <128.104.100.148:9618?addrs=128.104.100.148-9618+[2607-f388-107c-501-216-3eff-feb2-bc11]-9618&alias=learn.chtc.wisc.edu&noUDP&sock=schedd_2128_35a0>
...
040 (217304.800.000) 2020-11-28 18:13:08 Started transferring input files
	Transferring to host: <128.104.101.149:9618?addrs=128.104.101.149-9618+[2607-f388-107c-501-4603-a7ff-fe29-4efb]-9618&alias=e149.chtc.wisc.edu&noUDP&sock=slot1_31_21085_0a32_53265>
...
040 (217304.800.000) 2020-11-28 18:13:13 Finished transferring input files
...
001 (217304.800.000) 2020-11-28 18:13:14 Job executing on host: <128.104.101.149:9618?addrs=128.104.101.149-9618+[2607-f388-107c-501-4603-a7ff-fe29-4efb]-9618&alias=e149.chtc.wisc.edu&noUDP&sock=startd_2159_790f>
...
006 (217304.800.000) 2020-11-28 18:13:23 Image size of job updated: 203412
	199  -  MemoryUsage of job (MB)
	203412  -  ResidentSetSize of job (KB)
...
040 (217304.800.000) 2020-11-28 18:14:37 Started transferring output files
...
040 (217304.800.000) 2020-11-28 18:14:37 Finished transferring output files
...
005 (217304.800.000) 2020-11-28 18:14:37 Job terminated.
	(1) Normal termination (return value 0)
		Usr 0 00:01:14, Sys 0 00:00:01  -  Run Remote Usage
		Usr 0 00:00:00, Sys 0 00:00:00  -  Run Local Usage
		Usr 0 00:01:14, Sys 0 00:00:01  -  Total Remote Usage
		Usr 0 00:00:00, Sys 0 00:00:00  -  Total Local Usage
	2269  -  Run Bytes Sent By Job
	2640456  -  Run Bytes Received By Job
	2269  -  Total Bytes Sent By Job
	2640456  -  Total Bytes Received By Job
	Partitionable Resources :    Usage  Request Allocated 
	   Cpus                 :                 1         1 
	   Disk (KB)            :   156307  1048576   3399950 
	   IoHeavy              :                           0 
	   Memory (MB)          :      199     1024      1024 

	Job terminated of its own accord at 2020-11-29T00:14:37Z.
...
