000 (217304.781.000) 2020-11-28 18:02:57 Job submitted from host: <128.104.100.148:9618?addrs=128.104.100.148-9618+[2607-f388-107c-501-216-3eff-feb2-bc11]-9618&alias=learn.chtc.wisc.edu&noUDP&sock=schedd_2128_35a0>
...
040 (217304.781.000) 2020-11-28 18:13:05 Started transferring input files
	Transferring to host: <128.105.245.166:9618?addrs=128.105.245.166-9618&alias=e2366.chtc.wisc.edu&noUDP&sock=slot1_32_16822_5ee5_43235>
...
040 (217304.781.000) 2020-11-28 18:13:08 Finished transferring input files
...
001 (217304.781.000) 2020-11-28 18:13:09 Job executing on host: <128.105.245.166:9618?addrs=128.105.245.166-9618&alias=e2366.chtc.wisc.edu&noUDP&sock=startd_4521_9bc2>
...
006 (217304.781.000) 2020-11-28 18:13:18 Image size of job updated: 232388
	227  -  MemoryUsage of job (MB)
	232388  -  ResidentSetSize of job (KB)
...
040 (217304.781.000) 2020-11-28 18:14:39 Started transferring output files
...
040 (217304.781.000) 2020-11-28 18:14:39 Finished transferring output files
...
005 (217304.781.000) 2020-11-28 18:14:39 Job terminated.
	(1) Normal termination (return value 0)
		Usr 0 00:01:22, Sys 0 00:00:00  -  Run Remote Usage
		Usr 0 00:00:00, Sys 0 00:00:00  -  Run Local Usage
		Usr 0 00:01:22, Sys 0 00:00:00  -  Total Remote Usage
		Usr 0 00:00:00, Sys 0 00:00:00  -  Total Local Usage
	2348  -  Run Bytes Sent By Job
	3163686  -  Run Bytes Received By Job
	2348  -  Total Bytes Sent By Job
	3163686  -  Total Bytes Received By Job
	Partitionable Resources :     Usage  Request Allocated 
	   Cpus                 :      0.95        1         1 
	   Disk (KB)            : 156572     1048576   1327910 
	   IoHeavy              :                            0 
	   Memory (MB)          :    227        1024      1024 

	Job terminated of its own accord at 2020-11-29T00:14:39Z.
...
