000 (217317.021.000) 2020-11-28 19:35:07 Job submitted from host: <128.104.100.148:9618?addrs=128.104.100.148-9618+[2607-f388-107c-501-216-3eff-feb2-bc11]-9618&alias=learn.chtc.wisc.edu&noUDP&sock=schedd_2128_35a0>
...
040 (217317.021.000) 2020-11-28 19:35:48 Started transferring input files
	Transferring to host: <128.105.245.77:9618?addrs=128.105.245.77-9618&alias=e277.chtc.wisc.edu&noUDP&sock=slot1_25_8548_96d5_46320>
...
040 (217317.021.000) 2020-11-28 19:35:54 Finished transferring input files
...
001 (217317.021.000) 2020-11-28 19:35:55 Job executing on host: <128.105.245.77:9618?addrs=128.105.245.77-9618&alias=e277.chtc.wisc.edu&noUDP&sock=startd_7108_1344>
...
006 (217317.021.000) 2020-11-28 19:36:04 Image size of job updated: 95968
	94  -  MemoryUsage of job (MB)
	95968  -  ResidentSetSize of job (KB)
...
006 (217317.021.000) 2020-11-28 19:37:38 Image size of job updated: 115588
	113  -  MemoryUsage of job (MB)
	115588  -  ResidentSetSize of job (KB)
...
040 (217317.021.000) 2020-11-28 19:37:38 Started transferring output files
...
040 (217317.021.000) 2020-11-28 19:37:38 Finished transferring output files
...
005 (217317.021.000) 2020-11-28 19:37:38 Job terminated.
	(1) Normal termination (return value 0)
		Usr 0 00:01:32, Sys 0 00:00:00  -  Run Remote Usage
		Usr 0 00:00:00, Sys 0 00:00:00  -  Run Local Usage
		Usr 0 00:01:32, Sys 0 00:00:00  -  Total Remote Usage
		Usr 0 00:00:00, Sys 0 00:00:00  -  Total Local Usage
	2414  -  Run Bytes Sent By Job
	3271807  -  Run Bytes Received By Job
	2414  -  Total Bytes Sent By Job
	3271807  -  Total Bytes Received By Job
	Partitionable Resources :    Usage  Request Allocated 
	   Cpus                 :                 1         1 
	   Disk (KB)            :   157781  1048576   1332176 
	   IoHeavy              :                           0 
	   Memory (MB)          :      113     1024      1024 

	Job terminated of its own accord at 2020-11-29T01:37:38Z.
...
