000 (217317.239.000) 2020-11-28 19:35:07 Job submitted from host: <128.104.100.148:9618?addrs=128.104.100.148-9618+[2607-f388-107c-501-216-3eff-feb2-bc11]-9618&alias=learn.chtc.wisc.edu&noUDP&sock=schedd_2128_35a0>
...
040 (217317.239.000) 2020-11-28 19:40:52 Started transferring input files
	Transferring to host: <128.105.244.65:9618?addrs=128.105.244.65-9618&alias=e3185.chtc.wisc.edu&noUDP&sock=slot1_1_19239_5da7_21386>
...
040 (217317.239.000) 2020-11-28 19:40:54 Finished transferring input files
...
001 (217317.239.000) 2020-11-28 19:40:55 Job executing on host: <128.105.244.65:9618?addrs=128.105.244.65-9618&alias=e3185.chtc.wisc.edu&noUDP&sock=startd_19116_9081>
...
006 (217317.239.000) 2020-11-28 19:41:04 Image size of job updated: 212556
	208  -  MemoryUsage of job (MB)
	212556  -  ResidentSetSize of job (KB)
...
040 (217317.239.000) 2020-11-28 19:41:51 Started transferring output files
...
040 (217317.239.000) 2020-11-28 19:41:51 Finished transferring output files
...
005 (217317.239.000) 2020-11-28 19:41:51 Job terminated.
	(1) Normal termination (return value 0)
		Usr 0 00:00:55, Sys 0 00:00:00  -  Run Remote Usage
		Usr 0 00:00:00, Sys 0 00:00:00  -  Run Local Usage
		Usr 0 00:00:55, Sys 0 00:00:00  -  Total Remote Usage
		Usr 0 00:00:00, Sys 0 00:00:00  -  Total Local Usage
	2209  -  Run Bytes Sent By Job
	2853260  -  Run Bytes Received By Job
	2209  -  Total Bytes Sent By Job
	2853260  -  Total Bytes Received By Job
	Partitionable Resources :     Usage  Request Allocated 
	   Cpus                 :      0.99        1         1 
	   Disk (KB)            : 155417     1048576   3650102 
	   IoHeavy              :                            0 
	   Memory (MB)          :    208        1024      1024 

	Job terminated of its own accord at 2020-11-29T01:41:51Z.
...
