000 (217317.186.000) 2020-11-28 19:35:07 Job submitted from host: <128.104.100.148:9618?addrs=128.104.100.148-9618+[2607-f388-107c-501-216-3eff-feb2-bc11]-9618&alias=learn.chtc.wisc.edu&noUDP&sock=schedd_2128_35a0>
...
040 (217317.186.000) 2020-11-28 19:39:56 Started transferring input files
	Transferring to host: <128.105.245.119:9618?addrs=128.105.245.119-9618&alias=e319.chtc.wisc.edu&noUDP&sock=slot1_38_24706_5ca6_43866>
...
040 (217317.186.000) 2020-11-28 19:40:01 Finished transferring input files
...
001 (217317.186.000) 2020-11-28 19:40:02 Job executing on host: <128.105.245.119:9618?addrs=128.105.245.119-9618&alias=e319.chtc.wisc.edu&noUDP&sock=startd_15545_27ce>
...
006 (217317.186.000) 2020-11-28 19:40:11 Image size of job updated: 221496
	217  -  MemoryUsage of job (MB)
	221496  -  ResidentSetSize of job (KB)
...
040 (217317.186.000) 2020-11-28 19:41:22 Started transferring output files
...
040 (217317.186.000) 2020-11-28 19:41:22 Finished transferring output files
...
005 (217317.186.000) 2020-11-28 19:41:22 Job terminated.
	(1) Normal termination (return value 0)
		Usr 0 00:01:18, Sys 0 00:00:00  -  Run Remote Usage
		Usr 0 00:00:00, Sys 0 00:00:00  -  Run Local Usage
		Usr 0 00:01:18, Sys 0 00:00:00  -  Total Remote Usage
		Usr 0 00:00:00, Sys 0 00:00:00  -  Total Local Usage
	2293  -  Run Bytes Sent By Job
	2881403  -  Run Bytes Received By Job
	2293  -  Total Bytes Sent By Job
	2881403  -  Total Bytes Received By Job
	Partitionable Resources :    Usage  Request Allocated 
	   Cpus                 :                 1         1 
	   Disk (KB)            :   157379  1048576   1325072 
	   IoHeavy              :                           0 
	   Memory (MB)          :      217     1024      1024 

	Job terminated of its own accord at 2020-11-29T01:41:21Z.
...
