000 (217304.335.000) 2020-11-28 18:02:57 Job submitted from host: <128.104.100.148:9618?addrs=128.104.100.148-9618+[2607-f388-107c-501-216-3eff-feb2-bc11]-9618&alias=learn.chtc.wisc.edu&noUDP&sock=schedd_2128_35a0>
...
040 (217304.335.000) 2020-11-28 18:09:12 Started transferring input files
	Transferring to host: <128.105.245.65:9618?addrs=128.105.245.65-9618&alias=e265.chtc.wisc.edu&noUDP&sock=slot1_24_26979_e562_46785>
...
040 (217304.335.000) 2020-11-28 18:09:14 Finished transferring input files
...
001 (217304.335.000) 2020-11-28 18:09:15 Job executing on host: <128.105.245.65:9618?addrs=128.105.245.65-9618&alias=e265.chtc.wisc.edu&noUDP&sock=startd_19420_154b>
...
006 (217304.335.000) 2020-11-28 18:09:24 Image size of job updated: 436384
	427  -  MemoryUsage of job (MB)
	436384  -  ResidentSetSize of job (KB)
...
040 (217304.335.000) 2020-11-28 18:10:25 Started transferring output files
...
040 (217304.335.000) 2020-11-28 18:10:25 Finished transferring output files
...
005 (217304.335.000) 2020-11-28 18:10:25 Job terminated.
	(1) Normal termination (return value 0)
		Usr 0 00:01:08, Sys 0 00:00:01  -  Run Remote Usage
		Usr 0 00:00:00, Sys 0 00:00:00  -  Run Local Usage
		Usr 0 00:01:08, Sys 0 00:00:01  -  Total Remote Usage
		Usr 0 00:00:00, Sys 0 00:00:00  -  Total Local Usage
	2280  -  Run Bytes Sent By Job
	2090656  -  Run Bytes Received By Job
	2280  -  Total Bytes Sent By Job
	2090656  -  Total Bytes Received By Job
	Partitionable Resources :     Usage  Request Allocated 
	   Cpus                 :      0.02        1         1 
	   Disk (KB)            : 153015     1048576   1327572 
	   IoHeavy              :                            0 
	   Memory (MB)          :    427        1024      1024 

	Job terminated of its own accord at 2020-11-29T00:10:25Z.
...
