000 (217304.288.000) 2020-11-28 18:02:57 Job submitted from host: <128.104.100.148:9618?addrs=128.104.100.148-9618+[2607-f388-107c-501-216-3eff-feb2-bc11]-9618&alias=learn.chtc.wisc.edu&noUDP&sock=schedd_2128_35a0>
...
040 (217304.288.000) 2020-11-28 18:08:54 Started transferring input files
	Transferring to host: <128.104.58.123:9618?addrs=128.104.58.123-9618+[2607-f388-1086-0-67d-7bff-fe41-62ea]-9618&alias=e540.chtc.wisc.edu&noUDP&sock=slot1_10_26039_94bc_38859>
...
040 (217304.288.000) 2020-11-28 18:08:56 Finished transferring input files
...
001 (217304.288.000) 2020-11-28 18:08:57 Job executing on host: <128.104.58.123:9618?addrs=128.104.58.123-9618+[2607-f388-1086-0-67d-7bff-fe41-62ea]-9618&alias=e540.chtc.wisc.edu&noUDP&sock=startd_12509_b647>
...
006 (217304.288.000) 2020-11-28 18:09:06 Image size of job updated: 193188
	189  -  MemoryUsage of job (MB)
	193188  -  ResidentSetSize of job (KB)
...
040 (217304.288.000) 2020-11-28 18:09:29 Started transferring output files
...
040 (217304.288.000) 2020-11-28 18:09:29 Finished transferring output files
...
005 (217304.288.000) 2020-11-28 18:09:29 Job terminated.
	(1) Normal termination (return value 0)
		Usr 0 00:00:31, Sys 0 00:00:00  -  Run Remote Usage
		Usr 0 00:00:00, Sys 0 00:00:00  -  Run Local Usage
		Usr 0 00:00:31, Sys 0 00:00:00  -  Total Remote Usage
		Usr 0 00:00:00, Sys 0 00:00:00  -  Total Local Usage
	2355  -  Run Bytes Sent By Job
	1765521  -  Run Bytes Received By Job
	2355  -  Total Bytes Sent By Job
	1765521  -  Total Bytes Received By Job
	Partitionable Resources :    Usage  Request Allocated 
	   Cpus                 :                 1         1 
	   Disk (KB)            :   148945  1048576  16562528 
	   IoHeavy              :                           0 
	   Memory (MB)          :      189     1024      1024 

	Job terminated of its own accord at 2020-11-29T00:09:29Z.
...
