000 (217304.240.000) 2020-11-28 18:02:57 Job submitted from host: <128.104.100.148:9618?addrs=128.104.100.148-9618+[2607-f388-107c-501-216-3eff-feb2-bc11]-9618&alias=learn.chtc.wisc.edu&noUDP&sock=schedd_2128_35a0>
...
040 (217304.240.000) 2020-11-28 18:08:21 Started transferring input files
	Transferring to host: <128.105.245.71:9618?addrs=128.105.245.71-9618&alias=e271.chtc.wisc.edu&noUDP&sock=slot1_32_796_9a99_47736>
...
040 (217304.240.000) 2020-11-28 18:08:23 Finished transferring input files
...
001 (217304.240.000) 2020-11-28 18:08:24 Job executing on host: <128.105.245.71:9618?addrs=128.105.245.71-9618&alias=e271.chtc.wisc.edu&noUDP&sock=startd_40496_7756>
...
006 (217304.240.000) 2020-11-28 18:08:32 Image size of job updated: 197576
	193  -  MemoryUsage of job (MB)
	197576  -  ResidentSetSize of job (KB)
...
006 (217304.240.000) 2020-11-28 18:09:12 Image size of job updated: 197576
	194  -  MemoryUsage of job (MB)
	197704  -  ResidentSetSize of job (KB)
...
040 (217304.240.000) 2020-11-28 18:09:12 Started transferring output files
...
040 (217304.240.000) 2020-11-28 18:09:12 Finished transferring output files
...
005 (217304.240.000) 2020-11-28 18:09:12 Job terminated.
	(1) Normal termination (return value 0)
		Usr 0 00:00:46, Sys 0 00:00:00  -  Run Remote Usage
		Usr 0 00:00:00, Sys 0 00:00:00  -  Run Local Usage
		Usr 0 00:00:46, Sys 0 00:00:00  -  Total Remote Usage
		Usr 0 00:00:00, Sys 0 00:00:00  -  Total Local Usage
	2181  -  Run Bytes Sent By Job
	1464539  -  Run Bytes Received By Job
	2181  -  Total Bytes Sent By Job
	1464539  -  Total Bytes Received By Job
	Partitionable Resources :     Usage  Request Allocated 
	   Cpus                 :      0.99        1         1 
	   Disk (KB)            : 149002     1048576   1342255 
	   IoHeavy              :                            0 
	   Memory (MB)          :    194        1024      1024 

	Job terminated of its own accord at 2020-11-29T00:09:12Z.
...
