000 (217304.333.000) 2020-11-28 18:02:57 Job submitted from host: <128.104.100.148:9618?addrs=128.104.100.148-9618+[2607-f388-107c-501-216-3eff-feb2-bc11]-9618&alias=learn.chtc.wisc.edu&noUDP&sock=schedd_2128_35a0>
...
040 (217304.333.000) 2020-11-28 18:09:11 Started transferring input files
	Transferring to host: <128.104.58.176:9618?addrs=128.104.58.176-9618+[2607-f388-1086-0-16fe-b5ff-fec6-7498]-9618&alias=e1031.chtc.wisc.edu&noUDP&sock=slot1_28_40486_cca7_42665>
...
040 (217304.333.000) 2020-11-28 18:09:13 Finished transferring input files
...
001 (217304.333.000) 2020-11-28 18:09:14 Job executing on host: <128.104.58.176:9618?addrs=128.104.58.176-9618+[2607-f388-1086-0-16fe-b5ff-fec6-7498]-9618&alias=e1031.chtc.wisc.edu&noUDP&sock=startd_5566_643a>
...
006 (217304.333.000) 2020-11-28 18:09:22 Image size of job updated: 219236
	215  -  MemoryUsage of job (MB)
	219236  -  ResidentSetSize of job (KB)
...
006 (217304.333.000) 2020-11-28 18:10:35 Image size of job updated: 219236
	215  -  MemoryUsage of job (MB)
	219364  -  ResidentSetSize of job (KB)
...
040 (217304.333.000) 2020-11-28 18:10:35 Started transferring output files
...
040 (217304.333.000) 2020-11-28 18:10:35 Finished transferring output files
...
005 (217304.333.000) 2020-11-28 18:10:35 Job terminated.
	(1) Normal termination (return value 0)
		Usr 0 00:01:19, Sys 0 00:00:02  -  Run Remote Usage
		Usr 0 00:00:00, Sys 0 00:00:00  -  Run Local Usage
		Usr 0 00:01:19, Sys 0 00:00:02  -  Total Remote Usage
		Usr 0 00:00:00, Sys 0 00:00:00  -  Total Local Usage
	2206  -  Run Bytes Sent By Job
	2372868  -  Run Bytes Received By Job
	2206  -  Total Bytes Sent By Job
	2372868  -  Total Bytes Received By Job
	Partitionable Resources :     Usage  Request Allocated 
	   Cpus                 :      0.85        1         1 
	   Disk (KB)            : 155668     1048576   1331806 
	   IoHeavy              :                            0 
	   Memory (MB)          :    215        1024      1024 

	Job terminated of its own accord at 2020-11-29T00:10:35Z.
...
