000 (217303.002.000) 2020-11-28 17:53:00 Job submitted from host: <128.104.100.148:9618?addrs=128.104.100.148-9618+[2607-f388-107c-501-216-3eff-feb2-bc11]-9618&alias=learn.chtc.wisc.edu&noUDP&sock=schedd_2128_35a0>
...
040 (217303.002.000) 2020-11-28 17:53:39 Started transferring input files
	Transferring to host: <128.104.100.111:9618?addrs=128.104.100.111-9618+[2607-f388-107c-501-f24d-a2ff-fe75-dfdb]-9618&alias=e0032.chtc.wisc.edu&noUDP&sock=slot1_16_12714_e9be_51963>
...
040 (217303.002.000) 2020-11-28 17:53:41 Finished transferring input files
...
001 (217303.002.000) 2020-11-28 17:53:42 Job executing on host: <128.104.100.111:9618?addrs=128.104.100.111-9618+[2607-f388-107c-501-f24d-a2ff-fe75-dfdb]-9618&alias=e0032.chtc.wisc.edu&noUDP&sock=startd_4599_1c25>
...
006 (217303.002.000) 2020-11-28 17:53:51 Image size of job updated: 219496
	215  -  MemoryUsage of job (MB)
	219496  -  ResidentSetSize of job (KB)
...
040 (217303.002.000) 2020-11-28 17:54:30 Started transferring output files
...
040 (217303.002.000) 2020-11-28 17:54:30 Finished transferring output files
...
005 (217303.002.000) 2020-11-28 17:54:30 Job terminated.
	(1) Normal termination (return value 0)
		Usr 0 00:00:46, Sys 0 00:00:01  -  Run Remote Usage
		Usr 0 00:00:00, Sys 0 00:00:00  -  Run Local Usage
		Usr 0 00:00:46, Sys 0 00:00:01  -  Total Remote Usage
		Usr 0 00:00:00, Sys 0 00:00:00  -  Total Local Usage
	2283  -  Run Bytes Sent By Job
	2366009  -  Run Bytes Received By Job
	2283  -  Total Bytes Sent By Job
	2366009  -  Total Bytes Received By Job
	Partitionable Resources :    Usage  Request Allocated 
	   Cpus                 :                 1         1 
	   Disk (KB)            :   154565  1048576   3028160 
	   IoHeavy              :                           0 
	   Memory (MB)          :      215     1024      1024 

	Job terminated of its own accord at 2020-11-28T23:54:30Z.
...
