000 (217317.374.000) 2020-11-28 19:35:07 Job submitted from host: <128.104.100.148:9618?addrs=128.104.100.148-9618+[2607-f388-107c-501-216-3eff-feb2-bc11]-9618&alias=learn.chtc.wisc.edu&noUDP&sock=schedd_2128_35a0>
...
040 (217317.374.000) 2020-11-28 19:42:31 Started transferring input files
	Transferring to host: <128.105.245.163:9618?addrs=128.105.245.163-9618&alias=e2363.chtc.wisc.edu&noUDP&sock=slot1_17_11351_8e67_17297>
...
040 (217317.374.000) 2020-11-28 19:42:33 Finished transferring input files
...
001 (217317.374.000) 2020-11-28 19:42:34 Job executing on host: <128.105.245.163:9618?addrs=128.105.245.163-9618&alias=e2363.chtc.wisc.edu&noUDP&sock=startd_4511_bfcf>
...
006 (217317.374.000) 2020-11-28 19:42:43 Image size of job updated: 228368
	224  -  MemoryUsage of job (MB)
	228368  -  ResidentSetSize of job (KB)
...
040 (217317.374.000) 2020-11-28 19:43:46 Started transferring output files
...
040 (217317.374.000) 2020-11-28 19:43:46 Finished transferring output files
...
005 (217317.374.000) 2020-11-28 19:43:46 Job terminated.
	(1) Normal termination (return value 0)
		Usr 0 00:01:09, Sys 0 00:00:00  -  Run Remote Usage
		Usr 0 00:00:00, Sys 0 00:00:00  -  Run Local Usage
		Usr 0 00:01:09, Sys 0 00:00:00  -  Total Remote Usage
		Usr 0 00:00:00, Sys 0 00:00:00  -  Total Local Usage
	2363  -  Run Bytes Sent By Job
	2812280  -  Run Bytes Received By Job
	2363  -  Total Bytes Sent By Job
	2812280  -  Total Bytes Received By Job
	Partitionable Resources :    Usage  Request Allocated 
	   Cpus                 :                 1         1 
	   Disk (KB)            :   155451  1048576   1341925 
	   IoHeavy              :                           0 
	   Memory (MB)          :      224     1024      1024 

	Job terminated of its own accord at 2020-11-29T01:43:46Z.
...
