000 (217317.273.000) 2020-11-28 19:35:07 Job submitted from host: <128.104.100.148:9618?addrs=128.104.100.148-9618+[2607-f388-107c-501-216-3eff-feb2-bc11]-9618&alias=learn.chtc.wisc.edu&noUDP&sock=schedd_2128_35a0>
...
040 (217317.273.000) 2020-11-28 19:41:28 Started transferring input files
	Transferring to host: <128.105.245.53:9618?addrs=128.105.245.53-9618&alias=e3253.chtc.wisc.edu&noUDP&sock=slot1_7_15652_fff6_39696>
...
040 (217317.273.000) 2020-11-28 19:41:30 Finished transferring input files
...
001 (217317.273.000) 2020-11-28 19:41:31 Job executing on host: <128.105.245.53:9618?addrs=128.105.245.53-9618&alias=e3253.chtc.wisc.edu&noUDP&sock=startd_1885_881c>
...
006 (217317.273.000) 2020-11-28 19:41:39 Image size of job updated: 204364
	200  -  MemoryUsage of job (MB)
	204364  -  ResidentSetSize of job (KB)
...
040 (217317.273.000) 2020-11-28 19:42:21 Started transferring output files
...
040 (217317.273.000) 2020-11-28 19:42:21 Finished transferring output files
...
005 (217317.273.000) 2020-11-28 19:42:21 Job terminated.
	(1) Normal termination (return value 0)
		Usr 0 00:00:45, Sys 0 00:00:00  -  Run Remote Usage
		Usr 0 00:00:00, Sys 0 00:00:00  -  Run Local Usage
		Usr 0 00:00:45, Sys 0 00:00:00  -  Total Remote Usage
		Usr 0 00:00:00, Sys 0 00:00:00  -  Total Local Usage
	2547  -  Run Bytes Sent By Job
	2388161  -  Run Bytes Received By Job
	2547  -  Total Bytes Sent By Job
	2388161  -  Total Bytes Received By Job
	Partitionable Resources :     Usage  Request Allocated 
	   Cpus                 :      0.76        1         1 
	   Disk (KB)            : 152440     1048576   1579368 
	   IoHeavy              :                            0 
	   Memory (MB)          :    200        1024      1024 

	Job terminated of its own accord at 2020-11-29T01:42:21Z.
...
