000 (217317.778.000) 2020-11-28 19:35:07 Job submitted from host: <128.104.100.148:9618?addrs=128.104.100.148-9618+[2607-f388-107c-501-216-3eff-feb2-bc11]-9618&alias=learn.chtc.wisc.edu&noUDP&sock=schedd_2128_35a0>
...
040 (217317.778.000) 2020-11-28 19:45:58 Started transferring input files
	Transferring to host: <128.104.58.84:9618?addrs=128.104.58.84-9618+[2607-f388-1086-0-a6ba-dbff-fe38-e75f]-9618&alias=e074.chtc.wisc.edu&noUDP&sock=slot1_18_10768_c7af_39492>
...
040 (217317.778.000) 2020-11-28 19:46:00 Finished transferring input files
...
001 (217317.778.000) 2020-11-28 19:46:01 Job executing on host: <128.104.58.84:9618?addrs=128.104.58.84-9618+[2607-f388-1086-0-a6ba-dbff-fe38-e75f]-9618&alias=e074.chtc.wisc.edu&noUDP&sock=startd_4523_faf2>
...
006 (217317.778.000) 2020-11-28 19:46:09 Image size of job updated: 206248
	202  -  MemoryUsage of job (MB)
	206248  -  ResidentSetSize of job (KB)
...
040 (217317.778.000) 2020-11-28 19:47:11 Started transferring output files
...
040 (217317.778.000) 2020-11-28 19:47:11 Finished transferring output files
...
005 (217317.778.000) 2020-11-28 19:47:11 Job terminated.
	(1) Normal termination (return value 0)
		Usr 0 00:01:07, Sys 0 00:00:00  -  Run Remote Usage
		Usr 0 00:00:00, Sys 0 00:00:00  -  Run Local Usage
		Usr 0 00:01:07, Sys 0 00:00:00  -  Total Remote Usage
		Usr 0 00:00:00, Sys 0 00:00:00  -  Total Local Usage
	2272  -  Run Bytes Sent By Job
	2374314  -  Run Bytes Received By Job
	2272  -  Total Bytes Sent By Job
	2374314  -  Total Bytes Received By Job
	Partitionable Resources :    Usage  Request Allocated 
	   Cpus                 :                 1         1 
	   Disk (KB)            :   153196  1048576   3638221 
	   IoHeavy              :                           0 
	   Memory (MB)          :      202     1024      1024 

	Job terminated of its own accord at 2020-11-29T01:47:11Z.
...
