000 (217317.462.000) 2020-11-28 19:35:07 Job submitted from host: <128.104.100.148:9618?addrs=128.104.100.148-9618+[2607-f388-107c-501-216-3eff-feb2-bc11]-9618&alias=learn.chtc.wisc.edu&noUDP&sock=schedd_2128_35a0>
...
040 (217317.462.000) 2020-11-28 19:43:21 Started transferring input files
	Transferring to host: <128.104.58.202:9618?addrs=128.104.58.202-9618+[2607-f388-1086-0-5287-89ff-feb7-2cc2]-9618&alias=e458.chtc.wisc.edu&noUDP&sock=slot1_10_24415_537a_43887>
...
040 (217317.462.000) 2020-11-28 19:43:26 Finished transferring input files
...
001 (217317.462.000) 2020-11-28 19:43:27 Job executing on host: <128.104.58.202:9618?addrs=128.104.58.202-9618+[2607-f388-1086-0-5287-89ff-feb7-2cc2]-9618&alias=e458.chtc.wisc.edu&noUDP&sock=startd_2012_a4a3>
...
006 (217317.462.000) 2020-11-28 19:43:35 Image size of job updated: 201096
	197  -  MemoryUsage of job (MB)
	201096  -  ResidentSetSize of job (KB)
...
006 (217317.462.000) 2020-11-28 19:44:06 Image size of job updated: 201096
	203  -  MemoryUsage of job (MB)
	207496  -  ResidentSetSize of job (KB)
...
040 (217317.462.000) 2020-11-28 19:44:06 Started transferring output files
...
040 (217317.462.000) 2020-11-28 19:44:06 Finished transferring output files
...
005 (217317.462.000) 2020-11-28 19:44:06 Job terminated.
	(1) Normal termination (return value 0)
		Usr 0 00:00:37, Sys 0 00:00:00  -  Run Remote Usage
		Usr 0 00:00:00, Sys 0 00:00:00  -  Run Local Usage
		Usr 0 00:00:37, Sys 0 00:00:00  -  Total Remote Usage
		Usr 0 00:00:00, Sys 0 00:00:00  -  Total Local Usage
	2299  -  Run Bytes Sent By Job
	2381633  -  Run Bytes Received By Job
	2299  -  Total Bytes Sent By Job
	2381633  -  Total Bytes Received By Job
	Partitionable Resources :    Usage  Request Allocated 
	   Cpus                 :                 1         1 
	   Disk (KB)            :   152311  1048576   1324085 
	   IoHeavy              :                           0 
	   Memory (MB)          :      203     1024      1024 

	Job terminated of its own accord at 2020-11-29T01:44:06Z.
...
