000 (217304.382.000) 2020-11-28 18:02:57 Job submitted from host: <128.104.100.148:9618?addrs=128.104.100.148-9618+[2607-f388-107c-501-216-3eff-feb2-bc11]-9618&alias=learn.chtc.wisc.edu&noUDP&sock=schedd_2128_35a0>
...
040 (217304.382.000) 2020-11-28 18:09:44 Started transferring input files
	Transferring to host: <128.105.245.210:9618?addrs=128.105.245.210-9618&alias=e2410.chtc.wisc.edu&noUDP&sock=slot1_7_20071_95c9_43092>
...
040 (217304.382.000) 2020-11-28 18:09:48 Finished transferring input files
...
001 (217304.382.000) 2020-11-28 18:09:49 Job executing on host: <128.105.245.210:9618?addrs=128.105.245.210-9618&alias=e2410.chtc.wisc.edu&noUDP&sock=startd_13121_7e3c>
...
006 (217304.382.000) 2020-11-28 18:09:57 Image size of job updated: 221160
	216  -  MemoryUsage of job (MB)
	221160  -  ResidentSetSize of job (KB)
...
040 (217304.382.000) 2020-11-28 18:11:01 Started transferring output files
...
040 (217304.382.000) 2020-11-28 18:11:01 Finished transferring output files
...
005 (217304.382.000) 2020-11-28 18:11:01 Job terminated.
	(1) Normal termination (return value 0)
		Usr 0 00:01:08, Sys 0 00:00:00  -  Run Remote Usage
		Usr 0 00:00:00, Sys 0 00:00:00  -  Run Local Usage
		Usr 0 00:01:08, Sys 0 00:00:00  -  Total Remote Usage
		Usr 0 00:00:00, Sys 0 00:00:00  -  Total Local Usage
	2498  -  Run Bytes Sent By Job
	2297647  -  Run Bytes Received By Job
	2498  -  Total Bytes Sent By Job
	2297647  -  Total Bytes Received By Job
	Partitionable Resources :    Usage  Request Allocated 
	   Cpus                 :                 1         1 
	   Disk (KB)            :   154858  1048576   1472692 
	   IoHeavy              :                           0 
	   Memory (MB)          :      216     1024      1024 

	Job terminated of its own accord at 2020-11-29T00:11:01Z.
...
