000 (217317.399.000) 2020-11-28 19:35:07 Job submitted from host: <128.104.100.148:9618?addrs=128.104.100.148-9618+[2607-f388-107c-501-216-3eff-feb2-bc11]-9618&alias=learn.chtc.wisc.edu&noUDP&sock=schedd_2128_35a0>
...
040 (217317.399.000) 2020-11-28 19:42:54 Started transferring input files
	Transferring to host: <128.104.101.122:9618?addrs=128.104.101.122-9618+[2607-f388-107c-501-4603-a7ff-fe29-9b27]-9618&alias=e122.chtc.wisc.edu&noUDP&sock=slot1_5_31171_8a0d_52074>
...
040 (217317.399.000) 2020-11-28 19:42:58 Finished transferring input files
...
001 (217317.399.000) 2020-11-28 19:42:59 Job executing on host: <128.104.101.122:9618?addrs=128.104.101.122-9618+[2607-f388-107c-501-4603-a7ff-fe29-9b27]-9618&alias=e122.chtc.wisc.edu&noUDP&sock=startd_1654_15bc>
...
006 (217317.399.000) 2020-11-28 19:43:08 Image size of job updated: 232216
	227  -  MemoryUsage of job (MB)
	232216  -  ResidentSetSize of job (KB)
...
040 (217317.399.000) 2020-11-28 19:43:42 Started transferring output files
...
040 (217317.399.000) 2020-11-28 19:43:42 Finished transferring output files
...
005 (217317.399.000) 2020-11-28 19:43:42 Job terminated.
	(1) Normal termination (return value 0)
		Usr 0 00:00:41, Sys 0 00:00:01  -  Run Remote Usage
		Usr 0 00:00:00, Sys 0 00:00:00  -  Run Local Usage
		Usr 0 00:00:41, Sys 0 00:00:01  -  Total Remote Usage
		Usr 0 00:00:00, Sys 0 00:00:00  -  Total Local Usage
	2306  -  Run Bytes Sent By Job
	3224706  -  Run Bytes Received By Job
	2306  -  Total Bytes Sent By Job
	3224706  -  Total Bytes Received By Job
	Partitionable Resources :    Usage  Request Allocated 
	   Cpus                 :                 1         1 
	   Disk (KB)            :   157919  1048576   3409044 
	   IoHeavy              :                           0 
	   Memory (MB)          :      227     1024      1024 

	Job terminated of its own accord at 2020-11-29T01:43:42Z.
...
