000 (217304.629.000) 2020-11-28 18:02:57 Job submitted from host: <128.104.100.148:9618?addrs=128.104.100.148-9618+[2607-f388-107c-501-216-3eff-feb2-bc11]-9618&alias=learn.chtc.wisc.edu&noUDP&sock=schedd_2128_35a0>
...
040 (217304.629.000) 2020-11-28 18:12:01 Started transferring input files
	Transferring to host: <128.105.245.176:9618?addrs=128.105.245.176-9618&alias=e376.chtc.wisc.edu&noUDP&sock=slot1_35_1698_24fe_42882>
...
040 (217304.629.000) 2020-11-28 18:12:04 Finished transferring input files
...
001 (217304.629.000) 2020-11-28 18:12:05 Job executing on host: <128.105.245.176:9618?addrs=128.105.245.176-9618&alias=e376.chtc.wisc.edu&noUDP&sock=startd_36534_dd1b>
...
006 (217304.629.000) 2020-11-28 18:12:14 Image size of job updated: 159472
	156  -  MemoryUsage of job (MB)
	159472  -  ResidentSetSize of job (KB)
...
006 (217304.629.000) 2020-11-28 18:12:15 Image size of job updated: 159472
	158  -  MemoryUsage of job (MB)
	161716  -  ResidentSetSize of job (KB)
...
040 (217304.629.000) 2020-11-28 18:12:15 Started transferring output files
...
040 (217304.629.000) 2020-11-28 18:12:15 Finished transferring output files
...
005 (217304.629.000) 2020-11-28 18:12:15 Job terminated.
	(1) Normal termination (return value 1)
		Usr 0 00:00:01, Sys 0 00:00:00  -  Run Remote Usage
		Usr 0 00:00:00, Sys 0 00:00:00  -  Run Local Usage
		Usr 0 00:00:01, Sys 0 00:00:00  -  Total Remote Usage
		Usr 0 00:00:00, Sys 0 00:00:00  -  Total Local Usage
	1632  -  Run Bytes Sent By Job
	2684106  -  Run Bytes Received By Job
	1632  -  Total Bytes Sent By Job
	2684106  -  Total Bytes Received By Job
	Partitionable Resources :    Usage  Request Allocated 
	   Cpus                 :                 1         1 
	   Disk (KB)            :   156001  1048576   1327424 
	   IoHeavy              :                           0 
	   Memory (MB)          :      158     1024      1024 

	Job terminated of its own accord at 2020-11-29T00:12:15Z.
...
