000 (217317.064.000) 2020-11-28 19:35:07 Job submitted from host: <128.104.100.148:9618?addrs=128.104.100.148-9618+[2607-f388-107c-501-216-3eff-feb2-bc11]-9618&alias=learn.chtc.wisc.edu&noUDP&sock=schedd_2128_35a0>
...
040 (217317.064.000) 2020-11-28 19:37:44 Started transferring input files
	Transferring to host: <128.104.58.170:9618?addrs=128.104.58.170-9618+[2607-f388-1086-0-f24d-a2ff-fe40-fe02]-9618&alias=e1024.chtc.wisc.edu&noUDP&sock=slot1_23_48603_f5d2_42117>
...
040 (217317.064.000) 2020-11-28 19:37:46 Finished transferring input files
...
001 (217317.064.000) 2020-11-28 19:37:47 Job executing on host: <128.104.58.170:9618?addrs=128.104.58.170-9618+[2607-f388-1086-0-f24d-a2ff-fe40-fe02]-9618&alias=e1024.chtc.wisc.edu&noUDP&sock=startd_5278_d8f3>
...
006 (217317.064.000) 2020-11-28 19:37:56 Image size of job updated: 205020
	201  -  MemoryUsage of job (MB)
	205020  -  ResidentSetSize of job (KB)
...
040 (217317.064.000) 2020-11-28 19:38:47 Started transferring output files
...
040 (217317.064.000) 2020-11-28 19:38:47 Finished transferring output files
...
005 (217317.064.000) 2020-11-28 19:38:47 Job terminated.
	(1) Normal termination (return value 0)
		Usr 0 00:00:58, Sys 0 00:00:02  -  Run Remote Usage
		Usr 0 00:00:00, Sys 0 00:00:00  -  Run Local Usage
		Usr 0 00:00:58, Sys 0 00:00:02  -  Total Remote Usage
		Usr 0 00:00:00, Sys 0 00:00:00  -  Total Local Usage
	2236  -  Run Bytes Sent By Job
	2229858  -  Run Bytes Received By Job
	2236  -  Total Bytes Sent By Job
	2229858  -  Total Bytes Received By Job
	Partitionable Resources :     Usage  Request Allocated 
	   Cpus                 :      0.95        1         1 
	   Disk (KB)            : 152489     1048576   1330547 
	   IoHeavy              :                            0 
	   Memory (MB)          :    201        1024      1024 

	Job terminated of its own accord at 2020-11-29T01:38:47Z.
...
