000 (217317.527.000) 2020-11-28 19:35:07 Job submitted from host: <128.104.100.148:9618?addrs=128.104.100.148-9618+[2607-f388-107c-501-216-3eff-feb2-bc11]-9618&alias=learn.chtc.wisc.edu&noUDP&sock=schedd_2128_35a0>
...
040 (217317.527.000) 2020-11-28 19:43:58 Started transferring input files
	Transferring to host: <128.104.100.90:9618?addrs=128.104.100.90-9618+[2607-f388-107c-501-62eb-69ff-fe82-47ae]-9618&alias=e0017.chtc.wisc.edu&noUDP&sock=slot1_10_31449_6a58_50934>
...
040 (217317.527.000) 2020-11-28 19:44:00 Finished transferring input files
...
001 (217317.527.000) 2020-11-28 19:44:01 Job executing on host: <128.104.100.90:9618?addrs=128.104.100.90-9618+[2607-f388-107c-501-62eb-69ff-fe82-47ae]-9618&alias=e0017.chtc.wisc.edu&noUDP&sock=startd_4025_64c8>
...
006 (217317.527.000) 2020-11-28 19:44:09 Image size of job updated: 207244
	203  -  MemoryUsage of job (MB)
	207244  -  ResidentSetSize of job (KB)
...
040 (217317.527.000) 2020-11-28 19:44:59 Started transferring output files
...
040 (217317.527.000) 2020-11-28 19:44:59 Finished transferring output files
...
005 (217317.527.000) 2020-11-28 19:44:59 Job terminated.
	(1) Normal termination (return value 0)
		Usr 0 00:00:57, Sys 0 00:00:00  -  Run Remote Usage
		Usr 0 00:00:00, Sys 0 00:00:00  -  Run Local Usage
		Usr 0 00:00:57, Sys 0 00:00:00  -  Total Remote Usage
		Usr 0 00:00:00, Sys 0 00:00:00  -  Total Local Usage
	2328  -  Run Bytes Sent By Job
	2680965  -  Run Bytes Received By Job
	2328  -  Total Bytes Sent By Job
	2680965  -  Total Bytes Received By Job
	Partitionable Resources :    Usage  Request Allocated 
	   Cpus                 :                 1         1 
	   Disk (KB)            :   154131  1048576   1815632 
	   IoHeavy              :                           0 
	   Memory (MB)          :      203     1024      1024 

	Job terminated of its own accord at 2020-11-29T01:44:59Z.
...
