000 (217304.673.000) 2020-11-28 18:02:57 Job submitted from host: <128.104.100.148:9618?addrs=128.104.100.148-9618+[2607-f388-107c-501-216-3eff-feb2-bc11]-9618&alias=learn.chtc.wisc.edu&noUDP&sock=schedd_2128_35a0>
...
040 (217304.673.000) 2020-11-28 18:12:19 Started transferring input files
	Transferring to host: <128.104.58.176:9618?addrs=128.104.58.176-9618+[2607-f388-1086-0-16fe-b5ff-fec6-7498]-9618&alias=e1031.chtc.wisc.edu&noUDP&sock=slot1_28_40486_cca7_42685>
...
040 (217304.673.000) 2020-11-28 18:12:21 Finished transferring input files
...
001 (217304.673.000) 2020-11-28 18:12:22 Job executing on host: <128.104.58.176:9618?addrs=128.104.58.176-9618+[2607-f388-1086-0-16fe-b5ff-fec6-7498]-9618&alias=e1031.chtc.wisc.edu&noUDP&sock=startd_5566_643a>
...
006 (217304.673.000) 2020-11-28 18:12:31 Image size of job updated: 215496
	211  -  MemoryUsage of job (MB)
	215496  -  ResidentSetSize of job (KB)
...
040 (217304.673.000) 2020-11-28 18:13:32 Started transferring output files
...
040 (217304.673.000) 2020-11-28 18:13:33 Finished transferring output files
...
005 (217304.673.000) 2020-11-28 18:13:33 Job terminated.
	(1) Normal termination (return value 0)
		Usr 0 00:01:08, Sys 0 00:00:02  -  Run Remote Usage
		Usr 0 00:00:00, Sys 0 00:00:00  -  Run Local Usage
		Usr 0 00:01:08, Sys 0 00:00:02  -  Total Remote Usage
		Usr 0 00:00:00, Sys 0 00:00:00  -  Total Local Usage
	2304  -  Run Bytes Sent By Job
	2480160  -  Run Bytes Received By Job
	2304  -  Total Bytes Sent By Job
	2480160  -  Total Bytes Received By Job
	Partitionable Resources :    Usage  Request Allocated 
	   Cpus                 :                 1         1 
	   Disk (KB)            :   154955  1048576   1331806 
	   IoHeavy              :                           0 
	   Memory (MB)          :      211     1024      1024 

	Job terminated of its own accord at 2020-11-29T00:13:32Z.
...
