000 (217317.814.000) 2020-11-28 19:35:07 Job submitted from host: <128.104.100.148:9618?addrs=128.104.100.148-9618+[2607-f388-107c-501-216-3eff-feb2-bc11]-9618&alias=learn.chtc.wisc.edu&noUDP&sock=schedd_2128_35a0>
...
040 (217317.814.000) 2020-11-28 19:46:13 Started transferring input files
	Transferring to host: <128.104.101.29:9618?addrs=128.104.101.29-9618+[2607-f388-107c-501-a6ba-dbff-fe38-fd44]-9618&alias=e0058.chtc.wisc.edu&noUDP&sock=slot1_12_17021_958d_49887>
...
040 (217317.814.000) 2020-11-28 19:46:15 Finished transferring input files
...
001 (217317.814.000) 2020-11-28 19:46:16 Job executing on host: <128.104.101.29:9618?addrs=128.104.101.29-9618+[2607-f388-107c-501-a6ba-dbff-fe38-fd44]-9618&alias=e0058.chtc.wisc.edu&noUDP&sock=startd_4889_069c>
...
006 (217317.814.000) 2020-11-28 19:46:24 Image size of job updated: 190948
	187  -  MemoryUsage of job (MB)
	190948  -  ResidentSetSize of job (KB)
...
040 (217317.814.000) 2020-11-28 19:46:48 Started transferring output files
...
040 (217317.814.000) 2020-11-28 19:46:48 Finished transferring output files
...
005 (217317.814.000) 2020-11-28 19:46:48 Job terminated.
	(1) Normal termination (return value 0)
		Usr 0 00:00:32, Sys 0 00:00:00  -  Run Remote Usage
		Usr 0 00:00:00, Sys 0 00:00:00  -  Run Local Usage
		Usr 0 00:00:32, Sys 0 00:00:00  -  Total Remote Usage
		Usr 0 00:00:00, Sys 0 00:00:00  -  Total Local Usage
	2305  -  Run Bytes Sent By Job
	1450001  -  Run Bytes Received By Job
	2305  -  Total Bytes Sent By Job
	1450001  -  Total Bytes Received By Job
	Partitionable Resources :     Usage  Request Allocated 
	   Cpus                 :      1.00        1         1 
	   Disk (KB)            : 148751     1048576   1352912 
	   IoHeavy              :                            0 
	   Memory (MB)          :    187        1024      1024 

	Job terminated of its own accord at 2020-11-29T01:46:48Z.
...
