000 (217300.000.000) 2020-11-28 17:19:41 Job submitted from host: <128.104.100.148:9618?addrs=128.104.100.148-9618+[2607-f388-107c-501-216-3eff-feb2-bc11]-9618&alias=learn.chtc.wisc.edu&noUDP&sock=schedd_2128_35a0>
...
040 (217300.000.000) 2020-11-28 17:21:29 Started transferring input files
	Transferring to host: <128.105.245.56:9618?addrs=128.105.245.56-9618&alias=e3256.chtc.wisc.edu&noUDP&sock=slot1_2_28068_31ee_39671>
...
040 (217300.000.000) 2020-11-28 17:21:29 Finished transferring input files
...
001 (217300.000.000) 2020-11-28 17:21:30 Job executing on host: <128.105.245.56:9618?addrs=128.105.245.56-9618&alias=e3256.chtc.wisc.edu&noUDP&sock=startd_3020_0c1a>
...
006 (217300.000.000) 2020-11-28 17:21:30 Image size of job updated: 13680
	14  -  MemoryUsage of job (MB)
	13680  -  ResidentSetSize of job (KB)
...
040 (217300.000.000) 2020-11-28 17:21:30 Started transferring output files
...
040 (217300.000.000) 2020-11-28 17:21:30 Finished transferring output files
...
005 (217300.000.000) 2020-11-28 17:21:30 Job terminated.
	(1) Normal termination (return value 127)
		Usr 0 00:00:00, Sys 0 00:00:00  -  Run Remote Usage
		Usr 0 00:00:00, Sys 0 00:00:00  -  Run Local Usage
		Usr 0 00:00:00, Sys 0 00:00:00  -  Total Remote Usage
		Usr 0 00:00:00, Sys 0 00:00:00  -  Total Local Usage
	479  -  Run Bytes Sent By Job
	2623661  -  Run Bytes Received By Job
	479  -  Total Bytes Sent By Job
	2623661  -  Total Bytes Received By Job
	Partitionable Resources :    Usage  Request Allocated 
	   Cpus                 :                 1         1 
	   Disk (KB)            :    15566  1048576   1817112 
	   IoHeavy              :                           0 
	   Memory (MB)          :       14     1024      1024 

	Job terminated of its own accord at 2020-11-28T23:21:30Z.
...
