000 (217317.104.000) 2020-11-28 19:35:07 Job submitted from host: <128.104.100.148:9618?addrs=128.104.100.148-9618+[2607-f388-107c-501-216-3eff-feb2-bc11]-9618&alias=learn.chtc.wisc.edu&noUDP&sock=schedd_2128_35a0>
...
040 (217317.104.000) 2020-11-28 19:38:25 Started transferring input files
	Transferring to host: <128.104.58.123:9618?addrs=128.104.58.123-9618+[2607-f388-1086-0-67d-7bff-fe41-62ea]-9618&alias=e540.chtc.wisc.edu&noUDP&sock=slot1_4_26039_94bc_38997>
...
040 (217317.104.000) 2020-11-28 19:38:27 Finished transferring input files
...
001 (217317.104.000) 2020-11-28 19:38:28 Job executing on host: <128.104.58.123:9618?addrs=128.104.58.123-9618+[2607-f388-1086-0-67d-7bff-fe41-62ea]-9618&alias=e540.chtc.wisc.edu&noUDP&sock=startd_12509_b647>
...
006 (217317.104.000) 2020-11-28 19:38:36 Image size of job updated: 209980
	206  -  MemoryUsage of job (MB)
	209980  -  ResidentSetSize of job (KB)
...
040 (217317.104.000) 2020-11-28 19:39:24 Started transferring output files
...
040 (217317.104.000) 2020-11-28 19:39:24 Finished transferring output files
...
005 (217317.104.000) 2020-11-28 19:39:24 Job terminated.
	(1) Normal termination (return value 0)
		Usr 0 00:00:55, Sys 0 00:00:00  -  Run Remote Usage
		Usr 0 00:00:00, Sys 0 00:00:00  -  Run Local Usage
		Usr 0 00:00:55, Sys 0 00:00:00  -  Total Remote Usage
		Usr 0 00:00:00, Sys 0 00:00:00  -  Total Local Usage
	2463  -  Run Bytes Sent By Job
	2423130  -  Run Bytes Received By Job
	2463  -  Total Bytes Sent By Job
	2423130  -  Total Bytes Received By Job
	Partitionable Resources :    Usage  Request Allocated 
	   Cpus                 :                 1         1 
	   Disk (KB)            :   153251  1048576  16562528 
	   IoHeavy              :                           0 
	   Memory (MB)          :      206     1024      1024 

	Job terminated of its own accord at 2020-11-29T01:39:24Z.
...
