000 (217317.432.000) 2020-11-28 19:35:07 Job submitted from host: <128.104.100.148:9618?addrs=128.104.100.148-9618+[2607-f388-107c-501-216-3eff-feb2-bc11]-9618&alias=learn.chtc.wisc.edu&noUDP&sock=schedd_2128_35a0>
...
040 (217317.432.000) 2020-11-28 19:43:16 Started transferring input files
	Transferring to host: <128.105.245.244:9618?addrs=128.105.245.244-9618&alias=e444.chtc.wisc.edu&noUDP&sock=slot1_33_26794_8bfb_44385>
...
040 (217317.432.000) 2020-11-28 19:43:19 Finished transferring input files
...
001 (217317.432.000) 2020-11-28 19:43:20 Job executing on host: <128.105.245.244:9618?addrs=128.105.245.244-9618&alias=e444.chtc.wisc.edu&noUDP&sock=startd_4534_867d>
...
006 (217317.432.000) 2020-11-28 19:43:28 Image size of job updated: 221296
	217  -  MemoryUsage of job (MB)
	221296  -  ResidentSetSize of job (KB)
...
040 (217317.432.000) 2020-11-28 19:44:41 Started transferring output files
...
040 (217317.432.000) 2020-11-28 19:44:41 Finished transferring output files
...
005 (217317.432.000) 2020-11-28 19:44:41 Job terminated.
	(1) Normal termination (return value 0)
		Usr 0 00:01:19, Sys 0 00:00:00  -  Run Remote Usage
		Usr 0 00:00:00, Sys 0 00:00:00  -  Run Local Usage
		Usr 0 00:01:19, Sys 0 00:00:00  -  Total Remote Usage
		Usr 0 00:00:00, Sys 0 00:00:00  -  Total Local Usage
	2566  -  Run Bytes Sent By Job
	2848325  -  Run Bytes Received By Job
	2566  -  Total Bytes Sent By Job
	2848325  -  Total Bytes Received By Job
	Partitionable Resources :     Usage  Request Allocated 
	   Cpus                 :      1.00        1         1 
	   Disk (KB)            : 156736     1048576   1342284 
	   IoHeavy              :                            0 
	   Memory (MB)          :    217        1024      1024 

	Job terminated of its own accord at 2020-11-29T01:44:41Z.
...
