000 (217317.375.000) 2020-11-28 19:35:07 Job submitted from host: <128.104.100.148:9618?addrs=128.104.100.148-9618+[2607-f388-107c-501-216-3eff-feb2-bc11]-9618&alias=learn.chtc.wisc.edu&noUDP&sock=schedd_2128_35a0>
...
040 (217317.375.000) 2020-11-28 19:42:32 Started transferring input files
	Transferring to host: <128.104.58.61:9618?addrs=128.104.58.61-9618+[2607-f388-1086-0-a6ba-dbff-fe38-e8c2]-9618&alias=e1062.chtc.wisc.edu&noUDP&sock=slot1_11_27490_f117_40411>
...
040 (217317.375.000) 2020-11-28 19:42:33 Finished transferring input files
...
001 (217317.375.000) 2020-11-28 19:42:34 Job executing on host: <128.104.58.61:9618?addrs=128.104.58.61-9618+[2607-f388-1086-0-a6ba-dbff-fe38-e8c2]-9618&alias=e1062.chtc.wisc.edu&noUDP&sock=startd_14287_45aa>
...
006 (217317.375.000) 2020-11-28 19:42:43 Image size of job updated: 224464
	220  -  MemoryUsage of job (MB)
	224464  -  ResidentSetSize of job (KB)
...
040 (217317.375.000) 2020-11-28 19:43:37 Started transferring output files
...
040 (217317.375.000) 2020-11-28 19:43:37 Finished transferring output files
...
005 (217317.375.000) 2020-11-28 19:43:37 Job terminated.
	(1) Normal termination (return value 0)
		Usr 0 00:01:02, Sys 0 00:00:00  -  Run Remote Usage
		Usr 0 00:00:00, Sys 0 00:00:00  -  Run Local Usage
		Usr 0 00:01:02, Sys 0 00:00:00  -  Total Remote Usage
		Usr 0 00:00:00, Sys 0 00:00:00  -  Total Local Usage
	2367  -  Run Bytes Sent By Job
	3093999  -  Run Bytes Received By Job
	2367  -  Total Bytes Sent By Job
	3093999  -  Total Bytes Received By Job
	Partitionable Resources :    Usage  Request Allocated 
	   Cpus                 :                 1         1 
	   Disk (KB)            :   155562  1048576   1344532 
	   IoHeavy              :                           0 
	   Memory (MB)          :      220     1024      1024 

	Job terminated of its own accord at 2020-11-29T01:43:37Z.
...
