000 (217301.003.000) 2020-11-28 17:24:26 Job submitted from host: <128.104.100.148:9618?addrs=128.104.100.148-9618+[2607-f388-107c-501-216-3eff-feb2-bc11]-9618&alias=learn.chtc.wisc.edu&noUDP&sock=schedd_2128_35a0>
...
040 (217301.003.000) 2020-11-28 17:25:16 Started transferring input files
	Transferring to host: <128.105.245.127:9618?addrs=128.105.245.127-9618&alias=e327.chtc.wisc.edu&noUDP&sock=slot1_29_33554_940e_43552>
...
040 (217301.003.000) 2020-11-28 17:25:17 Finished transferring input files
...
001 (217301.003.000) 2020-11-28 17:25:18 Job executing on host: <128.105.245.127:9618?addrs=128.105.245.127-9618&alias=e327.chtc.wisc.edu&noUDP&sock=startd_2637_5754>
...
006 (217301.003.000) 2020-11-28 17:25:21 Image size of job updated: 110476
	108  -  MemoryUsage of job (MB)
	110476  -  ResidentSetSize of job (KB)
...
040 (217301.003.000) 2020-11-28 17:25:21 Started transferring output files
...
040 (217301.003.000) 2020-11-28 17:25:21 Finished transferring output files
...
005 (217301.003.000) 2020-11-28 17:25:21 Job terminated.
	(1) Normal termination (return value 1)
		Usr 0 00:00:01, Sys 0 00:00:00  -  Run Remote Usage
		Usr 0 00:00:00, Sys 0 00:00:00  -  Run Local Usage
		Usr 0 00:00:01, Sys 0 00:00:00  -  Total Remote Usage
		Usr 0 00:00:00, Sys 0 00:00:00  -  Total Local Usage
	119  -  Run Bytes Sent By Job
	2419888  -  Run Bytes Received By Job
	119  -  Total Bytes Sent By Job
	2419888  -  Total Bytes Received By Job
	Partitionable Resources :    Usage  Request Allocated 
	   Cpus                 :                 1         1 
	   Disk (KB)            :   152950  1048576   1338809 
	   IoHeavy              :                           0 
	   Memory (MB)          :      108     1024      1024 

	Job terminated of its own accord at 2020-11-28T23:25:21Z.
...
