000 (217317.138.000) 2020-11-28 19:35:07 Job submitted from host: <128.104.100.148:9618?addrs=128.104.100.148-9618+[2607-f388-107c-501-216-3eff-feb2-bc11]-9618&alias=learn.chtc.wisc.edu&noUDP&sock=schedd_2128_35a0>
...
040 (217317.138.000) 2020-11-28 19:39:17 Started transferring input files
	Transferring to host: <128.105.245.56:9618?addrs=128.105.245.56-9618&alias=e3256.chtc.wisc.edu&noUDP&sock=slot1_5_28068_31ee_39873>
...
040 (217317.138.000) 2020-11-28 19:39:18 Finished transferring input files
...
001 (217317.138.000) 2020-11-28 19:39:19 Job executing on host: <128.105.245.56:9618?addrs=128.105.245.56-9618&alias=e3256.chtc.wisc.edu&noUDP&sock=startd_3020_0c1a>
...
006 (217317.138.000) 2020-11-28 19:39:28 Image size of job updated: 214008
	209  -  MemoryUsage of job (MB)
	214008  -  ResidentSetSize of job (KB)
...
040 (217317.138.000) 2020-11-28 19:40:42 Started transferring output files
...
040 (217317.138.000) 2020-11-28 19:40:42 Finished transferring output files
...
005 (217317.138.000) 2020-11-28 19:40:42 Job terminated.
	(1) Normal termination (return value 0)
		Usr 0 00:01:11, Sys 0 00:00:00  -  Run Remote Usage
		Usr 0 00:00:00, Sys 0 00:00:00  -  Run Local Usage
		Usr 0 00:01:11, Sys 0 00:00:00  -  Total Remote Usage
		Usr 0 00:00:00, Sys 0 00:00:00  -  Total Local Usage
	2208  -  Run Bytes Sent By Job
	2880626  -  Run Bytes Received By Job
	2208  -  Total Bytes Sent By Job
	2880626  -  Total Bytes Received By Job
	Partitionable Resources :    Usage  Request Allocated 
	   Cpus                 :                 1         1 
	   Disk (KB)            :   157644  1048576   1817112 
	   IoHeavy              :                           0 
	   Memory (MB)          :      209     1024      1024 

	Job terminated of its own accord at 2020-11-29T01:40:42Z.
...
