000 (217304.550.000) 2020-11-28 18:02:57 Job submitted from host: <128.104.100.148:9618?addrs=128.104.100.148-9618+[2607-f388-107c-501-216-3eff-feb2-bc11]-9618&alias=learn.chtc.wisc.edu&noUDP&sock=schedd_2128_35a0>
...
040 (217304.550.000) 2020-11-28 18:11:22 Started transferring input files
	Transferring to host: <128.105.245.65:9618?addrs=128.105.245.65-9618&alias=e265.chtc.wisc.edu&noUDP&sock=slot1_24_26979_e562_46789>
...
040 (217304.550.000) 2020-11-28 18:11:24 Finished transferring input files
...
001 (217304.550.000) 2020-11-28 18:11:25 Job executing on host: <128.105.245.65:9618?addrs=128.105.245.65-9618&alias=e265.chtc.wisc.edu&noUDP&sock=startd_19420_154b>
...
006 (217304.550.000) 2020-11-28 18:11:34 Image size of job updated: 442464
	433  -  MemoryUsage of job (MB)
	442464  -  ResidentSetSize of job (KB)
...
040 (217304.550.000) 2020-11-28 18:12:45 Started transferring output files
...
040 (217304.550.000) 2020-11-28 18:12:45 Finished transferring output files
...
005 (217304.550.000) 2020-11-28 18:12:45 Job terminated.
	(1) Normal termination (return value 0)
		Usr 0 00:01:16, Sys 0 00:00:00  -  Run Remote Usage
		Usr 0 00:00:00, Sys 0 00:00:00  -  Run Local Usage
		Usr 0 00:01:16, Sys 0 00:00:00  -  Total Remote Usage
		Usr 0 00:00:00, Sys 0 00:00:00  -  Total Local Usage
	2190  -  Run Bytes Sent By Job
	2709497  -  Run Bytes Received By Job
	2190  -  Total Bytes Sent By Job
	2709497  -  Total Bytes Received By Job
	Partitionable Resources :     Usage  Request Allocated 
	   Cpus                 :      0.99        1         1 
	   Disk (KB)            : 156341     1048576   1327572 
	   IoHeavy              :                            0 
	   Memory (MB)          :    433        1024      1024 

	Job terminated of its own accord at 2020-11-29T00:12:45Z.
...
