000 (217304.509.000) 2020-11-28 18:02:57 Job submitted from host: <128.104.100.148:9618?addrs=128.104.100.148-9618+[2607-f388-107c-501-216-3eff-feb2-bc11]-9618&alias=learn.chtc.wisc.edu&noUDP&sock=schedd_2128_35a0>
...
040 (217304.509.000) 2020-11-28 18:11:00 Started transferring input files
	Transferring to host: <128.104.101.126:9618?addrs=128.104.101.126-9618+[2607-f388-107c-501-4603-a7ff-fe29-9a3d]-9618&alias=e126.chtc.wisc.edu&noUDP&sock=slot1_8_30713_d63a_51132>
...
040 (217304.509.000) 2020-11-28 18:11:04 Finished transferring input files
...
001 (217304.509.000) 2020-11-28 18:11:05 Job executing on host: <128.104.101.126:9618?addrs=128.104.101.126-9618+[2607-f388-107c-501-4603-a7ff-fe29-9a3d]-9618&alias=e126.chtc.wisc.edu&noUDP&sock=startd_1641_2b00>
...
006 (217304.509.000) 2020-11-28 18:11:14 Image size of job updated: 334780
	327  -  MemoryUsage of job (MB)
	334780  -  ResidentSetSize of job (KB)
...
040 (217304.509.000) 2020-11-28 18:12:04 Started transferring output files
...
040 (217304.509.000) 2020-11-28 18:12:04 Finished transferring output files
...
005 (217304.509.000) 2020-11-28 18:12:04 Job terminated.
	(1) Normal termination (return value 0)
		Usr 0 00:00:56, Sys 0 00:00:00  -  Run Remote Usage
		Usr 0 00:00:00, Sys 0 00:00:00  -  Run Local Usage
		Usr 0 00:00:56, Sys 0 00:00:00  -  Total Remote Usage
		Usr 0 00:00:00, Sys 0 00:00:00  -  Total Local Usage
	2322  -  Run Bytes Sent By Job
	2760558  -  Run Bytes Received By Job
	2322  -  Total Bytes Sent By Job
	2760558  -  Total Bytes Received By Job
	Partitionable Resources :    Usage  Request Allocated 
	   Cpus                 :                 1         1 
	   Disk (KB)            :   159528  1048576   3405086 
	   IoHeavy              :                           0 
	   Memory (MB)          :      327     1024      1024 

	Job terminated of its own accord at 2020-11-29T00:12:04Z.
...
