000 (217317.598.000) 2020-11-28 19:35:07 Job submitted from host: <128.104.100.148:9618?addrs=128.104.100.148-9618+[2607-f388-107c-501-216-3eff-feb2-bc11]-9618&alias=learn.chtc.wisc.edu&noUDP&sock=schedd_2128_35a0>
...
040 (217317.598.000) 2020-11-28 19:44:37 Started transferring input files
	Transferring to host: <128.105.245.172:9618?addrs=128.105.245.172-9618&alias=e2372.chtc.wisc.edu&noUDP&sock=slot1_15_35579_5fc0_39182>
...
040 (217317.598.000) 2020-11-28 19:44:40 Finished transferring input files
...
001 (217317.598.000) 2020-11-28 19:44:41 Job executing on host: <128.105.245.172:9618?addrs=128.105.245.172-9618&alias=e2372.chtc.wisc.edu&noUDP&sock=startd_27233_26bd>
...
006 (217317.598.000) 2020-11-28 19:44:49 Image size of job updated: 218524
	214  -  MemoryUsage of job (MB)
	218524  -  ResidentSetSize of job (KB)
...
040 (217317.598.000) 2020-11-28 19:45:56 Started transferring output files
...
040 (217317.598.000) 2020-11-28 19:45:56 Finished transferring output files
...
005 (217317.598.000) 2020-11-28 19:45:56 Job terminated.
	(1) Normal termination (return value 0)
		Usr 0 00:01:14, Sys 0 00:00:00  -  Run Remote Usage
		Usr 0 00:00:00, Sys 0 00:00:00  -  Run Local Usage
		Usr 0 00:01:14, Sys 0 00:00:00  -  Total Remote Usage
		Usr 0 00:00:00, Sys 0 00:00:00  -  Total Local Usage
	2285  -  Run Bytes Sent By Job
	2620591  -  Run Bytes Received By Job
	2285  -  Total Bytes Sent By Job
	2620591  -  Total Bytes Received By Job
	Partitionable Resources :    Usage  Request Allocated 
	   Cpus                 :                 1         1 
	   Disk (KB)            :   155546  1048576   1458553 
	   IoHeavy              :                           0 
	   Memory (MB)          :      214     1024      1024 

	Job terminated of its own accord at 2020-11-29T01:45:56Z.
...
