000 (217304.594.000) 2020-11-28 18:02:57 Job submitted from host: <128.104.100.148:9618?addrs=128.104.100.148-9618+[2607-f388-107c-501-216-3eff-feb2-bc11]-9618&alias=learn.chtc.wisc.edu&noUDP&sock=schedd_2128_35a0>
...
040 (217304.594.000) 2020-11-28 18:11:43 Started transferring input files
	Transferring to host: <128.105.244.101:9618?addrs=128.105.244.101-9618&alias=e2005.chtc.wisc.edu&noUDP&sock=slot1_20_36904_f4d6_43360>
...
040 (217304.594.000) 2020-11-28 18:11:45 Finished transferring input files
...
001 (217304.594.000) 2020-11-28 18:11:46 Job executing on host: <128.105.244.101:9618?addrs=128.105.244.101-9618&alias=e2005.chtc.wisc.edu&noUDP&sock=startd_7339_85a4>
...
006 (217304.594.000) 2020-11-28 18:11:55 Image size of job updated: 187048
	183  -  MemoryUsage of job (MB)
	187048  -  ResidentSetSize of job (KB)
...
040 (217304.594.000) 2020-11-28 18:12:07 Started transferring output files
...
040 (217304.594.000) 2020-11-28 18:12:07 Finished transferring output files
...
005 (217304.594.000) 2020-11-28 18:12:07 Job terminated.
	(1) Normal termination (return value 0)
		Usr 0 00:00:20, Sys 0 00:00:00  -  Run Remote Usage
		Usr 0 00:00:00, Sys 0 00:00:00  -  Run Local Usage
		Usr 0 00:00:20, Sys 0 00:00:00  -  Total Remote Usage
		Usr 0 00:00:00, Sys 0 00:00:00  -  Total Local Usage
	2608  -  Run Bytes Sent By Job
	1309515  -  Run Bytes Received By Job
	2608  -  Total Bytes Sent By Job
	1309515  -  Total Bytes Received By Job
	Partitionable Resources :    Usage  Request Allocated 
	   Cpus                 :                 1         1 
	   Disk (KB)            :   146895  1048576   2902502 
	   IoHeavy              :                           0 
	   Memory (MB)          :      183     1024      1024 

	Job terminated of its own accord at 2020-11-29T00:12:07Z.
...
