000 (217317.376.000) 2020-11-28 19:35:07 Job submitted from host: <128.104.100.148:9618?addrs=128.104.100.148-9618+[2607-f388-107c-501-216-3eff-feb2-bc11]-9618&alias=learn.chtc.wisc.edu&noUDP&sock=schedd_2128_35a0>
...
040 (217317.376.000) 2020-11-28 19:42:33 Started transferring input files
	Transferring to host: <128.105.245.135:9618?addrs=128.105.245.135-9618&alias=e335.chtc.wisc.edu&noUDP&sock=slot1_3_16240_4c8d_44301>
...
040 (217317.376.000) 2020-11-28 19:42:35 Finished transferring input files
...
001 (217317.376.000) 2020-11-28 19:42:36 Job executing on host: <128.105.245.135:9618?addrs=128.105.245.135-9618&alias=e335.chtc.wisc.edu&noUDP&sock=startd_2604_b4b4>
...
006 (217317.376.000) 2020-11-28 19:42:44 Image size of job updated: 228212
	223  -  MemoryUsage of job (MB)
	228212  -  ResidentSetSize of job (KB)
...
040 (217317.376.000) 2020-11-28 19:43:46 Started transferring output files
...
040 (217317.376.000) 2020-11-28 19:43:46 Finished transferring output files
...
005 (217317.376.000) 2020-11-28 19:43:46 Job terminated.
	(1) Normal termination (return value 0)
		Usr 0 00:01:09, Sys 0 00:00:01  -  Run Remote Usage
		Usr 0 00:00:00, Sys 0 00:00:00  -  Run Local Usage
		Usr 0 00:01:09, Sys 0 00:00:01  -  Total Remote Usage
		Usr 0 00:00:00, Sys 0 00:00:00  -  Total Local Usage
	2283  -  Run Bytes Sent By Job
	2954108  -  Run Bytes Received By Job
	2283  -  Total Bytes Sent By Job
	2954108  -  Total Bytes Received By Job
	Partitionable Resources :    Usage  Request Allocated 
	   Cpus                 :                 1         1 
	   Disk (KB)            :   155408  1048576   1338706 
	   IoHeavy              :                           0 
	   Memory (MB)          :      223     1024      1024 

	Job terminated of its own accord at 2020-11-29T01:43:46Z.
...
