000 (217317.581.000) 2020-11-28 19:35:07 Job submitted from host: <128.104.100.148:9618?addrs=128.104.100.148-9618+[2607-f388-107c-501-216-3eff-feb2-bc11]-9618&alias=learn.chtc.wisc.edu&noUDP&sock=schedd_2128_35a0>
...
040 (217317.581.000) 2020-11-28 19:44:29 Started transferring input files
	Transferring to host: <128.105.244.65:9618?addrs=128.105.244.65-9618&alias=e3185.chtc.wisc.edu&noUDP&sock=slot1_1_19239_5da7_21403>
...
040 (217317.581.000) 2020-11-28 19:44:31 Finished transferring input files
...
001 (217317.581.000) 2020-11-28 19:44:32 Job executing on host: <128.105.244.65:9618?addrs=128.105.244.65-9618&alias=e3185.chtc.wisc.edu&noUDP&sock=startd_19116_9081>
...
006 (217317.581.000) 2020-11-28 19:44:40 Image size of job updated: 207552
	203  -  MemoryUsage of job (MB)
	207552  -  ResidentSetSize of job (KB)
...
040 (217317.581.000) 2020-11-28 19:45:20 Started transferring output files
...
040 (217317.581.000) 2020-11-28 19:45:20 Finished transferring output files
...
005 (217317.581.000) 2020-11-28 19:45:21 Job terminated.
	(1) Normal termination (return value 0)
		Usr 0 00:00:47, Sys 0 00:00:00  -  Run Remote Usage
		Usr 0 00:00:00, Sys 0 00:00:00  -  Run Local Usage
		Usr 0 00:00:47, Sys 0 00:00:00  -  Total Remote Usage
		Usr 0 00:00:00, Sys 0 00:00:00  -  Total Local Usage
	2254  -  Run Bytes Sent By Job
	1828774  -  Run Bytes Received By Job
	2254  -  Total Bytes Sent By Job
	1828774  -  Total Bytes Received By Job
	Partitionable Resources :    Usage  Request Allocated 
	   Cpus                 :                 1         1 
	   Disk (KB)            :   151719  1048576   3650102 
	   IoHeavy              :                           0 
	   Memory (MB)          :      203     1024      1024 

	Job terminated of its own accord at 2020-11-29T01:45:20Z.
...
