000 (217304.095.000) 2020-11-28 18:02:57 Job submitted from host: <128.104.100.148:9618?addrs=128.104.100.148-9618+[2607-f388-107c-501-216-3eff-feb2-bc11]-9618&alias=learn.chtc.wisc.edu&noUDP&sock=schedd_2128_35a0>
...
040 (217304.095.000) 2020-11-28 18:06:08 Started transferring input files
	Transferring to host: <128.105.245.90:9618?addrs=128.105.245.90-9618&alias=e290.chtc.wisc.edu&noUDP&sock=slot1_31_37567_1991_40340>
...
040 (217304.095.000) 2020-11-28 18:06:10 Finished transferring input files
...
001 (217304.095.000) 2020-11-28 18:06:11 Job executing on host: <128.105.245.90:9618?addrs=128.105.245.90-9618&alias=e290.chtc.wisc.edu&noUDP&sock=startd_7195_c001>
...
006 (217304.095.000) 2020-11-28 18:06:20 Image size of job updated: 253276
	248  -  MemoryUsage of job (MB)
	253276  -  ResidentSetSize of job (KB)
...
040 (217304.095.000) 2020-11-28 18:07:47 Started transferring output files
...
040 (217304.095.000) 2020-11-28 18:07:47 Finished transferring output files
...
005 (217304.095.000) 2020-11-28 18:07:47 Job terminated.
	(1) Normal termination (return value 0)
		Usr 0 00:01:28, Sys 0 00:00:00  -  Run Remote Usage
		Usr 0 00:00:00, Sys 0 00:00:00  -  Run Local Usage
		Usr 0 00:01:28, Sys 0 00:00:00  -  Total Remote Usage
		Usr 0 00:00:00, Sys 0 00:00:00  -  Total Local Usage
	2330  -  Run Bytes Sent By Job
	3256231  -  Run Bytes Received By Job
	2330  -  Total Bytes Sent By Job
	3256231  -  Total Bytes Received By Job
	Partitionable Resources :     Usage  Request Allocated 
	   Cpus                 :      0.87        1         1 
	   Disk (KB)            : 158058     1048576   1325552 
	   IoHeavy              :                            0 
	   Memory (MB)          :    248        1024      1024 

	Job terminated of its own accord at 2020-11-29T00:07:47Z.
...
