000 (217304.038.000) 2020-11-28 18:02:57 Job submitted from host: <128.104.100.148:9618?addrs=128.104.100.148-9618+[2607-f388-107c-501-216-3eff-feb2-bc11]-9618&alias=learn.chtc.wisc.edu&noUDP&sock=schedd_2128_35a0>
...
040 (217304.038.000) 2020-11-28 18:04:38 Started transferring input files
	Transferring to host: <128.105.245.94:9618?addrs=128.105.245.94-9618&alias=e2294.chtc.wisc.edu&noUDP&sock=slot1_15_29323_74c1_44486>
...
040 (217304.038.000) 2020-11-28 18:04:42 Finished transferring input files
...
001 (217304.038.000) 2020-11-28 18:04:43 Job executing on host: <128.105.245.94:9618?addrs=128.105.245.94-9618&alias=e2294.chtc.wisc.edu&noUDP&sock=startd_2178_815c>
...
006 (217304.038.000) 2020-11-28 18:04:52 Image size of job updated: 84656
	83  -  MemoryUsage of job (MB)
	84656  -  ResidentSetSize of job (KB)
...
006 (217304.038.000) 2020-11-28 18:05:24 Image size of job updated: 107592
	106  -  MemoryUsage of job (MB)
	107592  -  ResidentSetSize of job (KB)
...
040 (217304.038.000) 2020-11-28 18:05:24 Started transferring output files
...
040 (217304.038.000) 2020-11-28 18:05:24 Finished transferring output files
...
005 (217304.038.000) 2020-11-28 18:05:25 Job terminated.
	(1) Normal termination (return value 0)
		Usr 0 00:00:30, Sys 0 00:00:00  -  Run Remote Usage
		Usr 0 00:00:00, Sys 0 00:00:00  -  Run Local Usage
		Usr 0 00:00:30, Sys 0 00:00:00  -  Total Remote Usage
		Usr 0 00:00:00, Sys 0 00:00:00  -  Total Local Usage
	2291  -  Run Bytes Sent By Job
	1603921  -  Run Bytes Received By Job
	2291  -  Total Bytes Sent By Job
	1603921  -  Total Bytes Received By Job
	Partitionable Resources :     Usage  Request Allocated 
	   Cpus                 :      0.09        1         1 
	   Disk (KB)            : 149654     1048576   1207444 
	   IoHeavy              :                            0 
	   Memory (MB)          :    106        1024      1024 

	Job terminated of its own accord at 2020-11-29T00:05:24Z.
...
