000 (217317.560.000) 2020-11-28 19:35:07 Job submitted from host: <128.104.100.148:9618?addrs=128.104.100.148-9618+[2607-f388-107c-501-216-3eff-feb2-bc11]-9618&alias=learn.chtc.wisc.edu&noUDP&sock=schedd_2128_35a0>
...
040 (217317.560.000) 2020-11-28 19:44:22 Started transferring input files
	Transferring to host: <128.105.245.244:9618?addrs=128.105.245.244-9618&alias=e444.chtc.wisc.edu&noUDP&sock=slot1_30_26794_8bfb_44386>
...
040 (217317.560.000) 2020-11-28 19:44:24 Finished transferring input files
...
001 (217317.560.000) 2020-11-28 19:44:25 Job executing on host: <128.105.245.244:9618?addrs=128.105.245.244-9618&alias=e444.chtc.wisc.edu&noUDP&sock=startd_4534_867d>
...
006 (217317.560.000) 2020-11-28 19:44:34 Image size of job updated: 209352
	205  -  MemoryUsage of job (MB)
	209352  -  ResidentSetSize of job (KB)
...
040 (217317.560.000) 2020-11-28 19:45:29 Started transferring output files
...
040 (217317.560.000) 2020-11-28 19:45:29 Finished transferring output files
...
005 (217317.560.000) 2020-11-28 19:45:29 Job terminated.
	(1) Normal termination (return value 0)
		Usr 0 00:01:01, Sys 0 00:00:00  -  Run Remote Usage
		Usr 0 00:00:00, Sys 0 00:00:00  -  Run Local Usage
		Usr 0 00:01:01, Sys 0 00:00:00  -  Total Remote Usage
		Usr 0 00:00:00, Sys 0 00:00:00  -  Total Local Usage
	2181  -  Run Bytes Sent By Job
	1973513  -  Run Bytes Received By Job
	2181  -  Total Bytes Sent By Job
	1973513  -  Total Bytes Received By Job
	Partitionable Resources :    Usage  Request Allocated 
	   Cpus                 :                 1         1 
	   Disk (KB)            :   152083  1048576   1342284 
	   IoHeavy              :                           0 
	   Memory (MB)          :      205     1024      1024 

	Job terminated of its own accord at 2020-11-29T01:45:29Z.
...
