000 (217304.084.000) 2020-11-28 18:02:57 Job submitted from host: <128.104.100.148:9618?addrs=128.104.100.148-9618+[2607-f388-107c-501-216-3eff-feb2-bc11]-9618&alias=learn.chtc.wisc.edu&noUDP&sock=schedd_2128_35a0>
...
040 (217304.084.000) 2020-11-28 18:05:56 Started transferring input files
	Transferring to host: <128.104.58.169:9618?addrs=128.104.58.169-9618+[2607-f388-1086-0-16fe-b5ff-fec6-6e68]-9618&alias=e1023.chtc.wisc.edu&noUDP&sock=slot1_34_15341_df49_43110>
...
040 (217304.084.000) 2020-11-28 18:05:57 Finished transferring input files
...
001 (217304.084.000) 2020-11-28 18:05:59 Job executing on host: <128.104.58.169:9618?addrs=128.104.58.169-9618+[2607-f388-1086-0-16fe-b5ff-fec6-6e68]-9618&alias=e1023.chtc.wisc.edu&noUDP&sock=startd_5441_a6e3>
...
006 (217304.084.000) 2020-11-28 18:06:08 Image size of job updated: 203356
	199  -  MemoryUsage of job (MB)
	203356  -  ResidentSetSize of job (KB)
...
040 (217304.084.000) 2020-11-28 18:06:51 Started transferring output files
...
040 (217304.084.000) 2020-11-28 18:06:51 Finished transferring output files
...
005 (217304.084.000) 2020-11-28 18:06:51 Job terminated.
	(1) Normal termination (return value 0)
		Usr 0 00:00:49, Sys 0 00:00:01  -  Run Remote Usage
		Usr 0 00:00:00, Sys 0 00:00:00  -  Run Local Usage
		Usr 0 00:00:49, Sys 0 00:00:01  -  Total Remote Usage
		Usr 0 00:00:00, Sys 0 00:00:00  -  Total Local Usage
	2281  -  Run Bytes Sent By Job
	1739245  -  Run Bytes Received By Job
	2281  -  Total Bytes Sent By Job
	1739245  -  Total Bytes Received By Job
	Partitionable Resources :    Usage  Request Allocated 
	   Cpus                 :                 1         1 
	   Disk (KB)            :   151779  1048576   1316749 
	   IoHeavy              :                           0 
	   Memory (MB)          :      199     1024      1024 

	Job terminated of its own accord at 2020-11-29T00:06:51Z.
...
