000 (217304.768.000) 2020-11-28 18:02:57 Job submitted from host: <128.104.100.148:9618?addrs=128.104.100.148-9618+[2607-f388-107c-501-216-3eff-feb2-bc11]-9618&alias=learn.chtc.wisc.edu&noUDP&sock=schedd_2128_35a0>
...
040 (217304.768.000) 2020-11-28 18:13:01 Started transferring input files
	Transferring to host: <128.104.58.181:9618?addrs=128.104.58.181-9618+[2607-f388-1086-0-16fe-b5ff-fec6-7f7e]-9618&alias=e1037.chtc.wisc.edu&noUDP&sock=slot1_16_31267_2e11_42340>
...
040 (217304.768.000) 2020-11-28 18:13:02 Finished transferring input files
...
001 (217304.768.000) 2020-11-28 18:13:04 Job executing on host: <128.104.58.181:9618?addrs=128.104.58.181-9618+[2607-f388-1086-0-16fe-b5ff-fec6-7f7e]-9618&alias=e1037.chtc.wisc.edu&noUDP&sock=startd_5593_e949>
...
006 (217304.768.000) 2020-11-28 18:13:12 Image size of job updated: 204604
	200  -  MemoryUsage of job (MB)
	204604  -  ResidentSetSize of job (KB)
...
040 (217304.768.000) 2020-11-28 18:14:05 Started transferring output files
...
040 (217304.768.000) 2020-11-28 18:14:05 Finished transferring output files
...
005 (217304.768.000) 2020-11-28 18:14:05 Job terminated.
	(1) Normal termination (return value 0)
		Usr 0 00:00:58, Sys 0 00:00:00  -  Run Remote Usage
		Usr 0 00:00:00, Sys 0 00:00:00  -  Run Local Usage
		Usr 0 00:00:58, Sys 0 00:00:00  -  Total Remote Usage
		Usr 0 00:00:00, Sys 0 00:00:00  -  Total Local Usage
	2466  -  Run Bytes Sent By Job
	2278692  -  Run Bytes Received By Job
	2466  -  Total Bytes Sent By Job
	2278692  -  Total Bytes Received By Job
	Partitionable Resources :    Usage  Request Allocated 
	   Cpus                 :                 1         1 
	   Disk (KB)            :   151229  1048576   1204460 
	   IoHeavy              :                           0 
	   Memory (MB)          :      200     1024      1024 

	Job terminated of its own accord at 2020-11-29T00:14:05Z.
...
