000 (217304.523.000) 2020-11-28 18:02:57 Job submitted from host: <128.104.100.148:9618?addrs=128.104.100.148-9618+[2607-f388-107c-501-216-3eff-feb2-bc11]-9618&alias=learn.chtc.wisc.edu&noUDP&sock=schedd_2128_35a0>
...
040 (217304.523.000) 2020-11-28 18:11:06 Started transferring input files
	Transferring to host: <128.104.101.140:9618?addrs=128.104.101.140-9618+[2607-f388-107c-501-4603-a7ff-fe0b-893b]-9618&alias=e140.chtc.wisc.edu&noUDP&sock=slot1_3_5129_982a_54651>
...
040 (217304.523.000) 2020-11-28 18:11:09 Finished transferring input files
...
001 (217304.523.000) 2020-11-28 18:11:10 Job executing on host: <128.104.101.140:9618?addrs=128.104.101.140-9618+[2607-f388-107c-501-4603-a7ff-fe0b-893b]-9618&alias=e140.chtc.wisc.edu&noUDP&sock=startd_3869_6402>
...
006 (217304.523.000) 2020-11-28 18:11:19 Image size of job updated: 210732
	206  -  MemoryUsage of job (MB)
	210732  -  ResidentSetSize of job (KB)
...
040 (217304.523.000) 2020-11-28 18:12:26 Started transferring output files
...
040 (217304.523.000) 2020-11-28 18:12:26 Finished transferring output files
...
005 (217304.523.000) 2020-11-28 18:12:26 Job terminated.
	(1) Normal termination (return value 0)
		Usr 0 00:01:14, Sys 0 00:00:01  -  Run Remote Usage
		Usr 0 00:00:00, Sys 0 00:00:00  -  Run Local Usage
		Usr 0 00:01:14, Sys 0 00:00:01  -  Total Remote Usage
		Usr 0 00:00:00, Sys 0 00:00:00  -  Total Local Usage
	2278  -  Run Bytes Sent By Job
	3046043  -  Run Bytes Received By Job
	2278  -  Total Bytes Sent By Job
	3046043  -  Total Bytes Received By Job
	Partitionable Resources :     Usage  Request Allocated 
	   Cpus                 :      0.99        1         1 
	   Disk (KB)            : 158139     1048576   3405528 
	   IoHeavy              :                            0 
	   Memory (MB)          :    206        1024      1024 

	Job terminated of its own accord at 2020-11-29T00:12:26Z.
...
