000 (217317.287.000) 2020-11-28 19:35:07 Job submitted from host: <128.104.100.148:9618?addrs=128.104.100.148-9618+[2607-f388-107c-501-216-3eff-feb2-bc11]-9618&alias=learn.chtc.wisc.edu&noUDP&sock=schedd_2128_35a0>
...
040 (217317.287.000) 2020-11-28 19:41:33 Started transferring input files
	Transferring to host: <128.104.58.176:9618?addrs=128.104.58.176-9618+[2607-f388-1086-0-16fe-b5ff-fec6-7498]-9618&alias=e1031.chtc.wisc.edu&noUDP&sock=slot1_20_40486_cca7_42800>
...
040 (217317.287.000) 2020-11-28 19:41:35 Finished transferring input files
...
001 (217317.287.000) 2020-11-28 19:41:36 Job executing on host: <128.104.58.176:9618?addrs=128.104.58.176-9618+[2607-f388-1086-0-16fe-b5ff-fec6-7498]-9618&alias=e1031.chtc.wisc.edu&noUDP&sock=startd_5566_643a>
...
006 (217317.287.000) 2020-11-28 19:41:44 Image size of job updated: 216900
	212  -  MemoryUsage of job (MB)
	216900  -  ResidentSetSize of job (KB)
...
040 (217317.287.000) 2020-11-28 19:42:52 Started transferring output files
...
040 (217317.287.000) 2020-11-28 19:42:52 Finished transferring output files
...
005 (217317.287.000) 2020-11-28 19:42:52 Job terminated.
	(1) Normal termination (return value 0)
		Usr 0 00:01:12, Sys 0 00:00:01  -  Run Remote Usage
		Usr 0 00:00:00, Sys 0 00:00:00  -  Run Local Usage
		Usr 0 00:01:12, Sys 0 00:00:01  -  Total Remote Usage
		Usr 0 00:00:00, Sys 0 00:00:00  -  Total Local Usage
	2282  -  Run Bytes Sent By Job
	2455905  -  Run Bytes Received By Job
	2282  -  Total Bytes Sent By Job
	2455905  -  Total Bytes Received By Job
	Partitionable Resources :     Usage  Request Allocated 
	   Cpus                 :      0.91        1         1 
	   Disk (KB)            : 154771     1048576   1331806 
	   IoHeavy              :                            0 
	   Memory (MB)          :    212        1024      1024 

	Job terminated of its own accord at 2020-11-29T01:42:52Z.
...
