000 (217304.562.000) 2020-11-28 18:02:57 Job submitted from host: <128.104.100.148:9618?addrs=128.104.100.148-9618+[2607-f388-107c-501-216-3eff-feb2-bc11]-9618&alias=learn.chtc.wisc.edu&noUDP&sock=schedd_2128_35a0>
...
040 (217304.562.000) 2020-11-28 18:11:27 Started transferring input files
	Transferring to host: <128.104.101.129:9618?addrs=128.104.101.129-9618+[2607-f388-107c-501-4603-a7ff-fe29-9989]-9618&alias=e129.chtc.wisc.edu&noUDP&sock=slot1_22_7366_c365_51555>
...
040 (217304.562.000) 2020-11-28 18:11:32 Finished transferring input files
...
001 (217304.562.000) 2020-11-28 18:11:33 Job executing on host: <128.104.101.129:9618?addrs=128.104.101.129-9618+[2607-f388-107c-501-4603-a7ff-fe29-9989]-9618&alias=e129.chtc.wisc.edu&noUDP&sock=startd_2181_9025>
...
006 (217304.562.000) 2020-11-28 18:11:42 Image size of job updated: 203436
	199  -  MemoryUsage of job (MB)
	203436  -  ResidentSetSize of job (KB)
...
040 (217304.562.000) 2020-11-28 18:12:44 Started transferring output files
...
040 (217304.562.000) 2020-11-28 18:12:44 Finished transferring output files
...
005 (217304.562.000) 2020-11-28 18:12:44 Job terminated.
	(1) Normal termination (return value 0)
		Usr 0 00:01:07, Sys 0 00:00:01  -  Run Remote Usage
		Usr 0 00:00:00, Sys 0 00:00:00  -  Run Local Usage
		Usr 0 00:01:07, Sys 0 00:00:01  -  Total Remote Usage
		Usr 0 00:00:00, Sys 0 00:00:00  -  Total Local Usage
	2245  -  Run Bytes Sent By Job
	2869673  -  Run Bytes Received By Job
	2245  -  Total Bytes Sent By Job
	2869673  -  Total Bytes Received By Job
	Partitionable Resources :     Usage  Request Allocated 
	   Cpus                 :      1.00        1         1 
	   Disk (KB)            : 155563     1048576   3405532 
	   IoHeavy              :                            0 
	   Memory (MB)          :    199        1024      1024 

	Job terminated of its own accord at 2020-11-29T00:12:44Z.
...
