000 (217304.501.000) 2020-11-28 18:02:57 Job submitted from host: <128.104.100.148:9618?addrs=128.104.100.148-9618+[2607-f388-107c-501-216-3eff-feb2-bc11]-9618&alias=learn.chtc.wisc.edu&noUDP&sock=schedd_2128_35a0>
...
040 (217304.501.000) 2020-11-28 18:10:56 Started transferring input files
	Transferring to host: <128.104.58.173:9618?addrs=128.104.58.173-9618+[2607-f388-1086-0-16fe-b5ff-fec6-7f99]-9618&alias=e1027.chtc.wisc.edu&noUDP&sock=slot1_42_30784_dcdd_42110>
...
040 (217304.501.000) 2020-11-28 18:10:58 Finished transferring input files
...
001 (217304.501.000) 2020-11-28 18:10:59 Job executing on host: <128.104.58.173:9618?addrs=128.104.58.173-9618+[2607-f388-1086-0-16fe-b5ff-fec6-7f99]-9618&alias=e1027.chtc.wisc.edu&noUDP&sock=startd_5391_5b27>
...
006 (217304.501.000) 2020-11-28 18:11:09 Image size of job updated: 212036
	208  -  MemoryUsage of job (MB)
	212036  -  ResidentSetSize of job (KB)
...
040 (217304.501.000) 2020-11-28 18:12:13 Started transferring output files
...
040 (217304.501.000) 2020-11-28 18:12:13 Finished transferring output files
...
005 (217304.501.000) 2020-11-28 18:12:13 Job terminated.
	(1) Normal termination (return value 0)
		Usr 0 00:01:10, Sys 0 00:00:01  -  Run Remote Usage
		Usr 0 00:00:00, Sys 0 00:00:00  -  Run Local Usage
		Usr 0 00:01:10, Sys 0 00:00:01  -  Total Remote Usage
		Usr 0 00:00:00, Sys 0 00:00:00  -  Total Local Usage
	2324  -  Run Bytes Sent By Job
	2739426  -  Run Bytes Received By Job
	2324  -  Total Bytes Sent By Job
	2739426  -  Total Bytes Received By Job
	Partitionable Resources :    Usage  Request Allocated 
	   Cpus                 :                 1         1 
	   Disk (KB)            :   154757  1048576   1497963 
	   IoHeavy              :                           0 
	   Memory (MB)          :      208     1024      1024 

	Job terminated of its own accord at 2020-11-29T00:12:13Z.
...
