000 (217317.030.000) 2020-11-28 19:35:07 Job submitted from host: <128.104.100.148:9618?addrs=128.104.100.148-9618+[2607-f388-107c-501-216-3eff-feb2-bc11]-9618&alias=learn.chtc.wisc.edu&noUDP&sock=schedd_2128_35a0>
...
040 (217317.030.000) 2020-11-28 19:36:56 Started transferring input files
	Transferring to host: <128.105.245.53:9618?addrs=128.105.245.53-9618&alias=e3253.chtc.wisc.edu&noUDP&sock=slot1_7_15652_fff6_39692>
...
040 (217317.030.000) 2020-11-28 19:36:58 Finished transferring input files
...
001 (217317.030.000) 2020-11-28 19:36:59 Job executing on host: <128.105.245.53:9618?addrs=128.105.245.53-9618&alias=e3253.chtc.wisc.edu&noUDP&sock=startd_1885_881c>
...
006 (217317.030.000) 2020-11-28 19:37:07 Image size of job updated: 210252
	206  -  MemoryUsage of job (MB)
	210252  -  ResidentSetSize of job (KB)
...
040 (217317.030.000) 2020-11-28 19:38:06 Started transferring output files
...
040 (217317.030.000) 2020-11-28 19:38:06 Finished transferring output files
...
005 (217317.030.000) 2020-11-28 19:38:06 Job terminated.
	(1) Normal termination (return value 0)
		Usr 0 00:01:00, Sys 0 00:00:00  -  Run Remote Usage
		Usr 0 00:00:00, Sys 0 00:00:00  -  Run Local Usage
		Usr 0 00:01:00, Sys 0 00:00:00  -  Total Remote Usage
		Usr 0 00:00:00, Sys 0 00:00:00  -  Total Local Usage
	2280  -  Run Bytes Sent By Job
	2924964  -  Run Bytes Received By Job
	2280  -  Total Bytes Sent By Job
	2924964  -  Total Bytes Received By Job
	Partitionable Resources :    Usage  Request Allocated 
	   Cpus                 :                 1         1 
	   Disk (KB)            :   155884  1048576   1579368 
	   IoHeavy              :                           0 
	   Memory (MB)          :      206     1024      1024 

	Job terminated of its own accord at 2020-11-29T01:38:05Z.
...
