000 (217304.717.000) 2020-11-28 18:02:57 Job submitted from host: <128.104.100.148:9618?addrs=128.104.100.148-9618+[2607-f388-107c-501-216-3eff-feb2-bc11]-9618&alias=learn.chtc.wisc.edu&noUDP&sock=schedd_2128_35a0>
...
040 (217304.717.000) 2020-11-28 18:12:40 Started transferring input files
	Transferring to host: <128.104.58.179:9618?addrs=128.104.58.179-9618+[2607-f388-1086-0-16fe-b5ff-fec6-7177]-9618&alias=e1035.chtc.wisc.edu&noUDP&sock=slot1_19_36733_78af_40701>
...
040 (217304.717.000) 2020-11-28 18:12:42 Finished transferring input files
...
001 (217304.717.000) 2020-11-28 18:12:43 Job executing on host: <128.104.58.179:9618?addrs=128.104.58.179-9618+[2607-f388-1086-0-16fe-b5ff-fec6-7177]-9618&alias=e1035.chtc.wisc.edu&noUDP&sock=startd_5393_ba58>
...
006 (217304.717.000) 2020-11-28 18:12:52 Image size of job updated: 202036
	198  -  MemoryUsage of job (MB)
	202036  -  ResidentSetSize of job (KB)
...
040 (217304.717.000) 2020-11-28 18:13:58 Started transferring output files
...
040 (217304.717.000) 2020-11-28 18:13:58 Finished transferring output files
...
005 (217304.717.000) 2020-11-28 18:13:58 Job terminated.
	(1) Normal termination (return value 0)
		Usr 0 00:01:12, Sys 0 00:00:00  -  Run Remote Usage
		Usr 0 00:00:00, Sys 0 00:00:00  -  Run Local Usage
		Usr 0 00:01:12, Sys 0 00:00:00  -  Total Remote Usage
		Usr 0 00:00:00, Sys 0 00:00:00  -  Total Local Usage
	2241  -  Run Bytes Sent By Job
	2698786  -  Run Bytes Received By Job
	2241  -  Total Bytes Sent By Job
	2698786  -  Total Bytes Received By Job
	Partitionable Resources :     Usage  Request Allocated 
	   Cpus                 :      0.99        1         1 
	   Disk (KB)            : 154666     1048576   1336342 
	   IoHeavy              :                            0 
	   Memory (MB)          :    198        1024      1024 

	Job terminated of its own accord at 2020-11-29T00:13:58Z.
...
