000 (217317.436.000) 2020-11-28 19:35:07 Job submitted from host: <128.104.100.148:9618?addrs=128.104.100.148-9618+[2607-f388-107c-501-216-3eff-feb2-bc11]-9618&alias=learn.chtc.wisc.edu&noUDP&sock=schedd_2128_35a0>
...
040 (217317.436.000) 2020-11-28 19:43:18 Started transferring input files
	Transferring to host: <128.105.245.56:9618?addrs=128.105.245.56-9618&alias=e3256.chtc.wisc.edu&noUDP&sock=slot1_5_28068_31ee_39876>
...
040 (217317.436.000) 2020-11-28 19:43:20 Finished transferring input files
...
001 (217317.436.000) 2020-11-28 19:43:21 Job executing on host: <128.105.245.56:9618?addrs=128.105.245.56-9618&alias=e3256.chtc.wisc.edu&noUDP&sock=startd_3020_0c1a>
...
006 (217317.436.000) 2020-11-28 19:43:29 Image size of job updated: 210672
	206  -  MemoryUsage of job (MB)
	210672  -  ResidentSetSize of job (KB)
...
040 (217317.436.000) 2020-11-28 19:44:31 Started transferring output files
...
040 (217317.436.000) 2020-11-28 19:44:31 Finished transferring output files
...
005 (217317.436.000) 2020-11-28 19:44:31 Job terminated.
	(1) Normal termination (return value 0)
		Usr 0 00:00:58, Sys 0 00:00:01  -  Run Remote Usage
		Usr 0 00:00:00, Sys 0 00:00:00  -  Run Local Usage
		Usr 0 00:00:58, Sys 0 00:00:01  -  Total Remote Usage
		Usr 0 00:00:00, Sys 0 00:00:00  -  Total Local Usage
	2245  -  Run Bytes Sent By Job
	2685817  -  Run Bytes Received By Job
	2245  -  Total Bytes Sent By Job
	2685817  -  Total Bytes Received By Job
	Partitionable Resources :    Usage  Request Allocated 
	   Cpus                 :                 1         1 
	   Disk (KB)            :   156063  1048576   1817112 
	   IoHeavy              :                           0 
	   Memory (MB)          :      206     1024      1024 

	Job terminated of its own accord at 2020-11-29T01:44:31Z.
...
