000 (217300.001.000) 2020-11-28 17:19:41 Job submitted from host: <128.104.100.148:9618?addrs=128.104.100.148-9618+[2607-f388-107c-501-216-3eff-feb2-bc11]-9618&alias=learn.chtc.wisc.edu&noUDP&sock=schedd_2128_35a0>
...
040 (217300.001.000) 2020-11-28 17:21:30 Started transferring input files
	Transferring to host: <128.104.101.137:9618?addrs=128.104.101.137-9618+[2607-f388-107c-501-206-f6ff-fe30-aa79]-9618&alias=e0137.chtc.wisc.edu&noUDP&sock=slot1_2_6336_08fb_53782>
...
040 (217300.001.000) 2020-11-28 17:21:30 Finished transferring input files
...
001 (217300.001.000) 2020-11-28 17:21:31 Job executing on host: <128.104.101.137:9618?addrs=128.104.101.137-9618+[2607-f388-107c-501-206-f6ff-fe30-aa79]-9618&alias=e0137.chtc.wisc.edu&noUDP&sock=startd_2833_c7e4>
...
006 (217300.001.000) 2020-11-28 17:21:31 Image size of job updated: 14740
	15  -  MemoryUsage of job (MB)
	14740  -  ResidentSetSize of job (KB)
...
040 (217300.001.000) 2020-11-28 17:21:32 Started transferring output files
...
040 (217300.001.000) 2020-11-28 17:21:32 Finished transferring output files
...
005 (217300.001.000) 2020-11-28 17:21:32 Job terminated.
	(1) Normal termination (return value 127)
		Usr 0 00:00:00, Sys 0 00:00:00  -  Run Remote Usage
		Usr 0 00:00:00, Sys 0 00:00:00  -  Run Local Usage
		Usr 0 00:00:00, Sys 0 00:00:00  -  Total Remote Usage
		Usr 0 00:00:00, Sys 0 00:00:00  -  Total Local Usage
	478  -  Run Bytes Sent By Job
	2232587  -  Run Bytes Received By Job
	478  -  Total Bytes Sent By Job
	2232587  -  Total Bytes Received By Job
	Partitionable Resources :    Usage  Request Allocated 
	   Cpus                 :                 1         1 
	   Disk (KB)            :    14766  1048576   3326154 
	   IoHeavy              :                           0 
	   Memory (MB)          :       15     1024      1024 

	Job terminated of its own accord at 2020-11-28T23:21:31Z.
...
