000 (217304.348.000) 2020-11-28 18:02:57 Job submitted from host: <128.104.100.148:9618?addrs=128.104.100.148-9618+[2607-f388-107c-501-216-3eff-feb2-bc11]-9618&alias=learn.chtc.wisc.edu&noUDP&sock=schedd_2128_35a0>
...
040 (217304.348.000) 2020-11-28 18:09:24 Started transferring input files
	Transferring to host: <128.105.245.38:9618?addrs=128.105.245.38-9618&alias=e3238.chtc.wisc.edu&noUDP&sock=slot1_6_17238_7af6_42374>
...
040 (217304.348.000) 2020-11-28 18:09:27 Finished transferring input files
...
001 (217304.348.000) 2020-11-28 18:09:28 Job executing on host: <128.105.245.38:9618?addrs=128.105.245.38-9618&alias=e3238.chtc.wisc.edu&noUDP&sock=startd_24974_aa4c>
...
006 (217304.348.000) 2020-11-28 18:09:36 Image size of job updated: 223376
	219  -  MemoryUsage of job (MB)
	223376  -  ResidentSetSize of job (KB)
...
040 (217304.348.000) 2020-11-28 18:10:39 Started transferring output files
...
040 (217304.348.000) 2020-11-28 18:10:39 Finished transferring output files
...
005 (217304.348.000) 2020-11-28 18:10:39 Job terminated.
	(1) Normal termination (return value 0)
		Usr 0 00:01:11, Sys 0 00:00:00  -  Run Remote Usage
		Usr 0 00:00:00, Sys 0 00:00:00  -  Run Local Usage
		Usr 0 00:01:11, Sys 0 00:00:00  -  Total Remote Usage
		Usr 0 00:00:00, Sys 0 00:00:00  -  Total Local Usage
	2230  -  Run Bytes Sent By Job
	2196609  -  Run Bytes Received By Job
	2230  -  Total Bytes Sent By Job
	2196609  -  Total Bytes Received By Job
	Partitionable Resources :    Usage  Request Allocated 
	   Cpus                 :                 1         1 
	   Disk (KB)            :   155310  1048576   1156769 
	   IoHeavy              :                           0 
	   Memory (MB)          :      219     1024      1024 

	Job terminated of its own accord at 2020-11-29T00:10:39Z.
...
