000 (217304.548.000) 2020-11-28 18:02:57 Job submitted from host: <128.104.100.148:9618?addrs=128.104.100.148-9618+[2607-f388-107c-501-216-3eff-feb2-bc11]-9618&alias=learn.chtc.wisc.edu&noUDP&sock=schedd_2128_35a0>
...
040 (217304.548.000) 2020-11-28 18:11:21 Started transferring input files
	Transferring to host: <128.104.58.123:9618?addrs=128.104.58.123-9618+[2607-f388-1086-0-67d-7bff-fe41-62ea]-9618&alias=e540.chtc.wisc.edu&noUDP&sock=slot1_10_26039_94bc_38866>
...
040 (217304.548.000) 2020-11-28 18:11:23 Finished transferring input files
...
001 (217304.548.000) 2020-11-28 18:11:24 Job executing on host: <128.104.58.123:9618?addrs=128.104.58.123-9618+[2607-f388-1086-0-67d-7bff-fe41-62ea]-9618&alias=e540.chtc.wisc.edu&noUDP&sock=startd_12509_b647>
...
006 (217304.548.000) 2020-11-28 18:11:32 Image size of job updated: 237920
	233  -  MemoryUsage of job (MB)
	237920  -  ResidentSetSize of job (KB)
...
040 (217304.548.000) 2020-11-28 18:12:20 Started transferring output files
...
040 (217304.548.000) 2020-11-28 18:12:20 Finished transferring output files
...
005 (217304.548.000) 2020-11-28 18:12:20 Job terminated.
	(1) Normal termination (return value 0)
		Usr 0 00:00:54, Sys 0 00:00:00  -  Run Remote Usage
		Usr 0 00:00:00, Sys 0 00:00:00  -  Run Local Usage
		Usr 0 00:00:54, Sys 0 00:00:00  -  Total Remote Usage
		Usr 0 00:00:00, Sys 0 00:00:00  -  Total Local Usage
	2346  -  Run Bytes Sent By Job
	2882335  -  Run Bytes Received By Job
	2346  -  Total Bytes Sent By Job
	2882335  -  Total Bytes Received By Job
	Partitionable Resources :     Usage  Request Allocated 
	   Cpus                 :      0.86        1         1 
	   Disk (KB)            : 155263     1048576  16562528 
	   IoHeavy              :                            0 
	   Memory (MB)          :    233        1024      1024 

	Job terminated of its own accord at 2020-11-29T00:12:20Z.
...
