000 (217304.767.000) 2020-11-28 18:02:57 Job submitted from host: <128.104.100.148:9618?addrs=128.104.100.148-9618+[2607-f388-107c-501-216-3eff-feb2-bc11]-9618&alias=learn.chtc.wisc.edu&noUDP&sock=schedd_2128_35a0>
...
040 (217304.767.000) 2020-11-28 18:13:00 Started transferring input files
	Transferring to host: <128.105.245.112:9618?addrs=128.105.245.112-9618&alias=e312.chtc.wisc.edu&noUDP&sock=slot1_28_27247_b9ed_40008>
...
040 (217304.767.000) 2020-11-28 18:13:02 Finished transferring input files
...
001 (217304.767.000) 2020-11-28 18:13:03 Job executing on host: <128.105.245.112:9618?addrs=128.105.245.112-9618&alias=e312.chtc.wisc.edu&noUDP&sock=startd_7171_49bb>
...
006 (217304.767.000) 2020-11-28 18:13:12 Image size of job updated: 201964
	198  -  MemoryUsage of job (MB)
	201964  -  ResidentSetSize of job (KB)
...
040 (217304.767.000) 2020-11-28 18:13:55 Started transferring output files
...
040 (217304.767.000) 2020-11-28 18:13:55 Finished transferring output files
...
005 (217304.767.000) 2020-11-28 18:13:55 Job terminated.
	(1) Normal termination (return value 0)
		Usr 0 00:00:50, Sys 0 00:00:00  -  Run Remote Usage
		Usr 0 00:00:00, Sys 0 00:00:00  -  Run Local Usage
		Usr 0 00:00:50, Sys 0 00:00:00  -  Total Remote Usage
		Usr 0 00:00:00, Sys 0 00:00:00  -  Total Local Usage
	2249  -  Run Bytes Sent By Job
	1824186  -  Run Bytes Received By Job
	2249  -  Total Bytes Sent By Job
	1824186  -  Total Bytes Received By Job
	Partitionable Resources :     Usage  Request Allocated 
	   Cpus                 :      0.94        1         1 
	   Disk (KB)            : 150200     1048576   1344032 
	   IoHeavy              :                            0 
	   Memory (MB)          :    198        1024      1024 

	Job terminated of its own accord at 2020-11-29T00:13:55Z.
...
