000 (217317.025.000) 2020-11-28 19:35:07 Job submitted from host: <128.104.100.148:9618?addrs=128.104.100.148-9618+[2607-f388-107c-501-216-3eff-feb2-bc11]-9618&alias=learn.chtc.wisc.edu&noUDP&sock=schedd_2128_35a0>
...
040 (217317.025.000) 2020-11-28 19:36:40 Started transferring input files
	Transferring to host: <128.105.244.65:9618?addrs=128.105.244.65-9618&alias=e3185.chtc.wisc.edu&noUDP&sock=slot1_1_19239_5da7_21382>
...
040 (217317.025.000) 2020-11-28 19:36:42 Finished transferring input files
...
001 (217317.025.000) 2020-11-28 19:36:43 Job executing on host: <128.105.244.65:9618?addrs=128.105.244.65-9618&alias=e3185.chtc.wisc.edu&noUDP&sock=startd_19116_9081>
...
006 (217317.025.000) 2020-11-28 19:36:52 Image size of job updated: 209176
	205  -  MemoryUsage of job (MB)
	209176  -  ResidentSetSize of job (KB)
...
040 (217317.025.000) 2020-11-28 19:37:34 Started transferring output files
...
040 (217317.025.000) 2020-11-28 19:37:34 Finished transferring output files
...
005 (217317.025.000) 2020-11-28 19:37:34 Job terminated.
	(1) Normal termination (return value 0)
		Usr 0 00:00:50, Sys 0 00:00:00  -  Run Remote Usage
		Usr 0 00:00:00, Sys 0 00:00:00  -  Run Local Usage
		Usr 0 00:00:50, Sys 0 00:00:00  -  Total Remote Usage
		Usr 0 00:00:00, Sys 0 00:00:00  -  Total Local Usage
	2377  -  Run Bytes Sent By Job
	2419034  -  Run Bytes Received By Job
	2377  -  Total Bytes Sent By Job
	2419034  -  Total Bytes Received By Job
	Partitionable Resources :    Usage  Request Allocated 
	   Cpus                 :                 1         1 
	   Disk (KB)            :   153576  1048576   3650102 
	   IoHeavy              :                           0 
	   Memory (MB)          :      205     1024      1024 

	Job terminated of its own accord at 2020-11-29T01:37:34Z.
...
