000 (217304.286.000) 2020-11-28 18:02:57 Job submitted from host: <128.104.100.148:9618?addrs=128.104.100.148-9618+[2607-f388-107c-501-216-3eff-feb2-bc11]-9618&alias=learn.chtc.wisc.edu&noUDP&sock=schedd_2128_35a0>
...
040 (217304.286.000) 2020-11-28 18:08:54 Started transferring input files
	Transferring to host: <128.105.245.196:9618?addrs=128.105.245.196-9618&alias=e2396.chtc.wisc.edu&noUDP&sock=slot1_38_11398_ac09_42934>
...
040 (217304.286.000) 2020-11-28 18:08:57 Finished transferring input files
...
001 (217304.286.000) 2020-11-28 18:08:58 Job executing on host: <128.105.245.196:9618?addrs=128.105.245.196-9618&alias=e2396.chtc.wisc.edu&noUDP&sock=startd_23520_5798>
...
006 (217304.286.000) 2020-11-28 18:09:07 Image size of job updated: 207740
	203  -  MemoryUsage of job (MB)
	207740  -  ResidentSetSize of job (KB)
...
040 (217304.286.000) 2020-11-28 18:10:04 Started transferring output files
...
040 (217304.286.000) 2020-11-28 18:10:04 Finished transferring output files
...
005 (217304.286.000) 2020-11-28 18:10:04 Job terminated.
	(1) Normal termination (return value 0)
		Usr 0 00:00:56, Sys 0 00:00:00  -  Run Remote Usage
		Usr 0 00:00:00, Sys 0 00:00:00  -  Run Local Usage
		Usr 0 00:00:56, Sys 0 00:00:00  -  Total Remote Usage
		Usr 0 00:00:00, Sys 0 00:00:00  -  Total Local Usage
	2185  -  Run Bytes Sent By Job
	2111817  -  Run Bytes Received By Job
	2185  -  Total Bytes Sent By Job
	2111817  -  Total Bytes Received By Job
	Partitionable Resources :    Usage  Request Allocated 
	   Cpus                 :        0        1         1 
	   Disk (KB)            :   153136  1048576   1472904 
	   IoHeavy              :                           0 
	   Memory (MB)          :      203     1024      1024 

	Job terminated of its own accord at 2020-11-29T00:10:04Z.
...
