000 (217317.523.000) 2020-11-28 19:35:07 Job submitted from host: <128.104.100.148:9618?addrs=128.104.100.148-9618+[2607-f388-107c-501-216-3eff-feb2-bc11]-9618&alias=learn.chtc.wisc.edu&noUDP&sock=schedd_2128_35a0>
...
040 (217317.523.000) 2020-11-28 19:43:55 Started transferring input files
	Transferring to host: <128.104.58.186:9618?addrs=128.104.58.186-9618+[2607-f388-1086-0-16fe-b5ff-fec6-820f]-9618&alias=e1041.chtc.wisc.edu&noUDP&sock=slot1_14_22151_221e_42248>
...
040 (217317.523.000) 2020-11-28 19:43:57 Finished transferring input files
...
001 (217317.523.000) 2020-11-28 19:43:58 Job executing on host: <128.104.58.186:9618?addrs=128.104.58.186-9618+[2607-f388-1086-0-16fe-b5ff-fec6-820f]-9618&alias=e1041.chtc.wisc.edu&noUDP&sock=startd_5201_0828>
...
006 (217317.523.000) 2020-11-28 19:44:07 Image size of job updated: 210728
	206  -  MemoryUsage of job (MB)
	210728  -  ResidentSetSize of job (KB)
...
040 (217317.523.000) 2020-11-28 19:45:19 Started transferring output files
...
040 (217317.523.000) 2020-11-28 19:45:19 Finished transferring output files
...
005 (217317.523.000) 2020-11-28 19:45:19 Job terminated.
	(1) Normal termination (return value 0)
		Usr 0 00:01:18, Sys 0 00:00:00  -  Run Remote Usage
		Usr 0 00:00:00, Sys 0 00:00:00  -  Run Local Usage
		Usr 0 00:01:18, Sys 0 00:00:00  -  Total Remote Usage
		Usr 0 00:00:00, Sys 0 00:00:00  -  Total Local Usage
	2274  -  Run Bytes Sent By Job
	3046031  -  Run Bytes Received By Job
	2274  -  Total Bytes Sent By Job
	3046031  -  Total Bytes Received By Job
	Partitionable Resources :     Usage  Request Allocated 
	   Cpus                 :      1.00        1         1 
	   Disk (KB)            : 158139     1048576   1213646 
	   IoHeavy              :                            0 
	   Memory (MB)          :    206        1024      1024 

	Job terminated of its own accord at 2020-11-29T01:45:19Z.
...
