000 (217304.694.000) 2020-11-28 18:02:57 Job submitted from host: <128.104.100.148:9618?addrs=128.104.100.148-9618+[2607-f388-107c-501-216-3eff-feb2-bc11]-9618&alias=learn.chtc.wisc.edu&noUDP&sock=schedd_2128_35a0>
...
040 (217304.694.000) 2020-11-28 18:12:29 Started transferring input files
	Transferring to host: <128.104.101.136:9618?addrs=128.104.101.136-9618+[2607-f388-107c-501-4603-a7ff-fe29-525b]-9618&alias=e136.chtc.wisc.edu&noUDP&sock=slot1_18_17244_b536_52395>
...
040 (217304.694.000) 2020-11-28 18:12:34 Finished transferring input files
...
001 (217304.694.000) 2020-11-28 18:12:35 Job executing on host: <128.104.101.136:9618?addrs=128.104.101.136-9618+[2607-f388-107c-501-4603-a7ff-fe29-525b]-9618&alias=e136.chtc.wisc.edu&noUDP&sock=startd_2155_baae>
...
006 (217304.694.000) 2020-11-28 18:12:44 Image size of job updated: 229760
	225  -  MemoryUsage of job (MB)
	229760  -  ResidentSetSize of job (KB)
...
040 (217304.694.000) 2020-11-28 18:13:58 Started transferring output files
...
040 (217304.694.000) 2020-11-28 18:13:58 Finished transferring output files
...
005 (217304.694.000) 2020-11-28 18:13:58 Job terminated.
	(1) Normal termination (return value 0)
		Usr 0 00:01:17, Sys 0 00:00:01  -  Run Remote Usage
		Usr 0 00:00:00, Sys 0 00:00:00  -  Run Local Usage
		Usr 0 00:01:17, Sys 0 00:00:01  -  Total Remote Usage
		Usr 0 00:00:00, Sys 0 00:00:00  -  Total Local Usage
	2345  -  Run Bytes Sent By Job
	3340173  -  Run Bytes Received By Job
	2345  -  Total Bytes Sent By Job
	3340173  -  Total Bytes Received By Job
	Partitionable Resources :     Usage  Request Allocated 
	   Cpus                 :      0.99        1         1 
	   Disk (KB)            : 158830     1048576   3400640 
	   IoHeavy              :                            0 
	   Memory (MB)          :    225        1024      1024 

	Job terminated of its own accord at 2020-11-29T00:13:57Z.
...
