000 (217304.406.000) 2020-11-28 18:02:57 Job submitted from host: <128.104.100.148:9618?addrs=128.104.100.148-9618+[2607-f388-107c-501-216-3eff-feb2-bc11]-9618&alias=learn.chtc.wisc.edu&noUDP&sock=schedd_2128_35a0>
...
040 (217304.406.000) 2020-11-28 18:10:04 Started transferring input files
	Transferring to host: <128.104.58.181:9618?addrs=128.104.58.181-9618+[2607-f388-1086-0-16fe-b5ff-fec6-7f7e]-9618&alias=e1037.chtc.wisc.edu&noUDP&sock=slot1_16_31267_2e11_42338>
...
040 (217304.406.000) 2020-11-28 18:10:06 Finished transferring input files
...
001 (217304.406.000) 2020-11-28 18:10:07 Job executing on host: <128.104.58.181:9618?addrs=128.104.58.181-9618+[2607-f388-1086-0-16fe-b5ff-fec6-7f7e]-9618&alias=e1037.chtc.wisc.edu&noUDP&sock=startd_5593_e949>
...
006 (217304.406.000) 2020-11-28 18:10:16 Image size of job updated: 227584
	223  -  MemoryUsage of job (MB)
	227584  -  ResidentSetSize of job (KB)
...
040 (217304.406.000) 2020-11-28 18:11:42 Started transferring output files
...
040 (217304.406.000) 2020-11-28 18:11:42 Finished transferring output files
...
005 (217304.406.000) 2020-11-28 18:11:42 Job terminated.
	(1) Normal termination (return value 0)
		Usr 0 00:01:30, Sys 0 00:00:01  -  Run Remote Usage
		Usr 0 00:00:00, Sys 0 00:00:00  -  Run Local Usage
		Usr 0 00:01:30, Sys 0 00:00:01  -  Total Remote Usage
		Usr 0 00:00:00, Sys 0 00:00:00  -  Total Local Usage
	2316  -  Run Bytes Sent By Job
	3488342  -  Run Bytes Received By Job
	2316  -  Total Bytes Sent By Job
	3488342  -  Total Bytes Received By Job
	Partitionable Resources :    Usage  Request Allocated 
	   Cpus                 :                 1         1 
	   Disk (KB)            :   159964  1048576   1204460 
	   IoHeavy              :                           0 
	   Memory (MB)          :      223     1024      1024 

	Job terminated of its own accord at 2020-11-29T00:11:42Z.
...
