000 (217304.498.000) 2020-11-28 18:02:57 Job submitted from host: <128.104.100.148:9618?addrs=128.104.100.148-9618+[2607-f388-107c-501-216-3eff-feb2-bc11]-9618&alias=learn.chtc.wisc.edu&noUDP&sock=schedd_2128_35a0>
...
040 (217304.498.000) 2020-11-28 18:10:54 Started transferring input files
	Transferring to host: <128.104.58.61:9618?addrs=128.104.58.61-9618+[2607-f388-1086-0-a6ba-dbff-fe38-e8c2]-9618&alias=e1062.chtc.wisc.edu&noUDP&sock=slot1_8_27490_f117_40264>
...
040 (217304.498.000) 2020-11-28 18:10:55 Finished transferring input files
...
001 (217304.498.000) 2020-11-28 18:10:56 Job executing on host: <128.104.58.61:9618?addrs=128.104.58.61-9618+[2607-f388-1086-0-a6ba-dbff-fe38-e8c2]-9618&alias=e1062.chtc.wisc.edu&noUDP&sock=startd_14287_45aa>
...
006 (217304.498.000) 2020-11-28 18:11:05 Image size of job updated: 208904
	205  -  MemoryUsage of job (MB)
	208904  -  ResidentSetSize of job (KB)
...
040 (217304.498.000) 2020-11-28 18:11:49 Started transferring output files
...
040 (217304.498.000) 2020-11-28 18:11:49 Finished transferring output files
...
005 (217304.498.000) 2020-11-28 18:11:49 Job terminated.
	(1) Normal termination (return value 0)
		Usr 0 00:00:51, Sys 0 00:00:00  -  Run Remote Usage
		Usr 0 00:00:00, Sys 0 00:00:00  -  Run Local Usage
		Usr 0 00:00:51, Sys 0 00:00:00  -  Total Remote Usage
		Usr 0 00:00:00, Sys 0 00:00:00  -  Total Local Usage
	2260  -  Run Bytes Sent By Job
	2250058  -  Run Bytes Received By Job
	2260  -  Total Bytes Sent By Job
	2250058  -  Total Bytes Received By Job
	Partitionable Resources :    Usage  Request Allocated 
	   Cpus                 :                 1         1 
	   Disk (KB)            :   153027  1048576   1344532 
	   IoHeavy              :                           0 
	   Memory (MB)          :      205     1024      1024 

	Job terminated of its own accord at 2020-11-29T00:11:49Z.
...
