000 (217304.812.000) 2020-11-28 18:02:57 Job submitted from host: <128.104.100.148:9618?addrs=128.104.100.148-9618+[2607-f388-107c-501-216-3eff-feb2-bc11]-9618&alias=learn.chtc.wisc.edu&noUDP&sock=schedd_2128_35a0>
...
040 (217304.812.000) 2020-11-28 18:13:14 Started transferring input files
	Transferring to host: <128.105.245.161:9618?addrs=128.105.245.161-9618&alias=e2361.chtc.wisc.edu&noUDP&sock=slot1_6_25577_0f69_42743>
...
040 (217304.812.000) 2020-11-28 18:13:15 Finished transferring input files
...
001 (217304.812.000) 2020-11-28 18:13:16 Job executing on host: <128.105.245.161:9618?addrs=128.105.245.161-9618&alias=e2361.chtc.wisc.edu&noUDP&sock=startd_4745_40f9>
...
006 (217304.812.000) 2020-11-28 18:13:25 Image size of job updated: 189916
	186  -  MemoryUsage of job (MB)
	189916  -  ResidentSetSize of job (KB)
...
040 (217304.812.000) 2020-11-28 18:13:43 Started transferring output files
...
040 (217304.812.000) 2020-11-28 18:13:43 Finished transferring output files
...
005 (217304.812.000) 2020-11-28 18:13:43 Job terminated.
	(1) Normal termination (return value 0)
		Usr 0 00:00:24, Sys 0 00:00:00  -  Run Remote Usage
		Usr 0 00:00:00, Sys 0 00:00:00  -  Run Local Usage
		Usr 0 00:00:24, Sys 0 00:00:00  -  Total Remote Usage
		Usr 0 00:00:00, Sys 0 00:00:00  -  Total Local Usage
	2149  -  Run Bytes Sent By Job
	1286094  -  Run Bytes Received By Job
	2149  -  Total Bytes Sent By Job
	1286094  -  Total Bytes Received By Job
	Partitionable Resources :    Usage  Request Allocated 
	   Cpus                 :                 1         1 
	   Disk (KB)            :   148510  1048576   1333892 
	   IoHeavy              :                           0 
	   Memory (MB)          :      186     1024      1024 

	Job terminated of its own accord at 2020-11-29T00:13:43Z.
...
