000 (217317.557.000) 2020-11-28 19:35:07 Job submitted from host: <128.104.100.148:9618?addrs=128.104.100.148-9618+[2607-f388-107c-501-216-3eff-feb2-bc11]-9618&alias=learn.chtc.wisc.edu&noUDP&sock=schedd_2128_35a0>
...
040 (217317.557.000) 2020-11-28 19:44:18 Started transferring input files
	Transferring to host: <128.104.58.112:9618?addrs=128.104.58.112-9618+[2607-f388-1086-0-62eb-69ff-feed-f541]-9618&alias=e1472.chtc.wisc.edu&noUDP&sock=slot1_3_4403_0fcc_15287>
...
040 (217317.557.000) 2020-11-28 19:44:21 Finished transferring input files
...
001 (217317.557.000) 2020-11-28 19:44:22 Job executing on host: <128.104.58.112:9618?addrs=128.104.58.112-9618+[2607-f388-1086-0-62eb-69ff-feed-f541]-9618&alias=e1472.chtc.wisc.edu&noUDP&sock=startd_16316_ff53>
...
006 (217317.557.000) 2020-11-28 19:44:30 Image size of job updated: 398192
	389  -  MemoryUsage of job (MB)
	398192  -  ResidentSetSize of job (KB)
...
040 (217317.557.000) 2020-11-28 19:45:19 Started transferring output files
...
040 (217317.557.000) 2020-11-28 19:45:19 Finished transferring output files
...
005 (217317.557.000) 2020-11-28 19:45:19 Job terminated.
	(1) Normal termination (return value 0)
		Usr 0 00:00:57, Sys 0 00:00:01  -  Run Remote Usage
		Usr 0 00:00:00, Sys 0 00:00:00  -  Run Local Usage
		Usr 0 00:00:57, Sys 0 00:00:01  -  Total Remote Usage
		Usr 0 00:00:00, Sys 0 00:00:00  -  Total Local Usage
	2299  -  Run Bytes Sent By Job
	2469058  -  Run Bytes Received By Job
	2299  -  Total Bytes Sent By Job
	2469058  -  Total Bytes Received By Job
	Partitionable Resources :    Usage  Request Allocated 
	   Cpus                 :                 1         1 
	   Disk (KB)            :   154713  1048576   1170281 
	   IoHeavy              :                           0 
	   Memory (MB)          :      389     1024      1024 

	Job terminated of its own accord at 2020-11-29T01:45:19Z.
...
