000 (217304.479.000) 2020-11-28 18:02:57 Job submitted from host: <128.104.100.148:9618?addrs=128.104.100.148-9618+[2607-f388-107c-501-216-3eff-feb2-bc11]-9618&alias=learn.chtc.wisc.edu&noUDP&sock=schedd_2128_35a0>
...
040 (217304.479.000) 2020-11-28 18:10:39 Started transferring input files
	Transferring to host: <128.105.245.71:9618?addrs=128.105.245.71-9618&alias=e271.chtc.wisc.edu&noUDP&sock=slot1_37_796_9a99_47754>
...
040 (217304.479.000) 2020-11-28 18:10:48 Finished transferring input files
...
001 (217304.479.000) 2020-11-28 18:10:49 Job executing on host: <128.105.245.71:9618?addrs=128.105.245.71-9618&alias=e271.chtc.wisc.edu&noUDP&sock=startd_40496_7756>
...
006 (217304.479.000) 2020-11-28 18:10:57 Image size of job updated: 90496
	89  -  MemoryUsage of job (MB)
	90496  -  ResidentSetSize of job (KB)
...
006 (217304.479.000) 2020-11-28 18:12:07 Image size of job updated: 110568
	108  -  MemoryUsage of job (MB)
	110568  -  ResidentSetSize of job (KB)
...
040 (217304.479.000) 2020-11-28 18:12:08 Started transferring output files
...
040 (217304.479.000) 2020-11-28 18:12:08 Finished transferring output files
...
005 (217304.479.000) 2020-11-28 18:12:08 Job terminated.
	(1) Normal termination (return value 0)
		Usr 0 00:01:09, Sys 0 00:00:01  -  Run Remote Usage
		Usr 0 00:00:00, Sys 0 00:00:00  -  Run Local Usage
		Usr 0 00:01:09, Sys 0 00:00:01  -  Total Remote Usage
		Usr 0 00:00:00, Sys 0 00:00:00  -  Total Local Usage
	2150  -  Run Bytes Sent By Job
	2212850  -  Run Bytes Received By Job
	2150  -  Total Bytes Sent By Job
	2212850  -  Total Bytes Received By Job
	Partitionable Resources :     Usage  Request Allocated 
	   Cpus                 :      0.99        1         1 
	   Disk (KB)            : 153184     1048576   1342255 
	   IoHeavy              :                            0 
	   Memory (MB)          :    108        1024      1024 

	Job terminated of its own accord at 2020-11-29T00:12:07Z.
...
