000 (217304.334.000) 2020-11-28 18:02:57 Job submitted from host: <128.104.100.148:9618?addrs=128.104.100.148-9618+[2607-f388-107c-501-216-3eff-feb2-bc11]-9618&alias=learn.chtc.wisc.edu&noUDP&sock=schedd_2128_35a0>
...
040 (217304.334.000) 2020-11-28 18:09:11 Started transferring input files
	Transferring to host: <128.105.245.177:9618?addrs=128.105.245.177-9618&alias=e2377.chtc.wisc.edu&noUDP&sock=slot1_13_23442_c272_42802>
...
040 (217304.334.000) 2020-11-28 18:09:15 Finished transferring input files
...
001 (217304.334.000) 2020-11-28 18:09:16 Job executing on host: <128.105.245.177:9618?addrs=128.105.245.177-9618&alias=e2377.chtc.wisc.edu&noUDP&sock=startd_23030_3e30>
...
006 (217304.334.000) 2020-11-28 18:09:24 Image size of job updated: 221012
	216  -  MemoryUsage of job (MB)
	221012  -  ResidentSetSize of job (KB)
...
040 (217304.334.000) 2020-11-28 18:10:18 Started transferring output files
...
040 (217304.334.000) 2020-11-28 18:10:18 Finished transferring output files
...
005 (217304.334.000) 2020-11-28 18:10:18 Job terminated.
	(1) Normal termination (return value 0)
		Usr 0 00:01:00, Sys 0 00:00:00  -  Run Remote Usage
		Usr 0 00:00:00, Sys 0 00:00:00  -  Run Local Usage
		Usr 0 00:01:00, Sys 0 00:00:00  -  Total Remote Usage
		Usr 0 00:00:00, Sys 0 00:00:00  -  Total Local Usage
	2235  -  Run Bytes Sent By Job
	2369247  -  Run Bytes Received By Job
	2235  -  Total Bytes Sent By Job
	2369247  -  Total Bytes Received By Job
	Partitionable Resources :    Usage  Request Allocated 
	   Cpus                 :                 1         1 
	   Disk (KB)            :   155675  1048576   1481484 
	   IoHeavy              :                           0 
	   Memory (MB)          :      216     1024      1024 

	Job terminated of its own accord at 2020-11-29T00:10:18Z.
...
