000 (217304.776.000) 2020-11-28 18:02:57 Job submitted from host: <128.104.100.148:9618?addrs=128.104.100.148-9618+[2607-f388-107c-501-216-3eff-feb2-bc11]-9618&alias=learn.chtc.wisc.edu&noUDP&sock=schedd_2128_35a0>
...
040 (217304.776.000) 2020-11-28 18:13:05 Started transferring input files
	Transferring to host: <128.105.244.40:9618?addrs=128.105.244.40-9618&alias=e3171.chtc.wisc.edu&noUDP&sock=slot1_12_28184_ed73_38938>
...
040 (217304.776.000) 2020-11-28 18:13:07 Finished transferring input files
...
001 (217304.776.000) 2020-11-28 18:13:08 Job executing on host: <128.105.244.40:9618?addrs=128.105.244.40-9618&alias=e3171.chtc.wisc.edu&noUDP&sock=startd_2485_14ef>
...
006 (217304.776.000) 2020-11-28 18:13:16 Image size of job updated: 233712
	229  -  MemoryUsage of job (MB)
	233712  -  ResidentSetSize of job (KB)
...
040 (217304.776.000) 2020-11-28 18:14:04 Started transferring output files
...
040 (217304.776.000) 2020-11-28 18:14:04 Finished transferring output files
...
005 (217304.776.000) 2020-11-28 18:14:04 Job terminated.
	(1) Normal termination (return value 0)
		Usr 0 00:00:53, Sys 0 00:00:00  -  Run Remote Usage
		Usr 0 00:00:00, Sys 0 00:00:00  -  Run Local Usage
		Usr 0 00:00:53, Sys 0 00:00:00  -  Total Remote Usage
		Usr 0 00:00:00, Sys 0 00:00:00  -  Total Local Usage
	2553  -  Run Bytes Sent By Job
	2988570  -  Run Bytes Received By Job
	2553  -  Total Bytes Sent By Job
	2988570  -  Total Bytes Received By Job
	Partitionable Resources :    Usage  Request Allocated 
	   Cpus                 :                 1         1 
	   Disk (KB)            :   156245  1048576   2045913 
	   IoHeavy              :                           0 
	   Memory (MB)          :      229     1024      1024 

	Job terminated of its own accord at 2020-11-29T00:14:04Z.
...
