000 (217304.732.000) 2020-11-28 18:02:57 Job submitted from host: <128.104.100.148:9618?addrs=128.104.100.148-9618+[2607-f388-107c-501-216-3eff-feb2-bc11]-9618&alias=learn.chtc.wisc.edu&noUDP&sock=schedd_2128_35a0>
...
040 (217304.732.000) 2020-11-28 18:12:46 Started transferring input files
	Transferring to host: <128.104.100.157:9618?addrs=128.104.100.157-9618+[2607-f388-107c-501-226-b9ff-fe3f-478b]-9618&alias=e0055.chtc.wisc.edu&noUDP&sock=slot1_3_15906_f740_48816>
...
040 (217304.732.000) 2020-11-28 18:12:51 Finished transferring input files
...
001 (217304.732.000) 2020-11-28 18:12:52 Job executing on host: <128.104.100.157:9618?addrs=128.104.100.157-9618+[2607-f388-107c-501-226-b9ff-fe3f-478b]-9618&alias=e0055.chtc.wisc.edu&noUDP&sock=startd_4737_c437>
...
006 (217304.732.000) 2020-11-28 18:13:02 Image size of job updated: 223672
	219  -  MemoryUsage of job (MB)
	223672  -  ResidentSetSize of job (KB)
...
040 (217304.732.000) 2020-11-28 18:14:48 Started transferring output files
...
040 (217304.732.000) 2020-11-28 18:14:48 Finished transferring output files
...
005 (217304.732.000) 2020-11-28 18:14:48 Job terminated.
	(1) Normal termination (return value 0)
		Usr 0 00:01:48, Sys 0 00:00:01  -  Run Remote Usage
		Usr 0 00:00:00, Sys 0 00:00:00  -  Run Local Usage
		Usr 0 00:01:48, Sys 0 00:00:01  -  Total Remote Usage
		Usr 0 00:00:00, Sys 0 00:00:00  -  Total Local Usage
	2363  -  Run Bytes Sent By Job
	2675809  -  Run Bytes Received By Job
	2363  -  Total Bytes Sent By Job
	2675809  -  Total Bytes Received By Job
	Partitionable Resources :    Usage  Request Allocated 
	   Cpus                 :                 1         1 
	   Disk (KB)            :   156434  1048576   1176581 
	   IoHeavy              :                           0 
	   Memory (MB)          :      219     1024      1024 

	Job terminated of its own accord at 2020-11-29T00:14:47Z.
...
