000 (217304.121.000) 2020-11-28 18:02:57 Job submitted from host: <128.104.100.148:9618?addrs=128.104.100.148-9618+[2607-f388-107c-501-216-3eff-feb2-bc11]-9618&alias=learn.chtc.wisc.edu&noUDP&sock=schedd_2128_35a0>
...
040 (217304.121.000) 2020-11-28 18:06:45 Started transferring input files
	Transferring to host: <128.104.58.158:9618?addrs=128.104.58.158-9618+[2607-f388-1086-0-16fe-b5ff-fec6-7933]-9618&alias=e1010.chtc.wisc.edu&noUDP&sock=slot1_5_36670_150c_41572>
...
040 (217304.121.000) 2020-11-28 18:06:47 Finished transferring input files
...
001 (217304.121.000) 2020-11-28 18:06:48 Job executing on host: <128.104.58.158:9618?addrs=128.104.58.158-9618+[2607-f388-1086-0-16fe-b5ff-fec6-7933]-9618&alias=e1010.chtc.wisc.edu&noUDP&sock=startd_5487_343f>
...
006 (217304.121.000) 2020-11-28 18:06:56 Image size of job updated: 261312
	256  -  MemoryUsage of job (MB)
	261312  -  ResidentSetSize of job (KB)
...
040 (217304.121.000) 2020-11-28 18:07:49 Started transferring output files
...
040 (217304.121.000) 2020-11-28 18:07:49 Finished transferring output files
...
005 (217304.121.000) 2020-11-28 18:07:49 Job terminated.
	(1) Normal termination (return value 0)
		Usr 0 00:00:58, Sys 0 00:00:01  -  Run Remote Usage
		Usr 0 00:00:00, Sys 0 00:00:00  -  Run Local Usage
		Usr 0 00:00:58, Sys 0 00:00:01  -  Total Remote Usage
		Usr 0 00:00:00, Sys 0 00:00:00  -  Total Local Usage
	2225  -  Run Bytes Sent By Job
	2301229  -  Run Bytes Received By Job
	2225  -  Total Bytes Sent By Job
	2301229  -  Total Bytes Received By Job
	Partitionable Resources :    Usage  Request Allocated 
	   Cpus                 :                 1         1 
	   Disk (KB)            :   154059  1048576   1324206 
	   IoHeavy              :                           0 
	   Memory (MB)          :      256     1024      1024 

	Job terminated of its own accord at 2020-11-29T00:07:49Z.
...
