000 (217317.248.000) 2020-11-28 19:35:07 Job submitted from host: <128.104.100.148:9618?addrs=128.104.100.148-9618+[2607-f388-107c-501-216-3eff-feb2-bc11]-9618&alias=learn.chtc.wisc.edu&noUDP&sock=schedd_2128_35a0>
...
040 (217317.248.000) 2020-11-28 19:40:58 Started transferring input files
	Transferring to host: <128.104.58.194:9618?addrs=128.104.58.194-9618+[2607-f388-1086-0-f24d-a2ff-fe40-ff19]-9618&alias=e1052.chtc.wisc.edu&noUDP&sock=slot1_30_1183_47c9_42396>
...
040 (217317.248.000) 2020-11-28 19:41:02 Finished transferring input files
...
001 (217317.248.000) 2020-11-28 19:41:03 Job executing on host: <128.104.58.194:9618?addrs=128.104.58.194-9618+[2607-f388-1086-0-f24d-a2ff-fe40-ff19]-9618&alias=e1052.chtc.wisc.edu&noUDP&sock=startd_5396_c920>
...
006 (217317.248.000) 2020-11-28 19:41:13 Image size of job updated: 214948
	210  -  MemoryUsage of job (MB)
	214948  -  ResidentSetSize of job (KB)
...
040 (217317.248.000) 2020-11-28 19:42:28 Started transferring output files
...
040 (217317.248.000) 2020-11-28 19:42:28 Finished transferring output files
...
005 (217317.248.000) 2020-11-28 19:42:29 Job terminated.
	(1) Normal termination (return value 0)
		Usr 0 00:01:19, Sys 0 00:00:01  -  Run Remote Usage
		Usr 0 00:00:00, Sys 0 00:00:00  -  Run Local Usage
		Usr 0 00:01:19, Sys 0 00:00:01  -  Total Remote Usage
		Usr 0 00:00:00, Sys 0 00:00:00  -  Total Local Usage
	2335  -  Run Bytes Sent By Job
	2708709  -  Run Bytes Received By Job
	2335  -  Total Bytes Sent By Job
	2708709  -  Total Bytes Received By Job
	Partitionable Resources :    Usage  Request Allocated 
	   Cpus                 :                 1         1 
	   Disk (KB)            :   156556  1048576   1330972 
	   IoHeavy              :                           0 
	   Memory (MB)          :      210     1024      1024 

	Job terminated of its own accord at 2020-11-29T01:42:28Z.
...
