000 (217304.433.000) 2020-11-28 18:02:57 Job submitted from host: <128.104.100.148:9618?addrs=128.104.100.148-9618+[2607-f388-107c-501-216-3eff-feb2-bc11]-9618&alias=learn.chtc.wisc.edu&noUDP&sock=schedd_2128_35a0>
...
040 (217304.433.000) 2020-11-28 18:10:19 Started transferring input files
	Transferring to host: <128.105.245.120:9618?addrs=128.105.245.120-9618&alias=e320.chtc.wisc.edu&noUDP&sock=slot1_19_13956_03b1_44501>
...
040 (217304.433.000) 2020-11-28 18:10:21 Finished transferring input files
...
001 (217304.433.000) 2020-11-28 18:10:22 Job executing on host: <128.105.245.120:9618?addrs=128.105.245.120-9618&alias=e320.chtc.wisc.edu&noUDP&sock=startd_19251_29ca>
...
006 (217304.433.000) 2020-11-28 18:10:31 Image size of job updated: 232624
	228  -  MemoryUsage of job (MB)
	232624  -  ResidentSetSize of job (KB)
...
040 (217304.433.000) 2020-11-28 18:11:31 Started transferring output files
...
040 (217304.433.000) 2020-11-28 18:11:31 Finished transferring output files
...
005 (217304.433.000) 2020-11-28 18:11:31 Job terminated.
	(1) Normal termination (return value 0)
		Usr 0 00:01:07, Sys 0 00:00:00  -  Run Remote Usage
		Usr 0 00:00:00, Sys 0 00:00:00  -  Run Local Usage
		Usr 0 00:01:07, Sys 0 00:00:00  -  Total Remote Usage
		Usr 0 00:00:00, Sys 0 00:00:00  -  Total Local Usage
	2627  -  Run Bytes Sent By Job
	3343409  -  Run Bytes Received By Job
	2627  -  Total Bytes Sent By Job
	3343409  -  Total Bytes Received By Job
	Partitionable Resources :    Usage  Request Allocated 
	   Cpus                 :                 1         1 
	   Disk (KB)            :   156445  1048576   1203971 
	   IoHeavy              :                           0 
	   Memory (MB)          :      228     1024      1024 

	Job terminated of its own accord at 2020-11-29T00:11:31Z.
...
