000 (217304.679.000) 2020-11-28 18:02:57 Job submitted from host: <128.104.100.148:9618?addrs=128.104.100.148-9618+[2607-f388-107c-501-216-3eff-feb2-bc11]-9618&alias=learn.chtc.wisc.edu&noUDP&sock=schedd_2128_35a0>
...
040 (217304.679.000) 2020-11-28 18:12:23 Started transferring input files
	Transferring to host: <128.105.245.94:9618?addrs=128.105.245.94-9618&alias=e2294.chtc.wisc.edu&noUDP&sock=slot1_6_29323_74c1_44553>
...
040 (217304.679.000) 2020-11-28 18:12:24 Finished transferring input files
...
001 (217304.679.000) 2020-11-28 18:12:25 Job executing on host: <128.105.245.94:9618?addrs=128.105.245.94-9618&alias=e2294.chtc.wisc.edu&noUDP&sock=startd_2178_815c>
...
006 (217304.679.000) 2020-11-28 18:12:33 Image size of job updated: 209672
	205  -  MemoryUsage of job (MB)
	209672  -  ResidentSetSize of job (KB)
...
040 (217304.679.000) 2020-11-28 18:13:08 Started transferring output files
...
040 (217304.679.000) 2020-11-28 18:13:08 Finished transferring output files
...
005 (217304.679.000) 2020-11-28 18:13:08 Job terminated.
	(1) Normal termination (return value 0)
		Usr 0 00:00:42, Sys 0 00:00:00  -  Run Remote Usage
		Usr 0 00:00:00, Sys 0 00:00:00  -  Run Local Usage
		Usr 0 00:00:42, Sys 0 00:00:00  -  Total Remote Usage
		Usr 0 00:00:00, Sys 0 00:00:00  -  Total Local Usage
	2287  -  Run Bytes Sent By Job
	2011747  -  Run Bytes Received By Job
	2287  -  Total Bytes Sent By Job
	2011747  -  Total Bytes Received By Job
	Partitionable Resources :    Usage  Request Allocated 
	   Cpus                 :                 1         1 
	   Disk (KB)            :   152281  1048576   1207444 
	   IoHeavy              :                           0 
	   Memory (MB)          :      205     1024      1024 

	Job terminated of its own accord at 2020-11-29T00:13:08Z.
...
