000 (217304.150.000) 2020-11-28 18:02:57 Job submitted from host: <128.104.100.148:9618?addrs=128.104.100.148-9618+[2607-f388-107c-501-216-3eff-feb2-bc11]-9618&alias=learn.chtc.wisc.edu&noUDP&sock=schedd_2128_35a0>
...
040 (217304.150.000) 2020-11-28 18:06:50 Started transferring input files
	Transferring to host: <128.105.245.120:9618?addrs=128.105.245.120-9618&alias=e320.chtc.wisc.edu&noUDP&sock=slot1_2_13956_03b1_44469>
...
040 (217304.150.000) 2020-11-28 18:06:52 Finished transferring input files
...
001 (217304.150.000) 2020-11-28 18:06:53 Job executing on host: <128.105.245.120:9618?addrs=128.105.245.120-9618&alias=e320.chtc.wisc.edu&noUDP&sock=startd_19251_29ca>
...
006 (217304.150.000) 2020-11-28 18:07:01 Image size of job updated: 219200
	215  -  MemoryUsage of job (MB)
	219200  -  ResidentSetSize of job (KB)
...
040 (217304.150.000) 2020-11-28 18:07:46 Started transferring output files
...
040 (217304.150.000) 2020-11-28 18:07:46 Finished transferring output files
...
005 (217304.150.000) 2020-11-28 18:07:46 Job terminated.
	(1) Normal termination (return value 0)
		Usr 0 00:00:52, Sys 0 00:00:00  -  Run Remote Usage
		Usr 0 00:00:00, Sys 0 00:00:00  -  Run Local Usage
		Usr 0 00:00:52, Sys 0 00:00:00  -  Total Remote Usage
		Usr 0 00:00:00, Sys 0 00:00:00  -  Total Local Usage
	2155  -  Run Bytes Sent By Job
	2442141  -  Run Bytes Received By Job
	2155  -  Total Bytes Sent By Job
	2442141  -  Total Bytes Received By Job
	Partitionable Resources :     Usage  Request Allocated 
	   Cpus                 :      1.00        1         1 
	   Disk (KB)            : 155702     1048576   1203971 
	   IoHeavy              :                            0 
	   Memory (MB)          :    215        1024      1024 

	Job terminated of its own accord at 2020-11-29T00:07:45Z.
...
