000 (217304.198.000) 2020-11-28 18:02:57 Job submitted from host: <128.104.100.148:9618?addrs=128.104.100.148-9618+[2607-f388-107c-501-216-3eff-feb2-bc11]-9618&alias=learn.chtc.wisc.edu&noUDP&sock=schedd_2128_35a0>
...
040 (217304.198.000) 2020-11-28 18:07:48 Started transferring input files
	Transferring to host: <128.105.245.90:9618?addrs=128.105.245.90-9618&alias=e290.chtc.wisc.edu&noUDP&sock=slot1_31_37567_1991_40346>
...
040 (217304.198.000) 2020-11-28 18:07:50 Finished transferring input files
...
001 (217304.198.000) 2020-11-28 18:07:51 Job executing on host: <128.105.245.90:9618?addrs=128.105.245.90-9618&alias=e290.chtc.wisc.edu&noUDP&sock=startd_7195_c001>
...
006 (217304.198.000) 2020-11-28 18:07:59 Image size of job updated: 238772
	234  -  MemoryUsage of job (MB)
	238772  -  ResidentSetSize of job (KB)
...
040 (217304.198.000) 2020-11-28 18:09:20 Started transferring output files
...
040 (217304.198.000) 2020-11-28 18:09:20 Finished transferring output files
...
005 (217304.198.000) 2020-11-28 18:09:20 Job terminated.
	(1) Normal termination (return value 0)
		Usr 0 00:01:21, Sys 0 00:00:00  -  Run Remote Usage
		Usr 0 00:00:00, Sys 0 00:00:00  -  Run Local Usage
		Usr 0 00:01:21, Sys 0 00:00:00  -  Total Remote Usage
		Usr 0 00:00:00, Sys 0 00:00:00  -  Total Local Usage
	2304  -  Run Bytes Sent By Job
	2985560  -  Run Bytes Received By Job
	2304  -  Total Bytes Sent By Job
	2985560  -  Total Bytes Received By Job
	Partitionable Resources :     Usage  Request Allocated 
	   Cpus                 :      0.92        1         1 
	   Disk (KB)            : 156618     1048576   1325552 
	   IoHeavy              :                            0 
	   Memory (MB)          :    234        1024      1024 

	Job terminated of its own accord at 2020-11-29T00:09:20Z.
...
