000 (217317.099.000) 2020-11-28 19:35:07 Job submitted from host: <128.104.100.148:9618?addrs=128.104.100.148-9618+[2607-f388-107c-501-216-3eff-feb2-bc11]-9618&alias=learn.chtc.wisc.edu&noUDP&sock=schedd_2128_35a0>
...
040 (217317.099.000) 2020-11-28 19:38:09 Started transferring input files
	Transferring to host: <128.104.103.8:9618?addrs=128.104.103.8-9618+[2607-f388-107c-501-862b-2bff-fe64-8672]-9618&alias=e004.chtc.wisc.edu&noUDP&sock=slot1_12_17667_bfe8_32385>
...
040 (217317.099.000) 2020-11-28 19:38:14 Finished transferring input files
...
001 (217317.099.000) 2020-11-28 19:38:15 Job executing on host: <128.104.103.8:9618?addrs=128.104.103.8-9618+[2607-f388-107c-501-862b-2bff-fe64-8672]-9618&alias=e004.chtc.wisc.edu&noUDP&sock=startd_4383_f3b0>
...
006 (217317.099.000) 2020-11-28 19:38:24 Image size of job updated: 316196
	309  -  MemoryUsage of job (MB)
	316196  -  ResidentSetSize of job (KB)
...
040 (217317.099.000) 2020-11-28 19:39:30 Started transferring output files
...
040 (217317.099.000) 2020-11-28 19:39:30 Finished transferring output files
...
005 (217317.099.000) 2020-11-28 19:39:31 Job terminated.
	(1) Normal termination (return value 0)
		Usr 0 00:01:13, Sys 0 00:00:01  -  Run Remote Usage
		Usr 0 00:00:00, Sys 0 00:00:00  -  Run Local Usage
		Usr 0 00:01:13, Sys 0 00:00:01  -  Total Remote Usage
		Usr 0 00:00:00, Sys 0 00:00:00  -  Total Local Usage
	2311  -  Run Bytes Sent By Job
	2087100  -  Run Bytes Received By Job
	2311  -  Total Bytes Sent By Job
	2087100  -  Total Bytes Received By Job
	Partitionable Resources :     Usage  Request Allocated 
	   Cpus                 :      1.00        1         1 
	   Disk (KB)            : 151725     1048576   2034538 
	   IoHeavy              :                            0 
	   Memory (MB)          :    309        1024      1024 

	Job terminated of its own accord at 2020-11-29T01:39:30Z.
...
