000 (217304.733.000) 2020-11-28 18:02:57 Job submitted from host: <128.104.100.148:9618?addrs=128.104.100.148-9618+[2607-f388-107c-501-216-3eff-feb2-bc11]-9618&alias=learn.chtc.wisc.edu&noUDP&sock=schedd_2128_35a0>
...
040 (217304.733.000) 2020-11-28 18:12:46 Started transferring input files
	Transferring to host: <128.104.101.129:9618?addrs=128.104.101.129-9618+[2607-f388-107c-501-4603-a7ff-fe29-9989]-9618&alias=e129.chtc.wisc.edu&noUDP&sock=slot1_22_7366_c365_51556>
...
040 (217304.733.000) 2020-11-28 18:12:51 Finished transferring input files
...
001 (217304.733.000) 2020-11-28 18:12:52 Job executing on host: <128.104.101.129:9618?addrs=128.104.101.129-9618+[2607-f388-107c-501-4603-a7ff-fe29-9989]-9618&alias=e129.chtc.wisc.edu&noUDP&sock=startd_2181_9025>
...
006 (217304.733.000) 2020-11-28 18:13:01 Image size of job updated: 251300
	246  -  MemoryUsage of job (MB)
	251300  -  ResidentSetSize of job (KB)
...
040 (217304.733.000) 2020-11-28 18:14:18 Started transferring output files
...
040 (217304.733.000) 2020-11-28 18:14:18 Finished transferring output files
...
005 (217304.733.000) 2020-11-28 18:14:18 Job terminated.
	(1) Normal termination (return value 0)
		Usr 0 00:01:22, Sys 0 00:00:01  -  Run Remote Usage
		Usr 0 00:00:00, Sys 0 00:00:00  -  Run Local Usage
		Usr 0 00:01:22, Sys 0 00:00:01  -  Total Remote Usage
		Usr 0 00:00:00, Sys 0 00:00:00  -  Total Local Usage
	2350  -  Run Bytes Sent By Job
	3173480  -  Run Bytes Received By Job
	2350  -  Total Bytes Sent By Job
	3173480  -  Total Bytes Received By Job
	Partitionable Resources :    Usage  Request Allocated 
	   Cpus                 :                 1         1 
	   Disk (KB)            :   157905  1048576   3405532 
	   IoHeavy              :                           0 
	   Memory (MB)          :      246     1024      1024 

	Job terminated of its own accord at 2020-11-29T00:14:18Z.
...
