000 (217304.757.000) 2020-11-28 18:02:57 Job submitted from host: <128.104.100.148:9618?addrs=128.104.100.148-9618+[2607-f388-107c-501-216-3eff-feb2-bc11]-9618&alias=learn.chtc.wisc.edu&noUDP&sock=schedd_2128_35a0>
...
040 (217304.757.000) 2020-11-28 18:12:55 Started transferring input files
	Transferring to host: <128.104.58.95:9618?addrs=128.104.58.95-9618+[2607-f388-1086-0-a6ba-dbff-fe38-e502]-9618&alias=e085.chtc.wisc.edu&noUDP&sock=slot1_1_12860_c884_39772>
...
040 (217304.757.000) 2020-11-28 18:12:57 Finished transferring input files
...
001 (217304.757.000) 2020-11-28 18:12:58 Job executing on host: <128.104.58.95:9618?addrs=128.104.58.95-9618+[2607-f388-1086-0-a6ba-dbff-fe38-e502]-9618&alias=e085.chtc.wisc.edu&noUDP&sock=startd_4512_6f68>
...
006 (217304.757.000) 2020-11-28 18:13:07 Image size of job updated: 213212
	209  -  MemoryUsage of job (MB)
	213212  -  ResidentSetSize of job (KB)
...
040 (217304.757.000) 2020-11-28 18:13:57 Started transferring output files
...
040 (217304.757.000) 2020-11-28 18:13:57 Finished transferring output files
...
005 (217304.757.000) 2020-11-28 18:13:57 Job terminated.
	(1) Normal termination (return value 0)
		Usr 0 00:00:58, Sys 0 00:00:00  -  Run Remote Usage
		Usr 0 00:00:00, Sys 0 00:00:00  -  Run Local Usage
		Usr 0 00:00:58, Sys 0 00:00:00  -  Total Remote Usage
		Usr 0 00:00:00, Sys 0 00:00:00  -  Total Local Usage
	2350  -  Run Bytes Sent By Job
	2480950  -  Run Bytes Received By Job
	2350  -  Total Bytes Sent By Job
	2480950  -  Total Bytes Received By Job
	Partitionable Resources :    Usage  Request Allocated 
	   Cpus                 :                 1         1 
	   Disk (KB)            :   153344  1048576   3645274 
	   IoHeavy              :                           0 
	   Memory (MB)          :      209     1024      1024 

	Job terminated of its own accord at 2020-11-29T00:13:57Z.
...
