000 (217304.560.000) 2020-11-28 18:02:57 Job submitted from host: <128.104.100.148:9618?addrs=128.104.100.148-9618+[2607-f388-107c-501-216-3eff-feb2-bc11]-9618&alias=learn.chtc.wisc.edu&noUDP&sock=schedd_2128_35a0>
...
040 (217304.560.000) 2020-11-28 18:11:26 Started transferring input files
	Transferring to host: <128.104.58.158:9618?addrs=128.104.58.158-9618+[2607-f388-1086-0-16fe-b5ff-fec6-7933]-9618&alias=e1010.chtc.wisc.edu&noUDP&sock=slot1_5_36670_150c_41580>
...
040 (217304.560.000) 2020-11-28 18:11:28 Finished transferring input files
...
001 (217304.560.000) 2020-11-28 18:11:29 Job executing on host: <128.104.58.158:9618?addrs=128.104.58.158-9618+[2607-f388-1086-0-16fe-b5ff-fec6-7933]-9618&alias=e1010.chtc.wisc.edu&noUDP&sock=startd_5487_343f>
...
006 (217304.560.000) 2020-11-28 18:11:38 Image size of job updated: 219708
	215  -  MemoryUsage of job (MB)
	219708  -  ResidentSetSize of job (KB)
...
040 (217304.560.000) 2020-11-28 18:12:25 Started transferring output files
...
040 (217304.560.000) 2020-11-28 18:12:25 Finished transferring output files
...
005 (217304.560.000) 2020-11-28 18:12:25 Job terminated.
	(1) Normal termination (return value 0)
		Usr 0 00:00:54, Sys 0 00:00:01  -  Run Remote Usage
		Usr 0 00:00:00, Sys 0 00:00:00  -  Run Local Usage
		Usr 0 00:00:54, Sys 0 00:00:01  -  Total Remote Usage
		Usr 0 00:00:00, Sys 0 00:00:00  -  Total Local Usage
	2173  -  Run Bytes Sent By Job
	1973525  -  Run Bytes Received By Job
	2173  -  Total Bytes Sent By Job
	1973525  -  Total Bytes Received By Job
	Partitionable Resources :     Usage  Request Allocated 
	   Cpus                 :      0.04        1         1 
	   Disk (KB)            : 152092     1048576   1324206 
	   IoHeavy              :                            0 
	   Memory (MB)          :    215        1024      1024 

	Job terminated of its own accord at 2020-11-29T00:12:25Z.
...
