000 (217317.013.000) 2020-11-28 19:35:07 Job submitted from host: <128.104.100.148:9618?addrs=128.104.100.148-9618+[2607-f388-107c-501-216-3eff-feb2-bc11]-9618&alias=learn.chtc.wisc.edu&noUDP&sock=schedd_2128_35a0>
...
040 (217317.013.000) 2020-11-28 19:35:48 Started transferring input files
	Transferring to host: <128.104.103.8:9618?addrs=128.104.103.8-9618+[2607-f388-107c-501-862b-2bff-fe64-8672]-9618&alias=e004.chtc.wisc.edu&noUDP&sock=slot1_12_17667_bfe8_32379>
...
040 (217317.013.000) 2020-11-28 19:35:53 Finished transferring input files
...
001 (217317.013.000) 2020-11-28 19:35:54 Job executing on host: <128.104.103.8:9618?addrs=128.104.103.8-9618+[2607-f388-107c-501-862b-2bff-fe64-8672]-9618&alias=e004.chtc.wisc.edu&noUDP&sock=startd_4383_f3b0>
...
006 (217317.013.000) 2020-11-28 19:36:04 Image size of job updated: 287692
	281  -  MemoryUsage of job (MB)
	287692  -  ResidentSetSize of job (KB)
...
006 (217317.013.000) 2020-11-28 19:37:01 Image size of job updated: 287692
	282  -  MemoryUsage of job (MB)
	287812  -  ResidentSetSize of job (KB)
...
040 (217317.013.000) 2020-11-28 19:37:01 Started transferring output files
...
040 (217317.013.000) 2020-11-28 19:37:01 Finished transferring output files
...
005 (217317.013.000) 2020-11-28 19:37:01 Job terminated.
	(1) Normal termination (return value 0)
		Usr 0 00:00:57, Sys 0 00:00:01  -  Run Remote Usage
		Usr 0 00:00:00, Sys 0 00:00:00  -  Run Local Usage
		Usr 0 00:00:57, Sys 0 00:00:01  -  Total Remote Usage
		Usr 0 00:00:00, Sys 0 00:00:00  -  Total Local Usage
	2259  -  Run Bytes Sent By Job
	1888818  -  Run Bytes Received By Job
	2259  -  Total Bytes Sent By Job
	1888818  -  Total Bytes Received By Job
	Partitionable Resources :    Usage  Request Allocated 
	   Cpus                 :                 1         1 
	   Disk (KB)            :   151104  1048576   2034538 
	   IoHeavy              :                           0 
	   Memory (MB)          :      282     1024      1024 

	Job terminated of its own accord at 2020-11-29T01:37:01Z.
...
