000 (217304.802.000) 2020-11-28 18:02:57 Job submitted from host: <128.104.100.148:9618?addrs=128.104.100.148-9618+[2607-f388-107c-501-216-3eff-feb2-bc11]-9618&alias=learn.chtc.wisc.edu&noUDP&sock=schedd_2128_35a0>
...
040 (217304.802.000) 2020-11-28 18:13:08 Started transferring input files
	Transferring to host: <128.105.244.101:9618?addrs=128.105.244.101-9618&alias=e2005.chtc.wisc.edu&noUDP&sock=slot1_9_36904_f4d6_43400>
...
040 (217304.802.000) 2020-11-28 18:13:09 Finished transferring input files
...
001 (217304.802.000) 2020-11-28 18:13:10 Job executing on host: <128.105.244.101:9618?addrs=128.105.244.101-9618&alias=e2005.chtc.wisc.edu&noUDP&sock=startd_7339_85a4>
...
006 (217304.802.000) 2020-11-28 18:13:19 Image size of job updated: 203476
	199  -  MemoryUsage of job (MB)
	203476  -  ResidentSetSize of job (KB)
...
040 (217304.802.000) 2020-11-28 18:13:39 Started transferring output files
...
040 (217304.802.000) 2020-11-28 18:13:39 Finished transferring output files
...
005 (217304.802.000) 2020-11-28 18:13:39 Job terminated.
	(1) Normal termination (return value 0)
		Usr 0 00:00:28, Sys 0 00:00:00  -  Run Remote Usage
		Usr 0 00:00:00, Sys 0 00:00:00  -  Run Local Usage
		Usr 0 00:00:28, Sys 0 00:00:00  -  Total Remote Usage
		Usr 0 00:00:00, Sys 0 00:00:00  -  Total Local Usage
	2191  -  Run Bytes Sent By Job
	2132500  -  Run Bytes Received By Job
	2191  -  Total Bytes Sent By Job
	2132500  -  Total Bytes Received By Job
	Partitionable Resources :     Usage  Request Allocated 
	   Cpus                 :      1.00        1         1 
	   Disk (KB)            : 151116     1048576   2902502 
	   IoHeavy              :                            0 
	   Memory (MB)          :    199        1024      1024 

	Job terminated of its own accord at 2020-11-29T00:13:39Z.
...
