000 (217304.451.000) 2020-11-28 18:02:57 Job submitted from host: <128.104.100.148:9618?addrs=128.104.100.148-9618+[2607-f388-107c-501-216-3eff-feb2-bc11]-9618&alias=learn.chtc.wisc.edu&noUDP&sock=schedd_2128_35a0>
...
040 (217304.451.000) 2020-11-28 18:10:30 Started transferring input files
	Transferring to host: <128.105.245.233:9618?addrs=128.105.245.233-9618&alias=e2433.chtc.wisc.edu&noUDP&sock=slot1_38_15153_68c1_42753>
...
040 (217304.451.000) 2020-11-28 18:10:31 Finished transferring input files
...
001 (217304.451.000) 2020-11-28 18:10:32 Job executing on host: <128.105.245.233:9618?addrs=128.105.245.233-9618&alias=e2433.chtc.wisc.edu&noUDP&sock=startd_4603_da86>
...
006 (217304.451.000) 2020-11-28 18:10:41 Image size of job updated: 280344
	274  -  MemoryUsage of job (MB)
	280344  -  ResidentSetSize of job (KB)
...
040 (217304.451.000) 2020-11-28 18:11:52 Started transferring output files
...
040 (217304.451.000) 2020-11-28 18:11:52 Finished transferring output files
...
005 (217304.451.000) 2020-11-28 18:11:52 Job terminated.
	(1) Normal termination (return value 0)
		Usr 0 00:01:12, Sys 0 00:00:01  -  Run Remote Usage
		Usr 0 00:00:00, Sys 0 00:00:00  -  Run Local Usage
		Usr 0 00:01:12, Sys 0 00:00:01  -  Total Remote Usage
		Usr 0 00:00:00, Sys 0 00:00:00  -  Total Local Usage
	2381  -  Run Bytes Sent By Job
	2328923  -  Run Bytes Received By Job
	2381  -  Total Bytes Sent By Job
	2328923  -  Total Bytes Received By Job
	Partitionable Resources :     Usage  Request Allocated 
	   Cpus                 :      0.12        1         1 
	   Disk (KB)            : 154852     1048576   1342461 
	   IoHeavy              :                            0 
	   Memory (MB)          :    274        1024      1024 

	Job terminated of its own accord at 2020-11-29T00:11:52Z.
...
