000 (217302.001.000) 2020-11-28 17:27:33 Job submitted from host: <128.104.100.148:9618?addrs=128.104.100.148-9618+[2607-f388-107c-501-216-3eff-feb2-bc11]-9618&alias=learn.chtc.wisc.edu&noUDP&sock=schedd_2128_35a0>
...
040 (217302.001.000) 2020-11-28 17:29:03 Started transferring input files
	Transferring to host: <128.105.244.77:9618?addrs=128.105.244.77-9618&alias=e196.chtc.wisc.edu&noUDP&sock=slot1_2_8348_abcd_39215>
...
040 (217302.001.000) 2020-11-28 17:29:06 Finished transferring input files
...
001 (217302.001.000) 2020-11-28 17:29:07 Job executing on host: <128.105.244.77:9618?addrs=128.105.244.77-9618&alias=e196.chtc.wisc.edu&noUDP&sock=startd_1058_474a>
...
006 (217302.001.000) 2020-11-28 17:29:16 Image size of job updated: 295660
	289  -  MemoryUsage of job (MB)
	295660  -  ResidentSetSize of job (KB)
...
040 (217302.001.000) 2020-11-28 17:30:01 Started transferring output files
...
040 (217302.001.000) 2020-11-28 17:30:01 Finished transferring output files
...
005 (217302.001.000) 2020-11-28 17:30:02 Job terminated.
	(1) Normal termination (return value 0)
		Usr 0 00:00:51, Sys 0 00:00:00  -  Run Remote Usage
		Usr 0 00:00:00, Sys 0 00:00:00  -  Run Local Usage
		Usr 0 00:00:51, Sys 0 00:00:00  -  Total Remote Usage
		Usr 0 00:00:00, Sys 0 00:00:00  -  Total Local Usage
	2109  -  Run Bytes Sent By Job
	2232577  -  Run Bytes Received By Job
	2109  -  Total Bytes Sent By Job
	2232577  -  Total Bytes Received By Job
	Partitionable Resources :    Usage  Request Allocated 
	   Cpus                 :                 1         1 
	   Disk (KB)            :   153480  1048576   1853533 
	   IoHeavy              :                           0 
	   Memory (MB)          :      289     1024      1024 

	Job terminated of its own accord at 2020-11-28T23:30:01Z.
...
