000 (217317.119.000) 2020-11-28 19:35:07 Job submitted from host: <128.104.100.148:9618?addrs=128.104.100.148-9618+[2607-f388-107c-501-216-3eff-feb2-bc11]-9618&alias=learn.chtc.wisc.edu&noUDP&sock=schedd_2128_35a0>
...
040 (217317.119.000) 2020-11-28 19:38:57 Started transferring input files
	Transferring to host: <128.105.245.110:9618?addrs=128.105.245.110-9618&alias=e310.chtc.wisc.edu&noUDP&sock=slot1_2_17576_a1c4_41718>
...
040 (217317.119.000) 2020-11-28 19:39:00 Finished transferring input files
...
001 (217317.119.000) 2020-11-28 19:39:01 Job executing on host: <128.105.245.110:9618?addrs=128.105.245.110-9618&alias=e310.chtc.wisc.edu&noUDP&sock=startd_7101_461a>
...
006 (217317.119.000) 2020-11-28 19:39:09 Image size of job updated: 226092
	221  -  MemoryUsage of job (MB)
	226092  -  ResidentSetSize of job (KB)
...
040 (217317.119.000) 2020-11-28 19:40:20 Started transferring output files
...
040 (217317.119.000) 2020-11-28 19:40:20 Finished transferring output files
...
005 (217317.119.000) 2020-11-28 19:40:21 Job terminated.
	(1) Normal termination (return value 0)
		Usr 0 00:01:15, Sys 0 00:00:00  -  Run Remote Usage
		Usr 0 00:00:00, Sys 0 00:00:00  -  Run Local Usage
		Usr 0 00:01:15, Sys 0 00:00:00  -  Total Remote Usage
		Usr 0 00:00:00, Sys 0 00:00:00  -  Total Local Usage
	2395  -  Run Bytes Sent By Job
	3020093  -  Run Bytes Received By Job
	2395  -  Total Bytes Sent By Job
	3020093  -  Total Bytes Received By Job
	Partitionable Resources :    Usage  Request Allocated 
	   Cpus                 :                 1         1 
	   Disk (KB)            :   157012  1048576   1330979 
	   IoHeavy              :                           0 
	   Memory (MB)          :      221     1024      1024 

	Job terminated of its own accord at 2020-11-29T01:40:20Z.
...
