000 (217304.642.000) 2020-11-28 18:02:57 Job submitted from host: <128.104.100.148:9618?addrs=128.104.100.148-9618+[2607-f388-107c-501-216-3eff-feb2-bc11]-9618&alias=learn.chtc.wisc.edu&noUDP&sock=schedd_2128_35a0>
...
040 (217304.642.000) 2020-11-28 18:12:08 Started transferring input files
	Transferring to host: <128.104.101.136:9618?addrs=128.104.101.136-9618+[2607-f388-107c-501-4603-a7ff-fe29-525b]-9618&alias=e136.chtc.wisc.edu&noUDP&sock=slot1_25_17244_b536_52392>
...
040 (217304.642.000) 2020-11-28 18:12:12 Finished transferring input files
...
001 (217304.642.000) 2020-11-28 18:12:13 Job executing on host: <128.104.101.136:9618?addrs=128.104.101.136-9618+[2607-f388-107c-501-4603-a7ff-fe29-525b]-9618&alias=e136.chtc.wisc.edu&noUDP&sock=startd_2155_baae>
...
006 (217304.642.000) 2020-11-28 18:12:22 Image size of job updated: 205212
	201  -  MemoryUsage of job (MB)
	205212  -  ResidentSetSize of job (KB)
...
040 (217304.642.000) 2020-11-28 18:13:35 Started transferring output files
...
040 (217304.642.000) 2020-11-28 18:13:35 Finished transferring output files
...
005 (217304.642.000) 2020-11-28 18:13:36 Job terminated.
	(1) Normal termination (return value 0)
		Usr 0 00:01:19, Sys 0 00:00:01  -  Run Remote Usage
		Usr 0 00:00:00, Sys 0 00:00:00  -  Run Local Usage
		Usr 0 00:01:19, Sys 0 00:00:01  -  Total Remote Usage
		Usr 0 00:00:00, Sys 0 00:00:00  -  Total Local Usage
	2367  -  Run Bytes Sent By Job
	2609985  -  Run Bytes Received By Job
	2367  -  Total Bytes Sent By Job
	2609985  -  Total Bytes Received By Job
	Partitionable Resources :     Usage  Request Allocated 
	   Cpus                 :      0.97        1         1 
	   Disk (KB)            : 156153     1048576   3400640 
	   IoHeavy              :                            0 
	   Memory (MB)          :    201        1024      1024 

	Job terminated of its own accord at 2020-11-29T00:13:35Z.
...
