000 (217317.742.000) 2020-11-28 19:35:07 Job submitted from host: <128.104.100.148:9618?addrs=128.104.100.148-9618+[2607-f388-107c-501-216-3eff-feb2-bc11]-9618&alias=learn.chtc.wisc.edu&noUDP&sock=schedd_2128_35a0>
...
040 (217317.742.000) 2020-11-28 19:45:35 Started transferring input files
	Transferring to host: <128.104.58.169:9618?addrs=128.104.58.169-9618+[2607-f388-1086-0-16fe-b5ff-fec6-6e68]-9618&alias=e1023.chtc.wisc.edu&noUDP&sock=slot1_36_15341_df49_43269>
...
040 (217317.742.000) 2020-11-28 19:45:37 Finished transferring input files
...
001 (217317.742.000) 2020-11-28 19:45:38 Job executing on host: <128.104.58.169:9618?addrs=128.104.58.169-9618+[2607-f388-1086-0-16fe-b5ff-fec6-6e68]-9618&alias=e1023.chtc.wisc.edu&noUDP&sock=startd_5441_a6e3>
...
006 (217317.742.000) 2020-11-28 19:45:46 Image size of job updated: 209904
	205  -  MemoryUsage of job (MB)
	209904  -  ResidentSetSize of job (KB)
...
040 (217317.742.000) 2020-11-28 19:46:55 Started transferring output files
...
040 (217317.742.000) 2020-11-28 19:46:55 Finished transferring output files
...
005 (217317.742.000) 2020-11-28 19:46:55 Job terminated.
	(1) Normal termination (return value 0)
		Usr 0 00:01:14, Sys 0 00:00:01  -  Run Remote Usage
		Usr 0 00:00:00, Sys 0 00:00:00  -  Run Local Usage
		Usr 0 00:01:14, Sys 0 00:00:01  -  Total Remote Usage
		Usr 0 00:00:00, Sys 0 00:00:00  -  Total Local Usage
	2271  -  Run Bytes Sent By Job
	2740033  -  Run Bytes Received By Job
	2271  -  Total Bytes Sent By Job
	2740033  -  Total Bytes Received By Job
	Partitionable Resources :    Usage  Request Allocated 
	   Cpus                 :                 1         1 
	   Disk (KB)            :   156873  1048576   1316749 
	   IoHeavy              :                           0 
	   Memory (MB)          :      205     1024      1024 

	Job terminated of its own accord at 2020-11-29T01:46:54Z.
...
