000 (217304.165.000) 2020-11-28 18:02:57 Job submitted from host: <128.104.100.148:9618?addrs=128.104.100.148-9618+[2607-f388-107c-501-216-3eff-feb2-bc11]-9618&alias=learn.chtc.wisc.edu&noUDP&sock=schedd_2128_35a0>
...
040 (217304.165.000) 2020-11-28 18:07:11 Started transferring input files
	Transferring to host: <128.104.58.83:9618?addrs=128.104.58.83-9618+[2607-f388-1086-0-a6ba-dbff-fe38-e833]-9618&alias=e1073.chtc.wisc.edu&noUDP&sock=slot1_8_18411_f706_40634>
...
040 (217304.165.000) 2020-11-28 18:07:13 Finished transferring input files
...
001 (217304.165.000) 2020-11-28 18:07:14 Job executing on host: <128.104.58.83:9618?addrs=128.104.58.83-9618+[2607-f388-1086-0-a6ba-dbff-fe38-e833]-9618&alias=e1073.chtc.wisc.edu&noUDP&sock=startd_4582_7309>
...
006 (217304.165.000) 2020-11-28 18:07:22 Image size of job updated: 212628
	208  -  MemoryUsage of job (MB)
	212628  -  ResidentSetSize of job (KB)
...
040 (217304.165.000) 2020-11-28 18:08:03 Started transferring output files
...
040 (217304.165.000) 2020-11-28 18:08:03 Finished transferring output files
...
005 (217304.165.000) 2020-11-28 18:08:03 Job terminated.
	(1) Normal termination (return value 0)
		Usr 0 00:00:47, Sys 0 00:00:00  -  Run Remote Usage
		Usr 0 00:00:00, Sys 0 00:00:00  -  Run Local Usage
		Usr 0 00:00:47, Sys 0 00:00:00  -  Total Remote Usage
		Usr 0 00:00:00, Sys 0 00:00:00  -  Total Local Usage
	2291  -  Run Bytes Sent By Job
	2301459  -  Run Bytes Received By Job
	2291  -  Total Bytes Sent By Job
	2301459  -  Total Bytes Received By Job
	Partitionable Resources :    Usage  Request Allocated 
	   Cpus                 :                 1         1 
	   Disk (KB)            :   154171  1048576   1217433 
	   IoHeavy              :                           0 
	   Memory (MB)          :      208     1024      1024 

	Job terminated of its own accord at 2020-11-29T00:08:03Z.
...
