000 (217317.717.000) 2020-11-28 19:35:07 Job submitted from host: <128.104.100.148:9618?addrs=128.104.100.148-9618+[2607-f388-107c-501-216-3eff-feb2-bc11]-9618&alias=learn.chtc.wisc.edu&noUDP&sock=schedd_2128_35a0>
...
040 (217317.717.000) 2020-11-28 19:45:25 Started transferring input files
	Transferring to host: <128.105.245.56:9618?addrs=128.105.245.56-9618&alias=e3256.chtc.wisc.edu&noUDP&sock=slot1_5_28068_31ee_39878>
...
040 (217317.717.000) 2020-11-28 19:45:27 Finished transferring input files
...
001 (217317.717.000) 2020-11-28 19:45:28 Job executing on host: <128.105.245.56:9618?addrs=128.105.245.56-9618&alias=e3256.chtc.wisc.edu&noUDP&sock=startd_3020_0c1a>
...
006 (217317.717.000) 2020-11-28 19:45:36 Image size of job updated: 204240
	200  -  MemoryUsage of job (MB)
	204240  -  ResidentSetSize of job (KB)
...
040 (217317.717.000) 2020-11-28 19:46:37 Started transferring output files
...
040 (217317.717.000) 2020-11-28 19:46:37 Finished transferring output files
...
005 (217317.717.000) 2020-11-28 19:46:37 Job terminated.
	(1) Normal termination (return value 0)
		Usr 0 00:01:02, Sys 0 00:00:00  -  Run Remote Usage
		Usr 0 00:00:00, Sys 0 00:00:00  -  Run Local Usage
		Usr 0 00:01:02, Sys 0 00:00:00  -  Total Remote Usage
		Usr 0 00:00:00, Sys 0 00:00:00  -  Total Local Usage
	2230  -  Run Bytes Sent By Job
	2698774  -  Run Bytes Received By Job
	2230  -  Total Bytes Sent By Job
	2698774  -  Total Bytes Received By Job
	Partitionable Resources :     Usage  Request Allocated 
	   Cpus                 :      0.95        1         1 
	   Disk (KB)            : 154665     1048576   1817112 
	   IoHeavy              :                            0 
	   Memory (MB)          :    200        1024      1024 

	Job terminated of its own accord at 2020-11-29T01:46:37Z.
...
