000 (217304.162.000) 2020-11-28 18:02:57 Job submitted from host: <128.104.100.148:9618?addrs=128.104.100.148-9618+[2607-f388-107c-501-216-3eff-feb2-bc11]-9618&alias=learn.chtc.wisc.edu&noUDP&sock=schedd_2128_35a0>
...
040 (217304.162.000) 2020-11-28 18:07:03 Started transferring input files
	Transferring to host: <128.104.102.21:9618?addrs=128.104.102.21-9618+[2607-f388-107c-501-16fe-b5ff-feca-48c9]-9618&alias=e0150.chtc.wisc.edu&noUDP&sock=slot1_62_8996_3ee7_54459>
...
040 (217304.162.000) 2020-11-28 18:07:09 Finished transferring input files
...
001 (217304.162.000) 2020-11-28 18:07:10 Job executing on host: <128.104.102.21:9618?addrs=128.104.102.21-9618+[2607-f388-107c-501-16fe-b5ff-feca-48c9]-9618&alias=e0150.chtc.wisc.edu&noUDP&sock=startd_6165_4175>
...
006 (217304.162.000) 2020-11-28 18:07:19 Image size of job updated: 206628
	202  -  MemoryUsage of job (MB)
	206628  -  ResidentSetSize of job (KB)
...
040 (217304.162.000) 2020-11-28 18:08:50 Started transferring output files
...
040 (217304.162.000) 2020-11-28 18:08:50 Finished transferring output files
...
005 (217304.162.000) 2020-11-28 18:08:50 Job terminated.
	(1) Normal termination (return value 0)
		Usr 0 00:01:38, Sys 0 00:00:01  -  Run Remote Usage
		Usr 0 00:00:00, Sys 0 00:00:00  -  Run Local Usage
		Usr 0 00:01:38, Sys 0 00:00:01  -  Total Remote Usage
		Usr 0 00:00:00, Sys 0 00:00:00  -  Total Local Usage
	2186  -  Run Bytes Sent By Job
	2017137  -  Run Bytes Received By Job
	2186  -  Total Bytes Sent By Job
	2017137  -  Total Bytes Received By Job
	Partitionable Resources :     Usage  Request Allocated 
	   Cpus                 :      0.99        1         1 
	   Disk (KB)            : 151950     1048576   3632341 
	   IoHeavy              :                            0 
	   Memory (MB)          :    202        1024      1024 

	Job terminated of its own accord at 2020-11-29T00:08:50Z.
...
