000 (217317.012.000) 2020-11-28 19:35:07 Job submitted from host: <128.104.100.148:9618?addrs=128.104.100.148-9618+[2607-f388-107c-501-216-3eff-feb2-bc11]-9618&alias=learn.chtc.wisc.edu&noUDP&sock=schedd_2128_35a0>
...
040 (217317.012.000) 2020-11-28 19:35:47 Started transferring input files
	Transferring to host: <128.104.58.123:9618?addrs=128.104.58.123-9618+[2607-f388-1086-0-67d-7bff-fe41-62ea]-9618&alias=e540.chtc.wisc.edu&noUDP&sock=slot1_4_26039_94bc_38994>
...
040 (217317.012.000) 2020-11-28 19:35:49 Finished transferring input files
...
001 (217317.012.000) 2020-11-28 19:35:50 Job executing on host: <128.104.58.123:9618?addrs=128.104.58.123-9618+[2607-f388-1086-0-67d-7bff-fe41-62ea]-9618&alias=e540.chtc.wisc.edu&noUDP&sock=startd_12509_b647>
...
006 (217317.012.000) 2020-11-28 19:35:59 Image size of job updated: 200416
	196  -  MemoryUsage of job (MB)
	200416  -  ResidentSetSize of job (KB)
...
040 (217317.012.000) 2020-11-28 19:36:35 Started transferring output files
...
040 (217317.012.000) 2020-11-28 19:36:35 Finished transferring output files
...
005 (217317.012.000) 2020-11-28 19:36:35 Job terminated.
	(1) Normal termination (return value 0)
		Usr 0 00:00:44, Sys 0 00:00:00  -  Run Remote Usage
		Usr 0 00:00:00, Sys 0 00:00:00  -  Run Local Usage
		Usr 0 00:00:44, Sys 0 00:00:00  -  Total Remote Usage
		Usr 0 00:00:00, Sys 0 00:00:00  -  Total Local Usage
	2219  -  Run Bytes Sent By Job
	2075097  -  Run Bytes Received By Job
	2219  -  Total Bytes Sent By Job
	2075097  -  Total Bytes Received By Job
	Partitionable Resources :    Usage  Request Allocated 
	   Cpus                 :                 1         1 
	   Disk (KB)            :   151853  1048576  16562528 
	   IoHeavy              :                           0 
	   Memory (MB)          :      196     1024      1024 

	Job terminated of its own accord at 2020-11-29T01:36:35Z.
...
