000 (217304.778.000) 2020-11-28 18:02:57 Job submitted from host: <128.104.100.148:9618?addrs=128.104.100.148-9618+[2607-f388-107c-501-216-3eff-feb2-bc11]-9618&alias=learn.chtc.wisc.edu&noUDP&sock=schedd_2128_35a0>
...
040 (217304.778.000) 2020-11-28 18:13:06 Started transferring input files
	Transferring to host: <128.105.245.74:9618?addrs=128.105.245.74-9618&alias=e274.chtc.wisc.edu&noUDP&sock=slot1_21_34317_2e4d_39603>
...
040 (217304.778.000) 2020-11-28 18:13:08 Finished transferring input files
...
001 (217304.778.000) 2020-11-28 18:13:09 Job executing on host: <128.105.245.74:9618?addrs=128.105.245.74-9618&alias=e274.chtc.wisc.edu&noUDP&sock=startd_7118_ef36>
...
006 (217304.778.000) 2020-11-28 18:13:18 Image size of job updated: 204196
	200  -  MemoryUsage of job (MB)
	204196  -  ResidentSetSize of job (KB)
...
040 (217304.778.000) 2020-11-28 18:14:28 Started transferring output files
...
040 (217304.778.000) 2020-11-28 18:14:28 Finished transferring output files
...
005 (217304.778.000) 2020-11-28 18:14:28 Job terminated.
	(1) Normal termination (return value 0)
		Usr 0 00:01:10, Sys 0 00:00:00  -  Run Remote Usage
		Usr 0 00:00:00, Sys 0 00:00:00  -  Run Local Usage
		Usr 0 00:01:10, Sys 0 00:00:00  -  Total Remote Usage
		Usr 0 00:00:00, Sys 0 00:00:00  -  Total Local Usage
	2274  -  Run Bytes Sent By Job
	2374326  -  Run Bytes Received By Job
	2274  -  Total Bytes Sent By Job
	2374326  -  Total Bytes Received By Job
	Partitionable Resources :    Usage  Request Allocated 
	   Cpus                 :                 1         1 
	   Disk (KB)            :   153196  1048576   1343172 
	   IoHeavy              :                           0 
	   Memory (MB)          :      200     1024      1024 

	Job terminated of its own accord at 2020-11-29T00:14:28Z.
...
