000 (217304.811.000) 2020-11-28 18:02:57 Job submitted from host: <128.104.100.148:9618?addrs=128.104.100.148-9618+[2607-f388-107c-501-216-3eff-feb2-bc11]-9618&alias=learn.chtc.wisc.edu&noUDP&sock=schedd_2128_35a0>
...
040 (217304.811.000) 2020-11-28 18:13:14 Started transferring input files
	Transferring to host: <128.104.58.26:9618?addrs=128.104.58.26-9618+[2607-f388-1086-0-a6ba-dbff-fe38-fc2d]-9618&alias=e016.chtc.wisc.edu&noUDP&sock=slot1_13_31554_65bc_40419>
...
040 (217304.811.000) 2020-11-28 18:13:15 Finished transferring input files
...
001 (217304.811.000) 2020-11-28 18:13:16 Job executing on host: <128.104.58.26:9618?addrs=128.104.58.26-9618+[2607-f388-1086-0-a6ba-dbff-fe38-fc2d]-9618&alias=e016.chtc.wisc.edu&noUDP&sock=startd_4847_37a2>
...
006 (217304.811.000) 2020-11-28 18:13:25 Image size of job updated: 224608
	220  -  MemoryUsage of job (MB)
	224608  -  ResidentSetSize of job (KB)
...
040 (217304.811.000) 2020-11-28 18:14:04 Started transferring output files
...
040 (217304.811.000) 2020-11-28 18:14:04 Finished transferring output files
...
005 (217304.811.000) 2020-11-28 18:14:04 Job terminated.
	(1) Normal termination (return value 0)
		Usr 0 00:00:47, Sys 0 00:00:00  -  Run Remote Usage
		Usr 0 00:00:00, Sys 0 00:00:00  -  Run Local Usage
		Usr 0 00:00:47, Sys 0 00:00:00  -  Total Remote Usage
		Usr 0 00:00:00, Sys 0 00:00:00  -  Total Local Usage
	2203  -  Run Bytes Sent By Job
	2027279  -  Run Bytes Received By Job
	2203  -  Total Bytes Sent By Job
	2027279  -  Total Bytes Received By Job
	Partitionable Resources :    Usage  Request Allocated 
	   Cpus                 :                 1         1 
	   Disk (KB)            :   154468  1048576   1812413 
	   IoHeavy              :                           0 
	   Memory (MB)          :      220     1024      1024 

	Job terminated of its own accord at 2020-11-29T00:14:04Z.
...
