000 (217304.448.000) 2020-11-28 18:02:57 Job submitted from host: <128.104.100.148:9618?addrs=128.104.100.148-9618+[2607-f388-107c-501-216-3eff-feb2-bc11]-9618&alias=learn.chtc.wisc.edu&noUDP&sock=schedd_2128_35a0>
...
040 (217304.448.000) 2020-11-28 18:10:28 Started transferring input files
	Transferring to host: <128.105.245.176:9618?addrs=128.105.245.176-9618&alias=e376.chtc.wisc.edu&noUDP&sock=slot1_36_1698_24fe_42867>
...
040 (217304.448.000) 2020-11-28 18:10:30 Finished transferring input files
...
001 (217304.448.000) 2020-11-28 18:10:31 Job executing on host: <128.105.245.176:9618?addrs=128.105.245.176-9618&alias=e376.chtc.wisc.edu&noUDP&sock=startd_36534_dd1b>
...
006 (217304.448.000) 2020-11-28 18:10:39 Image size of job updated: 100412
	99  -  MemoryUsage of job (MB)
	100412  -  ResidentSetSize of job (KB)
...
006 (217304.448.000) 2020-11-28 18:11:38 Image size of job updated: 110340
	108  -  MemoryUsage of job (MB)
	110340  -  ResidentSetSize of job (KB)
...
040 (217304.448.000) 2020-11-28 18:11:38 Started transferring output files
...
040 (217304.448.000) 2020-11-28 18:11:38 Finished transferring output files
...
005 (217304.448.000) 2020-11-28 18:11:38 Job terminated.
	(1) Normal termination (return value 0)
		Usr 0 00:00:56, Sys 0 00:00:00  -  Run Remote Usage
		Usr 0 00:00:00, Sys 0 00:00:00  -  Run Local Usage
		Usr 0 00:00:56, Sys 0 00:00:00  -  Total Remote Usage
		Usr 0 00:00:00, Sys 0 00:00:00  -  Total Local Usage
	2224  -  Run Bytes Sent By Job
	2049150  -  Run Bytes Received By Job
	2224  -  Total Bytes Sent By Job
	2049150  -  Total Bytes Received By Job
	Partitionable Resources :    Usage  Request Allocated 
	   Cpus                 :                 1         1 
	   Disk (KB)            :   151665  1048576   1327424 
	   IoHeavy              :                           0 
	   Memory (MB)          :      108     1024      1024 

	Job terminated of its own accord at 2020-11-29T00:11:38Z.
...
