000 (217317.166.000) 2020-11-28 19:35:07 Job submitted from host: <128.104.100.148:9618?addrs=128.104.100.148-9618+[2607-f388-107c-501-216-3eff-feb2-bc11]-9618&alias=learn.chtc.wisc.edu&noUDP&sock=schedd_2128_35a0>
...
040 (217317.166.000) 2020-11-28 19:39:37 Started transferring input files
	Transferring to host: <128.104.58.221:9618?addrs=128.104.58.221-9618+[2607-f388-1086-0-2269-e2ff-febb-f17]-9618&alias=e1086.chtc.wisc.edu&noUDP&sock=slot1_11_22340_4d06_39669>
...
040 (217317.166.000) 2020-11-28 19:39:39 Finished transferring input files
...
001 (217317.166.000) 2020-11-28 19:39:40 Job executing on host: <128.104.58.221:9618?addrs=128.104.58.221-9618+[2607-f388-1086-0-2269-e2ff-febb-f17]-9618&alias=e1086.chtc.wisc.edu&noUDP&sock=startd_4467_91a5>
...
006 (217317.166.000) 2020-11-28 19:39:48 Image size of job updated: 227844
	223  -  MemoryUsage of job (MB)
	227844  -  ResidentSetSize of job (KB)
...
040 (217317.166.000) 2020-11-28 19:41:02 Started transferring output files
...
040 (217317.166.000) 2020-11-28 19:41:02 Finished transferring output files
...
005 (217317.166.000) 2020-11-28 19:41:02 Job terminated.
	(1) Normal termination (return value 0)
		Usr 0 00:01:18, Sys 0 00:00:00  -  Run Remote Usage
		Usr 0 00:00:00, Sys 0 00:00:00  -  Run Local Usage
		Usr 0 00:01:18, Sys 0 00:00:00  -  Total Remote Usage
		Usr 0 00:00:00, Sys 0 00:00:00  -  Total Local Usage
	2243  -  Run Bytes Sent By Job
	2983405  -  Run Bytes Received By Job
	2243  -  Total Bytes Sent By Job
	2983405  -  Total Bytes Received By Job
	Partitionable Resources :    Usage  Request Allocated 
	   Cpus                 :                 1         1 
	   Disk (KB)            :   158641  1048576  11034136 
	   IoHeavy              :                           0 
	   Memory (MB)          :      223     1024      1024 

	Job terminated of its own accord at 2020-11-29T01:41:02Z.
...
