000 (217317.372.000) 2020-11-28 19:35:07 Job submitted from host: <128.104.100.148:9618?addrs=128.104.100.148-9618+[2607-f388-107c-501-216-3eff-feb2-bc11]-9618&alias=learn.chtc.wisc.edu&noUDP&sock=schedd_2128_35a0>
...
040 (217317.372.000) 2020-11-28 19:42:30 Started transferring input files
	Transferring to host: <128.104.58.194:9618?addrs=128.104.58.194-9618+[2607-f388-1086-0-f24d-a2ff-fe40-ff19]-9618&alias=e1052.chtc.wisc.edu&noUDP&sock=slot1_30_1183_47c9_42409>
...
040 (217317.372.000) 2020-11-28 19:42:34 Finished transferring input files
...
001 (217317.372.000) 2020-11-28 19:42:35 Job executing on host: <128.104.58.194:9618?addrs=128.104.58.194-9618+[2607-f388-1086-0-f24d-a2ff-fe40-ff19]-9618&alias=e1052.chtc.wisc.edu&noUDP&sock=startd_5396_c920>
...
006 (217317.372.000) 2020-11-28 19:42:43 Image size of job updated: 210416
	206  -  MemoryUsage of job (MB)
	210416  -  ResidentSetSize of job (KB)
...
040 (217317.372.000) 2020-11-28 19:43:53 Started transferring output files
...
040 (217317.372.000) 2020-11-28 19:43:53 Finished transferring output files
...
005 (217317.372.000) 2020-11-28 19:43:53 Job terminated.
	(1) Normal termination (return value 0)
		Usr 0 00:01:14, Sys 0 00:00:00  -  Run Remote Usage
		Usr 0 00:00:00, Sys 0 00:00:00  -  Run Local Usage
		Usr 0 00:01:14, Sys 0 00:00:00  -  Total Remote Usage
		Usr 0 00:00:00, Sys 0 00:00:00  -  Total Local Usage
	2225  -  Run Bytes Sent By Job
	2950210  -  Run Bytes Received By Job
	2225  -  Total Bytes Sent By Job
	2950210  -  Total Bytes Received By Job
	Partitionable Resources :    Usage  Request Allocated 
	   Cpus                 :                 1         1 
	   Disk (KB)            :   157127  1048576   1330972 
	   IoHeavy              :                           0 
	   Memory (MB)          :      206     1024      1024 

	Job terminated of its own accord at 2020-11-29T01:43:53Z.
...
