000 (217317.184.000) 2020-11-28 19:35:07 Job submitted from host: <128.104.100.148:9618?addrs=128.104.100.148-9618+[2607-f388-107c-501-216-3eff-feb2-bc11]-9618&alias=learn.chtc.wisc.edu&noUDP&sock=schedd_2128_35a0>
...
040 (217317.184.000) 2020-11-28 19:39:52 Started transferring input files
	Transferring to host: <128.104.102.21:9618?addrs=128.104.102.21-9618+[2607-f388-107c-501-16fe-b5ff-feca-48c9]-9618&alias=e0150.chtc.wisc.edu&noUDP&sock=slot1_22_8996_3ee7_54644>
...
040 (217317.184.000) 2020-11-28 19:39:58 Finished transferring input files
...
001 (217317.184.000) 2020-11-28 19:39:59 Job executing on host: <128.104.102.21:9618?addrs=128.104.102.21-9618+[2607-f388-107c-501-16fe-b5ff-feca-48c9]-9618&alias=e0150.chtc.wisc.edu&noUDP&sock=startd_6165_4175>
...
006 (217317.184.000) 2020-11-28 19:40:09 Image size of job updated: 209156
	205  -  MemoryUsage of job (MB)
	209156  -  ResidentSetSize of job (KB)
...
040 (217317.184.000) 2020-11-28 19:42:13 Started transferring output files
...
040 (217317.184.000) 2020-11-28 19:42:13 Finished transferring output files
...
005 (217317.184.000) 2020-11-28 19:42:13 Job terminated.
	(1) Normal termination (return value 0)
		Usr 0 00:02:11, Sys 0 00:00:01  -  Run Remote Usage
		Usr 0 00:00:00, Sys 0 00:00:00  -  Run Local Usage
		Usr 0 00:02:11, Sys 0 00:00:01  -  Total Remote Usage
		Usr 0 00:00:00, Sys 0 00:00:00  -  Total Local Usage
	2412  -  Run Bytes Sent By Job
	2388681  -  Run Bytes Received By Job
	2412  -  Total Bytes Sent By Job
	2388681  -  Total Bytes Received By Job
	Partitionable Resources :     Usage  Request Allocated 
	   Cpus                 :      1.00        1         1 
	   Disk (KB)            : 153807     1048576   3632341 
	   IoHeavy              :                            0 
	   Memory (MB)          :    205        1024      1024 

	Job terminated of its own accord at 2020-11-29T01:42:13Z.
...
