000 (217317.546.000) 2020-11-28 19:35:07 Job submitted from host: <128.104.100.148:9618?addrs=128.104.100.148-9618+[2607-f388-107c-501-216-3eff-feb2-bc11]-9618&alias=learn.chtc.wisc.edu&noUDP&sock=schedd_2128_35a0>
...
040 (217317.546.000) 2020-11-28 19:44:12 Started transferring input files
	Transferring to host: <128.105.245.40:9618?addrs=128.105.245.40-9618&alias=e3240.chtc.wisc.edu&noUDP&sock=slot1_10_18016_a6d6_40818>
...
040 (217317.546.000) 2020-11-28 19:44:13 Finished transferring input files
...
001 (217317.546.000) 2020-11-28 19:44:14 Job executing on host: <128.105.245.40:9618?addrs=128.105.245.40-9618&alias=e3240.chtc.wisc.edu&noUDP&sock=startd_4654_d5db>
...
006 (217317.546.000) 2020-11-28 19:44:23 Image size of job updated: 208620
	204  -  MemoryUsage of job (MB)
	208620  -  ResidentSetSize of job (KB)
...
040 (217317.546.000) 2020-11-28 19:44:50 Started transferring output files
...
040 (217317.546.000) 2020-11-28 19:44:50 Finished transferring output files
...
005 (217317.546.000) 2020-11-28 19:44:50 Job terminated.
	(1) Normal termination (return value 0)
		Usr 0 00:00:35, Sys 0 00:00:00  -  Run Remote Usage
		Usr 0 00:00:00, Sys 0 00:00:00  -  Run Local Usage
		Usr 0 00:00:35, Sys 0 00:00:00  -  Total Remote Usage
		Usr 0 00:00:00, Sys 0 00:00:00  -  Total Local Usage
	2264  -  Run Bytes Sent By Job
	1985016  -  Run Bytes Received By Job
	2264  -  Total Bytes Sent By Job
	1985016  -  Total Bytes Received By Job
	Partitionable Resources :    Usage  Request Allocated 
	   Cpus                 :                 1         1 
	   Disk (KB)            :   151868  1048576   2035185 
	   IoHeavy              :                           0 
	   Memory (MB)          :      204     1024      1024 

	Job terminated of its own accord at 2020-11-29T01:44:50Z.
...
