000 (217317.587.000) 2020-11-28 19:35:07 Job submitted from host: <128.104.100.148:9618?addrs=128.104.100.148-9618+[2607-f388-107c-501-216-3eff-feb2-bc11]-9618&alias=learn.chtc.wisc.edu&noUDP&sock=schedd_2128_35a0>
...
040 (217317.587.000) 2020-11-28 19:44:33 Started transferring input files
	Transferring to host: <128.104.101.122:9618?addrs=128.104.101.122-9618+[2607-f388-107c-501-4603-a7ff-fe29-9b27]-9618&alias=e122.chtc.wisc.edu&noUDP&sock=slot1_5_31171_8a0d_52077>
...
040 (217317.587.000) 2020-11-28 19:44:37 Finished transferring input files
...
001 (217317.587.000) 2020-11-28 19:44:38 Job executing on host: <128.104.101.122:9618?addrs=128.104.101.122-9618+[2607-f388-107c-501-4603-a7ff-fe29-9b27]-9618&alias=e122.chtc.wisc.edu&noUDP&sock=startd_1654_15bc>
...
006 (217317.587.000) 2020-11-28 19:44:47 Image size of job updated: 218012
	213  -  MemoryUsage of job (MB)
	218012  -  ResidentSetSize of job (KB)
...
040 (217317.587.000) 2020-11-28 19:45:12 Started transferring output files
...
040 (217317.587.000) 2020-11-28 19:45:12 Finished transferring output files
...
005 (217317.587.000) 2020-11-28 19:45:12 Job terminated.
	(1) Normal termination (return value 0)
		Usr 0 00:00:32, Sys 0 00:00:00  -  Run Remote Usage
		Usr 0 00:00:00, Sys 0 00:00:00  -  Run Local Usage
		Usr 0 00:00:32, Sys 0 00:00:00  -  Total Remote Usage
		Usr 0 00:00:00, Sys 0 00:00:00  -  Total Local Usage
	2257  -  Run Bytes Sent By Job
	2054258  -  Run Bytes Received By Job
	2257  -  Total Bytes Sent By Job
	2054258  -  Total Bytes Received By Job
	Partitionable Resources :     Usage  Request Allocated 
	   Cpus                 :      0.08        1         1 
	   Disk (KB)            : 152838     1048576   3409044 
	   IoHeavy              :                            0 
	   Memory (MB)          :    213        1024      1024 

	Job terminated of its own accord at 2020-11-29T01:45:12Z.
...
