000 (217304.688.000) 2020-11-28 18:02:57 Job submitted from host: <128.104.100.148:9618?addrs=128.104.100.148-9618+[2607-f388-107c-501-216-3eff-feb2-bc11]-9618&alias=learn.chtc.wisc.edu&noUDP&sock=schedd_2128_35a0>
...
040 (217304.688.000) 2020-11-28 18:12:26 Started transferring input files
	Transferring to host: <128.104.58.157:9618?addrs=128.104.58.157-9618+[2607-f388-1086-0-16fe-b5ff-fec6-7582]-9618&alias=e1009.chtc.wisc.edu&noUDP&sock=slot1_10_14677_062e_42065>
...
040 (217304.688.000) 2020-11-28 18:12:28 Finished transferring input files
...
001 (217304.688.000) 2020-11-28 18:12:29 Job executing on host: <128.104.58.157:9618?addrs=128.104.58.157-9618+[2607-f388-1086-0-16fe-b5ff-fec6-7582]-9618&alias=e1009.chtc.wisc.edu&noUDP&sock=startd_5320_a7ee>
...
006 (217304.688.000) 2020-11-28 18:12:37 Image size of job updated: 205448
	201  -  MemoryUsage of job (MB)
	205448  -  ResidentSetSize of job (KB)
...
040 (217304.688.000) 2020-11-28 18:13:36 Started transferring output files
...
040 (217304.688.000) 2020-11-28 18:13:36 Finished transferring output files
...
005 (217304.688.000) 2020-11-28 18:13:36 Job terminated.
	(1) Normal termination (return value 0)
		Usr 0 00:01:03, Sys 0 00:00:01  -  Run Remote Usage
		Usr 0 00:00:00, Sys 0 00:00:00  -  Run Local Usage
		Usr 0 00:01:03, Sys 0 00:00:01  -  Total Remote Usage
		Usr 0 00:00:00, Sys 0 00:00:00  -  Total Local Usage
	2476  -  Run Bytes Sent By Job
	2541959  -  Run Bytes Received By Job
	2476  -  Total Bytes Sent By Job
	2541959  -  Total Bytes Received By Job
	Partitionable Resources :     Usage  Request Allocated 
	   Cpus                 :      1.00        1         1 
	   Disk (KB)            : 154553     1048576   1202877 
	   IoHeavy              :                            0 
	   Memory (MB)          :    201        1024      1024 

	Job terminated of its own accord at 2020-11-29T00:13:36Z.
...
