000 (217304.149.000) 2020-11-28 18:02:57 Job submitted from host: <128.104.100.148:9618?addrs=128.104.100.148-9618+[2607-f388-107c-501-216-3eff-feb2-bc11]-9618&alias=learn.chtc.wisc.edu&noUDP&sock=schedd_2128_35a0>
...
040 (217304.149.000) 2020-11-28 18:06:49 Started transferring input files
	Transferring to host: <128.104.58.61:9618?addrs=128.104.58.61-9618+[2607-f388-1086-0-a6ba-dbff-fe38-e8c2]-9618&alias=e1062.chtc.wisc.edu&noUDP&sock=slot1_8_27490_f117_40259>
...
040 (217304.149.000) 2020-11-28 18:06:51 Finished transferring input files
...
001 (217304.149.000) 2020-11-28 18:06:52 Job executing on host: <128.104.58.61:9618?addrs=128.104.58.61-9618+[2607-f388-1086-0-a6ba-dbff-fe38-e8c2]-9618&alias=e1062.chtc.wisc.edu&noUDP&sock=startd_14287_45aa>
...
006 (217304.149.000) 2020-11-28 18:07:00 Image size of job updated: 221592
	217  -  MemoryUsage of job (MB)
	221592  -  ResidentSetSize of job (KB)
...
040 (217304.149.000) 2020-11-28 18:08:00 Started transferring output files
...
040 (217304.149.000) 2020-11-28 18:08:00 Finished transferring output files
...
005 (217304.149.000) 2020-11-28 18:08:00 Job terminated.
	(1) Normal termination (return value 0)
		Usr 0 00:01:07, Sys 0 00:00:00  -  Run Remote Usage
		Usr 0 00:00:00, Sys 0 00:00:00  -  Run Local Usage
		Usr 0 00:01:07, Sys 0 00:00:00  -  Total Remote Usage
		Usr 0 00:00:00, Sys 0 00:00:00  -  Total Local Usage
	2216  -  Run Bytes Sent By Job
	2425291  -  Run Bytes Received By Job
	2216  -  Total Bytes Sent By Job
	2425291  -  Total Bytes Received By Job
	Partitionable Resources :     Usage  Request Allocated 
	   Cpus                 :      0.03        1         1 
	   Disk (KB)            : 155708     1048576   1344532 
	   IoHeavy              :                            0 
	   Memory (MB)          :    217        1024      1024 

	Job terminated of its own accord at 2020-11-29T00:07:59Z.
...
