000 (217317.113.000) 2020-11-28 19:35:07 Job submitted from host: <128.104.100.148:9618?addrs=128.104.100.148-9618+[2607-f388-107c-501-216-3eff-feb2-bc11]-9618&alias=learn.chtc.wisc.edu&noUDP&sock=schedd_2128_35a0>
...
040 (217317.113.000) 2020-11-28 19:38:46 Started transferring input files
	Transferring to host: <128.104.58.112:9618?addrs=128.104.58.112-9618+[2607-f388-1086-0-62eb-69ff-feed-f541]-9618&alias=e1472.chtc.wisc.edu&noUDP&sock=slot1_3_4403_0fcc_15282>
...
040 (217317.113.000) 2020-11-28 19:38:48 Finished transferring input files
...
001 (217317.113.000) 2020-11-28 19:38:49 Job executing on host: <128.104.58.112:9618?addrs=128.104.58.112-9618+[2607-f388-1086-0-62eb-69ff-feed-f541]-9618&alias=e1472.chtc.wisc.edu&noUDP&sock=startd_16316_ff53>
...
006 (217317.113.000) 2020-11-28 19:38:58 Image size of job updated: 396932
	388  -  MemoryUsage of job (MB)
	396932  -  ResidentSetSize of job (KB)
...
040 (217317.113.000) 2020-11-28 19:39:48 Started transferring output files
...
040 (217317.113.000) 2020-11-28 19:39:48 Finished transferring output files
...
005 (217317.113.000) 2020-11-28 19:39:48 Job terminated.
	(1) Normal termination (return value 0)
		Usr 0 00:00:57, Sys 0 00:00:00  -  Run Remote Usage
		Usr 0 00:00:00, Sys 0 00:00:00  -  Run Local Usage
		Usr 0 00:00:57, Sys 0 00:00:00  -  Total Remote Usage
		Usr 0 00:00:00, Sys 0 00:00:00  -  Total Local Usage
	2222  -  Run Bytes Sent By Job
	2401125  -  Run Bytes Received By Job
	2222  -  Total Bytes Sent By Job
	2401125  -  Total Bytes Received By Job
	Partitionable Resources :    Usage  Request Allocated 
	   Cpus                 :                 1         1 
	   Disk (KB)            :   153783  1048576   1170281 
	   IoHeavy              :                           0 
	   Memory (MB)          :      388     1024      1024 

	Job terminated of its own accord at 2020-11-29T01:39:47Z.
...
