000 (217317.401.000) 2020-11-28 19:35:07 Job submitted from host: <128.104.100.148:9618?addrs=128.104.100.148-9618+[2607-f388-107c-501-216-3eff-feb2-bc11]-9618&alias=learn.chtc.wisc.edu&noUDP&sock=schedd_2128_35a0>
...
040 (217317.401.000) 2020-11-28 19:42:57 Started transferring input files
	Transferring to host: <128.105.245.212:9618?addrs=128.105.245.212-9618&alias=e2412.chtc.wisc.edu&noUDP&sock=slot1_21_25715_4b2f_45406>
...
040 (217317.401.000) 2020-11-28 19:42:58 Finished transferring input files
...
001 (217317.401.000) 2020-11-28 19:42:59 Job executing on host: <128.105.245.212:9618?addrs=128.105.245.212-9618&alias=e2412.chtc.wisc.edu&noUDP&sock=startd_12448_df00>
...
006 (217317.401.000) 2020-11-28 19:43:08 Image size of job updated: 223004
	218  -  MemoryUsage of job (MB)
	223004  -  ResidentSetSize of job (KB)
...
040 (217317.401.000) 2020-11-28 19:44:15 Started transferring output files
...
040 (217317.401.000) 2020-11-28 19:44:15 Finished transferring output files
...
005 (217317.401.000) 2020-11-28 19:44:15 Job terminated.
	(1) Normal termination (return value 0)
		Usr 0 00:01:13, Sys 0 00:00:00  -  Run Remote Usage
		Usr 0 00:00:00, Sys 0 00:00:00  -  Run Local Usage
		Usr 0 00:01:13, Sys 0 00:00:00  -  Total Remote Usage
		Usr 0 00:00:00, Sys 0 00:00:00  -  Total Local Usage
	2314  -  Run Bytes Sent By Job
	2722157  -  Run Bytes Received By Job
	2314  -  Total Bytes Sent By Job
	2722157  -  Total Bytes Received By Job
	Partitionable Resources :     Usage  Request Allocated 
	   Cpus                 :      0.93        1         1 
	   Disk (KB)            : 156249     1048576   1474552 
	   IoHeavy              :                            0 
	   Memory (MB)          :    218        1024      1024 

	Job terminated of its own accord at 2020-11-29T01:44:15Z.
...
