000 (217304.766.000) 2020-11-28 18:02:57 Job submitted from host: <128.104.100.148:9618?addrs=128.104.100.148-9618+[2607-f388-107c-501-216-3eff-feb2-bc11]-9618&alias=learn.chtc.wisc.edu&noUDP&sock=schedd_2128_35a0>
...
040 (217304.766.000) 2020-11-28 18:13:00 Started transferring input files
	Transferring to host: <128.104.101.117:9618?addrs=128.104.101.117-9618+[2607-f388-107c-501-1e6a-7aff-fe26-a547]-9618&alias=e0382.chtc.wisc.edu&noUDP&sock=slot1_29_37216_c9e2_51131>
...
040 (217304.766.000) 2020-11-28 18:13:04 Finished transferring input files
...
001 (217304.766.000) 2020-11-28 18:13:05 Job executing on host: <128.104.101.117:9618?addrs=128.104.101.117-9618+[2607-f388-107c-501-1e6a-7aff-fe26-a547]-9618&alias=e0382.chtc.wisc.edu&noUDP&sock=startd_3166_30ee>
...
006 (217304.766.000) 2020-11-28 18:13:14 Image size of job updated: 207940
	204  -  MemoryUsage of job (MB)
	207940  -  ResidentSetSize of job (KB)
...
040 (217304.766.000) 2020-11-28 18:14:22 Started transferring output files
...
040 (217304.766.000) 2020-11-28 18:14:22 Finished transferring output files
...
005 (217304.766.000) 2020-11-28 18:14:22 Job terminated.
	(1) Normal termination (return value 0)
		Usr 0 00:01:10, Sys 0 00:00:01  -  Run Remote Usage
		Usr 0 00:00:00, Sys 0 00:00:00  -  Run Local Usage
		Usr 0 00:01:10, Sys 0 00:00:01  -  Total Remote Usage
		Usr 0 00:00:00, Sys 0 00:00:00  -  Total Local Usage
	2146  -  Run Bytes Sent By Job
	2084296  -  Run Bytes Received By Job
	2146  -  Total Bytes Sent By Job
	2084296  -  Total Bytes Received By Job
	Partitionable Resources :    Usage  Request Allocated 
	   Cpus                 :                 1         1 
	   Disk (KB)            :   152241  1048576   1470829 
	   IoHeavy              :                           0 
	   Memory (MB)          :      204     1024      1024 

	Job terminated of its own accord at 2020-11-29T00:14:22Z.
...
