000 (217317.429.000) 2020-11-28 19:35:07 Job submitted from host: <128.104.100.148:9618?addrs=128.104.100.148-9618+[2607-f388-107c-501-216-3eff-feb2-bc11]-9618&alias=learn.chtc.wisc.edu&noUDP&sock=schedd_2128_35a0>
...
040 (217317.429.000) 2020-11-28 19:43:14 Started transferring input files
	Transferring to host: <128.105.245.102:9618?addrs=128.105.245.102-9618&alias=e302.chtc.wisc.edu&noUDP&sock=slot1_24_629_eff3_43194>
...
040 (217317.429.000) 2020-11-28 19:43:18 Finished transferring input files
...
001 (217317.429.000) 2020-11-28 19:43:19 Job executing on host: <128.105.245.102:9618?addrs=128.105.245.102-9618&alias=e302.chtc.wisc.edu&noUDP&sock=startd_7259_a611>
...
006 (217317.429.000) 2020-11-28 19:43:27 Image size of job updated: 60740
	60  -  MemoryUsage of job (MB)
	60740  -  ResidentSetSize of job (KB)
...
006 (217317.429.000) 2020-11-28 19:44:56 Image size of job updated: 112388
	110  -  MemoryUsage of job (MB)
	112388  -  ResidentSetSize of job (KB)
...
040 (217317.429.000) 2020-11-28 19:44:56 Started transferring output files
...
040 (217317.429.000) 2020-11-28 19:44:56 Finished transferring output files
...
005 (217317.429.000) 2020-11-28 19:44:56 Job terminated.
	(1) Normal termination (return value 0)
		Usr 0 00:01:14, Sys 0 00:00:00  -  Run Remote Usage
		Usr 0 00:00:00, Sys 0 00:00:00  -  Run Local Usage
		Usr 0 00:01:14, Sys 0 00:00:00  -  Total Remote Usage
		Usr 0 00:00:00, Sys 0 00:00:00  -  Total Local Usage
	2245  -  Run Bytes Sent By Job
	2258049  -  Run Bytes Received By Job
	2245  -  Total Bytes Sent By Job
	2258049  -  Total Bytes Received By Job
	Partitionable Resources :    Usage  Request Allocated 
	   Cpus                 :                 1         1 
	   Disk (KB)            :   153846  1048576   1326563 
	   IoHeavy              :                           0 
	   Memory (MB)          :      110     1024      1024 

	Job terminated of its own accord at 2020-11-29T01:44:56Z.
...
