000 (217304.485.000) 2020-11-28 18:02:57 Job submitted from host: <128.104.100.148:9618?addrs=128.104.100.148-9618+[2607-f388-107c-501-216-3eff-feb2-bc11]-9618&alias=learn.chtc.wisc.edu&noUDP&sock=schedd_2128_35a0>
...
040 (217304.485.000) 2020-11-28 18:10:42 Started transferring input files
	Transferring to host: <128.104.58.93:9618?addrs=128.104.58.93-9618+[2607-f388-1086-0-a6ba-dbff-fe38-e571]-9618&alias=e1083.chtc.wisc.edu&noUDP&sock=slot1_9_11785_5938_39986>
...
040 (217304.485.000) 2020-11-28 18:10:44 Finished transferring input files
...
001 (217304.485.000) 2020-11-28 18:10:45 Job executing on host: <128.104.58.93:9618?addrs=128.104.58.93-9618+[2607-f388-1086-0-a6ba-dbff-fe38-e571]-9618&alias=e1083.chtc.wisc.edu&noUDP&sock=startd_4853_5533>
...
006 (217304.485.000) 2020-11-28 18:10:54 Image size of job updated: 212864
	208  -  MemoryUsage of job (MB)
	212864  -  ResidentSetSize of job (KB)
...
040 (217304.485.000) 2020-11-28 18:12:11 Started transferring output files
...
040 (217304.485.000) 2020-11-28 18:12:11 Finished transferring output files
...
005 (217304.485.000) 2020-11-28 18:12:11 Job terminated.
	(1) Normal termination (return value 0)
		Usr 0 00:01:24, Sys 0 00:00:00  -  Run Remote Usage
		Usr 0 00:00:00, Sys 0 00:00:00  -  Run Local Usage
		Usr 0 00:01:24, Sys 0 00:00:00  -  Total Remote Usage
		Usr 0 00:00:00, Sys 0 00:00:00  -  Total Local Usage
	2254  -  Run Bytes Sent By Job
	2620435  -  Run Bytes Received By Job
	2254  -  Total Bytes Sent By Job
	2620435  -  Total Bytes Received By Job
	Partitionable Resources :     Usage  Request Allocated 
	   Cpus                 :      1.00        1         1 
	   Disk (KB)            : 155820     1048576   1809592 
	   IoHeavy              :                            0 
	   Memory (MB)          :    208        1024      1024 

	Job terminated of its own accord at 2020-11-29T00:12:11Z.
...
