000 (217304.323.000) 2020-11-28 18:02:57 Job submitted from host: <128.104.100.148:9618?addrs=128.104.100.148-9618+[2607-f388-107c-501-216-3eff-feb2-bc11]-9618&alias=learn.chtc.wisc.edu&noUDP&sock=schedd_2128_35a0>
...
040 (217304.323.000) 2020-11-28 18:09:06 Started transferring input files
	Transferring to host: <128.105.245.71:9618?addrs=128.105.245.71-9618&alias=e271.chtc.wisc.edu&noUDP&sock=slot1_34_796_9a99_47738>
...
040 (217304.323.000) 2020-11-28 18:09:08 Finished transferring input files
...
001 (217304.323.000) 2020-11-28 18:09:09 Job executing on host: <128.105.245.71:9618?addrs=128.105.245.71-9618&alias=e271.chtc.wisc.edu&noUDP&sock=startd_40496_7756>
...
006 (217304.323.000) 2020-11-28 18:09:19 Image size of job updated: 211076
	207  -  MemoryUsage of job (MB)
	211076  -  ResidentSetSize of job (KB)
...
006 (217304.323.000) 2020-11-28 18:10:29 Image size of job updated: 211076
	207  -  MemoryUsage of job (MB)
	211204  -  ResidentSetSize of job (KB)
...
040 (217304.323.000) 2020-11-28 18:10:29 Started transferring output files
...
040 (217304.323.000) 2020-11-28 18:10:29 Finished transferring output files
...
005 (217304.323.000) 2020-11-28 18:10:29 Job terminated.
	(1) Normal termination (return value 0)
		Usr 0 00:01:12, Sys 0 00:00:00  -  Run Remote Usage
		Usr 0 00:00:00, Sys 0 00:00:00  -  Run Local Usage
		Usr 0 00:01:12, Sys 0 00:00:00  -  Total Remote Usage
		Usr 0 00:00:00, Sys 0 00:00:00  -  Total Local Usage
	2202  -  Run Bytes Sent By Job
	2299019  -  Run Bytes Received By Job
	2202  -  Total Bytes Sent By Job
	2299019  -  Total Bytes Received By Job
	Partitionable Resources :    Usage  Request Allocated 
	   Cpus                 :                 1         1 
	   Disk (KB)            :   154327  1048576   1342255 
	   IoHeavy              :                           0 
	   Memory (MB)          :      207     1024      1024 

	Job terminated of its own accord at 2020-11-29T00:10:29Z.
...
