000 (217317.668.000) 2020-11-28 19:35:07 Job submitted from host: <128.104.100.148:9618?addrs=128.104.100.148-9618+[2607-f388-107c-501-216-3eff-feb2-bc11]-9618&alias=learn.chtc.wisc.edu&noUDP&sock=schedd_2128_35a0>
...
040 (217317.668.000) 2020-11-28 19:45:09 Started transferring input files
	Transferring to host: <128.105.245.122:9618?addrs=128.105.245.122-9618&alias=e322.chtc.wisc.edu&noUDP&sock=slot1_23_19870_f661_43854>
...
040 (217317.668.000) 2020-11-28 19:45:10 Finished transferring input files
...
001 (217317.668.000) 2020-11-28 19:45:11 Job executing on host: <128.105.245.122:9618?addrs=128.105.245.122-9618&alias=e322.chtc.wisc.edu&noUDP&sock=startd_19845_990c>
...
006 (217317.668.000) 2020-11-28 19:45:20 Image size of job updated: 208424
	204  -  MemoryUsage of job (MB)
	208424  -  ResidentSetSize of job (KB)
...
040 (217317.668.000) 2020-11-28 19:46:14 Started transferring output files
...
040 (217317.668.000) 2020-11-28 19:46:14 Finished transferring output files
...
005 (217317.668.000) 2020-11-28 19:46:14 Job terminated.
	(1) Normal termination (return value 0)
		Usr 0 00:01:00, Sys 0 00:00:00  -  Run Remote Usage
		Usr 0 00:00:00, Sys 0 00:00:00  -  Run Local Usage
		Usr 0 00:01:00, Sys 0 00:00:00  -  Total Remote Usage
		Usr 0 00:00:00, Sys 0 00:00:00  -  Total Local Usage
	2291  -  Run Bytes Sent By Job
	2293833  -  Run Bytes Received By Job
	2291  -  Total Bytes Sent By Job
	2293833  -  Total Bytes Received By Job
	Partitionable Resources :    Usage  Request Allocated 
	   Cpus                 :                 1         1 
	   Disk (KB)            :   153336  1048576   1207744 
	   IoHeavy              :                           0 
	   Memory (MB)          :      204     1024      1024 

	Job terminated of its own accord at 2020-11-29T01:46:14Z.
...
