000 (217304.160.000) 2020-11-28 18:02:57 Job submitted from host: <128.104.100.148:9618?addrs=128.104.100.148-9618+[2607-f388-107c-501-216-3eff-feb2-bc11]-9618&alias=learn.chtc.wisc.edu&noUDP&sock=schedd_2128_35a0>
...
040 (217304.160.000) 2020-11-28 18:07:01 Started transferring input files
	Transferring to host: <128.104.58.176:9618?addrs=128.104.58.176-9618+[2607-f388-1086-0-16fe-b5ff-fec6-7498]-9618&alias=e1031.chtc.wisc.edu&noUDP&sock=slot1_28_40486_cca7_42663>
...
040 (217304.160.000) 2020-11-28 18:07:02 Finished transferring input files
...
001 (217304.160.000) 2020-11-28 18:07:03 Job executing on host: <128.104.58.176:9618?addrs=128.104.58.176-9618+[2607-f388-1086-0-16fe-b5ff-fec6-7498]-9618&alias=e1031.chtc.wisc.edu&noUDP&sock=startd_5566_643a>
...
006 (217304.160.000) 2020-11-28 18:07:12 Image size of job updated: 216196
	212  -  MemoryUsage of job (MB)
	216196  -  ResidentSetSize of job (KB)
...
040 (217304.160.000) 2020-11-28 18:08:01 Started transferring output files
...
040 (217304.160.000) 2020-11-28 18:08:01 Finished transferring output files
...
005 (217304.160.000) 2020-11-28 18:08:01 Job terminated.
	(1) Normal termination (return value 0)
		Usr 0 00:00:55, Sys 0 00:00:02  -  Run Remote Usage
		Usr 0 00:00:00, Sys 0 00:00:00  -  Run Local Usage
		Usr 0 00:00:55, Sys 0 00:00:02  -  Total Remote Usage
		Usr 0 00:00:00, Sys 0 00:00:00  -  Total Local Usage
	2336  -  Run Bytes Sent By Job
	1996831  -  Run Bytes Received By Job
	2336  -  Total Bytes Sent By Job
	1996831  -  Total Bytes Received By Job
	Partitionable Resources :    Usage  Request Allocated 
	   Cpus                 :                 1         1 
	   Disk (KB)            :   154351  1048576   1331806 
	   IoHeavy              :                           0 
	   Memory (MB)          :      212     1024      1024 

	Job terminated of its own accord at 2020-11-29T00:08:01Z.
...
