000 (217317.626.000) 2020-11-28 19:35:07 Job submitted from host: <128.104.100.148:9618?addrs=128.104.100.148-9618+[2607-f388-107c-501-216-3eff-feb2-bc11]-9618&alias=learn.chtc.wisc.edu&noUDP&sock=schedd_2128_35a0>
...
040 (217317.626.000) 2020-11-28 19:44:51 Started transferring input files
	Transferring to host: <128.105.245.129:9618?addrs=128.105.245.129-9618&alias=e329.chtc.wisc.edu&noUDP&sock=slot1_7_11442_ac8a_44492>
...
040 (217317.626.000) 2020-11-28 19:44:56 Finished transferring input files
...
001 (217317.626.000) 2020-11-28 19:44:57 Job executing on host: <128.105.245.129:9618?addrs=128.105.245.129-9618&alias=e329.chtc.wisc.edu&noUDP&sock=startd_2577_2fa6>
...
006 (217317.626.000) 2020-11-28 19:45:06 Image size of job updated: 75132
	74  -  MemoryUsage of job (MB)
	75132  -  ResidentSetSize of job (KB)
...
006 (217317.626.000) 2020-11-28 19:45:11 Image size of job updated: 111580
	109  -  MemoryUsage of job (MB)
	111580  -  ResidentSetSize of job (KB)
...
040 (217317.626.000) 2020-11-28 19:45:11 Started transferring output files
...
040 (217317.626.000) 2020-11-28 19:45:11 Finished transferring output files
...
005 (217317.626.000) 2020-11-28 19:45:11 Job terminated.
	(1) Normal termination (return value 1)
		Usr 0 00:00:01, Sys 0 00:00:00  -  Run Remote Usage
		Usr 0 00:00:00, Sys 0 00:00:00  -  Run Local Usage
		Usr 0 00:00:01, Sys 0 00:00:00  -  Total Remote Usage
		Usr 0 00:00:00, Sys 0 00:00:00  -  Total Local Usage
	235  -  Run Bytes Sent By Job
	2060820  -  Run Bytes Received By Job
	235  -  Total Bytes Sent By Job
	2060820  -  Total Bytes Received By Job
	Partitionable Resources :    Usage  Request Allocated 
	   Cpus                 :                 1         1 
	   Disk (KB)            :   153522  1048576   1333390 
	   IoHeavy              :                           0 
	   Memory (MB)          :      109     1024      1024 

	Job terminated of its own accord at 2020-11-29T01:45:11Z.
...
